   1              	 .syntax unified
   2              	 .cpu cortex-m4
   3              	 .eabi_attribute 27,3
   4              	 .fpu fpv4-sp-d16
   5              	 .eabi_attribute 20,1
   6              	 .eabi_attribute 21,1
   7              	 .eabi_attribute 23,3
   8              	 .eabi_attribute 24,1
   9              	 .eabi_attribute 25,1
  10              	 .eabi_attribute 26,1
  11              	 .eabi_attribute 30,4
  12              	 .eabi_attribute 34,1
  13              	 .eabi_attribute 18,4
  14              	 .thumb
  15              	 .file "interrupt_conf.c"
  16              	 .global CAN_RX_MO7
  17              	 .global CAN_TX
  18              	 .global INTERRUPT_1
  19              	 .global CAN_RX_MO2
  20              	 .global calc_ISR
  21              	 .global Time_Counter
  22              	 .global INTERRUPT_0
  23              	 .section .rodata.CAN_RX_MO7,"a",%progbits
  26              	CAN_RX_MO7:
  27 0000 4C       	 .byte 76
  28 0001 3F       	 .byte 63
  29 0002 00       	 .byte 0
  30 0003 01       	 .byte 1
  31              	 .section .rodata.calc_ISR,"a",%progbits
  34              	calc_ISR:
  35 0000 40       	 .byte 64
  36 0001 3F       	 .byte 63
  37 0002 00       	 .byte 0
  38 0003 00       	 .byte 0
  39              	 .section .rodata.Time_Counter,"a",%progbits
  42              	Time_Counter:
  43 0000 3B       	 .byte 59
  44 0001 0A       	 .byte 10
  45 0002 00       	 .byte 0
  46 0003 01       	 .byte 1
  47              	 .section .rodata.INTERRUPT_0,"a",%progbits
  50              	INTERRUPT_0:
  51 0000 3F       	 .byte 63
  52 0001 05       	 .byte 5
  53 0002 00       	 .byte 0
  54 0003 01       	 .byte 1
  55              	 .section .rodata.INTERRUPT_1,"a",%progbits
  58              	INTERRUPT_1:
  59 0000 39       	 .byte 57
  60 0001 14       	 .byte 20
  61 0002 00       	 .byte 0
  62 0003 01       	 .byte 1
  63              	 .section .rodata.CAN_TX,"a",%progbits
  66              	CAN_TX:
  67 0000 38       	 .byte 56
  68 0001 3F       	 .byte 63
  69 0002 00       	 .byte 0
  70 0003 01       	 .byte 1
  71              	 .section .rodata.CAN_RX_MO2,"a",%progbits
  74              	CAN_RX_MO2:
  75 0000 4D       	 .byte 77
  76 0001 3C       	 .byte 60
  77 0002 00       	 .byte 0
  78 0003 01       	 .byte 1
  79              	 .ident "GCC: (GNU Tools for ARM Embedded Processors) 4.9.3 20141119 (release) [ARM/embedded-4_9-branch revision 218278]"
DEFINED SYMBOLS
                            *ABS*:00000000 interrupt_conf.c
    {standard input}:26     .rodata.CAN_RX_MO7:00000000 CAN_RX_MO7
    {standard input}:66     .rodata.CAN_TX:00000000 CAN_TX
    {standard input}:58     .rodata.INTERRUPT_1:00000000 INTERRUPT_1
    {standard input}:74     .rodata.CAN_RX_MO2:00000000 CAN_RX_MO2
    {standard input}:34     .rodata.calc_ISR:00000000 calc_ISR
    {standard input}:42     .rodata.Time_Counter:00000000 Time_Counter
    {standard input}:50     .rodata.INTERRUPT_0:00000000 INTERRUPT_0

NO UNDEFINED SYMBOLS
