   1              	 .syntax unified
   2              	 .cpu cortex-m4
   3              	 .eabi_attribute 27,3
   4              	 .fpu fpv4-sp-d16
   5              	 .eabi_attribute 20,1
   6              	 .eabi_attribute 21,1
   7              	 .eabi_attribute 23,3
   8              	 .eabi_attribute 24,1
   9              	 .eabi_attribute 25,1
  10              	 .eabi_attribute 26,1
  11              	 .eabi_attribute 30,6
  12              	 .eabi_attribute 34,1
  13              	 .eabi_attribute 18,4
  14              	 .thumb
  15              	 .file "interrupt_conf.c"
  16              	 .text
  17              	.Ltext0:
  18              	 .cfi_sections .debug_frame
  19              	 .global INTERRUPT_0
  20              	 .section .rodata.INTERRUPT_0,"a",%progbits
  21              	 .align 2
  24              	INTERRUPT_0:
  25 0000 3F       	 .byte 63
  26 0001 05       	 .byte 5
  27 0002 00       	 .byte 0
  28 0003 01       	 .byte 1
  29              	 .global Time_Counter
  30              	 .section .rodata.Time_Counter,"a",%progbits
  31              	 .align 2
  34              	Time_Counter:
  35 0000 38       	 .byte 56
  36 0001 0A       	 .byte 10
  37 0002 00       	 .byte 0
  38 0003 01       	 .byte 1
  39              	 .global calc_ISR
  40              	 .section .rodata.calc_ISR,"a",%progbits
  41              	 .align 2
  44              	calc_ISR:
  45 0000 40       	 .byte 64
  46 0001 3F       	 .byte 63
  47 0002 00       	 .byte 0
  48 0003 00       	 .byte 0
  49              	 .global CAN_RX_MO2
  50              	 .section .rodata.CAN_RX_MO2,"a",%progbits
  51              	 .align 2
  54              	CAN_RX_MO2:
  55 0000 4D       	 .byte 77
  56 0001 3C       	 .byte 60
  57 0002 00       	 .byte 0
  58 0003 01       	 .byte 1
  59              	 .global INTERRUPT_1
  60              	 .section .rodata.INTERRUPT_1,"a",%progbits
  61              	 .align 2
  64              	INTERRUPT_1:
  65 0000 39       	 .byte 57
  66 0001 14       	 .byte 20
  67 0002 00       	 .byte 0
  68 0003 01       	 .byte 1
  69              	 .global CAN_RX_MO7
  70              	 .section .rodata.CAN_RX_MO7,"a",%progbits
  71              	 .align 2
  74              	CAN_RX_MO7:
  75 0000 4C       	 .byte 76
  76 0001 3F       	 .byte 63
  77 0002 00       	 .byte 0
  78 0003 01       	 .byte 1
  79              	 .text
  80              	.Letext0:
  81              	 .file 1 "c:\\dave\\dave-ide-4.4.2-64bit\\dave-ide-4.4.2-64bit\\eclipse\\arm-gcc-49\\arm-none-eabi\\include\\machine\\_default_types.h"
  82              	 .file 2 "c:\\dave\\dave-ide-4.4.2-64bit\\dave-ide-4.4.2-64bit\\eclipse\\arm-gcc-49\\arm-none-eabi\\include\\stdint.h"
  83              	 .file 3 "C:/GitHub/MobRob_Rover_NEW/Inverter_abgabe_2/Mobrob_Inverter/Libraries/CMSIS/Infineon/XMC4500_series/Include/XMC4500.h"
  84              	 .file 4 "../Dave/Generated/INTERRUPT/interrupt.h"
  85              	 .file 5 "C:/GitHub/MobRob_Rover_NEW/Inverter_abgabe_2/Mobrob_Inverter/Libraries/CMSIS/Include/core_cm4.h"
  86              	 .file 6 "../Dave/Generated/INTERRUPT/interrupt_conf.c"
DEFINED SYMBOLS
                            *ABS*:00000000 interrupt_conf.c
    {standard input}:24     .rodata.INTERRUPT_0:00000000 INTERRUPT_0
    {standard input}:21     .rodata.INTERRUPT_0:00000000 $d
    {standard input}:34     .rodata.Time_Counter:00000000 Time_Counter
    {standard input}:31     .rodata.Time_Counter:00000000 $d
    {standard input}:44     .rodata.calc_ISR:00000000 calc_ISR
    {standard input}:41     .rodata.calc_ISR:00000000 $d
    {standard input}:54     .rodata.CAN_RX_MO2:00000000 CAN_RX_MO2
    {standard input}:51     .rodata.CAN_RX_MO2:00000000 $d
    {standard input}:64     .rodata.INTERRUPT_1:00000000 INTERRUPT_1
    {standard input}:61     .rodata.INTERRUPT_1:00000000 $d
    {standard input}:74     .rodata.CAN_RX_MO7:00000000 CAN_RX_MO7
    {standard input}:71     .rodata.CAN_RX_MO7:00000000 $d

NO UNDEFINED SYMBOLS
