18:34:12 **** Incremental Build of configuration Debug for project Mobrob_Inverter ****
"\"C:\\dave\\DAVE-IDE-4.4.2-64Bit\\DAVE-IDE-4.4.2-64Bit\\eclipse\\ARM-GCC-49\\bin\\make\"" --output-sync -j12 all 
'Building file: ../main.c'
'Invoking: ARM-GCC C Compiler'
"C:/dave/DAVE-IDE-4.4.2-64Bit/DAVE-IDE-4.4.2-64Bit/eclipse/ARM-GCC-49/bin/arm-none-eabi-gcc" -MMD -MT "main.o" -DXMC4500_F100x1024 -I"C:/GitHub/MobRob_Rover_NEW/Inverter/Mobrob_Inverter/Libraries/XMCLib/inc" -I"C:/GitHub/MobRob_Rover_NEW/Inverter/Mobrob_Inverter/Libraries/CMSIS/Include" -I"C:/GitHub/MobRob_Rover_NEW/Inverter/Mobrob_Inverter/Libraries/CMSIS/Infineon/XMC4500_series/Include" -I"C:/GitHub/MobRob_Rover_NEW/Inverter/Mobrob_Inverter" -I"C:/GitHub/MobRob_Rover_NEW/Inverter/Mobrob_Inverter/Dave/Generated" -I"C:/GitHub/MobRob_Rover_NEW/Inverter/Mobrob_Inverter/Libraries" -O0 -ffunction-sections -fdata-sections -Wall -std=gnu99 -mfloat-abi=softfp -Wa,-adhlns="main.o.lst" -pipe -c -fmessage-length=0 -MMD -MP -MF"main.d" -MT"main.d main.o" -mcpu=cortex-m4 -mfpu=fpv4-sp-d16 -mthumb -g -gdwarf-2 -o "main.o" "../main.c" 
'Finished building: ../main.c'

'Building target: Mobrob_Inverter.elf'
'Invoking: ARM-GCC C Linker'
"C:/dave/DAVE-IDE-4.4.2-64Bit/DAVE-IDE-4.4.2-64Bit/eclipse/ARM-GCC-49/bin/arm-none-eabi-gcc" -T"../linker_script.ld" -nostartfiles -Xlinker --gc-sections -specs=nano.specs -specs=nosys.specs -Wl,-Map,"Mobrob_Inverter.map" -specs=rdimon.specs -mfloat-abi=softfp -mfpu=fpv4-sp-d16 -mcpu=cortex-m4 -mthumb -g -gdwarf-2 -o "Mobrob_Inverter.elf" "@objects.rsp"  -lm
'Finished building target: Mobrob_Inverter.elf'

'Invoking: ARM-GCC Create Flash Image'
"C:/dave/DAVE-IDE-4.4.2-64Bit/DAVE-IDE-4.4.2-64Bit/eclipse/ARM-GCC-49/bin/arm-none-eabi-objcopy" -O ihex "Mobrob_Inverter.elf" "Mobrob_Inverter.hex"
'Finished building: Mobrob_Inverter.hex'

'Invoking: ARM-GCC Print Size'
"C:/dave/DAVE-IDE-4.4.2-64Bit/DAVE-IDE-4.4.2-64Bit/eclipse/ARM-GCC-49/bin/arm-none-eabi-size" --format=berkeley "Mobrob_Inverter.elf"
   text	   data	    bss	    dec	    hex	filename
  32440	   1024	  10276	  43740	   aadc	Mobrob_Inverter.elf
'Finished building: Mobrob_Inverter.siz'

'Invoking: ARM-GCC Create Listing'
"C:/dave/DAVE-IDE-4.4.2-64Bit/DAVE-IDE-4.4.2-64Bit/eclipse/ARM-GCC-49/bin/arm-none-eabi-objdump" -h -S "Mobrob_Inverter.elf" > "Mobrob_Inverter.lst"
'Finished building: Mobrob_Inverter.lst'


18:34:13 Build Finished (took 1s.163ms)

