   1              	 .cpu cortex-m0
   2              	 .fpu softvfp
   3              	 .eabi_attribute 20,1
   4              	 .eabi_attribute 21,1
   5              	 .eabi_attribute 23,3
   6              	 .eabi_attribute 24,1
   7              	 .eabi_attribute 25,1
   8              	 .eabi_attribute 26,1
   9              	 .eabi_attribute 30,6
  10              	 .eabi_attribute 34,0
  11              	 .eabi_attribute 18,4
  12              	 .code 16
  13              	 .file "pwm_conf.c"
  14              	 .text
  15              	.Ltext0:
  16              	 .cfi_sections .debug_frame
  17              	 .global PWM_servo_fl_compare_config
  18              	 .section .rodata.PWM_servo_fl_compare_config,"a",%progbits
  19              	 .align 2
  22              	PWM_servo_fl_compare_config:
  23 0000 00       	 .byte 0
  24 0001 00       	 .byte 0
  25 0002 00       	 .byte 0
  26 0003 00       	 .byte 0
  27 0004 05       	 .byte 5
  28 0005 00       	 .byte 0
  29 0006 0000     	 .space 2
  30              	 .global PWM_servo_fl_gpio_out_config
  31              	 .section .rodata.PWM_servo_fl_gpio_out_config,"a",%progbits
  32              	 .align 2
  35              	PWM_servo_fl_gpio_out_config:
  36 0000 A4       	 .byte -92
  37 0001 00       	 .byte 0
  38 0002 0000     	 .space 2
  39 0004 00000100 	 .word 65536
  40              	 .global PWM_servo_fl
  41              	 .section .data.PWM_servo_fl,"aw",%progbits
  42              	 .align 2
  45              	PWM_servo_fl:
  46 0000 00000000 	 .word GLOBAL_CCU4_0
  47 0004 00400448 	 .word 1208238080
  48 0008 00410448 	 .word 1208238336
  49 000c 00000000 	 .word PWM_servo_fl_compare_config
  50 0010 00010440 	 .word 1074004224
  51 0014 00000000 	 .word PWM_servo_fl_gpio_out_config
  52 0018 A0D70000 	 .word 55200
  53 001c 5FEA0000 	 .word 59999
  54 0020 20030000 	 .word 800
  55 0024 05000000 	 .word 5
  56 0028 00       	 .byte 0
  57 0029 02       	 .byte 2
  58 002a 00       	 .byte 0
  59 002b 00       	 .byte 0
  60 002c 04       	 .byte 4
  61 002d 01       	 .byte 1
  62 002e 00       	 .byte 0
  63 002f 01       	 .byte 1
  64 0030 00       	 .byte 0
  65 0031 00       	 .byte 0
  66 0032 0000     	 .space 2
  67              	 .global PWM_servo_fr_compare_config
  68              	 .section .rodata.PWM_servo_fr_compare_config,"a",%progbits
  69              	 .align 2
  72              	PWM_servo_fr_compare_config:
  73 0000 00       	 .byte 0
  74 0001 00       	 .byte 0
  75 0002 00       	 .byte 0
  76 0003 00       	 .byte 0
  77 0004 05       	 .byte 5
  78 0005 00       	 .byte 0
  79 0006 0000     	 .space 2
  80              	 .global PWM_servo_fr_gpio_out_config
  81              	 .section .rodata.PWM_servo_fr_gpio_out_config,"a",%progbits
  82              	 .align 2
  85              	PWM_servo_fr_gpio_out_config:
  86 0000 A4       	 .byte -92
  87 0001 00       	 .byte 0
  88 0002 0000     	 .space 2
  89 0004 00000100 	 .word 65536
  90              	 .global PWM_servo_fr
  91              	 .section .data.PWM_servo_fr,"aw",%progbits
  92              	 .align 2
  95              	PWM_servo_fr:
  96 0000 00000000 	 .word GLOBAL_CCU4_0
  97 0004 00400448 	 .word 1208238080
  98 0008 00420448 	 .word 1208238592
  99 000c 00000000 	 .word PWM_servo_fr_compare_config
 100 0010 00010440 	 .word 1074004224
 101 0014 00000000 	 .word PWM_servo_fr_gpio_out_config
 102 0018 CCD80000 	 .word 55500
 103 001c 5FEA0000 	 .word 59999
 104 0020 EE020000 	 .word 750
 105 0024 50000000 	 .word 80
 106 0028 00       	 .byte 0
 107 0029 02       	 .byte 2
 108 002a 00       	 .byte 0
 109 002b 00       	 .byte 0
 110 002c 05       	 .byte 5
 111 002d 01       	 .byte 1
 112 002e 01       	 .byte 1
 113 002f 01       	 .byte 1
 114 0030 00       	 .byte 0
 115 0031 00       	 .byte 0
 116 0032 0000     	 .space 2
 117              	 .global PWM_servo_rl_compare_config
 118              	 .section .rodata.PWM_servo_rl_compare_config,"a",%progbits
 119              	 .align 2
 122              	PWM_servo_rl_compare_config:
 123 0000 00       	 .byte 0
 124 0001 00       	 .byte 0
 125 0002 00       	 .byte 0
 126 0003 00       	 .byte 0
 127 0004 05       	 .byte 5
 128 0005 00       	 .byte 0
 129 0006 0000     	 .space 2
 130              	 .global PWM_servo_rl_gpio_out_config
 131              	 .section .rodata.PWM_servo_rl_gpio_out_config,"a",%progbits
 132              	 .align 2
 135              	PWM_servo_rl_gpio_out_config:
 136 0000 A4       	 .byte -92
 137 0001 00       	 .byte 0
 138 0002 0000     	 .space 2
 139 0004 00000100 	 .word 65536
 140              	 .global PWM_servo_rl
 141              	 .section .data.PWM_servo_rl,"aw",%progbits
 142              	 .align 2
 145              	PWM_servo_rl:
 146 0000 00000000 	 .word GLOBAL_CCU4_0
 147 0004 00400448 	 .word 1208238080
 148 0008 00430448 	 .word 1208238848
 149 000c 00000000 	 .word PWM_servo_rl_compare_config
 150 0010 00010440 	 .word 1074004224
 151 0014 00000000 	 .word PWM_servo_rl_gpio_out_config
 152 0018 36D80000 	 .word 55350
 153 001c 5FEA0000 	 .word 59999
 154 0020 07030000 	 .word 775
 155 0024 00050000 	 .word 1280
 156 0028 00       	 .byte 0
 157 0029 02       	 .byte 2
 158 002a 00       	 .byte 0
 159 002b 00       	 .byte 0
 160 002c 06       	 .byte 6
 161 002d 01       	 .byte 1
 162 002e 02       	 .byte 2
 163 002f 01       	 .byte 1
 164 0030 00       	 .byte 0
 165 0031 00       	 .byte 0
 166 0032 0000     	 .space 2
 167              	 .global PWM_servo_rr_compare_config
 168              	 .section .rodata.PWM_servo_rr_compare_config,"a",%progbits
 169              	 .align 2
 172              	PWM_servo_rr_compare_config:
 173 0000 00       	 .byte 0
 174 0001 00       	 .byte 0
 175 0002 00       	 .byte 0
 176 0003 00       	 .byte 0
 177 0004 05       	 .byte 5
 178 0005 00       	 .byte 0
 179 0006 0000     	 .space 2
 180              	 .global PWM_servo_rr_gpio_out_config
 181              	 .section .rodata.PWM_servo_rr_gpio_out_config,"a",%progbits
 182              	 .align 2
 185              	PWM_servo_rr_gpio_out_config:
 186 0000 A4       	 .byte -92
 187 0001 00       	 .byte 0
 188 0002 0000     	 .space 2
 189 0004 00000100 	 .word 65536
 190              	 .global PWM_servo_rr
 191              	 .section .data.PWM_servo_rr,"aw",%progbits
 192              	 .align 2
 195              	PWM_servo_rr:
 196 0000 00000000 	 .word GLOBAL_CCU4_0
 197 0004 00400448 	 .word 1208238080
 198 0008 00440448 	 .word 1208239104
 199 000c 00000000 	 .word PWM_servo_rr_compare_config
 200 0010 00010440 	 .word 1074004224
 201 0014 00000000 	 .word PWM_servo_rr_gpio_out_config
 202 0018 46D70000 	 .word 55110
 203 001c 5FEA0000 	 .word 59999
 204 0020 2F030000 	 .word 815
 205 0024 00500000 	 .word 20480
 206 0028 00       	 .byte 0
 207 0029 02       	 .byte 2
 208 002a 00       	 .byte 0
 209 002b 00       	 .byte 0
 210 002c 07       	 .byte 7
 211 002d 01       	 .byte 1
 212 002e 03       	 .byte 3
 213 002f 01       	 .byte 1
 214 0030 00       	 .byte 0
 215 0031 00       	 .byte 0
 216 0032 0000     	 .space 2
 217              	 .text
 218              	.Letext0:
 219              	 .file 1 "c:\\dave\\dave-ide-4.4.2-64bit\\dave-ide-4.4.2-64bit\\eclipse\\arm-gcc-49\\arm-none-eabi\\include\\machine\\_default_types.h"
 220              	 .file 2 "c:\\dave\\dave-ide-4.4.2-64bit\\dave-ide-4.4.2-64bit\\eclipse\\arm-gcc-49\\arm-none-eabi\\include\\stdint.h"
 221              	 .file 3 "C:/GitHub/MobRob_Rover_NEW/Steering_Controller/MobRob_Steering_Controller/Libraries/CMSIS/Infineon/XMC1400_series/Include/XMC1400.h"
 222              	 .file 4 "C:/GitHub/MobRob_Rover_NEW/Steering_Controller/MobRob_Steering_Controller/Libraries/XMCLib/inc/xmc_gpio.h"
 223              	 .file 5 "C:/GitHub/MobRob_Rover_NEW/Steering_Controller/MobRob_Steering_Controller/Libraries/XMCLib/inc/xmc1_gpio.h"
 224              	 .file 6 "C:/GitHub/MobRob_Rover_NEW/Steering_Controller/MobRob_Steering_Controller/Libraries/XMCLib/inc/xmc_ccu4.h"
 225              	 .file 7 "C:/GitHub/MobRob_Rover_NEW/Steering_Controller/MobRob_Steering_Controller/Libraries/XMCLib/inc/xmc1_scu.h"
 226              	 .file 8 "C:/GitHub/MobRob_Rover_NEW/Steering_Controller/MobRob_Steering_Controller/Dave/Generated/GLOBAL_CCU4/global_ccu4.h"
 227              	 .file 9 "../Dave/Generated/PWM/pwm.h"
 228              	 .file 10 "C:/GitHub/MobRob_Rover_NEW/Steering_Controller/MobRob_Steering_Controller/Libraries/CMSIS/Include/cmsis_gcc.h"
 229              	 .file 11 "C:/GitHub/MobRob_Rover_NEW/Steering_Controller/MobRob_Steering_Controller/Libraries/CMSIS/Infineon/XMC1400_series/Include/system_XMC1400.h"
 230              	 .file 12 "C:/GitHub/MobRob_Rover_NEW/Steering_Controller/MobRob_Steering_Controller/Dave/Generated/GLOBAL_CCU4/global_ccu4_extern.h"
 231              	 .file 13 "../Dave/Generated/PWM/pwm_conf.c"
DEFINED SYMBOLS
                            *ABS*:00000000 pwm_conf.c
    {standard input}:22     .rodata.PWM_servo_fl_compare_config:00000000 PWM_servo_fl_compare_config
    {standard input}:19     .rodata.PWM_servo_fl_compare_config:00000000 $d
    {standard input}:35     .rodata.PWM_servo_fl_gpio_out_config:00000000 PWM_servo_fl_gpio_out_config
    {standard input}:32     .rodata.PWM_servo_fl_gpio_out_config:00000000 $d
    {standard input}:45     .data.PWM_servo_fl:00000000 PWM_servo_fl
    {standard input}:42     .data.PWM_servo_fl:00000000 $d
    {standard input}:72     .rodata.PWM_servo_fr_compare_config:00000000 PWM_servo_fr_compare_config
    {standard input}:69     .rodata.PWM_servo_fr_compare_config:00000000 $d
    {standard input}:85     .rodata.PWM_servo_fr_gpio_out_config:00000000 PWM_servo_fr_gpio_out_config
    {standard input}:82     .rodata.PWM_servo_fr_gpio_out_config:00000000 $d
    {standard input}:95     .data.PWM_servo_fr:00000000 PWM_servo_fr
    {standard input}:92     .data.PWM_servo_fr:00000000 $d
    {standard input}:122    .rodata.PWM_servo_rl_compare_config:00000000 PWM_servo_rl_compare_config
    {standard input}:119    .rodata.PWM_servo_rl_compare_config:00000000 $d
    {standard input}:135    .rodata.PWM_servo_rl_gpio_out_config:00000000 PWM_servo_rl_gpio_out_config
    {standard input}:132    .rodata.PWM_servo_rl_gpio_out_config:00000000 $d
    {standard input}:145    .data.PWM_servo_rl:00000000 PWM_servo_rl
    {standard input}:142    .data.PWM_servo_rl:00000000 $d
    {standard input}:172    .rodata.PWM_servo_rr_compare_config:00000000 PWM_servo_rr_compare_config
    {standard input}:169    .rodata.PWM_servo_rr_compare_config:00000000 $d
    {standard input}:185    .rodata.PWM_servo_rr_gpio_out_config:00000000 PWM_servo_rr_gpio_out_config
    {standard input}:182    .rodata.PWM_servo_rr_gpio_out_config:00000000 $d
    {standard input}:195    .data.PWM_servo_rr:00000000 PWM_servo_rr
    {standard input}:192    .data.PWM_servo_rr:00000000 $d

UNDEFINED SYMBOLS
GLOBAL_CCU4_0
