   1              	 .syntax unified
   2              	 .cpu cortex-m4
   3              	 .eabi_attribute 27,3
   4              	 .fpu fpv4-sp-d16
   5              	 .eabi_attribute 20,1
   6              	 .eabi_attribute 21,1
   7              	 .eabi_attribute 23,3
   8              	 .eabi_attribute 24,1
   9              	 .eabi_attribute 25,1
  10              	 .eabi_attribute 26,1
  11              	 .eabi_attribute 30,6
  12              	 .eabi_attribute 34,1
  13              	 .eabi_attribute 18,4
  14              	 .thumb
  15              	 .file "PI_Controller.c"
  16              	 .text
  17              	.Ltext0:
  18              	 .cfi_sections .debug_frame
  19              	 .global Iq_param
  20              	 .section .data.Iq_param,"aw",%progbits
  21              	 .align 2
  24              	Iq_param:
  25 0000 A1D6F43E 	 .word 1056233121
  26 0004 46E6A443 	 .word 1134880326
  27 0008 0000C842 	 .word 1120403456
  28 000c 0000C8C2 	 .word -1027080192
  29 0010 00000000 	 .word 0
  30 0014 00000000 	 .word 0
  31 0018 00000000 	 .word 0
  32 001c 00000000 	 .space 4
  33              	 .global Id_param
  34              	 .section .data.Id_param,"aw",%progbits
  35              	 .align 2
  38              	Id_param:
  39 0000 A1D6F43E 	 .word 1056233121
  40 0004 46E6A443 	 .word 1134880326
  41 0008 0000C842 	 .word 1120403456
  42 000c 0000C8C2 	 .word -1027080192
  43 0010 00000000 	 .word 0
  44 0014 00000000 	 .word 0
  45 0018 00000000 	 .word 0
  46 001c 00000000 	 .space 4
  47              	 .global omega_param
  48              	 .section .data.omega_param,"aw",%progbits
  49              	 .align 2
  52              	omega_param:
  53 0000 CDCC4C3E 	 .word 1045220557
  54 0004 0AD7A33D 	 .word 1034147594
  55 0008 00000040 	 .word 1073741824
  56 000c 000000C0 	 .word -1073741824
  57 0010 00000000 	 .word 0
  58 0014 00000000 	 .word 0
  59 0018 00000000 	 .word 0
  60 001c 00000000 	 .space 4
  61              	 .section .text.omega_param_selctor,"ax",%progbits
  62              	 .align 2
  63              	 .global omega_param_selctor
  64              	 .thumb
  65              	 .thumb_func
  67              	omega_param_selctor:
  68              	.LFB0:
  69              	 .file 1 "../PI_Controller.c"
   1:../PI_Controller.c **** /*
   2:../PI_Controller.c ****  * PI_Controller.c
   3:../PI_Controller.c ****  *
   4:../PI_Controller.c ****  *  Created on: 30 Jun 2022
   5:../PI_Controller.c ****  *      Author: lukas
   6:../PI_Controller.c ****  */
   7:../PI_Controller.c **** #include "PI_Controller.h"
   8:../PI_Controller.c **** 
   9:../PI_Controller.c **** //#############################
  10:../PI_Controller.c **** //###### 	SET VAULES	#######
  11:../PI_Controller.c **** //#############################
  12:../PI_Controller.c **** 
  13:../PI_Controller.c **** 
  14:../PI_Controller.c **** //Vuales 14/04 with maurzio
  15:../PI_Controller.c **** //PID_param omega_param = {.P = 0.004, .I = 0.004, .D = 0.0, .MaxLimit =  1, .MinLimit = -1, .Outpu
  16:../PI_Controller.c **** //PID_param Iq_param = {.P = 0.05, .I = 25.0, .D = 0.0, .MaxLimit =  100, .MinLimit = -100, .Output
  17:../PI_Controller.c **** //PID_param Id_param = {.P = 0.05, .I = 25.0, .D = 0.0, .MaxLimit =  100, .MinLimit = -100, .Output
  18:../PI_Controller.c **** 
  19:../PI_Controller.c **** 
  20:../PI_Controller.c **** // crretn best on motor 10 iq 50Hz wbw
  21:../PI_Controller.c **** //PI_param Iq_param = {.P = 0.28, .I = 232.0, .MaxLimit =  100, .MinLimit = -100, .Output = 0.0, .D
  22:../PI_Controller.c **** //PI_param Id_param = {.P = 0.28, .I = 232.0, .MaxLimit =  100, .MinLimit = -100, .Output = 0.0, .D
  23:../PI_Controller.c **** 
  24:../PI_Controller.c **** // M10 iq 75Hz wbw
  25:../PI_Controller.c **** PI_param Iq_param = {.P = 0.4782, .I = 329.799, .MaxLimit =  100, .MinLimit = -100, .Output = 0.0, 
  26:../PI_Controller.c **** PI_param Id_param = {.P = 0.4782, .I = 329.799, .MaxLimit =  100, .MinLimit = -100, .Output = 0.0, 
  27:../PI_Controller.c **** 
  28:../PI_Controller.c **** 
  29:../PI_Controller.c **** // max ested iq 100Hz wbw
  30:../PI_Controller.c **** //PID_param Iq_param = {.P = 0.56, .I = 465.0, .D = 0.0, .MaxLimit =  100, .MinLimit = -100, .Outpu
  31:../PI_Controller.c **** //PID_param Id_param = {.P = 0.56, .I = 465.0, .D = 0.0, .MaxLimit =  100, .MinLimit = -100, .Outpu
  32:../PI_Controller.c **** 
  33:../PI_Controller.c **** 
  34:../PI_Controller.c **** PI_param omega_param = {.P = 0.2, .I = 0.08, .MaxLimit =  2, .MinLimit = -2, .Output = 0.0, .Deviat
  35:../PI_Controller.c **** 
  36:../PI_Controller.c **** void omega_param_selctor(uint8_t Motor_num){
  70              	 .loc 1 36 0
  71              	 .cfi_startproc
  72              	 
  73              	 
  74              	 
  75 0000 80B4     	 push {r7}
  76              	.LCFI0:
  77              	 .cfi_def_cfa_offset 4
  78              	 .cfi_offset 7,-4
  79 0002 83B0     	 sub sp,sp,#12
  80              	.LCFI1:
  81              	 .cfi_def_cfa_offset 16
  82 0004 00AF     	 add r7,sp,#0
  83              	.LCFI2:
  84              	 .cfi_def_cfa_register 7
  85 0006 0346     	 mov r3,r0
  86 0008 FB71     	 strb r3,[r7,#7]
  37:../PI_Controller.c **** 	 switch(Motor_num)
  87              	 .loc 1 37 0
  88 000a FB79     	 ldrb r3,[r7,#7]
  89 000c 013B     	 subs r3,r3,#1
  90 000e 092B     	 cmp r3,#9
  91 0010 54D8     	 bhi .L1
  92 0012 01A2     	 adr r2,.L4
  93 0014 52F823F0 	 ldr pc,[r2,r3,lsl#2]
  94              	 .p2align 2
  95              	.L4:
  96 0018 41000000 	 .word .L3+1
  97 001c 4F000000 	 .word .L5+1
  98 0020 85000000 	 .word .L6+1
  99 0024 BD000000 	 .word .L1+1
 100 0028 BD000000 	 .word .L1+1
 101 002c 93000000 	 .word .L7+1
 102 0030 BD000000 	 .word .L1+1
 103 0034 BD000000 	 .word .L1+1
 104 0038 BD000000 	 .word .L1+1
 105 003c AF000000 	 .word .L8+1
 106              	 .p2align 1
 107              	.L3:
  38:../PI_Controller.c **** 	     {
  39:../PI_Controller.c **** 	 	 	 case 1:
  40:../PI_Controller.c **** 	 	 		// M1 wbw 3Hz iq 75Hz wbw
  41:../PI_Controller.c **** 				//omega_param.P = 0.3651;
  42:../PI_Controller.c **** 				//omega_param.I = 0.1387;
  43:../PI_Controller.c **** 
  44:../PI_Controller.c **** 	 	 		// M1 wbw 2Hz iq 75Hz wbw
  45:../PI_Controller.c **** 				//omega_param.P = 0.2434;
  46:../PI_Controller.c **** 				//omega_param.I = 0.0925;
  47:../PI_Controller.c **** 
  48:../PI_Controller.c **** 	 	 		// M1 wbw 2Hz iq 75Hz wbw tuned
  49:../PI_Controller.c **** 	 	 		omega_param.P = 0.2;
 108              	 .loc 1 49 0
 109 0040 214B     	 ldr r3,.L9
 110 0042 224A     	 ldr r2,.L9+4
 111 0044 1A60     	 str r2,[r3]
  50:../PI_Controller.c **** 	 	 		omega_param.I = 0.15;
 112              	 .loc 1 50 0
 113 0046 204B     	 ldr r3,.L9
 114 0048 214A     	 ldr r2,.L9+8
 115 004a 5A60     	 str r2,[r3,#4]
  51:../PI_Controller.c **** 
  52:../PI_Controller.c **** 
  53:../PI_Controller.c **** 
  54:../PI_Controller.c **** 	 	 		 break;
 116              	 .loc 1 54 0
 117 004c 36E0     	 b .L1
 118              	.L5:
  55:../PI_Controller.c **** 	 	 	 case 2:
  56:../PI_Controller.c **** 	 	 		omega_param.MaxLimit = 0.5;
 119              	 .loc 1 56 0
 120 004e 1E4B     	 ldr r3,.L9
 121 0050 4FF07C52 	 mov r2,#1056964608
 122 0054 9A60     	 str r2,[r3,#8]
  57:../PI_Controller.c **** 				omega_param.MinLimit =- 0.5;
 123              	 .loc 1 57 0
 124 0056 1C4B     	 ldr r3,.L9
 125 0058 4FF03F42 	 mov r2,#-1090519040
 126 005c DA60     	 str r2,[r3,#12]
  58:../PI_Controller.c **** 
  59:../PI_Controller.c **** 				// gets its own vaules
  60:../PI_Controller.c **** 				Iq_param.P = 0.7421;
 127              	 .loc 1 60 0
 128 005e 1D4B     	 ldr r3,.L9+12
 129 0060 1D4A     	 ldr r2,.L9+16
 130 0062 1A60     	 str r2,[r3]
  61:../PI_Controller.c **** 				Iq_param.I = 482.868;
 131              	 .loc 1 61 0
 132 0064 1B4B     	 ldr r3,.L9+12
 133 0066 1D4A     	 ldr r2,.L9+20
 134 0068 5A60     	 str r2,[r3,#4]
  62:../PI_Controller.c **** 
  63:../PI_Controller.c **** 				Id_param.P = 0.7421;
 135              	 .loc 1 63 0
 136 006a 1D4B     	 ldr r3,.L9+24
 137 006c 1A4A     	 ldr r2,.L9+16
 138 006e 1A60     	 str r2,[r3]
  64:../PI_Controller.c **** 				Id_param.I = 482.868;
 139              	 .loc 1 64 0
 140 0070 1B4B     	 ldr r3,.L9+24
 141 0072 1A4A     	 ldr r2,.L9+20
 142 0074 5A60     	 str r2,[r3,#4]
  65:../PI_Controller.c **** 
  66:../PI_Controller.c **** 
  67:../PI_Controller.c **** 				//hand tunded
  68:../PI_Controller.c **** 				omega_param.P = 0.025;
 143              	 .loc 1 68 0
 144 0076 144B     	 ldr r3,.L9
 145 0078 1A4A     	 ldr r2,.L9+28
 146 007a 1A60     	 str r2,[r3]
  69:../PI_Controller.c **** 				omega_param.I = 0.035;
 147              	 .loc 1 69 0
 148 007c 124B     	 ldr r3,.L9
 149 007e 1A4A     	 ldr r2,.L9+32
 150 0080 5A60     	 str r2,[r3,#4]
  70:../PI_Controller.c **** 
  71:../PI_Controller.c **** 				 // M2 wbw 1Hz iq 75Hz wbw own iq
  72:../PI_Controller.c **** 				//omega_param.P = 0.0173;
  73:../PI_Controller.c **** 				//omega_param.I = 0.0916;
  74:../PI_Controller.c **** 
  75:../PI_Controller.c **** 	 	 		 // M2 wbw 1Hz iq 75Hz wbw
  76:../PI_Controller.c **** 				//omega_param.P = 0.01001;
  77:../PI_Controller.c **** 				//omega_param.I = 0.018;
  78:../PI_Controller.c **** 
  79:../PI_Controller.c **** 	 	 		 // M2 wbw 3Hz iq 75Hz wbw
  80:../PI_Controller.c **** 				//omega_param.P = 0.2646;
  81:../PI_Controller.c **** 				//omega_param.I = 0.0538;
  82:../PI_Controller.c **** 
  83:../PI_Controller.c **** 				//M2 wbw 2Hz iq 75Hz wbw 0.06 to 0.09 char
  84:../PI_Controller.c **** 				//omega_param.P = 0.1764; //0.179;
  85:../PI_Controller.c **** 				//omega_param.I = 0.0359;
  86:../PI_Controller.c **** 
  87:../PI_Controller.c **** 				  //M2 wbw 1Hz iq 75Hz wbw 0.06 to 0.09 char
  88:../PI_Controller.c **** 				// omega_param.P = 0.0882; //0.179;
  89:../PI_Controller.c **** 				 //omega_param.I = 0.0179;
  90:../PI_Controller.c **** 
  91:../PI_Controller.c **** 				//omega_param.P = 0.01; //0.179;
  92:../PI_Controller.c **** 				//omega_param.I = 0.01;
  93:../PI_Controller.c **** 
  94:../PI_Controller.c **** 	 	 		//M2 wbw 0.6Hz iq 75Hz wbw 0.06 to 0.09 char
  95:../PI_Controller.c **** 	 	 		//omega_param.P = 0.0108;
  96:../PI_Controller.c **** 	 	 		//omega_param.I = 0.00529;
  97:../PI_Controller.c **** 
  98:../PI_Controller.c **** 				 break;
 151              	 .loc 1 98 0
 152 0082 1BE0     	 b .L1
 153              	.L6:
  99:../PI_Controller.c **** 	 	 	 case 3:
 100:../PI_Controller.c **** 	 	 		 // M3 3Hz iq 75Hz
 101:../PI_Controller.c **** 	 	 		omega_param.P = 0.2346;
 154              	 .loc 1 101 0
 155 0084 104B     	 ldr r3,.L9
 156 0086 194A     	 ldr r2,.L9+36
 157 0088 1A60     	 str r2,[r3]
 102:../PI_Controller.c **** 				omega_param.I = 0.1153;
 158              	 .loc 1 102 0
 159 008a 0F4B     	 ldr r3,.L9
 160 008c 184A     	 ldr r2,.L9+40
 161 008e 5A60     	 str r2,[r3,#4]
 103:../PI_Controller.c **** 				break;
 162              	 .loc 1 103 0
 163 0090 14E0     	 b .L1
 164              	.L7:
 104:../PI_Controller.c **** 	         case 6:
 105:../PI_Controller.c **** 	        	 // M6 wbw 3Hz
 106:../PI_Controller.c **** 	        	//omega_param.P = 0.1; // start outweise ustabel          // 0.2859; calc value
 107:../PI_Controller.c **** 	        	//omega_param.I = 0.1289;
 108:../PI_Controller.c **** 
 109:../PI_Controller.c **** 	        	 // M6 wbw 3Hz iq 75Hz 0.12 0.16 char
 110:../PI_Controller.c **** 	        	omega_param.P = 0.2906; // start outweise ustabel          // 0.2859; calc value
 165              	 .loc 1 110 0
 166 0092 0D4B     	 ldr r3,.L9
 167 0094 174A     	 ldr r2,.L9+44
 168 0096 1A60     	 str r2,[r3]
 111:../PI_Controller.c **** 	        	omega_param.I = 0.1182;
 169              	 .loc 1 111 0
 170 0098 0B4B     	 ldr r3,.L9
 171 009a 174A     	 ldr r2,.L9+48
 172 009c 5A60     	 str r2,[r3,#4]
 112:../PI_Controller.c **** 
 113:../PI_Controller.c **** 	        	 // M6 wbw 3Hz iq 75Hz 0.12 0.16 char tuned
 114:../PI_Controller.c **** 				omega_param.P = 0.25; // start outweise ustabel          // 0.2859; calc value
 173              	 .loc 1 114 0
 174 009e 0A4B     	 ldr r3,.L9
 175 00a0 4FF07A52 	 mov r2,#1048576000
 176 00a4 1A60     	 str r2,[r3]
 115:../PI_Controller.c **** 				omega_param.I = 0.15;
 177              	 .loc 1 115 0
 178 00a6 084B     	 ldr r3,.L9
 179 00a8 094A     	 ldr r2,.L9+8
 180 00aa 5A60     	 str r2,[r3,#4]
 116:../PI_Controller.c **** 	        	break;
 181              	 .loc 1 116 0
 182 00ac 06E0     	 b .L1
 183              	.L8:
 117:../PI_Controller.c **** 	         case 10: //M10 3Hz wbw
 118:../PI_Controller.c **** 	        	 //omega_param.P = 0.3949;
 119:../PI_Controller.c **** 				 //omega_param.I = 0.1619;
 120:../PI_Controller.c **** 
 121:../PI_Controller.c **** 				 //M10 3Hz wbw iq 75Hz wbw
 122:../PI_Controller.c **** 				/// omega_param.P = 0.3567;
 123:../PI_Controller.c **** 				 //omega_param.I = 0.1481;
 124:../PI_Controller.c **** 
 125:../PI_Controller.c **** 				 //M10 5Hz wbw iq 75Hz wbw
 126:../PI_Controller.c **** 				 //omega_param.P = 0.5946;
 127:../PI_Controller.c **** 				 //omega_param.I = 0.2468;
 128:../PI_Controller.c **** 
 129:../PI_Controller.c **** 				 //M10 3Hz wbw iq 75Hz wbw char rfro  0.13 to 0.18 T_ref
 130:../PI_Controller.c **** 				 omega_param.P = 0.3667;
 184              	 .loc 1 130 0
 185 00ae 064B     	 ldr r3,.L9
 186 00b0 124A     	 ldr r2,.L9+52
 187 00b2 1A60     	 str r2,[r3]
 131:../PI_Controller.c **** 				 omega_param.I = 0.1841;
 188              	 .loc 1 131 0
 189 00b4 044B     	 ldr r3,.L9
 190 00b6 124A     	 ldr r2,.L9+56
 191 00b8 5A60     	 str r2,[r3,#4]
 132:../PI_Controller.c **** 	        	 break;
 192              	 .loc 1 132 0
 193 00ba 00BF     	 nop
 194              	.L1:
 133:../PI_Controller.c **** 	    }
 134:../PI_Controller.c **** }
 195              	 .loc 1 134 0
 196 00bc 0C37     	 adds r7,r7,#12
 197              	.LCFI3:
 198              	 .cfi_def_cfa_offset 4
 199 00be BD46     	 mov sp,r7
 200              	.LCFI4:
 201              	 .cfi_def_cfa_register 13
 202              	 
 203 00c0 5DF8047B 	 ldr r7,[sp],#4
 204              	.LCFI5:
 205              	 .cfi_restore 7
 206              	 .cfi_def_cfa_offset 0
 207 00c4 7047     	 bx lr
 208              	.L10:
 209 00c6 00BF     	 .align 2
 210              	.L9:
 211 00c8 00000000 	 .word omega_param
 212 00cc CDCC4C3E 	 .word 1045220557
 213 00d0 9A99193E 	 .word 1041865114
 214 00d4 00000000 	 .word Iq_param
 215 00d8 44FA3D3F 	 .word 1061026372
 216 00dc 1B6FF143 	 .word 1139896091
 217 00e0 00000000 	 .word Id_param
 218 00e4 CDCCCC3C 	 .word 1020054733
 219 00e8 295C0F3D 	 .word 1024416809
 220 00ec FB3A703E 	 .word 1047542523
 221 00f0 6822EC3D 	 .word 1038885480
 222 00f4 86C9943E 	 .word 1049938310
 223 00f8 D712F23D 	 .word 1039274711
 224 00fc 1AC0BB3E 	 .word 1052491802
 225 0100 B6843C3E 	 .word 1044153526
 226              	 .cfi_endproc
 227              	.LFE0:
 229              	 .global __aeabi_f2d
 230              	 .global __aeabi_dmul
 231              	 .global __aeabi_dadd
 232              	 .global __aeabi_d2f
 233              	 .section .text.PI_Controller,"ax",%progbits
 234              	 .align 2
 235              	 .global PI_Controller
 236              	 .thumb
 237              	 .thumb_func
 239              	PI_Controller:
 240              	.LFB1:
 135:../PI_Controller.c **** 
 136:../PI_Controller.c **** #define T_CYC 0.0002 // = 1.0 /5000.0 Hz; //Tcyc sample correspond to control update rate to PI con
 137:../PI_Controller.c **** 
 138:../PI_Controller.c **** // PID Controller
 139:../PI_Controller.c **** float PI_Controller(float SetPoint,float ActValue,PI_param *param){
 241              	 .loc 1 139 0
 242              	 .cfi_startproc
 243              	 
 244              	 
 245 0000 2DE9B043 	 push {r4,r5,r7,r8,r9,lr}
 246              	.LCFI6:
 247              	 .cfi_def_cfa_offset 24
 248              	 .cfi_offset 4,-24
 249              	 .cfi_offset 5,-20
 250              	 .cfi_offset 7,-16
 251              	 .cfi_offset 8,-12
 252              	 .cfi_offset 9,-8
 253              	 .cfi_offset 14,-4
 254 0004 88B0     	 sub sp,sp,#32
 255              	.LCFI7:
 256              	 .cfi_def_cfa_offset 56
 257 0006 00AF     	 add r7,sp,#0
 258              	.LCFI8:
 259              	 .cfi_def_cfa_register 7
 260 0008 F860     	 str r0,[r7,#12]
 261 000a B960     	 str r1,[r7,#8]
 262 000c 7A60     	 str r2,[r7,#4]
 140:../PI_Controller.c **** 
 141:../PI_Controller.c **** 	float Deviation = SetPoint - ActValue;
 263              	 .loc 1 141 0
 264 000e 97ED037A 	 flds s14,[r7,#12]
 265 0012 D7ED027A 	 flds s15,[r7,#8]
 266 0016 77EE677A 	 fsubs s15,s14,s15
 267 001a C7ED067A 	 fsts s15,[r7,#24]
 142:../PI_Controller.c **** 	float temp1, temp2;
 143:../PI_Controller.c **** 
 144:../PI_Controller.c **** 	 temp1 = param->P*Deviation;
 268              	 .loc 1 144 0
 269 001e 7B68     	 ldr r3,[r7,#4]
 270 0020 93ED007A 	 flds s14,[r3]
 271 0024 D7ED067A 	 flds s15,[r7,#24]
 272 0028 67EE277A 	 fmuls s15,s14,s15
 273 002c C7ED057A 	 fsts s15,[r7,#20]
 145:../PI_Controller.c **** 	 temp2 = temp1 + param->I * T_CYC * Deviation + param->Output_z;
 274              	 .loc 1 145 0
 275 0030 7869     	 ldr r0,[r7,#20]
 276 0032 FFF7FEFF 	 bl __aeabi_f2d
 277 0036 0446     	 mov r4,r0
 278 0038 0D46     	 mov r5,r1
 279 003a 7B68     	 ldr r3,[r7,#4]
 280 003c 5B68     	 ldr r3,[r3,#4]
 281 003e 1846     	 mov r0,r3
 282 0040 FFF7FEFF 	 bl __aeabi_f2d
 283 0044 0246     	 mov r2,r0
 284 0046 0B46     	 mov r3,r1
 285 0048 1046     	 mov r0,r2
 286 004a 1946     	 mov r1,r3
 287 004c 2EA3     	 adr r3,.L20
 288 004e D3E90023 	 ldrd r2,[r3]
 289 0052 FFF7FEFF 	 bl __aeabi_dmul
 290 0056 0246     	 mov r2,r0
 291 0058 0B46     	 mov r3,r1
 292 005a 9046     	 mov r8,r2
 293 005c 9946     	 mov r9,r3
 294 005e B869     	 ldr r0,[r7,#24]
 295 0060 FFF7FEFF 	 bl __aeabi_f2d
 296 0064 0246     	 mov r2,r0
 297 0066 0B46     	 mov r3,r1
 298 0068 4046     	 mov r0,r8
 299 006a 4946     	 mov r1,r9
 300 006c FFF7FEFF 	 bl __aeabi_dmul
 301 0070 0246     	 mov r2,r0
 302 0072 0B46     	 mov r3,r1
 303 0074 2046     	 mov r0,r4
 304 0076 2946     	 mov r1,r5
 305 0078 FFF7FEFF 	 bl __aeabi_dadd
 306 007c 0246     	 mov r2,r0
 307 007e 0B46     	 mov r3,r1
 308 0080 1446     	 mov r4,r2
 309 0082 1D46     	 mov r5,r3
 310 0084 7B68     	 ldr r3,[r7,#4]
 311 0086 DB69     	 ldr r3,[r3,#28]
 312 0088 1846     	 mov r0,r3
 313 008a FFF7FEFF 	 bl __aeabi_f2d
 314 008e 0246     	 mov r2,r0
 315 0090 0B46     	 mov r3,r1
 316 0092 2046     	 mov r0,r4
 317 0094 2946     	 mov r1,r5
 318 0096 FFF7FEFF 	 bl __aeabi_dadd
 319 009a 0246     	 mov r2,r0
 320 009c 0B46     	 mov r3,r1
 321 009e 1046     	 mov r0,r2
 322 00a0 1946     	 mov r1,r3
 323 00a2 FFF7FEFF 	 bl __aeabi_d2f
 324 00a6 0346     	 mov r3,r0
 325 00a8 FB61     	 str r3,[r7,#28]
 146:../PI_Controller.c **** 
 147:../PI_Controller.c **** 	 if (temp2 >= param->MaxLimit){
 326              	 .loc 1 147 0
 327 00aa 7B68     	 ldr r3,[r7,#4]
 328 00ac 93ED027A 	 flds s14,[r3,#8]
 329 00b0 D7ED077A 	 flds s15,[r7,#28]
 330 00b4 B4EEE77A 	 fcmpes s14,s15
 331 00b8 F1EE10FA 	 fmstat
 332 00bc 03D8     	 bhi .L19
 148:../PI_Controller.c **** 		 temp2 = param->MaxLimit;
 333              	 .loc 1 148 0
 334 00be 7B68     	 ldr r3,[r7,#4]
 335 00c0 9B68     	 ldr r3,[r3,#8]
 336 00c2 FB61     	 str r3,[r7,#28]
 337 00c4 0CE0     	 b .L14
 338              	.L19:
 149:../PI_Controller.c **** 	 }
 150:../PI_Controller.c **** 	 else if (temp2 < param->MinLimit){
 339              	 .loc 1 150 0
 340 00c6 7B68     	 ldr r3,[r7,#4]
 341 00c8 93ED037A 	 flds s14,[r3,#12]
 342 00cc D7ED077A 	 flds s15,[r7,#28]
 343 00d0 B4EEE77A 	 fcmpes s14,s15
 344 00d4 F1EE10FA 	 fmstat
 345 00d8 02DD     	 ble .L14
 151:../PI_Controller.c **** 		 temp2 = param->MinLimit;
 346              	 .loc 1 151 0
 347 00da 7B68     	 ldr r3,[r7,#4]
 348 00dc DB68     	 ldr r3,[r3,#12]
 349 00de FB61     	 str r3,[r7,#28]
 350              	.L14:
 152:../PI_Controller.c **** 	 }
 153:../PI_Controller.c **** 
 154:../PI_Controller.c **** 	 param->Output_z = temp2 - temp1;
 351              	 .loc 1 154 0
 352 00e0 97ED077A 	 flds s14,[r7,#28]
 353 00e4 D7ED057A 	 flds s15,[r7,#20]
 354 00e8 77EE677A 	 fsubs s15,s14,s15
 355 00ec 7B68     	 ldr r3,[r7,#4]
 356 00ee C3ED077A 	 fsts s15,[r3,#28]
 155:../PI_Controller.c **** 
 156:../PI_Controller.c **** 	 param->Output = temp2;
 357              	 .loc 1 156 0
 358 00f2 7B68     	 ldr r3,[r7,#4]
 359 00f4 FA69     	 ldr r2,[r7,#28]
 360 00f6 1A61     	 str r2,[r3,#16]
 157:../PI_Controller.c **** 
 158:../PI_Controller.c **** 	return param->Output;
 361              	 .loc 1 158 0
 362 00f8 7B68     	 ldr r3,[r7,#4]
 363 00fa 1B69     	 ldr r3,[r3,#16]
 159:../PI_Controller.c **** 
 160:../PI_Controller.c **** }
 364              	 .loc 1 160 0
 365 00fc 1846     	 mov r0,r3
 366 00fe 2037     	 adds r7,r7,#32
 367              	.LCFI9:
 368              	 .cfi_def_cfa_offset 24
 369 0100 BD46     	 mov sp,r7
 370              	.LCFI10:
 371              	 .cfi_def_cfa_register 13
 372              	 
 373 0102 BDE8B083 	 pop {r4,r5,r7,r8,r9,pc}
 374              	.L21:
 375 0106 00BF     	 .align 3
 376              	.L20:
 377 0108 2D431CEB 	 .word -350469331
 378 010c E2362A3F 	 .word 1059731170
 379              	 .cfi_endproc
 380              	.LFE1:
 382              	 .text
 383              	.Letext0:
 384              	 .file 2 "c:\\dave\\dave-ide-4.4.2-64bit\\dave-ide-4.4.2-64bit\\eclipse\\arm-gcc-49\\arm-none-eabi\\include\\machine\\_default_types.h"
 385              	 .file 3 "c:\\dave\\dave-ide-4.4.2-64bit\\dave-ide-4.4.2-64bit\\eclipse\\arm-gcc-49\\arm-none-eabi\\include\\stdint.h"
 386              	 .file 4 "../PI_Controller.h"
DEFINED SYMBOLS
                            *ABS*:00000000 PI_Controller.c
    {standard input}:24     .data.Iq_param:00000000 Iq_param
    {standard input}:21     .data.Iq_param:00000000 $d
    {standard input}:38     .data.Id_param:00000000 Id_param
    {standard input}:35     .data.Id_param:00000000 $d
    {standard input}:52     .data.omega_param:00000000 omega_param
    {standard input}:49     .data.omega_param:00000000 $d
    {standard input}:62     .text.omega_param_selctor:00000000 $t
    {standard input}:67     .text.omega_param_selctor:00000000 omega_param_selctor
    {standard input}:96     .text.omega_param_selctor:00000018 $d
    {standard input}:106    .text.omega_param_selctor:00000040 $t
    {standard input}:211    .text.omega_param_selctor:000000c8 $d
    {standard input}:234    .text.PI_Controller:00000000 $t
    {standard input}:239    .text.PI_Controller:00000000 PI_Controller
    {standard input}:377    .text.PI_Controller:00000108 $d
                     .debug_frame:00000010 $d

UNDEFINED SYMBOLS
__aeabi_f2d
__aeabi_dmul
__aeabi_dadd
__aeabi_d2f
