   1              	 .syntax unified
   2              	 .cpu cortex-m4
   3              	 .eabi_attribute 27,3
   4              	 .fpu fpv4-sp-d16
   5              	 .eabi_attribute 20,1
   6              	 .eabi_attribute 21,1
   7              	 .eabi_attribute 23,3
   8              	 .eabi_attribute 24,1
   9              	 .eabi_attribute 25,1
  10              	 .eabi_attribute 26,1
  11              	 .eabi_attribute 30,4
  12              	 .eabi_attribute 34,1
  13              	 .eabi_attribute 18,4
  14              	 .thumb
  15              	 .file "pwm_svm.c"
  16              	 .section .ram_code,"ax",%progbits
  17              	 .align 1
  18              	 .thumb
  19              	 .thumb_func
  21              	PWM_SVM_lSymCompValUpdate:
  22              	 
  23              	 
  24 0000 70B5     	 push {r4,r5,r6,lr}
  25 0002 D0F8A460 	 ldr r6,[r0,#164]
  26 0006 056F     	 ldr r5,[r0,#112]
  27 0008 B0F8B830 	 ldrh r3,[r0,#184]
  28 000c 416F     	 ldr r1,[r0,#116]
  29 000e 826F     	 ldr r2,[r0,#120]
  30 0010 B0F8B640 	 ldrh r4,[r0,#182]
  31 0014 06F00706 	 and r6,r6,#7
  32 0018 042E     	 cmp r6,#4
  33 001a 21D8     	 bhi .L2
  34 001c DFE806F0 	 tbb [pc,r6]
  35              	.L4:
  36 0020 03       	 .byte (.L3-.L4)/2
  37 0021 08       	 .byte (.L5-.L4)/2
  38 0022 0F       	 .byte (.L6-.L4)/2
  39 0023 14       	 .byte (.L7-.L4)/2
  40 0024 1A       	 .byte (.L8-.L4)/2
  41 0025 00       	 .p2align 1
  42              	.L3:
  43 0026 B0F8B000 	 ldrh r0,[r0,#176]
  44 002a 2B60     	 str r3,[r5]
  45 002c 0344     	 add r3,r3,r0
  46 002e 03E0     	 b .L12
  47              	.L5:
  48 0030 B0F8AE00 	 ldrh r0,[r0,#174]
  49 0034 1844     	 add r0,r0,r3
  50 0036 2860     	 str r0,[r5]
  51              	.L12:
  52 0038 0B60     	 str r3,[r1]
  53 003a 1460     	 str r4,[r2]
  54 003c 70BD     	 pop {r4,r5,r6,pc}
  55              	.L6:
  56 003e 2C60     	 str r4,[r5]
  57 0040 0B60     	 str r3,[r1]
  58 0042 B0F8B010 	 ldrh r1,[r0,#176]
  59 0046 0FE0     	 b .L11
  60              	.L7:
  61 0048 B0F8AE00 	 ldrh r0,[r0,#174]
  62 004c 2C60     	 str r4,[r5]
  63 004e 1844     	 add r0,r0,r3
  64 0050 0860     	 str r0,[r1]
  65 0052 0AE0     	 b .L10
  66              	.L8:
  67 0054 B0F8B000 	 ldrh r0,[r0,#176]
  68 0058 1844     	 add r0,r0,r3
  69 005a 2860     	 str r0,[r5]
  70 005c 0C60     	 str r4,[r1]
  71 005e 04E0     	 b .L10
  72              	.L2:
  73 0060 2B60     	 str r3,[r5]
  74 0062 0C60     	 str r4,[r1]
  75 0064 B0F8AE10 	 ldrh r1,[r0,#174]
  76              	.L11:
  77 0068 0B44     	 add r3,r3,r1
  78              	.L10:
  79 006a 1360     	 str r3,[r2]
  80 006c 70BD     	 pop {r4,r5,r6,pc}
  82              	 .section .text.PWM_SVM_lAsymCompValUpdate,"ax",%progbits
  83              	 .align 1
  84              	 .thumb
  85              	 .thumb_func
  87              	PWM_SVM_lAsymCompValUpdate:
  88              	 
  89              	 
  90 0000 D0F8A430 	 ldr r3,[r0,#164]
  91 0004 B0F8BCC0 	 ldrh ip,[r0,#188]
  92 0008 816F     	 ldr r1,[r0,#120]
  93 000a D0F88420 	 ldr r2,[r0,#132]
  94 000e 2DE9F047 	 push {r4,r5,r6,r7,r8,r9,r10,lr}
  95 0012 03F00709 	 and r9,r3,#7
  96 0016 D0F87080 	 ldr r8,[r0,#112]
  97 001a B0F8B830 	 ldrh r3,[r0,#184]
  98 001e D0F87CE0 	 ldr lr,[r0,#124]
  99 0022 466F     	 ldr r6,[r0,#116]
 100 0024 D0F88040 	 ldr r4,[r0,#128]
 101 0028 B0F8B670 	 ldrh r7,[r0,#182]
 102 002c B0F8BA50 	 ldrh r5,[r0,#186]
 103 0030 B9F1040F 	 cmp r9,#4
 104 0034 3ED8     	 bhi .L15
 105 0036 DFE809F0 	 tbb [pc,r9]
 106              	.L17:
 107 003a 03       	 .byte (.L16-.L17)/2
 108 003b 0D       	 .byte (.L18-.L17)/2
 109 003c 1B       	 .byte (.L19-.L17)/2
 110 003d 25       	 .byte (.L20-.L17)/2
 111 003e 2F       	 .byte (.L21-.L17)/2
 112 003f 00       	 .p2align 1
 113              	.L16:
 114 0040 B0F8B000 	 ldrh r0,[r0,#176]
 115 0044 C8F80030 	 str r3,[r8]
 116 0048 0344     	 add r3,r3,r0
 117 004a CEF800C0 	 str ip,[lr]
 118 004e 3360     	 str r3,[r6]
 119 0050 2360     	 str r3,[r4]
 120 0052 09E0     	 b .L24
 121              	.L18:
 122 0054 B0F8AE00 	 ldrh r0,[r0,#174]
 123 0058 1844     	 add r0,r0,r3
 124 005a C8F80000 	 str r0,[r8]
 125 005e CEF80000 	 str r0,[lr]
 126 0062 3360     	 str r3,[r6]
 127 0064 C4F800C0 	 str ip,[r4]
 128              	.L24:
 129 0068 0F60     	 str r7,[r1]
 130 006a 1560     	 str r5,[r2]
 131 006c BDE8F087 	 pop {r4,r5,r6,r7,r8,r9,r10,pc}
 132              	.L19:
 133 0070 C8F80070 	 str r7,[r8]
 134 0074 B0F8B000 	 ldrh r0,[r0,#176]
 135 0078 CEF80050 	 str r5,[lr]
 136 007c 3360     	 str r3,[r6]
 137 007e C4F800C0 	 str ip,[r4]
 138 0082 1FE0     	 b .L25
 139              	.L20:
 140 0084 B0F8AE00 	 ldrh r0,[r0,#174]
 141 0088 C8F80070 	 str r7,[r8]
 142 008c 1844     	 add r0,r0,r3
 143 008e CEF80050 	 str r5,[lr]
 144 0092 3060     	 str r0,[r6]
 145 0094 2060     	 str r0,[r4]
 146 0096 08E0     	 b .L23
 147              	.L21:
 148 0098 B0F8B000 	 ldrh r0,[r0,#176]
 149 009c 1844     	 add r0,r0,r3
 150 009e C8F80000 	 str r0,[r8]
 151 00a2 CEF80000 	 str r0,[lr]
 152 00a6 3760     	 str r7,[r6]
 153 00a8 2560     	 str r5,[r4]
 154              	.L23:
 155 00aa 0B60     	 str r3,[r1]
 156 00ac C2F800C0 	 str ip,[r2]
 157 00b0 BDE8F087 	 pop {r4,r5,r6,r7,r8,r9,r10,pc}
 158              	.L15:
 159 00b4 B0F8AE00 	 ldrh r0,[r0,#174]
 160 00b8 C8F80030 	 str r3,[r8]
 161 00bc CEF800C0 	 str ip,[lr]
 162 00c0 3760     	 str r7,[r6]
 163 00c2 2560     	 str r5,[r4]
 164              	.L25:
 165 00c4 0344     	 add r3,r3,r0
 166 00c6 0B60     	 str r3,[r1]
 167 00c8 1360     	 str r3,[r2]
 168 00ca BDE8F087 	 pop {r4,r5,r6,r7,r8,r9,r10,pc}
 170              	 .section .ram_code
 171              	 .align 1
 172              	 .global PWM_SVM_CalCmpValueSym7
 173              	 .thumb
 174              	 .thumb_func
 176              	PWM_SVM_CalCmpValueSym7:
 177              	 
 178              	 
 179 006e B0F8C230 	 ldrh r3,[r0,#194]
 180 0072 B0F8AE20 	 ldrh r2,[r0,#174]
 181 0076 9A42     	 cmp r2,r3
 182 0078 B0F8B020 	 ldrh r2,[r0,#176]
 183 007c 38BF     	 it cc
 184 007e A0F8AE30 	 strhcc r3,[r0,#174]
 185 0082 9A42     	 cmp r2,r3
 186 0084 38BF     	 it cc
 187 0086 A0F8B030 	 strhcc r3,[r0,#176]
 188 008a 10B5     	 push {r4,lr}
 189 008c B0F8B010 	 ldrh r1,[r0,#176]
 190 0090 B0F8AE40 	 ldrh r4,[r0,#174]
 191 0094 B0F89C30 	 ldrh r3,[r0,#156]
 192 0098 0A19     	 adds r2,r1,r4
 193 009a 1A44     	 add r2,r2,r3
 194 009c 1B1B     	 subs r3,r3,r4
 195 009e 5B1A     	 subs r3,r3,r1
 196 00a0 C2F34E02 	 ubfx r2,r2,#1,#15
 197 00a4 C3F34E03 	 ubfx r3,r3,#1,#15
 198 00a8 A0F8B620 	 strh r2,[r0,#182]
 199 00ac A0F8B830 	 strh r3,[r0,#184]
 200 00b0 BDE81040 	 pop {r4,lr}
 201 00b4 A4E7     	 b PWM_SVM_lSymCompValUpdate
 203              	 .align 1
 204              	 .global PWM_SVM_CalCmpValueSym5
 205              	 .thumb
 206              	 .thumb_func
 208              	PWM_SVM_CalCmpValueSym5:
 209              	 
 210              	 
 211              	 
 212 00b6 B0F8C230 	 ldrh r3,[r0,#194]
 213 00ba B0F8AE20 	 ldrh r2,[r0,#174]
 214 00be 9A42     	 cmp r2,r3
 215 00c0 B0F8B020 	 ldrh r2,[r0,#176]
 216 00c4 38BF     	 it cc
 217 00c6 A0F8AE30 	 strhcc r3,[r0,#174]
 218 00ca 9A42     	 cmp r2,r3
 219 00cc 38BF     	 it cc
 220 00ce A0F8B030 	 strhcc r3,[r0,#176]
 221 00d2 B0F89C30 	 ldrh r3,[r0,#156]
 222 00d6 5A1C     	 adds r2,r3,#1
 223 00d8 A0F8B620 	 strh r2,[r0,#182]
 224 00dc B0F8AE20 	 ldrh r2,[r0,#174]
 225 00e0 9B1A     	 subs r3,r3,r2
 226 00e2 B0F8B020 	 ldrh r2,[r0,#176]
 227 00e6 9B1A     	 subs r3,r3,r2
 228 00e8 A0F8B830 	 strh r3,[r0,#184]
 229 00ec 88E7     	 b PWM_SVM_lSymCompValUpdate
 231              	 .section .text.PWM_SVM_CalCmpValueAsym7,"ax",%progbits
 232              	 .align 1
 233              	 .global PWM_SVM_CalCmpValueAsym7
 234              	 .thumb
 235              	 .thumb_func
 237              	PWM_SVM_CalCmpValueAsym7:
 238              	 
 239              	 
 240 0000 B0F8AE30 	 ldrh r3,[r0,#174]
 241 0004 B0F8C220 	 ldrh r2,[r0,#194]
 242 0008 9342     	 cmp r3,r2
 243 000a 10B5     	 push {r4,lr}
 244 000c 07D2     	 bcs .L33
 245 000e 5B00     	 lsls r3,r3,#1
 246 0010 9BB2     	 uxth r3,r3
 247 0012 9342     	 cmp r3,r2
 248 0014 38BF     	 it cc
 249 0016 1346     	 movcc r3,r2
 250 0018 A0F8AE30 	 strh r3,[r0,#174]
 251 001c 00E0     	 b .L41
 252              	.L33:
 253 001e 0023     	 movs r3,#0
 254              	.L41:
 255 0020 A0F8B230 	 strh r3,[r0,#178]
 256 0024 B0F8B030 	 ldrh r3,[r0,#176]
 257 0028 9342     	 cmp r3,r2
 258 002a 09D2     	 bcs .L37
 259 002c 5B00     	 lsls r3,r3,#1
 260 002e 9BB2     	 uxth r3,r3
 261 0030 9A42     	 cmp r2,r3
 262 0032 38BF     	 it cc
 263 0034 1A46     	 movcc r2,r3
 264 0036 A0F8B020 	 strh r2,[r0,#176]
 265 003a A0F8B420 	 strh r2,[r0,#180]
 266 003e 02E0     	 b .L40
 267              	.L37:
 268 0040 0023     	 movs r3,#0
 269 0042 A0F8B430 	 strh r3,[r0,#180]
 270              	.L40:
 271 0046 B0F8AE40 	 ldrh r4,[r0,#174]
 272 004a D0F89C20 	 ldr r2,[r0,#156]
 273 004e B0F8B030 	 ldrh r3,[r0,#176]
 274 0052 14FA82F1 	 uxtah r1,r4,r2
 275 0056 121B     	 subs r2,r2,r4
 276 0058 1944     	 add r1,r1,r3
 277 005a D31A     	 subs r3,r2,r3
 278 005c B0F8B420 	 ldrh r2,[r0,#180]
 279 0060 C1F34F01 	 ubfx r1,r1,#1,#16
 280 0064 A0F8B610 	 strh r1,[r0,#182]
 281 0068 891A     	 subs r1,r1,r2
 282 006a B0F8B220 	 ldrh r2,[r0,#178]
 283 006e A0F8BA10 	 strh r1,[r0,#186]
 284 0072 C3F34E03 	 ubfx r3,r3,#1,#15
 285 0076 A0F8B830 	 strh r3,[r0,#184]
 286 007a 1344     	 add r3,r3,r2
 287 007c A0F8BC30 	 strh r3,[r0,#188]
 288 0080 BDE81040 	 pop {r4,lr}
 289 0084 FFF7FEBF 	 b PWM_SVM_lAsymCompValUpdate
 291              	 .section .text.PWM_SVM_CalCmpValueAsym5,"ax",%progbits
 292              	 .align 1
 293              	 .global PWM_SVM_CalCmpValueAsym5
 294              	 .thumb
 295              	 .thumb_func
 297              	PWM_SVM_CalCmpValueAsym5:
 298              	 
 299              	 
 300              	 
 301 0000 B0F8AE30 	 ldrh r3,[r0,#174]
 302 0004 B0F8C220 	 ldrh r2,[r0,#194]
 303 0008 9342     	 cmp r3,r2
 304 000a 07D2     	 bcs .L43
 305 000c 5B00     	 lsls r3,r3,#1
 306 000e 9BB2     	 uxth r3,r3
 307 0010 9342     	 cmp r3,r2
 308 0012 38BF     	 it cc
 309 0014 1346     	 movcc r3,r2
 310 0016 A0F8AE30 	 strh r3,[r0,#174]
 311 001a 00E0     	 b .L48
 312              	.L43:
 313 001c 0023     	 movs r3,#0
 314              	.L48:
 315 001e A0F8B230 	 strh r3,[r0,#178]
 316 0022 B0F8B030 	 ldrh r3,[r0,#176]
 317 0026 B0F8AE10 	 ldrh r1,[r0,#174]
 318 002a 9342     	 cmp r3,r2
 319 002c B0F89C30 	 ldrh r3,[r0,#156]
 320 0030 38BF     	 it cc
 321 0032 A0F8B020 	 strhcc r2,[r0,#176]
 322 0036 5A1C     	 adds r2,r3,#1
 323 0038 5B1A     	 subs r3,r3,r1
 324 003a B0F8B010 	 ldrh r1,[r0,#176]
 325 003e 92B2     	 uxth r2,r2
 326 0040 A0F8B620 	 strh r2,[r0,#182]
 327 0044 5B1A     	 subs r3,r3,r1
 328 0046 A0F8BA20 	 strh r2,[r0,#186]
 329 004a B0F8B220 	 ldrh r2,[r0,#178]
 330 004e 9BB2     	 uxth r3,r3
 331 0050 A0F8B830 	 strh r3,[r0,#184]
 332 0054 1344     	 add r3,r3,r2
 333 0056 A0F8BC30 	 strh r3,[r0,#188]
 334 005a FFF7FEBF 	 b PWM_SVM_lAsymCompValUpdate
 336              	 .section .text.PWM_SVM_Calc3av5segmentCompVal,"ax",%progbits
 337              	 .align 1
 338              	 .global PWM_SVM_Calc3av5segmentCompVal
 339              	 .thumb
 340              	 .thumb_func
 342              	PWM_SVM_Calc3av5segmentCompVal:
 343              	 
 344              	 
 345 0000 70B5     	 push {r4,r5,r6,lr}
 346 0002 B0F8C020 	 ldrh r2,[r0,#192]
 347 0006 B0F8C250 	 ldrh r5,[r0,#194]
 348 000a B0F8B010 	 ldrh r1,[r0,#176]
 349 000e 0446     	 mov r4,r0
 350 0010 D0F89C00 	 ldr r0,[r0,#156]
 351 0014 B4F8AE30 	 ldrh r3,[r4,#174]
 352 0018 92B9     	 cbnz r2,.L50
 353 001a 2944     	 add r1,r1,r5
 354 001c C31A     	 subs r3,r0,r3
 355 001e 89B2     	 uxth r1,r1
 356 0020 5B1B     	 subs r3,r3,r5
 357 0022 5B1A     	 subs r3,r3,r1
 358 0024 9AB2     	 uxth r2,r3
 359 0026 A4F8BC20 	 strh r2,[r4,#188]
 360 002a 5208     	 lsrs r2,r2,#1
 361 002c A4F8B820 	 strh r2,[r4,#184]
 362 0030 2A44     	 add r2,r2,r5
 363 0032 A4F8B010 	 strh r1,[r4,#176]
 364 0036 A4F8B600 	 strh r0,[r4,#182]
 365 003a A4F8BE20 	 strh r2,[r4,#190]
 366 003e 10E0     	 b .L51
 367              	.L50:
 368 0040 2B44     	 add r3,r3,r5
 369 0042 411A     	 subs r1,r0,r1
 370 0044 9BB2     	 uxth r3,r3
 371 0046 4A1B     	 subs r2,r1,r5
 372 0048 A4F8AE30 	 strh r3,[r4,#174]
 373 004c D31A     	 subs r3,r2,r3
 374 004e 9BB2     	 uxth r3,r3
 375 0050 A4F8BC30 	 strh r3,[r4,#188]
 376 0054 5B08     	 lsrs r3,r3,#1
 377 0056 A4F8B830 	 strh r3,[r4,#184]
 378 005a A4F8B600 	 strh r0,[r4,#182]
 379 005e A4F8BE30 	 strh r3,[r4,#190]
 380              	.L51:
 381 0062 2368     	 ldr r3,[r4]
 382 0064 1E7C     	 ldrb r6,[r3,#16]
 383 0066 012E     	 cmp r6,#1
 384 0068 17D1     	 bne .L52
 385 006a B4F8AE20 	 ldrh r2,[r4,#174]
 386 006e B4F8B630 	 ldrh r3,[r4,#182]
 387 0072 6169     	 ldr r1,[r4,#20]
 388 0074 A3EB5205 	 sub r5,r3,r2,lsr#1
 389 0078 9B1A     	 subs r3,r3,r2
 390 007a B4F8B020 	 ldrh r2,[r4,#176]
 391 007e 0868     	 ldr r0,[r1]
 392 0080 A3EB5202 	 sub r2,r3,r2,lsr#1
 393 0084 0021     	 movs r1,#0
 394 0086 92B2     	 uxth r2,r2
 395 0088 FFF7FEFF 	 bl XMC_CCU8_SLICE_SetTimerCompareMatch
 396 008c 6369     	 ldr r3,[r4,#20]
 397 008e ADB2     	 uxth r5,r5
 398 0090 1868     	 ldr r0,[r3]
 399 0092 3146     	 mov r1,r6
 400 0094 2A46     	 mov r2,r5
 401 0096 FFF7FEFF 	 bl XMC_CCU8_SLICE_SetTimerCompareMatch
 402              	.L52:
 403 009a D4F8A420 	 ldr r2,[r4,#164]
 404 009e A368     	 ldr r3,[r4,#8]
 405 00a0 02F00702 	 and r2,r2,#7
 406 00a4 042A     	 cmp r2,#4
 407 00a6 00F2CD80 	 bhi .L53
 408 00aa DFE802F0 	 tbb [pc,r2]
 409              	.L55:
 410 00ae 03       	 .byte (.L54-.L55)/2
 411 00af 25       	 .byte (.L56-.L55)/2
 412 00b0 56       	 .byte (.L57-.L55)/2
 413 00b1 78       	 .byte (.L58-.L55)/2
 414 00b2 97       	 .byte (.L59-.L55)/2
 415 00b3 00       	 .p2align 1
 416              	.L54:
 417 00b4 B4F8C210 	 ldrh r1,[r4,#194]
 418 00b8 B4F8B820 	 ldrh r2,[r4,#184]
 419 00bc 1868     	 ldr r0,[r3]
 420 00be 0A44     	 add r2,r2,r1
 421 00c0 92B2     	 uxth r2,r2
 422 00c2 0021     	 movs r1,#0
 423 00c4 FFF7FEFF 	 bl XMC_CCU8_SLICE_SetTimerCompareMatch
 424 00c8 A368     	 ldr r3,[r4,#8]
 425 00ca B4F8B620 	 ldrh r2,[r4,#182]
 426 00ce 1868     	 ldr r0,[r3]
 427 00d0 0121     	 movs r1,#1
 428 00d2 FFF7FEFF 	 bl XMC_CCU8_SLICE_SetTimerCompareMatch
 429 00d6 E368     	 ldr r3,[r4,#12]
 430 00d8 B4F8BE20 	 ldrh r2,[r4,#190]
 431 00dc 1868     	 ldr r0,[r3]
 432 00de 0021     	 movs r1,#0
 433 00e0 FFF7FEFF 	 bl XMC_CCU8_SLICE_SetTimerCompareMatch
 434 00e4 B4F8B630 	 ldrh r3,[r4,#182]
 435 00e8 B4F8AE20 	 ldrh r2,[r4,#174]
 436 00ec E168     	 ldr r1,[r4,#12]
 437 00ee 9A1A     	 subs r2,r3,r2
 438 00f0 0868     	 ldr r0,[r1]
 439 00f2 92B2     	 uxth r2,r2
 440 00f4 0121     	 movs r1,#1
 441 00f6 20E0     	 b .L63
 442              	.L56:
 443 00f8 1868     	 ldr r0,[r3]
 444 00fa B4F8BE20 	 ldrh r2,[r4,#190]
 445 00fe 0021     	 movs r1,#0
 446 0100 FFF7FEFF 	 bl XMC_CCU8_SLICE_SetTimerCompareMatch
 447 0104 B4F8B630 	 ldrh r3,[r4,#182]
 448 0108 B4F8AE20 	 ldrh r2,[r4,#174]
 449 010c A168     	 ldr r1,[r4,#8]
 450 010e 9A1A     	 subs r2,r3,r2
 451 0110 0868     	 ldr r0,[r1]
 452 0112 92B2     	 uxth r2,r2
 453 0114 0121     	 movs r1,#1
 454 0116 FFF7FEFF 	 bl XMC_CCU8_SLICE_SetTimerCompareMatch
 455 011a B4F8B830 	 ldrh r3,[r4,#184]
 456 011e B4F8C220 	 ldrh r2,[r4,#194]
 457 0122 E168     	 ldr r1,[r4,#12]
 458 0124 1A44     	 add r2,r2,r3
 459 0126 0868     	 ldr r0,[r1]
 460 0128 92B2     	 uxth r2,r2
 461 012a 0021     	 movs r1,#0
 462 012c FFF7FEFF 	 bl XMC_CCU8_SLICE_SetTimerCompareMatch
 463 0130 E368     	 ldr r3,[r4,#12]
 464 0132 B4F8B620 	 ldrh r2,[r4,#182]
 465 0136 1868     	 ldr r0,[r3]
 466 0138 0121     	 movs r1,#1
 467              	.L63:
 468 013a FFF7FEFF 	 bl XMC_CCU8_SLICE_SetTimerCompareMatch
 469 013e 2369     	 ldr r3,[r4,#16]
 470 0140 B4F8B820 	 ldrh r2,[r4,#184]
 471 0144 1868     	 ldr r0,[r3]
 472 0146 0021     	 movs r1,#0
 473 0148 FFF7FEFF 	 bl XMC_CCU8_SLICE_SetTimerCompareMatch
 474 014c B4F8C220 	 ldrh r2,[r4,#194]
 475 0150 B4F8BC30 	 ldrh r3,[r4,#188]
 476 0154 2169     	 ldr r1,[r4,#16]
 477 0156 1A44     	 add r2,r2,r3
 478 0158 A4E0     	 b .L60
 479              	.L57:
 480 015a 1868     	 ldr r0,[r3]
 481 015c B4F8B820 	 ldrh r2,[r4,#184]
 482 0160 0021     	 movs r1,#0
 483 0162 FFF7FEFF 	 bl XMC_CCU8_SLICE_SetTimerCompareMatch
 484 0166 B4F8BC30 	 ldrh r3,[r4,#188]
 485 016a B4F8C220 	 ldrh r2,[r4,#194]
 486 016e A168     	 ldr r1,[r4,#8]
 487 0170 1A44     	 add r2,r2,r3
 488 0172 0868     	 ldr r0,[r1]
 489 0174 92B2     	 uxth r2,r2
 490 0176 0121     	 movs r1,#1
 491 0178 FFF7FEFF 	 bl XMC_CCU8_SLICE_SetTimerCompareMatch
 492 017c B4F8B830 	 ldrh r3,[r4,#184]
 493 0180 B4F8C220 	 ldrh r2,[r4,#194]
 494 0184 E168     	 ldr r1,[r4,#12]
 495 0186 1A44     	 add r2,r2,r3
 496 0188 0868     	 ldr r0,[r1]
 497 018a 92B2     	 uxth r2,r2
 498 018c 0021     	 movs r1,#0
 499 018e FFF7FEFF 	 bl XMC_CCU8_SLICE_SetTimerCompareMatch
 500 0192 E368     	 ldr r3,[r4,#12]
 501 0194 B4F8B620 	 ldrh r2,[r4,#182]
 502 0198 1868     	 ldr r0,[r3]
 503 019a 0121     	 movs r1,#1
 504 019c 73E0     	 b .L62
 505              	.L58:
 506 019e 1868     	 ldr r0,[r3]
 507 01a0 B4F8B820 	 ldrh r2,[r4,#184]
 508 01a4 0021     	 movs r1,#0
 509 01a6 FFF7FEFF 	 bl XMC_CCU8_SLICE_SetTimerCompareMatch
 510 01aa B4F8BC30 	 ldrh r3,[r4,#188]
 511 01ae B4F8C220 	 ldrh r2,[r4,#194]
 512 01b2 A168     	 ldr r1,[r4,#8]
 513 01b4 1A44     	 add r2,r2,r3
 514 01b6 0868     	 ldr r0,[r1]
 515 01b8 92B2     	 uxth r2,r2
 516 01ba 0121     	 movs r1,#1
 517 01bc FFF7FEFF 	 bl XMC_CCU8_SLICE_SetTimerCompareMatch
 518 01c0 E368     	 ldr r3,[r4,#12]
 519 01c2 B4F8BE20 	 ldrh r2,[r4,#190]
 520 01c6 1868     	 ldr r0,[r3]
 521 01c8 0021     	 movs r1,#0
 522 01ca FFF7FEFF 	 bl XMC_CCU8_SLICE_SetTimerCompareMatch
 523 01ce B4F8B630 	 ldrh r3,[r4,#182]
 524 01d2 B4F8AE20 	 ldrh r2,[r4,#174]
 525 01d6 E168     	 ldr r1,[r4,#12]
 526 01d8 9A1A     	 subs r2,r3,r2
 527 01da 1DE0     	 b .L64
 528              	.L59:
 529 01dc 1868     	 ldr r0,[r3]
 530 01de B4F8BE20 	 ldrh r2,[r4,#190]
 531 01e2 0021     	 movs r1,#0
 532 01e4 FFF7FEFF 	 bl XMC_CCU8_SLICE_SetTimerCompareMatch
 533 01e8 B4F8B630 	 ldrh r3,[r4,#182]
 534 01ec B4F8AE20 	 ldrh r2,[r4,#174]
 535 01f0 A168     	 ldr r1,[r4,#8]
 536 01f2 9A1A     	 subs r2,r3,r2
 537 01f4 0868     	 ldr r0,[r1]
 538 01f6 92B2     	 uxth r2,r2
 539 01f8 0121     	 movs r1,#1
 540 01fa FFF7FEFF 	 bl XMC_CCU8_SLICE_SetTimerCompareMatch
 541 01fe E368     	 ldr r3,[r4,#12]
 542 0200 B4F8B820 	 ldrh r2,[r4,#184]
 543 0204 1868     	 ldr r0,[r3]
 544 0206 0021     	 movs r1,#0
 545 0208 FFF7FEFF 	 bl XMC_CCU8_SLICE_SetTimerCompareMatch
 546 020c B4F8C220 	 ldrh r2,[r4,#194]
 547 0210 B4F8BC30 	 ldrh r3,[r4,#188]
 548 0214 E168     	 ldr r1,[r4,#12]
 549 0216 1A44     	 add r2,r2,r3
 550              	.L64:
 551 0218 0868     	 ldr r0,[r1]
 552 021a 92B2     	 uxth r2,r2
 553 021c 0121     	 movs r1,#1
 554 021e FFF7FEFF 	 bl XMC_CCU8_SLICE_SetTimerCompareMatch
 555 0222 B4F8B830 	 ldrh r3,[r4,#184]
 556 0226 B4F8C220 	 ldrh r2,[r4,#194]
 557 022a 2169     	 ldr r1,[r4,#16]
 558 022c 1A44     	 add r2,r2,r3
 559 022e 0868     	 ldr r0,[r1]
 560 0230 92B2     	 uxth r2,r2
 561 0232 0021     	 movs r1,#0
 562 0234 FFF7FEFF 	 bl XMC_CCU8_SLICE_SetTimerCompareMatch
 563 0238 2369     	 ldr r3,[r4,#16]
 564 023a B4F8B620 	 ldrh r2,[r4,#182]
 565 023e 1868     	 ldr r0,[r3]
 566 0240 0121     	 movs r1,#1
 567 0242 32E0     	 b .L61
 568              	.L53:
 569 0244 B4F8C210 	 ldrh r1,[r4,#194]
 570 0248 B4F8B820 	 ldrh r2,[r4,#184]
 571 024c 1868     	 ldr r0,[r3]
 572 024e 0A44     	 add r2,r2,r1
 573 0250 92B2     	 uxth r2,r2
 574 0252 0021     	 movs r1,#0
 575 0254 FFF7FEFF 	 bl XMC_CCU8_SLICE_SetTimerCompareMatch
 576 0258 A368     	 ldr r3,[r4,#8]
 577 025a B4F8B620 	 ldrh r2,[r4,#182]
 578 025e 1868     	 ldr r0,[r3]
 579 0260 0121     	 movs r1,#1
 580 0262 FFF7FEFF 	 bl XMC_CCU8_SLICE_SetTimerCompareMatch
 581 0266 E368     	 ldr r3,[r4,#12]
 582 0268 B4F8B820 	 ldrh r2,[r4,#184]
 583 026c 1868     	 ldr r0,[r3]
 584 026e 0021     	 movs r1,#0
 585 0270 FFF7FEFF 	 bl XMC_CCU8_SLICE_SetTimerCompareMatch
 586 0274 B4F8C220 	 ldrh r2,[r4,#194]
 587 0278 B4F8BC30 	 ldrh r3,[r4,#188]
 588 027c E168     	 ldr r1,[r4,#12]
 589 027e 1A44     	 add r2,r2,r3
 590 0280 0868     	 ldr r0,[r1]
 591 0282 92B2     	 uxth r2,r2
 592 0284 0121     	 movs r1,#1
 593              	.L62:
 594 0286 FFF7FEFF 	 bl XMC_CCU8_SLICE_SetTimerCompareMatch
 595 028a 2369     	 ldr r3,[r4,#16]
 596 028c B4F8BE20 	 ldrh r2,[r4,#190]
 597 0290 1868     	 ldr r0,[r3]
 598 0292 0021     	 movs r1,#0
 599 0294 FFF7FEFF 	 bl XMC_CCU8_SLICE_SetTimerCompareMatch
 600 0298 B4F8B630 	 ldrh r3,[r4,#182]
 601 029c B4F8AE20 	 ldrh r2,[r4,#174]
 602 02a0 2169     	 ldr r1,[r4,#16]
 603 02a2 9A1A     	 subs r2,r3,r2
 604              	.L60:
 605 02a4 0868     	 ldr r0,[r1]
 606 02a6 92B2     	 uxth r2,r2
 607 02a8 0121     	 movs r1,#1
 608              	.L61:
 609 02aa BDE87040 	 pop {r4,r5,r6,lr}
 610 02ae FFF7FEBF 	 b XMC_CCU8_SLICE_SetTimerCompareMatch
 612              	 .section .text.PWM_SVM_Calc4av7segmentCompVal,"ax",%progbits
 613              	 .align 1
 614              	 .global PWM_SVM_Calc4av7segmentCompVal
 615              	 .thumb
 616              	 .thumb_func
 618              	PWM_SVM_Calc4av7segmentCompVal:
 619              	 
 620              	 
 621 0000 70B5     	 push {r4,r5,r6,lr}
 622 0002 0446     	 mov r4,r0
 623 0004 B0F8C230 	 ldrh r3,[r0,#194]
 624 0008 B4F8B020 	 ldrh r2,[r4,#176]
 625 000c B0F8AE00 	 ldrh r0,[r0,#174]
 626 0010 D4F89C10 	 ldr r1,[r4,#156]
 627 0014 1844     	 add r0,r0,r3
 628 0016 1A44     	 add r2,r2,r3
 629 0018 80B2     	 uxth r0,r0
 630 001a 92B2     	 uxth r2,r2
 631 001c 8518     	 adds r5,r0,r2
 632 001e 4D1B     	 subs r5,r1,r5
 633 0020 ADB2     	 uxth r5,r5
 634 0022 A5EB4303 	 sub r3,r5,r3,lsl#1
 635 0026 9BB2     	 uxth r3,r3
 636 0028 A4F8BC30 	 strh r3,[r4,#188]
 637 002c 9B08     	 lsrs r3,r3,#2
 638 002e A4F8B830 	 strh r3,[r4,#184]
 639 0032 CB1A     	 subs r3,r1,r3
 640 0034 2168     	 ldr r1,[r4]
 641 0036 A4F8BA50 	 strh r5,[r4,#186]
 642 003a 0D7C     	 ldrb r5,[r1,#16]
 643 003c A4F8AE00 	 strh r0,[r4,#174]
 644 0040 9BB2     	 uxth r3,r3
 645 0042 012D     	 cmp r5,#1
 646 0044 A4F8B020 	 strh r2,[r4,#176]
 647 0048 A4F8B630 	 strh r3,[r4,#182]
 648 004c 10D1     	 bne .L66
 649 004e 6169     	 ldr r1,[r4,#20]
 650 0050 00EB5202 	 add r2,r0,r2,lsr#1
 651 0054 9A1A     	 subs r2,r3,r2
 652 0056 A3EB5006 	 sub r6,r3,r0,lsr#1
 653 005a 92B2     	 uxth r2,r2
 654 005c 0868     	 ldr r0,[r1]
 655 005e 0021     	 movs r1,#0
 656 0060 FFF7FEFF 	 bl XMC_CCU8_SLICE_SetTimerCompareMatch
 657 0064 6369     	 ldr r3,[r4,#20]
 658 0066 2946     	 mov r1,r5
 659 0068 1868     	 ldr r0,[r3]
 660 006a B2B2     	 uxth r2,r6
 661 006c FFF7FEFF 	 bl XMC_CCU8_SLICE_SetTimerCompareMatch
 662              	.L66:
 663 0070 D4F8A430 	 ldr r3,[r4,#164]
 664 0074 A168     	 ldr r1,[r4,#8]
 665 0076 03F00703 	 and r3,r3,#7
 666 007a 042B     	 cmp r3,#4
 667 007c 00F2DF80 	 bhi .L67
 668 0080 DFE803F0 	 tbb [pc,r3]
 669              	.L69:
 670 0084 03       	 .byte (.L68-.L69)/2
 671 0085 2A       	 .byte (.L70-.L69)/2
 672 0086 5F       	 .byte (.L71-.L69)/2
 673 0087 82       	 .byte (.L72-.L69)/2
 674 0088 A4       	 .byte (.L73-.L69)/2
 675 0089 00       	 .p2align 1
 676              	.L68:
 677 008a B4F8B830 	 ldrh r3,[r4,#184]
 678 008e B4F8C220 	 ldrh r2,[r4,#194]
 679 0092 0868     	 ldr r0,[r1]
 680 0094 03EB4202 	 add r2,r3,r2,lsl#1
 681 0098 0021     	 movs r1,#0
 682 009a 92B2     	 uxth r2,r2
 683 009c FFF7FEFF 	 bl XMC_CCU8_SLICE_SetTimerCompareMatch
 684 00a0 A368     	 ldr r3,[r4,#8]
 685 00a2 B4F8B620 	 ldrh r2,[r4,#182]
 686 00a6 1868     	 ldr r0,[r3]
 687 00a8 0121     	 movs r1,#1
 688 00aa FFF7FEFF 	 bl XMC_CCU8_SLICE_SetTimerCompareMatch
 689 00ae B4F8B830 	 ldrh r3,[r4,#184]
 690 00b2 B4F8C220 	 ldrh r2,[r4,#194]
 691 00b6 E168     	 ldr r1,[r4,#12]
 692 00b8 1A44     	 add r2,r2,r3
 693 00ba 0868     	 ldr r0,[r1]
 694 00bc 92B2     	 uxth r2,r2
 695 00be 0021     	 movs r1,#0
 696 00c0 FFF7FEFF 	 bl XMC_CCU8_SLICE_SetTimerCompareMatch
 697 00c4 B4F8B630 	 ldrh r3,[r4,#182]
 698 00c8 B4F8AE20 	 ldrh r2,[r4,#174]
 699 00cc E168     	 ldr r1,[r4,#12]
 700 00ce 9A1A     	 subs r2,r3,r2
 701 00d0 0868     	 ldr r0,[r1]
 702 00d2 92B2     	 uxth r2,r2
 703 00d4 0121     	 movs r1,#1
 704 00d6 25E0     	 b .L77
 705              	.L70:
 706 00d8 B4F8B830 	 ldrh r3,[r4,#184]
 707 00dc B4F8C220 	 ldrh r2,[r4,#194]
 708 00e0 0868     	 ldr r0,[r1]
 709 00e2 1A44     	 add r2,r2,r3
 710 00e4 0021     	 movs r1,#0
 711 00e6 92B2     	 uxth r2,r2
 712 00e8 FFF7FEFF 	 bl XMC_CCU8_SLICE_SetTimerCompareMatch
 713 00ec B4F8B630 	 ldrh r3,[r4,#182]
 714 00f0 B4F8AE20 	 ldrh r2,[r4,#174]
 715 00f4 A168     	 ldr r1,[r4,#8]
 716 00f6 9A1A     	 subs r2,r3,r2
 717 00f8 0868     	 ldr r0,[r1]
 718 00fa 92B2     	 uxth r2,r2
 719 00fc 0121     	 movs r1,#1
 720 00fe FFF7FEFF 	 bl XMC_CCU8_SLICE_SetTimerCompareMatch
 721 0102 B4F8B830 	 ldrh r3,[r4,#184]
 722 0106 B4F8C220 	 ldrh r2,[r4,#194]
 723 010a E168     	 ldr r1,[r4,#12]
 724 010c 03EB4202 	 add r2,r3,r2,lsl#1
 725 0110 0868     	 ldr r0,[r1]
 726 0112 92B2     	 uxth r2,r2
 727 0114 0021     	 movs r1,#0
 728 0116 FFF7FEFF 	 bl XMC_CCU8_SLICE_SetTimerCompareMatch
 729 011a E368     	 ldr r3,[r4,#12]
 730 011c B4F8B620 	 ldrh r2,[r4,#182]
 731 0120 1868     	 ldr r0,[r3]
 732 0122 0121     	 movs r1,#1
 733              	.L77:
 734 0124 FFF7FEFF 	 bl XMC_CCU8_SLICE_SetTimerCompareMatch
 735 0128 2369     	 ldr r3,[r4,#16]
 736 012a B4F8B820 	 ldrh r2,[r4,#184]
 737 012e 1868     	 ldr r0,[r3]
 738 0130 0021     	 movs r1,#0
 739 0132 FFF7FEFF 	 bl XMC_CCU8_SLICE_SetTimerCompareMatch
 740 0136 2169     	 ldr r1,[r4,#16]
 741 0138 B4F8BA30 	 ldrh r3,[r4,#186]
 742 013c B4F8B820 	 ldrh r2,[r4,#184]
 743 0140 B1E0     	 b .L74
 744              	.L71:
 745 0142 0868     	 ldr r0,[r1]
 746 0144 B4F8B820 	 ldrh r2,[r4,#184]
 747 0148 0021     	 movs r1,#0
 748 014a FFF7FEFF 	 bl XMC_CCU8_SLICE_SetTimerCompareMatch
 749 014e B4F8BA30 	 ldrh r3,[r4,#186]
 750 0152 B4F8B820 	 ldrh r2,[r4,#184]
 751 0156 A168     	 ldr r1,[r4,#8]
 752 0158 9A1A     	 subs r2,r3,r2
 753 015a 0868     	 ldr r0,[r1]
 754 015c 92B2     	 uxth r2,r2
 755 015e 0121     	 movs r1,#1
 756 0160 FFF7FEFF 	 bl XMC_CCU8_SLICE_SetTimerCompareMatch
 757 0164 B4F8B830 	 ldrh r3,[r4,#184]
 758 0168 B4F8C220 	 ldrh r2,[r4,#194]
 759 016c E168     	 ldr r1,[r4,#12]
 760 016e 03EB4202 	 add r2,r3,r2,lsl#1
 761 0172 0868     	 ldr r0,[r1]
 762 0174 92B2     	 uxth r2,r2
 763 0176 0021     	 movs r1,#0
 764 0178 FFF7FEFF 	 bl XMC_CCU8_SLICE_SetTimerCompareMatch
 765 017c E368     	 ldr r3,[r4,#12]
 766 017e B4F8B620 	 ldrh r2,[r4,#182]
 767 0182 1868     	 ldr r0,[r3]
 768 0184 0121     	 movs r1,#1
 769 0186 7CE0     	 b .L76
 770              	.L72:
 771 0188 0868     	 ldr r0,[r1]
 772 018a B4F8B820 	 ldrh r2,[r4,#184]
 773 018e 0021     	 movs r1,#0
 774 0190 FFF7FEFF 	 bl XMC_CCU8_SLICE_SetTimerCompareMatch
 775 0194 B4F8BA30 	 ldrh r3,[r4,#186]
 776 0198 B4F8B820 	 ldrh r2,[r4,#184]
 777 019c A168     	 ldr r1,[r4,#8]
 778 019e 9A1A     	 subs r2,r3,r2
 779 01a0 0868     	 ldr r0,[r1]
 780 01a2 92B2     	 uxth r2,r2
 781 01a4 0121     	 movs r1,#1
 782 01a6 FFF7FEFF 	 bl XMC_CCU8_SLICE_SetTimerCompareMatch
 783 01aa B4F8B830 	 ldrh r3,[r4,#184]
 784 01ae B4F8C220 	 ldrh r2,[r4,#194]
 785 01b2 E168     	 ldr r1,[r4,#12]
 786 01b4 1A44     	 add r2,r2,r3
 787 01b6 0868     	 ldr r0,[r1]
 788 01b8 92B2     	 uxth r2,r2
 789 01ba 0021     	 movs r1,#0
 790 01bc FFF7FEFF 	 bl XMC_CCU8_SLICE_SetTimerCompareMatch
 791 01c0 E168     	 ldr r1,[r4,#12]
 792 01c2 B4F8B630 	 ldrh r3,[r4,#182]
 793 01c6 B4F8AE20 	 ldrh r2,[r4,#174]
 794 01ca 20E0     	 b .L78
 795              	.L73:
 796 01cc B4F8B830 	 ldrh r3,[r4,#184]
 797 01d0 B4F8C220 	 ldrh r2,[r4,#194]
 798 01d4 0868     	 ldr r0,[r1]
 799 01d6 1A44     	 add r2,r2,r3
 800 01d8 0021     	 movs r1,#0
 801 01da 92B2     	 uxth r2,r2
 802 01dc FFF7FEFF 	 bl XMC_CCU8_SLICE_SetTimerCompareMatch
 803 01e0 B4F8B630 	 ldrh r3,[r4,#182]
 804 01e4 B4F8AE20 	 ldrh r2,[r4,#174]
 805 01e8 A168     	 ldr r1,[r4,#8]
 806 01ea 9A1A     	 subs r2,r3,r2
 807 01ec 0868     	 ldr r0,[r1]
 808 01ee 92B2     	 uxth r2,r2
 809 01f0 0121     	 movs r1,#1
 810 01f2 FFF7FEFF 	 bl XMC_CCU8_SLICE_SetTimerCompareMatch
 811 01f6 E368     	 ldr r3,[r4,#12]
 812 01f8 B4F8B820 	 ldrh r2,[r4,#184]
 813 01fc 1868     	 ldr r0,[r3]
 814 01fe 0021     	 movs r1,#0
 815 0200 FFF7FEFF 	 bl XMC_CCU8_SLICE_SetTimerCompareMatch
 816 0204 E168     	 ldr r1,[r4,#12]
 817 0206 B4F8BA30 	 ldrh r3,[r4,#186]
 818 020a B4F8B820 	 ldrh r2,[r4,#184]
 819              	.L78:
 820 020e 0868     	 ldr r0,[r1]
 821 0210 9A1A     	 subs r2,r3,r2
 822 0212 0121     	 movs r1,#1
 823 0214 92B2     	 uxth r2,r2
 824 0216 FFF7FEFF 	 bl XMC_CCU8_SLICE_SetTimerCompareMatch
 825 021a B4F8B830 	 ldrh r3,[r4,#184]
 826 021e B4F8C220 	 ldrh r2,[r4,#194]
 827 0222 2169     	 ldr r1,[r4,#16]
 828 0224 03EB4202 	 add r2,r3,r2,lsl#1
 829 0228 0868     	 ldr r0,[r1]
 830 022a 92B2     	 uxth r2,r2
 831 022c 0021     	 movs r1,#0
 832 022e FFF7FEFF 	 bl XMC_CCU8_SLICE_SetTimerCompareMatch
 833 0232 2369     	 ldr r3,[r4,#16]
 834 0234 B4F8B620 	 ldrh r2,[r4,#182]
 835 0238 1868     	 ldr r0,[r3]
 836 023a 0121     	 movs r1,#1
 837 023c 37E0     	 b .L75
 838              	.L67:
 839 023e B4F8B830 	 ldrh r3,[r4,#184]
 840 0242 B4F8C220 	 ldrh r2,[r4,#194]
 841 0246 0868     	 ldr r0,[r1]
 842 0248 03EB4202 	 add r2,r3,r2,lsl#1
 843 024c 0021     	 movs r1,#0
 844 024e 92B2     	 uxth r2,r2
 845 0250 FFF7FEFF 	 bl XMC_CCU8_SLICE_SetTimerCompareMatch
 846 0254 A368     	 ldr r3,[r4,#8]
 847 0256 B4F8B620 	 ldrh r2,[r4,#182]
 848 025a 1868     	 ldr r0,[r3]
 849 025c 0121     	 movs r1,#1
 850 025e FFF7FEFF 	 bl XMC_CCU8_SLICE_SetTimerCompareMatch
 851 0262 E368     	 ldr r3,[r4,#12]
 852 0264 B4F8B820 	 ldrh r2,[r4,#184]
 853 0268 1868     	 ldr r0,[r3]
 854 026a 0021     	 movs r1,#0
 855 026c FFF7FEFF 	 bl XMC_CCU8_SLICE_SetTimerCompareMatch
 856 0270 B4F8BA30 	 ldrh r3,[r4,#186]
 857 0274 B4F8B820 	 ldrh r2,[r4,#184]
 858 0278 E168     	 ldr r1,[r4,#12]
 859 027a 9A1A     	 subs r2,r3,r2
 860 027c 0868     	 ldr r0,[r1]
 861 027e 92B2     	 uxth r2,r2
 862 0280 0121     	 movs r1,#1
 863              	.L76:
 864 0282 FFF7FEFF 	 bl XMC_CCU8_SLICE_SetTimerCompareMatch
 865 0286 B4F8B830 	 ldrh r3,[r4,#184]
 866 028a B4F8C220 	 ldrh r2,[r4,#194]
 867 028e 2169     	 ldr r1,[r4,#16]
 868 0290 1A44     	 add r2,r2,r3
 869 0292 0868     	 ldr r0,[r1]
 870 0294 92B2     	 uxth r2,r2
 871 0296 0021     	 movs r1,#0
 872 0298 FFF7FEFF 	 bl XMC_CCU8_SLICE_SetTimerCompareMatch
 873 029c 2169     	 ldr r1,[r4,#16]
 874 029e B4F8B630 	 ldrh r3,[r4,#182]
 875 02a2 B4F8AE20 	 ldrh r2,[r4,#174]
 876              	.L74:
 877 02a6 0868     	 ldr r0,[r1]
 878 02a8 9A1A     	 subs r2,r3,r2
 879 02aa 0121     	 movs r1,#1
 880 02ac 92B2     	 uxth r2,r2
 881              	.L75:
 882 02ae BDE87040 	 pop {r4,r5,r6,lr}
 883 02b2 FFF7FEBF 	 b XMC_CCU8_SLICE_SetTimerCompareMatch
 885              	 .section .text.PWM_SVM_lEnableEvent,"ax",%progbits
 886              	 .align 1
 887              	 .global PWM_SVM_lEnableEvent
 888              	 .thumb
 889              	 .thumb_func
 891              	PWM_SVM_lEnableEvent:
 892              	 
 893              	 
 894              	 
 895 0000 0268     	 ldr r2,[r0]
 896 0002 92F84430 	 ldrb r3,[r2,#68]
 897 0006 012B     	 cmp r3,#1
 898 0008 01BF     	 itttt eq
 899 000a 8368     	 ldreq r3,[r0,#8]
 900 000c 1968     	 ldreq r1,[r3]
 901 000e D1F8A430 	 ldreq r3,[r1,#164]
 902 0012 43F00103 	 orreq r3,r3,#1
 903 0016 08BF     	 it eq
 904 0018 C1F8A430 	 streq r3,[r1,#164]
 905 001c 92F84530 	 ldrb r3,[r2,#69]
 906 0020 012B     	 cmp r3,#1
 907 0022 01BF     	 itttt eq
 908 0024 8368     	 ldreq r3,[r0,#8]
 909 0026 1A68     	 ldreq r2,[r3]
 910 0028 D2F8A430 	 ldreq r3,[r2,#164]
 911 002c 43F48063 	 orreq r3,r3,#1024
 912 0030 08BF     	 it eq
 913 0032 C2F8A430 	 streq r3,[r2,#164]
 914 0036 7047     	 bx lr
 916              	 .section .text.PWM_SVM_InverterDisable,"ax",%progbits
 917              	 .align 1
 918              	 .global PWM_SVM_InverterDisable
 919              	 .thumb
 920              	 .thumb_func
 922              	PWM_SVM_InverterDisable:
 923              	 
 924              	 
 925              	 
 926 0000 0368     	 ldr r3,[r0]
 927 0002 DB7C     	 ldrb r3,[r3,#19]
 928 0004 012B     	 cmp r3,#1
 929 0006 05D1     	 bne .L83
 930 0008 836D     	 ldr r3,[r0,#88]
 931 000a 1A68     	 ldr r2,[r3]
 932 000c 1979     	 ldrb r1,[r3,#4]
 933 000e 4FF48033 	 mov r3,#65536
 934 0012 05E0     	 b .L85
 935              	.L83:
 936 0014 022B     	 cmp r3,#2
 937 0016 05D1     	 bne .L82
 938 0018 836D     	 ldr r3,[r0,#88]
 939 001a 1A68     	 ldr r2,[r3]
 940 001c 1979     	 ldrb r1,[r3,#4]
 941 001e 0123     	 movs r3,#1
 942              	.L85:
 943 0020 8B40     	 lsls r3,r3,r1
 944 0022 5360     	 str r3,[r2,#4]
 945              	.L82:
 946 0024 7047     	 bx lr
 948              	 .section .text.PWM_SVM_InverterEnable,"ax",%progbits
 949              	 .align 1
 950              	 .global PWM_SVM_InverterEnable
 951              	 .thumb
 952              	 .thumb_func
 954              	PWM_SVM_InverterEnable:
 955              	 
 956              	 
 957              	 
 958 0000 0368     	 ldr r3,[r0]
 959 0002 DB7C     	 ldrb r3,[r3,#19]
 960 0004 012B     	 cmp r3,#1
 961 0006 05D1     	 bne .L87
 962 0008 826D     	 ldr r2,[r0,#88]
 963 000a 1168     	 ldr r1,[r2]
 964 000c 1279     	 ldrb r2,[r2,#4]
 965 000e 9340     	 lsls r3,r3,r2
 966 0010 4B60     	 str r3,[r1,#4]
 967 0012 7047     	 bx lr
 968              	.L87:
 969 0014 022B     	 cmp r3,#2
 970 0016 01BF     	 itttt eq
 971 0018 836D     	 ldreq r3,[r0,#88]
 972 001a 1979     	 ldrbeq r1,[r3,#4]
 973 001c 1A68     	 ldreq r2,[r3]
 974 001e 4FF48033 	 moveq r3,#65536
 975 0022 04BF     	 itt eq
 976 0024 8B40     	 lsleq r3,r3,r1
 977 0026 5360     	 streq r3,[r2,#4]
 978 0028 7047     	 bx lr
 980              	 .section .ram_code
 981              	 .align 1
 982              	 .global PWM_SVM_TimecalcUsingLUT
 983              	 .thumb
 984              	 .thumb_func
 986              	PWM_SVM_TimecalcUsingLUT:
 987              	 
 988              	 
 989 00ee 0623     	 movs r3,#6
 990 00f0 C2F38932 	 ubfx r2,r2,#14,#10
 991 00f4 5A43     	 muls r2,r3,r2
 992 00f6 F0B5     	 push {r4,r5,r6,r7,lr}
 993 00f8 C2F30906 	 ubfx r6,r2,#0,#10
 994 00fc C6F57F73 	 rsb r3,r6,#1020
 995 0100 920A     	 lsrs r2,r2,#10
 996 0102 204F     	 ldr r7,.L91
 997 0104 C0F8A420 	 str r2,[r0,#164]
 998 0108 0333     	 adds r3,r3,#3
 999 010a B0F8C620 	 ldrh r2,[r0,#198]
 1000 010e 37F81350 	 ldrh r5,[r7,r3,lsl#1]
 1001 0112 0368     	 ldr r3,[r0]
 1002 0114 C0F8A860 	 str r6,[r0,#168]
 1003 0118 9142     	 cmp r1,r2
 1004 011a 28BF     	 it cs
 1005 011c 1146     	 movcs r1,r2
 1006 011e 37F81660 	 ldrh r6,[r7,r6,lsl#1]
 1007 0122 B3F84220 	 ldrh r2,[r3,#66]
 1008 0126 05FB01F3 	 mul r3,r5,r1
 1009 012a C3F3CF33 	 ubfx r3,r3,#15,#16
 1010 012e 5343     	 muls r3,r2,r3
 1011 0130 7143     	 muls r1,r6,r1
 1012 0132 C3F38F24 	 ubfx r4,r3,#10,#16
 1013 0136 C1F3CF33 	 ubfx r3,r1,#15,#16
 1014 013a 5A43     	 muls r2,r3,r2
 1015 013c C2F38F23 	 ubfx r3,r2,#10,#16
 1016 0140 D0F89C20 	 ldr r2,[r0,#156]
 1017 0144 A0F8AE30 	 strh r3,[r0,#174]
 1018 0148 2344     	 add r3,r3,r4
 1019 014a 9BB2     	 uxth r3,r3
 1020 014c 91B2     	 uxth r1,r2
 1021 014e A0F8B040 	 strh r4,[r0,#176]
 1022 0152 9342     	 cmp r3,r2
 1023 0154 A1EB0304 	 sub r4,r1,r3
 1024 0158 A0F8AC40 	 strh r4,[r0,#172]
 1025 015c 11D9     	 bls .L89
 1026 015e B0F8C830 	 ldrh r3,[r0,#200]
 1027 0162 012B     	 cmp r3,#1
 1028 0164 0DD1     	 bne .L89
 1029 0166 02FB06F3 	 mul r3,r2,r6
 1030 016a 7219     	 adds r2,r6,r5
 1031 016c B3FBF2F2 	 udiv r2,r3,r2
 1032 0170 92B2     	 uxth r2,r2
 1033 0172 0023     	 movs r3,#0
 1034 0174 A0F8AE20 	 strh r2,[r0,#174]
 1035 0178 8A1A     	 subs r2,r1,r2
 1036 017a A0F8AC30 	 strh r3,[r0,#172]
 1037 017e A0F8B020 	 strh r2,[r0,#176]
 1038              	.L89:
 1039 0182 F0BD     	 pop {r4,r5,r6,r7,pc}
 1040              	.L92:
 1041              	 .align 2
 1042              	.L91:
 1043 0184 00000000 	 .word Sinus60_tab
 1045              	 .section .text.PWM_SVM_GetAppVersion,"ax",%progbits
 1046              	 .align 1
 1047              	 .global PWM_SVM_GetAppVersion
 1048              	 .thumb
 1049              	 .thumb_func
 1051              	PWM_SVM_GetAppVersion:
 1052              	 
 1053              	 
 1054              	 
 1055 0000 0023     	 movs r3,#0
 1056 0002 1846     	 mov r0,r3
 1057 0004 0422     	 movs r2,#4
 1058 0006 62F30700 	 bfi r0,r2,#0,#8
 1059 000a 63F30F20 	 bfi r0,r3,#8,#8
 1060 000e 1623     	 movs r3,#22
 1061 0010 63F31740 	 bfi r0,r3,#16,#8
 1062 0014 82B0     	 sub sp,sp,#8
 1063 0016 02B0     	 add sp,sp,#8
 1064              	 
 1065 0018 7047     	 bx lr
 1067              	 .section .text.PWM_SVM_Init,"ax",%progbits
 1068              	 .align 1
 1069              	 .global PWM_SVM_Init
 1070              	 .thumb
 1071              	 .thumb_func
 1073              	PWM_SVM_Init:
 1074              	 
 1075              	 
 1076 0000 90F89030 	 ldrb r3,[r0,#144]
 1077 0004 2DE9F047 	 push {r4,r5,r6,r7,r8,r9,r10,lr}
 1078 0008 0446     	 mov r4,r0
 1079 000a 0668     	 ldr r6,[r0]
 1080 000c 002B     	 cmp r3,#0
 1081 000e 40F09D80 	 bne .L101
 1082 0012 806E     	 ldr r0,[r0,#104]
 1083 0014 FFF7FEFF 	 bl GLOBAL_CCU8_Init
 1084 0018 04F11C05 	 add r5,r4,#28
 1085 001c 0746     	 mov r7,r0
 1086 001e 04F13408 	 add r8,r4,#52
 1087              	.L96:
 1088 0022 55F8043F 	 ldr r3,[r5,#4]!
 1089 0026 1868     	 ldr r0,[r3]
 1090 0028 1979     	 ldrb r1,[r3,#4]
 1091 002a AA69     	 ldr r2,[r5,#24]
 1092 002c FFF7FEFF 	 bl XMC_GPIO_Init
 1093 0030 4545     	 cmp r5,r8
 1094 0032 F6D1     	 bne .L96
 1095 0034 96F84730 	 ldrb r3,[r6,#71]
 1096 0038 012B     	 cmp r3,#1
 1097 003a 0CD1     	 bne .L97
 1098 003c 236D     	 ldr r3,[r4,#80]
 1099 003e 626D     	 ldr r2,[r4,#84]
 1100 0040 1868     	 ldr r0,[r3]
 1101 0042 1979     	 ldrb r1,[r3,#4]
 1102 0044 FFF7FEFF 	 bl XMC_GPIO_Init
 1103 0048 236D     	 ldr r3,[r4,#80]
 1104 004a 2268     	 ldr r2,[r4]
 1105 004c 1868     	 ldr r0,[r3]
 1106 004e 1979     	 ldrb r1,[r3,#4]
 1107 0050 927C     	 ldrb r2,[r2,#18]
 1108 0052 FFF7FEFF 	 bl XMC_GPIO_SetHardwareControl
 1109              	.L97:
 1110 0056 F37C     	 ldrb r3,[r6,#19]
 1111 0058 2BB1     	 cbz r3,.L98
 1112 005a A36D     	 ldr r3,[r4,#88]
 1113 005c E26D     	 ldr r2,[r4,#92]
 1114 005e 1868     	 ldr r0,[r3]
 1115 0060 1979     	 ldrb r1,[r3,#4]
 1116 0062 FFF7FEFF 	 bl XMC_GPIO_Init
 1117              	.L98:
 1118 0066 2046     	 mov r0,r4
 1119 0068 FFF7FEFF 	 bl PWM_SVM_InverterDisable
 1120 006c 04F10805 	 add r5,r4,#8
 1121 0070 06F12409 	 add r9,r6,#36
 1122 0074 4FF00008 	 mov r8,#0
 1123              	.L100:
 1124 0078 2B68     	 ldr r3,[r5]
 1125 007a A169     	 ldr r1,[r4,#24]
 1126 007c 1868     	 ldr r0,[r3]
 1127 007e FFF7FEFF 	 bl XMC_CCU8_SLICE_CompareInit
 1128 0082 2B68     	 ldr r3,[r5]
 1129 0084 E16E     	 ldr r1,[r4,#108]
 1130 0086 1868     	 ldr r0,[r3]
 1131 0088 FFF7FEFF 	 bl XMC_CCU8_SLICE_DeadTimeInit
 1132 008c 2B68     	 ldr r3,[r5]
 1133 008e 626E     	 ldr r2,[r4,#100]
 1134 0090 1868     	 ldr r0,[r3]
 1135 0092 0121     	 movs r1,#1
 1136 0094 FFF7FEFF 	 bl XMC_CCU8_SLICE_ConfigureEvent
 1137 0098 96F84730 	 ldrb r3,[r6,#71]
 1138 009c 012B     	 cmp r3,#1
 1139 009e 0FD1     	 bne .L99
 1140 00a0 2B68     	 ldr r3,[r5]
 1141 00a2 226E     	 ldr r2,[r4,#96]
 1142 00a4 1868     	 ldr r0,[r3]
 1143 00a6 0321     	 movs r1,#3
 1144 00a8 FFF7FEFF 	 bl XMC_CCU8_SLICE_ConfigureEvent
 1145 00ac 96F84820 	 ldrb r2,[r6,#72]
 1146 00b0 2B68     	 ldr r3,[r5]
 1147 00b2 717C     	 ldrb r1,[r6,#17]
 1148 00b4 1868     	 ldr r0,[r3]
 1149 00b6 0032     	 adds r2,r2,#0
 1150 00b8 18BF     	 it ne
 1151 00ba 0122     	 movne r2,#1
 1152 00bc FFF7FEFF 	 bl XMC_CCU8_SLICE_TrapConfig
 1153              	.L99:
 1154 00c0 2B68     	 ldr r3,[r5]
 1155 00c2 B4F89C10 	 ldrh r1,[r4,#156]
 1156 00c6 1868     	 ldr r0,[r3]
 1157 00c8 FFF7FEFF 	 bl XMC_CCU8_SLICE_SetTimerPeriodMatch
 1158 00cc 2B68     	 ldr r3,[r5]
 1159 00ce 0021     	 movs r1,#0
 1160 00d0 1868     	 ldr r0,[r3]
 1161 00d2 0A46     	 mov r2,r1
 1162 00d4 FFF7FEFF 	 bl XMC_CCU8_SLICE_SetTimerCompareMatch
 1163 00d8 2B68     	 ldr r3,[r5]
 1164 00da 0121     	 movs r1,#1
 1165 00dc 1868     	 ldr r0,[r3]
 1166 00de 0022     	 movs r2,#0
 1167 00e0 FFF7FEFF 	 bl XMC_CCU8_SLICE_SetTimerCompareMatch
 1168 00e4 2368     	 ldr r3,[r4]
 1169 00e6 2A68     	 ldr r2,[r5]
 1170 00e8 4344     	 add r3,r3,r8
 1171 00ea 1068     	 ldr r0,[r2]
 1172 00ec 197B     	 ldrb r1,[r3,#12]
 1173 00ee FFF7FEFF 	 bl XMC_CCU8_SLICE_ConfigureStatusBitOutput
 1174 00f2 55F8041B 	 ldr r1,[r5],#4
 1175 00f6 59F8043F 	 ldr r3,[r9,#4]!
 1176 00fa 0A68     	 ldr r2,[r1]
 1177 00fc D2F8A800 	 ldr r0,[r2,#168]
 1178 0100 0343     	 orrs r3,r3,r0
 1179 0102 C2F8A830 	 str r3,[r2,#168]
 1180 0106 6268     	 ldr r2,[r4,#4]
 1181 0108 0979     	 ldrb r1,[r1,#4]
 1182 010a D368     	 ldr r3,[r2,#12]
 1183 010c 4FF0010A 	 mov r10,#1
 1184 0110 0AFA01F1 	 lsl r1,r10,r1
 1185 0114 D044     	 add r8,r8,r10
 1186 0116 0B43     	 orrs r3,r3,r1
 1187 0118 B8F1030F 	 cmp r8,#3
 1188 011c D360     	 str r3,[r2,#12]
 1189 011e ABD1     	 bne .L100
 1190 0120 2046     	 mov r0,r4
 1191 0122 FFF7FEFF 	 bl PWM_SVM_lEnableEvent
 1192 0126 6368     	 ldr r3,[r4,#4]
 1193 0128 726A     	 ldr r2,[r6,#36]
 1194 012a 1A61     	 str r2,[r3,#16]
 1195 012c E36E     	 ldr r3,[r4,#108]
 1196 012e 1A79     	 ldrb r2,[r3,#4]
 1197 0130 C4F89420 	 str r2,[r4,#148]
 1198 0134 5A79     	 ldrb r2,[r3,#5]
 1199 0136 1B78     	 ldrb r3,[r3]
 1200 0138 C4F89820 	 str r2,[r4,#152]
 1201 013c C3F38113 	 ubfx r3,r3,#6,#2
 1202 0140 5745     	 cmp r7,r10
 1203 0142 84F89130 	 strb r3,[r4,#145]
 1204 0146 02D0     	 beq .L95
 1205 0148 84F890A0 	 strb r10,[r4,#144]
 1206              	.L101:
 1207 014c 0027     	 movs r7,#0
 1208              	.L95:
 1209 014e 3846     	 mov r0,r7
 1210 0150 BDE8F087 	 pop {r4,r5,r6,r7,r8,r9,r10,pc}
 1212              	 .section .text.PWM_SVM_Start,"ax",%progbits
 1213              	 .align 1
 1214              	 .global PWM_SVM_Start
 1215              	 .thumb
 1216              	 .thumb_func
 1218              	PWM_SVM_Start:
 1219              	 
 1220              	 
 1221 0000 F8B5     	 push {r3,r4,r5,r6,r7,lr}
 1222 0002 90F89030 	 ldrb r3,[r0,#144]
 1223 0006 0568     	 ldr r5,[r0]
 1224 0008 03F0FD03 	 and r3,r3,#253
 1225 000c 012B     	 cmp r3,#1
 1226 000e 0446     	 mov r4,r0
 1227 0010 40F09A80 	 bne .L110
 1228 0014 0023     	 movs r3,#0
 1229 0016 A0F8AE30 	 strh r3,[r0,#174]
 1230 001a A0F8B030 	 strh r3,[r0,#176]
 1231 001e A0F8B230 	 strh r3,[r0,#178]
 1232 0022 A0F8B430 	 strh r3,[r0,#180]
 1233 0026 A0F8B630 	 strh r3,[r0,#182]
 1234 002a A0F8B830 	 strh r3,[r0,#184]
 1235 002e A0F8BA30 	 strh r3,[r0,#186]
 1236 0032 A0F8BC30 	 strh r3,[r0,#188]
 1237 0036 C0F8A430 	 str r3,[r0,#164]
 1238 003a A0F8C030 	 strh r3,[r0,#192]
 1239 003e FFF7FEFF 	 bl PWM_SVM_InverterEnable
 1240 0042 04F10806 	 add r6,r4,#8
 1241 0046 04F11407 	 add r7,r4,#20
 1242              	.L113:
 1243 004a 95F84730 	 ldrb r3,[r5,#71]
 1244 004e 012B     	 cmp r3,#1
 1245 0050 0DD1     	 bne .L112
 1246 0052 3368     	 ldr r3,[r6]
 1247 0054 1B68     	 ldr r3,[r3]
 1248 0056 D3F8B020 	 ldr r2,[r3,#176]
 1249 005a 42F48062 	 orr r2,r2,#1024
 1250 005e C3F8B020 	 str r2,[r3,#176]
 1251 0062 D3F8B020 	 ldr r2,[r3,#176]
 1252 0066 42F40062 	 orr r2,r2,#2048
 1253 006a C3F8B020 	 str r2,[r3,#176]
 1254              	.L112:
 1255 006e 56F8043B 	 ldr r3,[r6],#4
 1256 0072 0121     	 movs r1,#1
 1257 0074 1868     	 ldr r0,[r3]
 1258 0076 0A46     	 mov r2,r1
 1259 0078 FFF7FEFF 	 bl XMC_CCU8_SLICE_StartConfig
 1260 007c BE42     	 cmp r6,r7
 1261 007e E4D1     	 bne .L113
 1262 0080 95F84730 	 ldrb r3,[r5,#71]
 1263 0084 012B     	 cmp r3,#1
 1264 0086 1AD1     	 bne .L114
 1265 0088 A368     	 ldr r3,[r4,#8]
 1266 008a 1968     	 ldr r1,[r3]
 1267 008c 2B7D     	 ldrb r3,[r5,#20]
 1268 008e 4A69     	 ldr r2,[r1,#20]
 1269 0090 43EA4303 	 orr r3,r3,r3,lsl#1
 1270 0094 42EA4343 	 orr r3,r2,r3,lsl#17
 1271 0098 4B61     	 str r3,[r1,#20]
 1272 009a E368     	 ldr r3,[r4,#12]
 1273 009c 1968     	 ldr r1,[r3]
 1274 009e 6B7D     	 ldrb r3,[r5,#21]
 1275 00a0 4A69     	 ldr r2,[r1,#20]
 1276 00a2 43EA4303 	 orr r3,r3,r3,lsl#1
 1277 00a6 42EA4343 	 orr r3,r2,r3,lsl#17
 1278 00aa 4B61     	 str r3,[r1,#20]
 1279 00ac 2369     	 ldr r3,[r4,#16]
 1280 00ae 1968     	 ldr r1,[r3]
 1281 00b0 AB7D     	 ldrb r3,[r5,#22]
 1282 00b2 4A69     	 ldr r2,[r1,#20]
 1283 00b4 43EA4303 	 orr r3,r3,r3,lsl#1
 1284 00b8 42EA4343 	 orr r3,r2,r3,lsl#17
 1285 00bc 4B61     	 str r3,[r1,#20]
 1286              	.L114:
 1287 00be 2B7C     	 ldrb r3,[r5,#16]
 1288 00c0 DBB1     	 cbz r3,.L115
 1289 00c2 6369     	 ldr r3,[r4,#20]
 1290 00c4 0121     	 movs r1,#1
 1291 00c6 1868     	 ldr r0,[r3]
 1292 00c8 0A46     	 mov r2,r1
 1293 00ca FFF7FEFF 	 bl XMC_CCU8_SLICE_StartConfig
 1294 00ce 2B7C     	 ldrb r3,[r5,#16]
 1295 00d0 B5F84020 	 ldrh r2,[r5,#64]
 1296 00d4 E068     	 ldr r0,[r4,#12]
 1297 00d6 2169     	 ldr r1,[r4,#16]
 1298 00d8 012B     	 cmp r3,#1
 1299 00da A368     	 ldr r3,[r4,#8]
 1300 00dc 1E68     	 ldr r6,[r3]
 1301 00de 0BBF     	 itete eq
 1302 00e0 B4F8C230 	 ldrheq r3,[r4,#194]
 1303 00e4 94F89430 	 ldrbne r3,[r4,#148]
 1304 00e8 02EB5303 	 addeq r3,r2,r3,lsr#1
 1305 00ec 9B18     	 addne r3,r3,r2
 1306 00ee 0268     	 ldr r2,[r0]
 1307 00f0 9BB2     	 uxth r3,r3
 1308 00f2 3367     	 str r3,[r6,#112]
 1309 00f4 1367     	 str r3,[r2,#112]
 1310 00f6 0A68     	 ldr r2,[r1]
 1311 00f8 1367     	 str r3,[r2,#112]
 1312              	.L115:
 1313 00fa 144E     	 ldr r6,.L126
 1314 00fc 2B6A     	 ldr r3,[r5,#32]
 1315 00fe F26C     	 ldr r2,[r6,#76]
 1316 0100 1343     	 orrs r3,r3,r2
 1317 0102 F364     	 str r3,[r6,#76]
 1318 0104 A368     	 ldr r3,[r4,#8]
 1319 0106 0021     	 movs r1,#0
 1320 0108 1868     	 ldr r0,[r3]
 1321 010a 0122     	 movs r2,#1
 1322 010c FFF7FEFF 	 bl XMC_CCU8_SLICE_StartConfig
 1323 0110 E368     	 ldr r3,[r4,#12]
 1324 0112 0021     	 movs r1,#0
 1325 0114 1868     	 ldr r0,[r3]
 1326 0116 0122     	 movs r2,#1
 1327 0118 FFF7FEFF 	 bl XMC_CCU8_SLICE_StartConfig
 1328 011c 2369     	 ldr r3,[r4,#16]
 1329 011e 0021     	 movs r1,#0
 1330 0120 1868     	 ldr r0,[r3]
 1331 0122 0122     	 movs r2,#1
 1332 0124 FFF7FEFF 	 bl XMC_CCU8_SLICE_StartConfig
 1333 0128 2B7C     	 ldrb r3,[r5,#16]
 1334 012a 2BB1     	 cbz r3,.L117
 1335 012c 6369     	 ldr r3,[r4,#20]
 1336 012e 0021     	 movs r1,#0
 1337 0130 1868     	 ldr r0,[r3]
 1338 0132 0122     	 movs r2,#1
 1339 0134 FFF7FEFF 	 bl XMC_CCU8_SLICE_StartConfig
 1340              	.L117:
 1341 0138 F36C     	 ldr r3,[r6,#76]
 1342 013a 2A6A     	 ldr r2,[r5,#32]
 1343 013c 23EA0203 	 bic r3,r3,r2
 1344 0140 F364     	 str r3,[r6,#76]
 1345 0142 0223     	 movs r3,#2
 1346 0144 84F89030 	 strb r3,[r4,#144]
 1347              	.L110:
 1348 0148 F8BD     	 pop {r3,r4,r5,r6,r7,pc}
 1349              	.L127:
 1350 014a 00BF     	 .align 2
 1351              	.L126:
 1352 014c 00400050 	 .word 1342193664
 1354              	 .section .text.PWM_SVM_Stop,"ax",%progbits
 1355              	 .align 1
 1356              	 .global PWM_SVM_Stop
 1357              	 .thumb
 1358              	 .thumb_func
 1360              	PWM_SVM_Stop:
 1361              	 
 1362              	 
 1363 0000 F8B5     	 push {r3,r4,r5,r6,r7,lr}
 1364 0002 0568     	 ldr r5,[r0]
 1365 0004 0446     	 mov r4,r0
 1366 0006 FFF7FEFF 	 bl PWM_SVM_InverterDisable
 1367 000a 95F84730 	 ldrb r3,[r5,#71]
 1368 000e A668     	 ldr r6,[r4,#8]
 1369 0010 012B     	 cmp r3,#1
 1370 0012 2BD1     	 bne .L129
 1371 0014 3168     	 ldr r1,[r6]
 1372 0016 2B7D     	 ldrb r3,[r5,#20]
 1373 0018 4A69     	 ldr r2,[r1,#20]
 1374 001a 43EA4303 	 orr r3,r3,r3,lsl#1
 1375 001e 22EA4343 	 bic r3,r2,r3,lsl#17
 1376 0022 4B61     	 str r3,[r1,#20]
 1377 0024 E368     	 ldr r3,[r4,#12]
 1378 0026 1A68     	 ldr r2,[r3]
 1379 0028 6B7D     	 ldrb r3,[r5,#21]
 1380 002a 5069     	 ldr r0,[r2,#20]
 1381 002c 43EA4303 	 orr r3,r3,r3,lsl#1
 1382 0030 20EA4343 	 bic r3,r0,r3,lsl#17
 1383 0034 5361     	 str r3,[r2,#20]
 1384 0036 2369     	 ldr r3,[r4,#16]
 1385 0038 A87D     	 ldrb r0,[r5,#22]
 1386 003a 1B68     	 ldr r3,[r3]
 1387 003c 5F69     	 ldr r7,[r3,#20]
 1388 003e 40EA4000 	 orr r0,r0,r0,lsl#1
 1389 0042 27EA4040 	 bic r0,r7,r0,lsl#17
 1390 0046 5861     	 str r0,[r3,#20]
 1391 0048 D1F8B000 	 ldr r0,[r1,#176]
 1392 004c 40F40060 	 orr r0,r0,#2048
 1393 0050 C1F8B000 	 str r0,[r1,#176]
 1394 0054 D2F8B010 	 ldr r1,[r2,#176]
 1395 0058 41F40061 	 orr r1,r1,#2048
 1396 005c C2F8B010 	 str r1,[r2,#176]
 1397 0060 D3F8B020 	 ldr r2,[r3,#176]
 1398 0064 42F40062 	 orr r2,r2,#2048
 1399 0068 C3F8B020 	 str r2,[r3,#176]
 1400              	.L129:
 1401 006c 3268     	 ldr r2,[r6]
 1402 006e 0123     	 movs r3,#1
 1403 0070 1361     	 str r3,[r2,#16]
 1404 0072 E268     	 ldr r2,[r4,#12]
 1405 0074 1268     	 ldr r2,[r2]
 1406 0076 1361     	 str r3,[r2,#16]
 1407 0078 2269     	 ldr r2,[r4,#16]
 1408 007a 1268     	 ldr r2,[r2]
 1409 007c 1361     	 str r3,[r2,#16]
 1410 007e 2A7C     	 ldrb r2,[r5,#16]
 1411 0080 12B1     	 cbz r2,.L130
 1412 0082 6269     	 ldr r2,[r4,#20]
 1413 0084 1268     	 ldr r2,[r2]
 1414 0086 1361     	 str r3,[r2,#16]
 1415              	.L130:
 1416 0088 044A     	 ldr r2,.L134
 1417 008a 296A     	 ldr r1,[r5,#32]
 1418 008c D36C     	 ldr r3,[r2,#76]
 1419 008e 23EA0103 	 bic r3,r3,r1
 1420 0092 D364     	 str r3,[r2,#76]
 1421 0094 0323     	 movs r3,#3
 1422 0096 84F89030 	 strb r3,[r4,#144]
 1423 009a F8BD     	 pop {r3,r4,r5,r6,r7,pc}
 1424              	.L135:
 1425              	 .align 2
 1426              	.L134:
 1427 009c 00400050 	 .word 1342193664
 1429              	 .section .ram_code
 1430              	 .align 1
 1431              	 .global PWM_SVM_SVMUpdate
 1432              	 .thumb
 1433              	 .thumb_func
 1435              	PWM_SVM_SVMUpdate:
 1436              	 
 1437              	 
 1438 0188 38B5     	 push {r3,r4,r5,lr}
 1439 018a 0446     	 mov r4,r0
 1440 018c D0F88C30 	 ldr r3,[r0,#140]
 1441 0190 0568     	 ldr r5,[r0]
 1442 0192 9847     	 blx r3
 1443 0194 D4F88830 	 ldr r3,[r4,#136]
 1444 0198 2046     	 mov r0,r4
 1445 019a 9847     	 blx r3
 1446 019c 6268     	 ldr r2,[r4,#4]
 1447 019e 6B6A     	 ldr r3,[r5,#36]
 1448 01a0 1169     	 ldr r1,[r2,#16]
 1449 01a2 0B43     	 orrs r3,r3,r1
 1450 01a4 1361     	 str r3,[r2,#16]
 1451 01a6 38BD     	 pop {r3,r4,r5,pc}
 1453              	 .section .text.PWM_SVM_SetPWMFrequency,"ax",%progbits
 1454              	 .align 1
 1455              	 .global PWM_SVM_SetPWMFrequency
 1456              	 .thumb
 1457              	 .thumb_func
 1459              	PWM_SVM_SetPWMFrequency:
 1460              	 
 1461              	 
 1462 0000 90F89030 	 ldrb r3,[r0,#144]
 1463 0004 03F0FD03 	 and r3,r3,#253
 1464 0008 012B     	 cmp r3,#1
 1465 000a 2DE9F047 	 push {r4,r5,r6,r7,r8,r9,r10,lr}
 1466 000e 0446     	 mov r4,r0
 1467 0010 0768     	 ldr r7,[r0]
 1468 0012 41D1     	 bne .L145
 1469 0014 FB6B     	 ldr r3,[r7,#60]
 1470 0016 9942     	 cmp r1,r3
 1471 0018 41D9     	 bls .L147
 1472 001a BB6B     	 ldr r3,[r7,#56]
 1473 001c 9942     	 cmp r1,r3
 1474 001e 3ED8     	 bhi .L147
 1475 0020 FB69     	 ldr r3,[r7,#28]
 1476 0022 B3FBF1F1 	 udiv r1,r3,r1
 1477 0026 8369     	 ldr r3,[r0,#24]
 1478 0028 1B78     	 ldrb r3,[r3]
 1479 002a DB07     	 lsls r3,r3,#31
 1480 002c 90F89230 	 ldrb r3,[r0,#146]
 1481 0030 48BF     	 it mi
 1482 0032 4908     	 lsrmi r1,r1,#1
 1483 0034 042B     	 cmp r3,#4
 1484 0036 01F1FF38 	 add r8,r1,#-1
 1485 003a 04D1     	 bne .L141
 1486 003c B0F8C450 	 ldrh r5,[r0,#196]
 1487 0040 05EB4505 	 add r5,r5,r5,lsl#1
 1488 0044 04E0     	 b .L154
 1489              	.L141:
 1490 0046 052B     	 cmp r3,#5
 1491 0048 05D1     	 bne .L148
 1492 004a B0F8C450 	 ldrh r5,[r0,#196]
 1493 004e AD00     	 lsls r5,r5,#2
 1494              	.L154:
 1495 0050 C5F58045 	 rsb r5,r5,#16384
 1496 0054 01E0     	 b .L142
 1497              	.L148:
 1498 0056 4FF48045 	 mov r5,#16384
 1499              	.L142:
 1500 005a 261D     	 adds r6,r4,#4
 1501 005c 04F1100A 	 add r10,r4,#16
 1502              	.L143:
 1503 0060 56F8043F 	 ldr r3,[r6,#4]!
 1504 0064 1FFA88F9 	 uxth r9,r8
 1505 0068 1868     	 ldr r0,[r3]
 1506 006a 4946     	 mov r1,r9
 1507 006c FFF7FEFF 	 bl XMC_CCU8_SLICE_SetTimerPeriodMatch
 1508 0070 5645     	 cmp r6,r10
 1509 0072 F5D1     	 bne .L143
 1510 0074 2368     	 ldr r3,[r4]
 1511 0076 1B7C     	 ldrb r3,[r3,#16]
 1512 0078 23B1     	 cbz r3,.L144
 1513 007a 6369     	 ldr r3,[r4,#20]
 1514 007c 4946     	 mov r1,r9
 1515 007e 1868     	 ldr r0,[r3]
 1516 0080 FFF7FEFF 	 bl XMC_CCU8_SLICE_SetTimerPeriodMatch
 1517              	.L144:
 1518 0084 6368     	 ldr r3,[r4,#4]
 1519 0086 7A6A     	 ldr r2,[r7,#36]
 1520 0088 1A61     	 str r2,[r3,#16]
 1521 008a 0020     	 movs r0,#0
 1522 008c C4F89C80 	 str r8,[r4,#156]
 1523 0090 A4F8C650 	 strh r5,[r4,#198]
 1524 0094 BDE8F087 	 pop {r4,r5,r6,r7,r8,r9,r10,pc}
 1525              	.L145:
 1526 0098 0120     	 movs r0,#1
 1527 009a BDE8F087 	 pop {r4,r5,r6,r7,r8,r9,r10,pc}
 1528              	.L147:
 1529 009e 0220     	 movs r0,#2
 1530 00a0 BDE8F087 	 pop {r4,r5,r6,r7,r8,r9,r10,pc}
 1532              	 .section .text.PWM_SVM_GetPWMFrequency,"ax",%progbits
 1533              	 .align 1
 1534              	 .global PWM_SVM_GetPWMFrequency
 1535              	 .thumb
 1536              	 .thumb_func
 1538              	PWM_SVM_GetPWMFrequency:
 1539              	 
 1540              	 
 1541              	 
 1542 0000 8369     	 ldr r3,[r0,#24]
 1543 0002 0268     	 ldr r2,[r0]
 1544 0004 1B78     	 ldrb r3,[r3]
 1545 0006 13F0010F 	 tst r3,#1
 1546 000a D0F89C30 	 ldr r3,[r0,#156]
 1547 000e D069     	 ldr r0,[r2,#28]
 1548 0010 03F10103 	 add r3,r3,#1
 1549 0014 18BF     	 it ne
 1550 0016 5B00     	 lslne r3,r3,#1
 1551 0018 B0FBF3F0 	 udiv r0,r0,r3
 1552 001c 7047     	 bx lr
 1554              	 .section .text.PWM_SVM_SetDeadTime,"ax",%progbits
 1555              	 .align 1
 1556              	 .global PWM_SVM_SetDeadTime
 1557              	 .thumb
 1558              	 .thumb_func
 1560              	PWM_SVM_SetDeadTime:
 1561              	 
 1562              	 
 1563 0000 F8B5     	 push {r3,r4,r5,r6,r7,lr}
 1564 0002 9142     	 cmp r1,r2
 1565 0004 0368     	 ldr r3,[r0]
 1566 0006 90F89150 	 ldrb r5,[r0,#145]
 1567 000a DF69     	 ldr r7,[r3,#28]
 1568 000c 0E46     	 mov r6,r1
 1569 000e 38BF     	 it cc
 1570 0010 1646     	 movcc r6,r2
 1571 0012 0446     	 mov r4,r0
 1572 0014 41F25533 	 movw r3,#4949
 1573 0018 A6F13300 	 sub r0,r6,#51
 1574 001c 9842     	 cmp r0,r3
 1575 001e 3DD8     	 bhi .L169
 1576              	.L172:
 1577 0020 27FA05F0 	 lsr r0,r7,r5
 1578 0024 4FF47A73 	 mov r3,#1000
 1579 0028 DFF874E0 	 ldr lr,.L174
 1580 002c B0FBF3F3 	 udiv r3,r0,r3
 1581 0030 06FB03F0 	 mul r0,r6,r3
 1582 0034 B0FBFEF0 	 udiv r0,r0,lr
 1583 0038 FF28     	 cmp r0,#255
 1584 003a 0AD8     	 bhi .L162
 1585              	.L166:
 1586 003c 9142     	 cmp r1,r2
 1587 003e 184E     	 ldr r6,.L174
 1588 0040 0CD9     	 bls .L173
 1589 0042 5A43     	 muls r2,r3,r2
 1590 0044 C4F89400 	 str r0,[r4,#148]
 1591 0048 B2FBF6F3 	 udiv r3,r2,r6
 1592 004c C4F89830 	 str r3,[r4,#152]
 1593 0050 0BE0     	 b .L167
 1594              	.L162:
 1595 0052 032D     	 cmp r5,#3
 1596 0054 F2D8     	 bhi .L166
 1597 0056 0135     	 adds r5,r5,#1
 1598 0058 EDB2     	 uxtb r5,r5
 1599 005a E1E7     	 b .L172
 1600              	.L173:
 1601 005c 5943     	 muls r1,r3,r1
 1602 005e C4F89800 	 str r0,[r4,#152]
 1603 0062 B1FBF6F3 	 udiv r3,r1,r6
 1604 0066 C4F89430 	 str r3,[r4,#148]
 1605              	.L167:
 1606 006a 261D     	 adds r6,r4,#4
 1607 006c 04F11007 	 add r7,r4,#16
 1608              	.L168:
 1609 0070 56F8042F 	 ldr r2,[r6,#4]!
 1610 0074 2368     	 ldr r3,[r4]
 1611 0076 1068     	 ldr r0,[r2]
 1612 0078 197A     	 ldrb r1,[r3,#8]
 1613 007a 94F89420 	 ldrb r2,[r4,#148]
 1614 007e 94F89830 	 ldrb r3,[r4,#152]
 1615 0082 FFF7FEFF 	 bl XMC_CCU8_SLICE_SetDeadTimeValue
 1616 0086 3368     	 ldr r3,[r6]
 1617 0088 2946     	 mov r1,r5
 1618 008a 1868     	 ldr r0,[r3]
 1619 008c FFF7FEFF 	 bl XMC_CCU8_SLICE_SetDeadTimePrescaler
 1620 0090 BE42     	 cmp r6,r7
 1621 0092 EDD1     	 bne .L168
 1622 0094 84F89150 	 strb r5,[r4,#145]
 1623 0098 0020     	 movs r0,#0
 1624 009a F8BD     	 pop {r3,r4,r5,r6,r7,pc}
 1625              	.L169:
 1626 009c 0220     	 movs r0,#2
 1627 009e F8BD     	 pop {r3,r4,r5,r6,r7,pc}
 1628              	.L175:
 1629              	 .align 2
 1630              	.L174:
 1631 00a0 40420F00 	 .word 1000000
 1633              	 .section .text.PWM_SVM_GetRisingEdgeDeadTime,"ax",%progbits
 1634              	 .align 1
 1635              	 .global PWM_SVM_GetRisingEdgeDeadTime
 1636              	 .thumb
 1637              	 .thumb_func
 1639              	PWM_SVM_GetRisingEdgeDeadTime:
 1640              	 
 1641              	 
 1642              	 
 1643 0000 90F89120 	 ldrb r2,[r0,#145]
 1644 0004 0368     	 ldr r3,[r0]
 1645 0006 4FF47A71 	 mov r1,#1000
 1646 000a DB69     	 ldr r3,[r3,#28]
 1647 000c B3FBF1F3 	 udiv r3,r3,r1
 1648 0010 D340     	 lsrs r3,r3,r2
 1649 0012 054A     	 ldr r2,.L177
 1650 0014 B2FBF3F3 	 udiv r3,r2,r3
 1651 0018 D0F89420 	 ldr r2,[r0,#148]
 1652 001c 02FB03F0 	 mul r0,r2,r3
 1653 0020 B0FBF1F0 	 udiv r0,r0,r1
 1654 0024 7047     	 bx lr
 1655              	.L178:
 1656 0026 00BF     	 .align 2
 1657              	.L177:
 1658 0028 00CA9A3B 	 .word 1000000000
 1660              	 .section .text.PWM_SVM_GetFallingEdgeDeadTime,"ax",%progbits
 1661              	 .align 1
 1662              	 .global PWM_SVM_GetFallingEdgeDeadTime
 1663              	 .thumb
 1664              	 .thumb_func
 1666              	PWM_SVM_GetFallingEdgeDeadTime:
 1667              	 
 1668              	 
 1669              	 
 1670 0000 90F89120 	 ldrb r2,[r0,#145]
 1671 0004 0368     	 ldr r3,[r0]
 1672 0006 4FF47A71 	 mov r1,#1000
 1673 000a DB69     	 ldr r3,[r3,#28]
 1674 000c B3FBF1F3 	 udiv r3,r3,r1
 1675 0010 D340     	 lsrs r3,r3,r2
 1676 0012 054A     	 ldr r2,.L180
 1677 0014 B2FBF3F3 	 udiv r3,r2,r3
 1678 0018 D0F89820 	 ldr r2,[r0,#152]
 1679 001c 02FB03F0 	 mul r0,r2,r3
 1680 0020 B0FBF1F0 	 udiv r0,r0,r1
 1681 0024 7047     	 bx lr
 1682              	.L181:
 1683 0026 00BF     	 .align 2
 1684              	.L180:
 1685 0028 00CA9A3B 	 .word 1000000000
 1687              	 .section .text.PWM_SVM_SetTmin,"ax",%progbits
 1688              	 .align 1
 1689              	 .global PWM_SVM_SetTmin
 1690              	 .thumb
 1691              	 .thumb_func
 1693              	PWM_SVM_SetTmin:
 1694              	 
 1695              	 
 1696              	 
 1697 0000 0368     	 ldr r3,[r0]
 1698 0002 41F28832 	 movw r2,#5000
 1699 0006 DB69     	 ldr r3,[r3,#28]
 1700 0008 9142     	 cmp r1,r2
 1701 000a 9FBF     	 itttt ls
 1702 000c 4FF47A72 	 movls r2,#1000
 1703 0010 B3FBF2F3 	 udivls r3,r3,r2
 1704 0014 5943     	 mulls r1,r3,r1
 1705 0016 044B     	 ldrls r3,.L185
 1706 0018 9DBF     	 ittte ls
 1707 001a B1FBF3F1 	 udivls r1,r1,r3
 1708 001e A0F8C210 	 strhls r1,[r0,#194]
 1709 0022 0020     	 movls r0,#0
 1710 0024 0220     	 movhi r0,#2
 1711 0026 7047     	 bx lr
 1712              	.L186:
 1713              	 .align 2
 1714              	.L185:
 1715 0028 40420F00 	 .word 1000000
 1717              	 .section .text.PWM_SVM_GetTmin,"ax",%progbits
 1718              	 .align 1
 1719              	 .global PWM_SVM_GetTmin
 1720              	 .thumb
 1721              	 .thumb_func
 1723              	PWM_SVM_GetTmin:
 1724              	 
 1725              	 
 1726              	 
 1727 0000 0368     	 ldr r3,[r0]
 1728 0002 074A     	 ldr r2,.L188
 1729 0004 DB69     	 ldr r3,[r3,#28]
 1730 0006 4FF47A71 	 mov r1,#1000
 1731 000a B3FBF1F3 	 udiv r3,r3,r1
 1732 000e B2FBF3F2 	 udiv r2,r2,r3
 1733 0012 B0F8C230 	 ldrh r3,[r0,#194]
 1734 0016 03FB02F0 	 mul r0,r3,r2
 1735 001a B0FBF1F0 	 udiv r0,r0,r1
 1736 001e 7047     	 bx lr
 1737              	.L189:
 1738              	 .align 2
 1739              	.L188:
 1740 0020 00CA9A3B 	 .word 1000000000
 1742              	 .section .text.PWM_SVM_lDynamicSVMSchemeModification,"ax",%progbits
 1743              	 .align 1
 1744              	 .global PWM_SVM_lDynamicSVMSchemeModification
 1745              	 .thumb
 1746              	 .thumb_func
 1748              	PWM_SVM_lDynamicSVMSchemeModification:
 1749              	 
 1750              	 
 1751 0000 10B5     	 push {r4,lr}
 1752 0002 0446     	 mov r4,r0
 1753 0004 0529     	 cmp r1,#5
 1754 0006 7DD8     	 bhi .L190
 1755 0008 DFE801F0 	 tbb [pc,r1]
 1756              	.L193:
 1757 000c 03       	 .byte (.L192-.L193)/2
 1758 000d 30       	 .byte (.L194-.L193)/2
 1759 000e 38       	 .byte (.L195-.L193)/2
 1760 000f 4F       	 .byte (.L196-.L193)/2
 1761 0010 58       	 .byte (.L197-.L193)/2
 1762 0011 69       	 .byte (.L198-.L193)/2
 1763              	 .p2align 1
 1764              	.L192:
 1765 0012 90F89230 	 ldrb r3,[r0,#146]
 1766 0016 022B     	 cmp r3,#2
 1767 0018 74D1     	 bne .L190
 1768 001a 0268     	 ldr r2,[r0]
 1769 001c 137C     	 ldrb r3,[r2,#16]
 1770 001e 012B     	 cmp r3,#1
 1771 0020 1FD1     	 bne .L199
 1772 0022 4369     	 ldr r3,[r0,#20]
 1773 0024 926A     	 ldr r2,[r2,#40]
 1774 0026 1868     	 ldr r0,[r3]
 1775 0028 D0F8A430 	 ldr r3,[r0,#164]
 1776 002c 43F00403 	 orr r3,r3,#4
 1777 0030 C0F8A430 	 str r3,[r0,#164]
 1778 0034 D0F8A430 	 ldr r3,[r0,#164]
 1779 0038 43F00803 	 orr r3,r3,#8
 1780 003c C0F8A430 	 str r3,[r0,#164]
 1781 0040 D0F8A430 	 ldr r3,[r0,#164]
 1782 0044 43F01003 	 orr r3,r3,#16
 1783 0048 C0F8A430 	 str r3,[r0,#164]
 1784 004c D0F8A430 	 ldr r3,[r0,#164]
 1785 0050 43F02003 	 orr r3,r3,#32
 1786 0054 C0F8A430 	 str r3,[r0,#164]
 1787 0058 0421     	 movs r1,#4
 1788 005a C2F38102 	 ubfx r2,r2,#2,#2
 1789 005e FFF7FEFF 	 bl XMC_CCU8_SLICE_SetInterruptNode
 1790              	.L199:
 1791 0062 0023     	 movs r3,#0
 1792 0064 84F89230 	 strb r3,[r4,#146]
 1793 0068 274B     	 ldr r3,.L201
 1794 006a 49E0     	 b .L200
 1795              	.L194:
 1796 006c 90F89230 	 ldrb r3,[r0,#146]
 1797 0070 032B     	 cmp r3,#3
 1798 0072 47D1     	 bne .L190
 1799 0074 0123     	 movs r3,#1
 1800 0076 80F89230 	 strb r3,[r0,#146]
 1801 007a 10BD     	 pop {r4,pc}
 1802              	.L195:
 1803 007c 90F89230 	 ldrb r3,[r0,#146]
 1804 0080 002B     	 cmp r3,#0
 1805 0082 3FD1     	 bne .L190
 1806 0084 4369     	 ldr r3,[r0,#20]
 1807 0086 1B68     	 ldr r3,[r3]
 1808 0088 D3F8A420 	 ldr r2,[r3,#164]
 1809 008c 22F00802 	 bic r2,r2,#8
 1810 0090 C3F8A420 	 str r2,[r3,#164]
 1811 0094 D3F8A420 	 ldr r2,[r3,#164]
 1812 0098 22F02002 	 bic r2,r2,#32
 1813 009c C3F8A420 	 str r2,[r3,#164]
 1814 00a0 0223     	 movs r3,#2
 1815 00a2 80F89230 	 strb r3,[r0,#146]
 1816 00a6 194B     	 ldr r3,.L201+4
 1817 00a8 2AE0     	 b .L200
 1818              	.L196:
 1819 00aa 90F89230 	 ldrb r3,[r0,#146]
 1820 00ae 012B     	 cmp r3,#1
 1821 00b0 28D1     	 bne .L190
 1822 00b2 0323     	 movs r3,#3
 1823 00b4 80F89230 	 strb r3,[r0,#146]
 1824 00b8 154B     	 ldr r3,.L201+8
 1825 00ba 21E0     	 b .L200
 1826              	.L197:
 1827 00bc 90F89230 	 ldrb r3,[r0,#146]
 1828 00c0 052B     	 cmp r3,#5
 1829 00c2 1FD1     	 bne .L190
 1830 00c4 B0F8C430 	 ldrh r3,[r0,#196]
 1831 00c8 03EB4303 	 add r3,r3,r3,lsl#1
 1832 00cc C3F58043 	 rsb r3,r3,#16384
 1833 00d0 A0F8C630 	 strh r3,[r0,#198]
 1834 00d4 0423     	 movs r3,#4
 1835 00d6 80F89230 	 strb r3,[r0,#146]
 1836 00da 0E4B     	 ldr r3,.L201+12
 1837 00dc 10E0     	 b .L200
 1838              	.L198:
 1839 00de 90F89230 	 ldrb r3,[r0,#146]
 1840 00e2 042B     	 cmp r3,#4
 1841 00e4 0ED1     	 bne .L190
 1842 00e6 B0F8C430 	 ldrh r3,[r0,#196]
 1843 00ea C3EB8333 	 rsb r3,r3,r3,lsl#14
 1844 00ee 9B00     	 lsls r3,r3,#2
 1845 00f0 03F58043 	 add r3,r3,#16384
 1846 00f4 A0F8C630 	 strh r3,[r0,#198]
 1847 00f8 0523     	 movs r3,#5
 1848 00fa 80F89230 	 strb r3,[r0,#146]
 1849 00fe 064B     	 ldr r3,.L201+16
 1850              	.L200:
 1851 0100 C4F88830 	 str r3,[r4,#136]
 1852              	.L190:
 1853 0104 10BD     	 pop {r4,pc}
 1854              	.L202:
 1855 0106 00BF     	 .align 2
 1856              	.L201:
 1857 0108 00000000 	 .word PWM_SVM_CalCmpValueSym7
 1858 010c 00000000 	 .word PWM_SVM_CalCmpValueSym5
 1859 0110 00000000 	 .word PWM_SVM_CalCmpValueAsym5
 1860 0114 00000000 	 .word PWM_SVM_Calc3av5segmentCompVal
 1861 0118 00000000 	 .word PWM_SVM_Calc4av7segmentCompVal
 1863              	 .section .text.PWM_SVM_lCAPeriodValueConfig,"ax",%progbits
 1864              	 .align 1
 1865              	 .global PWM_SVM_lCAPeriodValueConfig
 1866              	 .thumb
 1867              	 .thumb_func
 1869              	PWM_SVM_lCAPeriodValueConfig:
 1870              	 
 1871              	 
 1872 0000 90F89230 	 ldrb r3,[r0,#146]
 1873 0004 032B     	 cmp r3,#3
 1874 0006 10B5     	 push {r4,lr}
 1875 0008 0446     	 mov r4,r0
 1876 000a 28D9     	 bls .L203
 1877 000c D0F89C10 	 ldr r1,[r0,#156]
 1878 0010 8368     	 ldr r3,[r0,#8]
 1879 0012 0131     	 adds r1,r1,#1
 1880 0014 4908     	 lsrs r1,r1,#1
 1881 0016 0139     	 subs r1,r1,#1
 1882 0018 C0F89C10 	 str r1,[r0,#156]
 1883 001c 1868     	 ldr r0,[r3]
 1884 001e 89B2     	 uxth r1,r1
 1885 0020 FFF7FEFF 	 bl XMC_CCU8_SLICE_SetTimerPeriodMatch
 1886 0024 E368     	 ldr r3,[r4,#12]
 1887 0026 B4F89C10 	 ldrh r1,[r4,#156]
 1888 002a 1868     	 ldr r0,[r3]
 1889 002c FFF7FEFF 	 bl XMC_CCU8_SLICE_SetTimerPeriodMatch
 1890 0030 2369     	 ldr r3,[r4,#16]
 1891 0032 B4F89C10 	 ldrh r1,[r4,#156]
 1892 0036 1868     	 ldr r0,[r3]
 1893 0038 FFF7FEFF 	 bl XMC_CCU8_SLICE_SetTimerPeriodMatch
 1894 003c 2368     	 ldr r3,[r4]
 1895 003e 1B7C     	 ldrb r3,[r3,#16]
 1896 0040 2BB1     	 cbz r3,.L205
 1897 0042 6369     	 ldr r3,[r4,#20]
 1898 0044 B4F89C10 	 ldrh r1,[r4,#156]
 1899 0048 1868     	 ldr r0,[r3]
 1900 004a FFF7FEFF 	 bl XMC_CCU8_SLICE_SetTimerPeriodMatch
 1901              	.L205:
 1902 004e 94E80C00 	 ldmia r4,{r2,r3}
 1903 0052 526A     	 ldr r2,[r2,#36]
 1904 0054 1A61     	 str r2,[r3,#16]
 1905 0056 4FF48043 	 mov r3,#16384
 1906 005a A4F8C630 	 strh r3,[r4,#198]
 1907              	.L203:
 1908 005e 10BD     	 pop {r4,pc}
 1910              	 .section .text.PWM_SVM_lEAPeriodValueConfig,"ax",%progbits
 1911              	 .align 1
 1912              	 .global PWM_SVM_lEAPeriodValueConfig
 1913              	 .thumb
 1914              	 .thumb_func
 1916              	PWM_SVM_lEAPeriodValueConfig:
 1917              	 
 1918              	 
 1919 0000 90F89230 	 ldrb r3,[r0,#146]
 1920 0004 032B     	 cmp r3,#3
 1921 0006 10B5     	 push {r4,lr}
 1922 0008 0446     	 mov r4,r0
 1923 000a 23D8     	 bhi .L209
 1924 000c D0F89C10 	 ldr r1,[r0,#156]
 1925 0010 8368     	 ldr r3,[r0,#8]
 1926 0012 4900     	 lsls r1,r1,#1
 1927 0014 0131     	 adds r1,r1,#1
 1928 0016 C0F89C10 	 str r1,[r0,#156]
 1929 001a 1868     	 ldr r0,[r3]
 1930 001c 89B2     	 uxth r1,r1
 1931 001e FFF7FEFF 	 bl XMC_CCU8_SLICE_SetTimerPeriodMatch
 1932 0022 E368     	 ldr r3,[r4,#12]
 1933 0024 B4F89C10 	 ldrh r1,[r4,#156]
 1934 0028 1868     	 ldr r0,[r3]
 1935 002a FFF7FEFF 	 bl XMC_CCU8_SLICE_SetTimerPeriodMatch
 1936 002e 2369     	 ldr r3,[r4,#16]
 1937 0030 B4F89C10 	 ldrh r1,[r4,#156]
 1938 0034 1868     	 ldr r0,[r3]
 1939 0036 FFF7FEFF 	 bl XMC_CCU8_SLICE_SetTimerPeriodMatch
 1940 003a 2368     	 ldr r3,[r4]
 1941 003c 1B7C     	 ldrb r3,[r3,#16]
 1942 003e 2BB1     	 cbz r3,.L211
 1943 0040 6369     	 ldr r3,[r4,#20]
 1944 0042 B4F89C10 	 ldrh r1,[r4,#156]
 1945 0046 1868     	 ldr r0,[r3]
 1946 0048 FFF7FEFF 	 bl XMC_CCU8_SLICE_SetTimerPeriodMatch
 1947              	.L211:
 1948 004c 94E80C00 	 ldmia r4,{r2,r3}
 1949 0050 526A     	 ldr r2,[r2,#36]
 1950 0052 1A61     	 str r2,[r3,#16]
 1951              	.L209:
 1952 0054 10BD     	 pop {r4,pc}
 1954              	 .section .text.PWM_SVM_lStaticSVMSchemeModification,"ax",%progbits
 1955              	 .align 1
 1956              	 .global PWM_SVM_lStaticSVMSchemeModification
 1957              	 .thumb
 1958              	 .thumb_func
 1960              	PWM_SVM_lStaticSVMSchemeModification:
 1961              	 
 1962              	 
 1963 0000 38B5     	 push {r3,r4,r5,lr}
 1964 0002 0368     	 ldr r3,[r0]
 1965 0004 93F84630 	 ldrb r3,[r3,#70]
 1966 0008 0446     	 mov r4,r0
 1967 000a 0D46     	 mov r5,r1
 1968 000c 002B     	 cmp r3,#0
 1969 000e 40F01B81 	 bne .L215
 1970 0012 0529     	 cmp r1,#5
 1971 0014 00F21681 	 bhi .L217
 1972 0018 DFE811F0 	 tbh [pc,r1,lsl#1]
 1973              	.L219:
 1974 001c 0600     	 .2byte (.L218-.L219)/2
 1975 001e 4400     	 .2byte (.L220-.L219)/2
 1976 0020 6A00     	 .2byte (.L221-.L219)/2
 1977 0022 9000     	 .2byte (.L222-.L219)/2
 1978 0024 B600     	 .2byte (.L223-.L219)/2
 1979 0026 E400     	 .2byte (.L224-.L219)/2
 1980              	 .p2align 1
 1981              	.L218:
 1982 0028 8368     	 ldr r3,[r0,#8]
 1983 002a 0121     	 movs r1,#1
 1984 002c 1868     	 ldr r0,[r3]
 1985 002e FFF7FEFF 	 bl XMC_CCU8_SLICE_SetTimerCountingMode
 1986 0032 E368     	 ldr r3,[r4,#12]
 1987 0034 0121     	 movs r1,#1
 1988 0036 1868     	 ldr r0,[r3]
 1989 0038 FFF7FEFF 	 bl XMC_CCU8_SLICE_SetTimerCountingMode
 1990 003c 2369     	 ldr r3,[r4,#16]
 1991 003e 0121     	 movs r1,#1
 1992 0040 1868     	 ldr r0,[r3]
 1993 0042 FFF7FEFF 	 bl XMC_CCU8_SLICE_SetTimerCountingMode
 1994 0046 2046     	 mov r0,r4
 1995 0048 FFF7FEFF 	 bl PWM_SVM_lCAPeriodValueConfig
 1996 004c A368     	 ldr r3,[r4,#8]
 1997 004e 1A68     	 ldr r2,[r3]
 1998 0050 936C     	 ldr r3,[r2,#72]
 1999 0052 23F00103 	 bic r3,r3,#1
 2000 0056 9364     	 str r3,[r2,#72]
 2001 0058 E368     	 ldr r3,[r4,#12]
 2002 005a 1A68     	 ldr r2,[r3]
 2003 005c 936C     	 ldr r3,[r2,#72]
 2004 005e 23F00103 	 bic r3,r3,#1
 2005 0062 9364     	 str r3,[r2,#72]
 2006 0064 2369     	 ldr r3,[r4,#16]
 2007 0066 1A68     	 ldr r2,[r3]
 2008 0068 936C     	 ldr r3,[r2,#72]
 2009 006a 23F00103 	 bic r3,r3,#1
 2010 006e 9364     	 str r3,[r2,#72]
 2011 0070 2268     	 ldr r2,[r4]
 2012 0072 137C     	 ldrb r3,[r2,#16]
 2013 0074 012B     	 cmp r3,#1
 2014 0076 13D1     	 bne .L225
 2015 0078 6369     	 ldr r3,[r4,#20]
 2016 007a 526B     	 ldr r2,[r2,#52]
 2017 007c 1868     	 ldr r0,[r3]
 2018 007e D0F8A430 	 ldr r3,[r0,#164]
 2019 0082 43F00803 	 orr r3,r3,#8
 2020 0086 C0F8A430 	 str r3,[r0,#164]
 2021 008a D0F8A430 	 ldr r3,[r0,#164]
 2022 008e 43F02003 	 orr r3,r3,#32
 2023 0092 C0F8A430 	 str r3,[r0,#164]
 2024 0096 0421     	 movs r1,#4
 2025 0098 C2F38102 	 ubfx r2,r2,#2,#2
 2026 009c FFF7FEFF 	 bl XMC_CCU8_SLICE_SetInterruptNode
 2027              	.L225:
 2028 00a0 6A4B     	 ldr r3,.L227
 2029 00a2 CDE0     	 b .L226
 2030              	.L220:
 2031 00a4 8368     	 ldr r3,[r0,#8]
 2032 00a6 0121     	 movs r1,#1
 2033 00a8 1868     	 ldr r0,[r3]
 2034 00aa FFF7FEFF 	 bl XMC_CCU8_SLICE_SetTimerCountingMode
 2035 00ae E368     	 ldr r3,[r4,#12]
 2036 00b0 0121     	 movs r1,#1
 2037 00b2 1868     	 ldr r0,[r3]
 2038 00b4 FFF7FEFF 	 bl XMC_CCU8_SLICE_SetTimerCountingMode
 2039 00b8 2369     	 ldr r3,[r4,#16]
 2040 00ba 0121     	 movs r1,#1
 2041 00bc 1868     	 ldr r0,[r3]
 2042 00be FFF7FEFF 	 bl XMC_CCU8_SLICE_SetTimerCountingMode
 2043 00c2 2046     	 mov r0,r4
 2044 00c4 FFF7FEFF 	 bl PWM_SVM_lCAPeriodValueConfig
 2045 00c8 A368     	 ldr r3,[r4,#8]
 2046 00ca 1A68     	 ldr r2,[r3]
 2047 00cc 936C     	 ldr r3,[r2,#72]
 2048 00ce 43F00103 	 orr r3,r3,#1
 2049 00d2 9364     	 str r3,[r2,#72]
 2050 00d4 E368     	 ldr r3,[r4,#12]
 2051 00d6 1A68     	 ldr r2,[r3]
 2052 00d8 936C     	 ldr r3,[r2,#72]
 2053 00da 43F00103 	 orr r3,r3,#1
 2054 00de 9364     	 str r3,[r2,#72]
 2055 00e0 2369     	 ldr r3,[r4,#16]
 2056 00e2 1A68     	 ldr r2,[r3]
 2057 00e4 936C     	 ldr r3,[r2,#72]
 2058 00e6 43F00103 	 orr r3,r3,#1
 2059 00ea 9364     	 str r3,[r2,#72]
 2060 00ec 584B     	 ldr r3,.L227+4
 2061 00ee A7E0     	 b .L226
 2062              	.L221:
 2063 00f0 8368     	 ldr r3,[r0,#8]
 2064 00f2 0121     	 movs r1,#1
 2065 00f4 1868     	 ldr r0,[r3]
 2066 00f6 FFF7FEFF 	 bl XMC_CCU8_SLICE_SetTimerCountingMode
 2067 00fa E368     	 ldr r3,[r4,#12]
 2068 00fc 0121     	 movs r1,#1
 2069 00fe 1868     	 ldr r0,[r3]
 2070 0100 FFF7FEFF 	 bl XMC_CCU8_SLICE_SetTimerCountingMode
 2071 0104 2369     	 ldr r3,[r4,#16]
 2072 0106 0121     	 movs r1,#1
 2073 0108 1868     	 ldr r0,[r3]
 2074 010a FFF7FEFF 	 bl XMC_CCU8_SLICE_SetTimerCountingMode
 2075 010e 2046     	 mov r0,r4
 2076 0110 FFF7FEFF 	 bl PWM_SVM_lCAPeriodValueConfig
 2077 0114 A368     	 ldr r3,[r4,#8]
 2078 0116 1A68     	 ldr r2,[r3]
 2079 0118 936C     	 ldr r3,[r2,#72]
 2080 011a 23F00103 	 bic r3,r3,#1
 2081 011e 9364     	 str r3,[r2,#72]
 2082 0120 E368     	 ldr r3,[r4,#12]
 2083 0122 1A68     	 ldr r2,[r3]
 2084 0124 936C     	 ldr r3,[r2,#72]
 2085 0126 23F00103 	 bic r3,r3,#1
 2086 012a 9364     	 str r3,[r2,#72]
 2087 012c 2369     	 ldr r3,[r4,#16]
 2088 012e 1A68     	 ldr r2,[r3]
 2089 0130 936C     	 ldr r3,[r2,#72]
 2090 0132 23F00103 	 bic r3,r3,#1
 2091 0136 9364     	 str r3,[r2,#72]
 2092 0138 464B     	 ldr r3,.L227+8
 2093 013a 81E0     	 b .L226
 2094              	.L222:
 2095 013c 8368     	 ldr r3,[r0,#8]
 2096 013e 0121     	 movs r1,#1
 2097 0140 1868     	 ldr r0,[r3]
 2098 0142 FFF7FEFF 	 bl XMC_CCU8_SLICE_SetTimerCountingMode
 2099 0146 E368     	 ldr r3,[r4,#12]
 2100 0148 0121     	 movs r1,#1
 2101 014a 1868     	 ldr r0,[r3]
 2102 014c FFF7FEFF 	 bl XMC_CCU8_SLICE_SetTimerCountingMode
 2103 0150 2369     	 ldr r3,[r4,#16]
 2104 0152 0121     	 movs r1,#1
 2105 0154 1868     	 ldr r0,[r3]
 2106 0156 FFF7FEFF 	 bl XMC_CCU8_SLICE_SetTimerCountingMode
 2107 015a 2046     	 mov r0,r4
 2108 015c FFF7FEFF 	 bl PWM_SVM_lCAPeriodValueConfig
 2109 0160 A368     	 ldr r3,[r4,#8]
 2110 0162 1A68     	 ldr r2,[r3]
 2111 0164 936C     	 ldr r3,[r2,#72]
 2112 0166 43F00103 	 orr r3,r3,#1
 2113 016a 9364     	 str r3,[r2,#72]
 2114 016c E368     	 ldr r3,[r4,#12]
 2115 016e 1A68     	 ldr r2,[r3]
 2116 0170 936C     	 ldr r3,[r2,#72]
 2117 0172 43F00103 	 orr r3,r3,#1
 2118 0176 9364     	 str r3,[r2,#72]
 2119 0178 2369     	 ldr r3,[r4,#16]
 2120 017a 1A68     	 ldr r2,[r3]
 2121 017c 936C     	 ldr r3,[r2,#72]
 2122 017e 43F00103 	 orr r3,r3,#1
 2123 0182 9364     	 str r3,[r2,#72]
 2124 0184 344B     	 ldr r3,.L227+12
 2125 0186 5BE0     	 b .L226
 2126              	.L223:
 2127 0188 8368     	 ldr r3,[r0,#8]
 2128 018a 0021     	 movs r1,#0
 2129 018c 1868     	 ldr r0,[r3]
 2130 018e FFF7FEFF 	 bl XMC_CCU8_SLICE_SetTimerCountingMode
 2131 0192 E368     	 ldr r3,[r4,#12]
 2132 0194 0021     	 movs r1,#0
 2133 0196 1868     	 ldr r0,[r3]
 2134 0198 FFF7FEFF 	 bl XMC_CCU8_SLICE_SetTimerCountingMode
 2135 019c 2369     	 ldr r3,[r4,#16]
 2136 019e 0021     	 movs r1,#0
 2137 01a0 1868     	 ldr r0,[r3]
 2138 01a2 FFF7FEFF 	 bl XMC_CCU8_SLICE_SetTimerCountingMode
 2139 01a6 2046     	 mov r0,r4
 2140 01a8 FFF7FEFF 	 bl PWM_SVM_lEAPeriodValueConfig
 2141 01ac B4F8C430 	 ldrh r3,[r4,#196]
 2142 01b0 03EB4303 	 add r3,r3,r3,lsl#1
 2143 01b4 C3F58043 	 rsb r3,r3,#16384
 2144 01b8 A4F8C630 	 strh r3,[r4,#198]
 2145 01bc A368     	 ldr r3,[r4,#8]
 2146 01be 1A68     	 ldr r2,[r3]
 2147 01c0 936C     	 ldr r3,[r2,#72]
 2148 01c2 43F00103 	 orr r3,r3,#1
 2149 01c6 9364     	 str r3,[r2,#72]
 2150 01c8 E368     	 ldr r3,[r4,#12]
 2151 01ca 1A68     	 ldr r2,[r3]
 2152 01cc 936C     	 ldr r3,[r2,#72]
 2153 01ce 43F00103 	 orr r3,r3,#1
 2154 01d2 9364     	 str r3,[r2,#72]
 2155 01d4 2369     	 ldr r3,[r4,#16]
 2156 01d6 1A68     	 ldr r2,[r3]
 2157 01d8 936C     	 ldr r3,[r2,#72]
 2158 01da 43F00103 	 orr r3,r3,#1
 2159 01de 9364     	 str r3,[r2,#72]
 2160 01e0 1E4B     	 ldr r3,.L227+16
 2161 01e2 2DE0     	 b .L226
 2162              	.L224:
 2163 01e4 8368     	 ldr r3,[r0,#8]
 2164 01e6 0021     	 movs r1,#0
 2165 01e8 1868     	 ldr r0,[r3]
 2166 01ea FFF7FEFF 	 bl XMC_CCU8_SLICE_SetTimerCountingMode
 2167 01ee E368     	 ldr r3,[r4,#12]
 2168 01f0 0021     	 movs r1,#0
 2169 01f2 1868     	 ldr r0,[r3]
 2170 01f4 FFF7FEFF 	 bl XMC_CCU8_SLICE_SetTimerCountingMode
 2171 01f8 2369     	 ldr r3,[r4,#16]
 2172 01fa 0021     	 movs r1,#0
 2173 01fc 1868     	 ldr r0,[r3]
 2174 01fe FFF7FEFF 	 bl XMC_CCU8_SLICE_SetTimerCountingMode
 2175 0202 2046     	 mov r0,r4
 2176 0204 FFF7FEFF 	 bl PWM_SVM_lEAPeriodValueConfig
 2177 0208 B4F8C430 	 ldrh r3,[r4,#196]
 2178 020c C3EB8333 	 rsb r3,r3,r3,lsl#14
 2179 0210 9B00     	 lsls r3,r3,#2
 2180 0212 03F58043 	 add r3,r3,#16384
 2181 0216 A4F8C630 	 strh r3,[r4,#198]
 2182 021a A368     	 ldr r3,[r4,#8]
 2183 021c 1A68     	 ldr r2,[r3]
 2184 021e 936C     	 ldr r3,[r2,#72]
 2185 0220 43F00103 	 orr r3,r3,#1
 2186 0224 9364     	 str r3,[r2,#72]
 2187 0226 E368     	 ldr r3,[r4,#12]
 2188 0228 1A68     	 ldr r2,[r3]
 2189 022a 936C     	 ldr r3,[r2,#72]
 2190 022c 43F00103 	 orr r3,r3,#1
 2191 0230 9364     	 str r3,[r2,#72]
 2192 0232 2369     	 ldr r3,[r4,#16]
 2193 0234 1A68     	 ldr r2,[r3]
 2194 0236 936C     	 ldr r3,[r2,#72]
 2195 0238 43F00103 	 orr r3,r3,#1
 2196 023c 9364     	 str r3,[r2,#72]
 2197 023e 084B     	 ldr r3,.L227+20
 2198              	.L226:
 2199 0240 C4F88830 	 str r3,[r4,#136]
 2200              	.L217:
 2201 0244 84F89250 	 strb r5,[r4,#146]
 2202              	.L215:
 2203 0248 38BD     	 pop {r3,r4,r5,pc}
 2204              	.L228:
 2205 024a 00BF     	 .align 2
 2206              	.L227:
 2207 024c 00000000 	 .word PWM_SVM_CalCmpValueSym7
 2208 0250 00000000 	 .word PWM_SVM_CalCmpValueAsym7
 2209 0254 00000000 	 .word PWM_SVM_CalCmpValueSym5
 2210 0258 00000000 	 .word PWM_SVM_CalCmpValueAsym5
 2211 025c 00000000 	 .word PWM_SVM_Calc3av5segmentCompVal
 2212 0260 00000000 	 .word PWM_SVM_Calc4av7segmentCompVal
 2214              	 .section .text.PWM_SVM_SetSVMScheme,"ax",%progbits
 2215              	 .align 1
 2216              	 .global PWM_SVM_SetSVMScheme
 2217              	 .thumb
 2218              	 .thumb_func
 2220              	PWM_SVM_SetSVMScheme:
 2221              	 
 2222              	 
 2223 0000 10B5     	 push {r4,lr}
 2224 0002 11F0FD04 	 ands r4,r1,#253
 2225 0006 0DD1     	 bne .L232
 2226 0008 90F89030 	 ldrb r3,[r0,#144]
 2227 000c 022B     	 cmp r3,#2
 2228 000e 02D1     	 bne .L231
 2229 0010 FFF7FEFF 	 bl PWM_SVM_lDynamicSVMSchemeModification
 2230 0014 08E0     	 b .L233
 2231              	.L231:
 2232 0016 03F0FD03 	 and r3,r3,#253
 2233 001a 012B     	 cmp r3,#1
 2234 001c 04D1     	 bne .L233
 2235 001e FFF7FEFF 	 bl PWM_SVM_lStaticSVMSchemeModification
 2236 0022 01E0     	 b .L233
 2237              	.L232:
 2238 0024 0220     	 movs r0,#2
 2239 0026 10BD     	 pop {r4,pc}
 2240              	.L233:
 2241 0028 2046     	 mov r0,r4
 2242 002a 10BD     	 pop {r4,pc}
 2244              	 .section .text.PWM_SVM_GetSVMScheme,"ax",%progbits
 2245              	 .align 1
 2246              	 .global PWM_SVM_GetSVMScheme
 2247              	 .thumb
 2248              	 .thumb_func
 2250              	PWM_SVM_GetSVMScheme:
 2251              	 
 2252              	 
 2253              	 
 2254 0000 90F89200 	 ldrb r0,[r0,#146]
 2255 0004 7047     	 bx lr
 2257              	 .ident "GCC: (GNU Tools for ARM Embedded Processors) 4.9.3 20141119 (release) [ARM/embedded-4_9-branch revision 218278]"
DEFINED SYMBOLS
                            *ABS*:00000000 pwm_svm.c
    {standard input}:17     .ram_code:00000000 $t
    {standard input}:21     .ram_code:00000000 PWM_SVM_lSymCompValUpdate
    {standard input}:36     .ram_code:00000020 $d
    {standard input}:83     .text.PWM_SVM_lAsymCompValUpdate:00000000 $t
    {standard input}:87     .text.PWM_SVM_lAsymCompValUpdate:00000000 PWM_SVM_lAsymCompValUpdate
    {standard input}:107    .text.PWM_SVM_lAsymCompValUpdate:0000003a $d
    {standard input}:176    .ram_code:0000006e PWM_SVM_CalCmpValueSym7
    {standard input}:208    .ram_code:000000b6 PWM_SVM_CalCmpValueSym5
    {standard input}:232    .text.PWM_SVM_CalCmpValueAsym7:00000000 $t
    {standard input}:237    .text.PWM_SVM_CalCmpValueAsym7:00000000 PWM_SVM_CalCmpValueAsym7
    {standard input}:292    .text.PWM_SVM_CalCmpValueAsym5:00000000 $t
    {standard input}:297    .text.PWM_SVM_CalCmpValueAsym5:00000000 PWM_SVM_CalCmpValueAsym5
    {standard input}:337    .text.PWM_SVM_Calc3av5segmentCompVal:00000000 $t
    {standard input}:342    .text.PWM_SVM_Calc3av5segmentCompVal:00000000 PWM_SVM_Calc3av5segmentCompVal
    {standard input}:410    .text.PWM_SVM_Calc3av5segmentCompVal:000000ae $d
    {standard input}:613    .text.PWM_SVM_Calc4av7segmentCompVal:00000000 $t
    {standard input}:618    .text.PWM_SVM_Calc4av7segmentCompVal:00000000 PWM_SVM_Calc4av7segmentCompVal
    {standard input}:670    .text.PWM_SVM_Calc4av7segmentCompVal:00000084 $d
    {standard input}:886    .text.PWM_SVM_lEnableEvent:00000000 $t
    {standard input}:891    .text.PWM_SVM_lEnableEvent:00000000 PWM_SVM_lEnableEvent
    {standard input}:917    .text.PWM_SVM_InverterDisable:00000000 $t
    {standard input}:922    .text.PWM_SVM_InverterDisable:00000000 PWM_SVM_InverterDisable
    {standard input}:949    .text.PWM_SVM_InverterEnable:00000000 $t
    {standard input}:954    .text.PWM_SVM_InverterEnable:00000000 PWM_SVM_InverterEnable
    {standard input}:986    .ram_code:000000ee PWM_SVM_TimecalcUsingLUT
    {standard input}:1043   .ram_code:00000184 $d
    {standard input}:1046   .text.PWM_SVM_GetAppVersion:00000000 $t
    {standard input}:1051   .text.PWM_SVM_GetAppVersion:00000000 PWM_SVM_GetAppVersion
    {standard input}:1068   .text.PWM_SVM_Init:00000000 $t
    {standard input}:1073   .text.PWM_SVM_Init:00000000 PWM_SVM_Init
    {standard input}:1213   .text.PWM_SVM_Start:00000000 $t
    {standard input}:1218   .text.PWM_SVM_Start:00000000 PWM_SVM_Start
    {standard input}:1352   .text.PWM_SVM_Start:0000014c $d
    {standard input}:1355   .text.PWM_SVM_Stop:00000000 $t
    {standard input}:1360   .text.PWM_SVM_Stop:00000000 PWM_SVM_Stop
    {standard input}:1427   .text.PWM_SVM_Stop:0000009c $d
    {standard input}:1430   .ram_code:00000188 $t
    {standard input}:1435   .ram_code:00000188 PWM_SVM_SVMUpdate
    {standard input}:1454   .text.PWM_SVM_SetPWMFrequency:00000000 $t
    {standard input}:1459   .text.PWM_SVM_SetPWMFrequency:00000000 PWM_SVM_SetPWMFrequency
    {standard input}:1533   .text.PWM_SVM_GetPWMFrequency:00000000 $t
    {standard input}:1538   .text.PWM_SVM_GetPWMFrequency:00000000 PWM_SVM_GetPWMFrequency
    {standard input}:1555   .text.PWM_SVM_SetDeadTime:00000000 $t
    {standard input}:1560   .text.PWM_SVM_SetDeadTime:00000000 PWM_SVM_SetDeadTime
    {standard input}:1631   .text.PWM_SVM_SetDeadTime:000000a0 $d
    {standard input}:1634   .text.PWM_SVM_GetRisingEdgeDeadTime:00000000 $t
    {standard input}:1639   .text.PWM_SVM_GetRisingEdgeDeadTime:00000000 PWM_SVM_GetRisingEdgeDeadTime
    {standard input}:1658   .text.PWM_SVM_GetRisingEdgeDeadTime:00000028 $d
    {standard input}:1661   .text.PWM_SVM_GetFallingEdgeDeadTime:00000000 $t
    {standard input}:1666   .text.PWM_SVM_GetFallingEdgeDeadTime:00000000 PWM_SVM_GetFallingEdgeDeadTime
    {standard input}:1685   .text.PWM_SVM_GetFallingEdgeDeadTime:00000028 $d
    {standard input}:1688   .text.PWM_SVM_SetTmin:00000000 $t
    {standard input}:1693   .text.PWM_SVM_SetTmin:00000000 PWM_SVM_SetTmin
    {standard input}:1715   .text.PWM_SVM_SetTmin:00000028 $d
    {standard input}:1718   .text.PWM_SVM_GetTmin:00000000 $t
    {standard input}:1723   .text.PWM_SVM_GetTmin:00000000 PWM_SVM_GetTmin
    {standard input}:1740   .text.PWM_SVM_GetTmin:00000020 $d
    {standard input}:1743   .text.PWM_SVM_lDynamicSVMSchemeModification:00000000 $t
    {standard input}:1748   .text.PWM_SVM_lDynamicSVMSchemeModification:00000000 PWM_SVM_lDynamicSVMSchemeModification
    {standard input}:1757   .text.PWM_SVM_lDynamicSVMSchemeModification:0000000c $d
    {standard input}:1763   .text.PWM_SVM_lDynamicSVMSchemeModification:00000012 $t
    {standard input}:1857   .text.PWM_SVM_lDynamicSVMSchemeModification:00000108 $d
    {standard input}:1864   .text.PWM_SVM_lCAPeriodValueConfig:00000000 $t
    {standard input}:1869   .text.PWM_SVM_lCAPeriodValueConfig:00000000 PWM_SVM_lCAPeriodValueConfig
    {standard input}:1911   .text.PWM_SVM_lEAPeriodValueConfig:00000000 $t
    {standard input}:1916   .text.PWM_SVM_lEAPeriodValueConfig:00000000 PWM_SVM_lEAPeriodValueConfig
    {standard input}:1955   .text.PWM_SVM_lStaticSVMSchemeModification:00000000 $t
    {standard input}:1960   .text.PWM_SVM_lStaticSVMSchemeModification:00000000 PWM_SVM_lStaticSVMSchemeModification
    {standard input}:1974   .text.PWM_SVM_lStaticSVMSchemeModification:0000001c $d
    {standard input}:1980   .text.PWM_SVM_lStaticSVMSchemeModification:00000028 $t
    {standard input}:2207   .text.PWM_SVM_lStaticSVMSchemeModification:0000024c $d
    {standard input}:2215   .text.PWM_SVM_SetSVMScheme:00000000 $t
    {standard input}:2220   .text.PWM_SVM_SetSVMScheme:00000000 PWM_SVM_SetSVMScheme
    {standard input}:2245   .text.PWM_SVM_GetSVMScheme:00000000 $t
    {standard input}:2250   .text.PWM_SVM_GetSVMScheme:00000000 PWM_SVM_GetSVMScheme
    {standard input}:41     .ram_code:00000025 $d
    {standard input}:41     .ram_code:00000026 $t
    {standard input}:112    .text.PWM_SVM_lAsymCompValUpdate:0000003f $d
    {standard input}:112    .text.PWM_SVM_lAsymCompValUpdate:00000040 $t
    {standard input}:415    .text.PWM_SVM_Calc3av5segmentCompVal:000000b3 $d
    {standard input}:415    .text.PWM_SVM_Calc3av5segmentCompVal:000000b4 $t
    {standard input}:675    .text.PWM_SVM_Calc4av7segmentCompVal:00000089 $d
    {standard input}:675    .text.PWM_SVM_Calc4av7segmentCompVal:0000008a $t

UNDEFINED SYMBOLS
XMC_CCU8_SLICE_SetTimerCompareMatch
Sinus60_tab
GLOBAL_CCU8_Init
XMC_GPIO_Init
XMC_GPIO_SetHardwareControl
XMC_CCU8_SLICE_CompareInit
XMC_CCU8_SLICE_DeadTimeInit
XMC_CCU8_SLICE_ConfigureEvent
XMC_CCU8_SLICE_TrapConfig
XMC_CCU8_SLICE_SetTimerPeriodMatch
XMC_CCU8_SLICE_ConfigureStatusBitOutput
XMC_CCU8_SLICE_StartConfig
XMC_CCU8_SLICE_SetDeadTimeValue
XMC_CCU8_SLICE_SetDeadTimePrescaler
XMC_CCU8_SLICE_SetInterruptNode
XMC_CCU8_SLICE_SetTimerCountingMode
