   1              	 .syntax unified
   2              	 .cpu cortex-m4
   3              	 .eabi_attribute 27,3
   4              	 .fpu fpv4-sp-d16
   5              	 .eabi_attribute 20,1
   6              	 .eabi_attribute 21,1
   7              	 .eabi_attribute 23,3
   8              	 .eabi_attribute 24,1
   9              	 .eabi_attribute 25,1
  10              	 .eabi_attribute 26,1
  11              	 .eabi_attribute 30,4
  12              	 .eabi_attribute 34,1
  13              	 .eabi_attribute 18,4
  14              	 .thumb
  15              	 .file "pwm_svm_table.c"
  16              	 .global Sinus60_tab
  17              	 .section .rodata.Sinus60_tab,"a",%progbits
  18              	 .align 1
  21              	Sinus60_tab:
  22 0000 0000     	 .short 0
  23 0002 2100     	 .short 33
  24 0004 4300     	 .short 67
  25 0006 6400     	 .short 100
  26 0008 8600     	 .short 134
  27 000a A700     	 .short 167
  28 000c C900     	 .short 201
  29 000e EA00     	 .short 234
  30 0010 0C01     	 .short 268
  31 0012 2D01     	 .short 301
  32 0014 4F01     	 .short 335
  33 0016 7001     	 .short 368
  34 0018 9201     	 .short 402
  35 001a B301     	 .short 435
  36 001c D501     	 .short 469
  37 001e F601     	 .short 502
  38 0020 1802     	 .short 536
  39 0022 3902     	 .short 569
  40 0024 5B02     	 .short 603
  41 0026 7C02     	 .short 636
  42 0028 9E02     	 .short 670
  43 002a BF02     	 .short 703
  44 002c E102     	 .short 737
  45 002e 0203     	 .short 770
  46 0030 2403     	 .short 804
  47 0032 4503     	 .short 837
  48 0034 6703     	 .short 871
  49 0036 8803     	 .short 904
  50 0038 AA03     	 .short 938
  51 003a CB03     	 .short 971
  52 003c ED03     	 .short 1005
  53 003e 0E04     	 .short 1038
  54 0040 3004     	 .short 1072
  55 0042 5104     	 .short 1105
  56 0044 7304     	 .short 1139
  57 0046 9404     	 .short 1172
  58 0048 B604     	 .short 1206
  59 004a D704     	 .short 1239
  60 004c F904     	 .short 1273
  61 004e 1A05     	 .short 1306
  62 0050 3B05     	 .short 1339
  63 0052 5D05     	 .short 1373
  64 0054 7E05     	 .short 1406
  65 0056 A005     	 .short 1440
  66 0058 C105     	 .short 1473
  67 005a E305     	 .short 1507
  68 005c 0406     	 .short 1540
  69 005e 2606     	 .short 1574
  70 0060 4706     	 .short 1607
  71 0062 6906     	 .short 1641
  72 0064 8A06     	 .short 1674
  73 0066 AC06     	 .short 1708
  74 0068 CD06     	 .short 1741
  75 006a EF06     	 .short 1775
  76 006c 1007     	 .short 1808
  77 006e 3207     	 .short 1842
  78 0070 5307     	 .short 1875
  79 0072 7407     	 .short 1908
  80 0074 9607     	 .short 1942
  81 0076 B707     	 .short 1975
  82 0078 D907     	 .short 2009
  83 007a FA07     	 .short 2042
  84 007c 1C08     	 .short 2076
  85 007e 3D08     	 .short 2109
  86 0080 5F08     	 .short 2143
  87 0082 8008     	 .short 2176
  88 0084 A108     	 .short 2209
  89 0086 C308     	 .short 2243
  90 0088 E408     	 .short 2276
  91 008a 0609     	 .short 2310
  92 008c 2709     	 .short 2343
  93 008e 4909     	 .short 2377
  94 0090 6A09     	 .short 2410
  95 0092 8B09     	 .short 2443
  96 0094 AD09     	 .short 2477
  97 0096 CE09     	 .short 2510
  98 0098 F009     	 .short 2544
  99 009a 110A     	 .short 2577
 100 009c 320A     	 .short 2610
 101 009e 540A     	 .short 2644
 102 00a0 750A     	 .short 2677
 103 00a2 970A     	 .short 2711
 104 00a4 B80A     	 .short 2744
 105 00a6 D90A     	 .short 2777
 106 00a8 FB0A     	 .short 2811
 107 00aa 1C0B     	 .short 2844
 108 00ac 3E0B     	 .short 2878
 109 00ae 5F0B     	 .short 2911
 110 00b0 800B     	 .short 2944
 111 00b2 A20B     	 .short 2978
 112 00b4 C30B     	 .short 3011
 113 00b6 E40B     	 .short 3044
 114 00b8 060C     	 .short 3078
 115 00ba 270C     	 .short 3111
 116 00bc 490C     	 .short 3145
 117 00be 6A0C     	 .short 3178
 118 00c0 8B0C     	 .short 3211
 119 00c2 AD0C     	 .short 3245
 120 00c4 CE0C     	 .short 3278
 121 00c6 EF0C     	 .short 3311
 122 00c8 110D     	 .short 3345
 123 00ca 320D     	 .short 3378
 124 00cc 530D     	 .short 3411
 125 00ce 750D     	 .short 3445
 126 00d0 960D     	 .short 3478
 127 00d2 B70D     	 .short 3511
 128 00d4 D90D     	 .short 3545
 129 00d6 FA0D     	 .short 3578
 130 00d8 1B0E     	 .short 3611
 131 00da 3C0E     	 .short 3644
 132 00dc 5E0E     	 .short 3678
 133 00de 7F0E     	 .short 3711
 134 00e0 A00E     	 .short 3744
 135 00e2 C20E     	 .short 3778
 136 00e4 E30E     	 .short 3811
 137 00e6 040F     	 .short 3844
 138 00e8 250F     	 .short 3877
 139 00ea 470F     	 .short 3911
 140 00ec 680F     	 .short 3944
 141 00ee 890F     	 .short 3977
 142 00f0 AB0F     	 .short 4011
 143 00f2 CC0F     	 .short 4044
 144 00f4 ED0F     	 .short 4077
 145 00f6 0E10     	 .short 4110
 146 00f8 3010     	 .short 4144
 147 00fa 5110     	 .short 4177
 148 00fc 7210     	 .short 4210
 149 00fe 9310     	 .short 4243
 150 0100 B410     	 .short 4276
 151 0102 D610     	 .short 4310
 152 0104 F710     	 .short 4343
 153 0106 1811     	 .short 4376
 154 0108 3911     	 .short 4409
 155 010a 5B11     	 .short 4443
 156 010c 7C11     	 .short 4476
 157 010e 9D11     	 .short 4509
 158 0110 BE11     	 .short 4542
 159 0112 DF11     	 .short 4575
 160 0114 0012     	 .short 4608
 161 0116 2212     	 .short 4642
 162 0118 4312     	 .short 4675
 163 011a 6412     	 .short 4708
 164 011c 8512     	 .short 4741
 165 011e A612     	 .short 4774
 166 0120 C712     	 .short 4807
 167 0122 E912     	 .short 4841
 168 0124 0A13     	 .short 4874
 169 0126 2B13     	 .short 4907
 170 0128 4C13     	 .short 4940
 171 012a 6D13     	 .short 4973
 172 012c 8E13     	 .short 5006
 173 012e AF13     	 .short 5039
 174 0130 D013     	 .short 5072
 175 0132 F213     	 .short 5106
 176 0134 1314     	 .short 5139
 177 0136 3414     	 .short 5172
 178 0138 5514     	 .short 5205
 179 013a 7614     	 .short 5238
 180 013c 9714     	 .short 5271
 181 013e B814     	 .short 5304
 182 0140 D914     	 .short 5337
 183 0142 FA14     	 .short 5370
 184 0144 1B15     	 .short 5403
 185 0146 3C15     	 .short 5436
 186 0148 5D15     	 .short 5469
 187 014a 7E15     	 .short 5502
 188 014c 9F15     	 .short 5535
 189 014e C015     	 .short 5568
 190 0150 E115     	 .short 5601
 191 0152 0216     	 .short 5634
 192 0154 2316     	 .short 5667
 193 0156 4416     	 .short 5700
 194 0158 6516     	 .short 5733
 195 015a 8616     	 .short 5766
 196 015c A716     	 .short 5799
 197 015e C816     	 .short 5832
 198 0160 E916     	 .short 5865
 199 0162 0A17     	 .short 5898
 200 0164 2B17     	 .short 5931
 201 0166 4C17     	 .short 5964
 202 0168 6D17     	 .short 5997
 203 016a 8E17     	 .short 6030
 204 016c AF17     	 .short 6063
 205 016e D017     	 .short 6096
 206 0170 F117     	 .short 6129
 207 0172 1218     	 .short 6162
 208 0174 3318     	 .short 6195
 209 0176 5418     	 .short 6228
 210 0178 7518     	 .short 6261
 211 017a 9518     	 .short 6293
 212 017c B618     	 .short 6326
 213 017e D718     	 .short 6359
 214 0180 F818     	 .short 6392
 215 0182 1919     	 .short 6425
 216 0184 3A19     	 .short 6458
 217 0186 5B19     	 .short 6491
 218 0188 7B19     	 .short 6523
 219 018a 9C19     	 .short 6556
 220 018c BD19     	 .short 6589
 221 018e DE19     	 .short 6622
 222 0190 FF19     	 .short 6655
 223 0192 201A     	 .short 6688
 224 0194 401A     	 .short 6720
 225 0196 611A     	 .short 6753
 226 0198 821A     	 .short 6786
 227 019a A31A     	 .short 6819
 228 019c C31A     	 .short 6851
 229 019e E41A     	 .short 6884
 230 01a0 051B     	 .short 6917
 231 01a2 261B     	 .short 6950
 232 01a4 461B     	 .short 6982
 233 01a6 671B     	 .short 7015
 234 01a8 881B     	 .short 7048
 235 01aa A91B     	 .short 7081
 236 01ac C91B     	 .short 7113
 237 01ae EA1B     	 .short 7146
 238 01b0 0B1C     	 .short 7179
 239 01b2 2B1C     	 .short 7211
 240 01b4 4C1C     	 .short 7244
 241 01b6 6D1C     	 .short 7277
 242 01b8 8E1C     	 .short 7310
 243 01ba AE1C     	 .short 7342
 244 01bc CF1C     	 .short 7375
 245 01be EF1C     	 .short 7407
 246 01c0 101D     	 .short 7440
 247 01c2 311D     	 .short 7473
 248 01c4 511D     	 .short 7505
 249 01c6 721D     	 .short 7538
 250 01c8 931D     	 .short 7571
 251 01ca B31D     	 .short 7603
 252 01cc D41D     	 .short 7636
 253 01ce F41D     	 .short 7668
 254 01d0 151E     	 .short 7701
 255 01d2 351E     	 .short 7733
 256 01d4 561E     	 .short 7766
 257 01d6 771E     	 .short 7799
 258 01d8 971E     	 .short 7831
 259 01da B81E     	 .short 7864
 260 01dc D81E     	 .short 7896
 261 01de F91E     	 .short 7929
 262 01e0 191F     	 .short 7961
 263 01e2 3A1F     	 .short 7994
 264 01e4 5A1F     	 .short 8026
 265 01e6 7B1F     	 .short 8059
 266 01e8 9B1F     	 .short 8091
 267 01ea BC1F     	 .short 8124
 268 01ec DC1F     	 .short 8156
 269 01ee FD1F     	 .short 8189
 270 01f0 1D20     	 .short 8221
 271 01f2 3D20     	 .short 8253
 272 01f4 5E20     	 .short 8286
 273 01f6 7E20     	 .short 8318
 274 01f8 9F20     	 .short 8351
 275 01fa BF20     	 .short 8383
 276 01fc DF20     	 .short 8415
 277 01fe 0021     	 .short 8448
 278 0200 2021     	 .short 8480
 279 0202 4121     	 .short 8513
 280 0204 6121     	 .short 8545
 281 0206 8121     	 .short 8577
 282 0208 A221     	 .short 8610
 283 020a C221     	 .short 8642
 284 020c E221     	 .short 8674
 285 020e 0322     	 .short 8707
 286 0210 2322     	 .short 8739
 287 0212 4322     	 .short 8771
 288 0214 6322     	 .short 8803
 289 0216 8422     	 .short 8836
 290 0218 A422     	 .short 8868
 291 021a C422     	 .short 8900
 292 021c E422     	 .short 8932
 293 021e 0523     	 .short 8965
 294 0220 2523     	 .short 8997
 295 0222 4523     	 .short 9029
 296 0224 6523     	 .short 9061
 297 0226 8623     	 .short 9094
 298 0228 A623     	 .short 9126
 299 022a C623     	 .short 9158
 300 022c E623     	 .short 9190
 301 022e 0624     	 .short 9222
 302 0230 2624     	 .short 9254
 303 0232 4724     	 .short 9287
 304 0234 6724     	 .short 9319
 305 0236 8724     	 .short 9351
 306 0238 A724     	 .short 9383
 307 023a C724     	 .short 9415
 308 023c E724     	 .short 9447
 309 023e 0725     	 .short 9479
 310 0240 2725     	 .short 9511
 311 0242 4725     	 .short 9543
 312 0244 6725     	 .short 9575
 313 0246 8725     	 .short 9607
 314 0248 A725     	 .short 9639
 315 024a C725     	 .short 9671
 316 024c E725     	 .short 9703
 317 024e 0726     	 .short 9735
 318 0250 2726     	 .short 9767
 319 0252 4726     	 .short 9799
 320 0254 6726     	 .short 9831
 321 0256 8726     	 .short 9863
 322 0258 A726     	 .short 9895
 323 025a C726     	 .short 9927
 324 025c E726     	 .short 9959
 325 025e 0727     	 .short 9991
 326 0260 2727     	 .short 10023
 327 0262 4727     	 .short 10055
 328 0264 6727     	 .short 10087
 329 0266 8727     	 .short 10119
 330 0268 A727     	 .short 10151
 331 026a C627     	 .short 10182
 332 026c E627     	 .short 10214
 333 026e 0628     	 .short 10246
 334 0270 2628     	 .short 10278
 335 0272 4628     	 .short 10310
 336 0274 6628     	 .short 10342
 337 0276 8528     	 .short 10373
 338 0278 A528     	 .short 10405
 339 027a C528     	 .short 10437
 340 027c E528     	 .short 10469
 341 027e 0429     	 .short 10500
 342 0280 2429     	 .short 10532
 343 0282 4429     	 .short 10564
 344 0284 6429     	 .short 10596
 345 0286 8329     	 .short 10627
 346 0288 A329     	 .short 10659
 347 028a C329     	 .short 10691
 348 028c E229     	 .short 10722
 349 028e 022A     	 .short 10754
 350 0290 222A     	 .short 10786
 351 0292 412A     	 .short 10817
 352 0294 612A     	 .short 10849
 353 0296 802A     	 .short 10880
 354 0298 A02A     	 .short 10912
 355 029a C02A     	 .short 10944
 356 029c DF2A     	 .short 10975
 357 029e FF2A     	 .short 11007
 358 02a0 1E2B     	 .short 11038
 359 02a2 3E2B     	 .short 11070
 360 02a4 5D2B     	 .short 11101
 361 02a6 7D2B     	 .short 11133
 362 02a8 9C2B     	 .short 11164
 363 02aa BC2B     	 .short 11196
 364 02ac DB2B     	 .short 11227
 365 02ae FB2B     	 .short 11259
 366 02b0 1A2C     	 .short 11290
 367 02b2 3A2C     	 .short 11322
 368 02b4 592C     	 .short 11353
 369 02b6 792C     	 .short 11385
 370 02b8 982C     	 .short 11416
 371 02ba B82C     	 .short 11448
 372 02bc D72C     	 .short 11479
 373 02be F62C     	 .short 11510
 374 02c0 162D     	 .short 11542
 375 02c2 352D     	 .short 11573
 376 02c4 542D     	 .short 11604
 377 02c6 742D     	 .short 11636
 378 02c8 932D     	 .short 11667
 379 02ca B22D     	 .short 11698
 380 02cc D22D     	 .short 11730
 381 02ce F12D     	 .short 11761
 382 02d0 102E     	 .short 11792
 383 02d2 2F2E     	 .short 11823
 384 02d4 4F2E     	 .short 11855
 385 02d6 6E2E     	 .short 11886
 386 02d8 8D2E     	 .short 11917
 387 02da AC2E     	 .short 11948
 388 02dc CC2E     	 .short 11980
 389 02de EB2E     	 .short 12011
 390 02e0 0A2F     	 .short 12042
 391 02e2 292F     	 .short 12073
 392 02e4 482F     	 .short 12104
 393 02e6 672F     	 .short 12135
 394 02e8 862F     	 .short 12166
 395 02ea A62F     	 .short 12198
 396 02ec C52F     	 .short 12229
 397 02ee E42F     	 .short 12260
 398 02f0 0330     	 .short 12291
 399 02f2 2230     	 .short 12322
 400 02f4 4130     	 .short 12353
 401 02f6 6030     	 .short 12384
 402 02f8 7F30     	 .short 12415
 403 02fa 9E30     	 .short 12446
 404 02fc BD30     	 .short 12477
 405 02fe DC30     	 .short 12508
 406 0300 FB30     	 .short 12539
 407 0302 1A31     	 .short 12570
 408 0304 3931     	 .short 12601
 409 0306 5831     	 .short 12632
 410 0308 7731     	 .short 12663
 411 030a 9631     	 .short 12694
 412 030c B431     	 .short 12724
 413 030e D331     	 .short 12755
 414 0310 F231     	 .short 12786
 415 0312 1132     	 .short 12817
 416 0314 3032     	 .short 12848
 417 0316 4F32     	 .short 12879
 418 0318 6D32     	 .short 12909
 419 031a 8C32     	 .short 12940
 420 031c AB32     	 .short 12971
 421 031e CA32     	 .short 13002
 422 0320 E932     	 .short 13033
 423 0322 0733     	 .short 13063
 424 0324 2633     	 .short 13094
 425 0326 4533     	 .short 13125
 426 0328 6333     	 .short 13155
 427 032a 8233     	 .short 13186
 428 032c A133     	 .short 13217
 429 032e BF33     	 .short 13247
 430 0330 DE33     	 .short 13278
 431 0332 FD33     	 .short 13309
 432 0334 1B34     	 .short 13339
 433 0336 3A34     	 .short 13370
 434 0338 5834     	 .short 13400
 435 033a 7734     	 .short 13431
 436 033c 9634     	 .short 13462
 437 033e B434     	 .short 13492
 438 0340 D334     	 .short 13523
 439 0342 F134     	 .short 13553
 440 0344 1035     	 .short 13584
 441 0346 2E35     	 .short 13614
 442 0348 4D35     	 .short 13645
 443 034a 6B35     	 .short 13675
 444 034c 8A35     	 .short 13706
 445 034e A835     	 .short 13736
 446 0350 C635     	 .short 13766
 447 0352 E535     	 .short 13797
 448 0354 0336     	 .short 13827
 449 0356 2236     	 .short 13858
 450 0358 4036     	 .short 13888
 451 035a 5E36     	 .short 13918
 452 035c 7D36     	 .short 13949
 453 035e 9B36     	 .short 13979
 454 0360 B936     	 .short 14009
 455 0362 D736     	 .short 14039
 456 0364 F636     	 .short 14070
 457 0366 1437     	 .short 14100
 458 0368 3237     	 .short 14130
 459 036a 5037     	 .short 14160
 460 036c 6F37     	 .short 14191
 461 036e 8D37     	 .short 14221
 462 0370 AB37     	 .short 14251
 463 0372 C937     	 .short 14281
 464 0374 E737     	 .short 14311
 465 0376 0638     	 .short 14342
 466 0378 2438     	 .short 14372
 467 037a 4238     	 .short 14402
 468 037c 6038     	 .short 14432
 469 037e 7E38     	 .short 14462
 470 0380 9C38     	 .short 14492
 471 0382 BA38     	 .short 14522
 472 0384 D838     	 .short 14552
 473 0386 F638     	 .short 14582
 474 0388 1439     	 .short 14612
 475 038a 3239     	 .short 14642
 476 038c 5039     	 .short 14672
 477 038e 6E39     	 .short 14702
 478 0390 8C39     	 .short 14732
 479 0392 AA39     	 .short 14762
 480 0394 C839     	 .short 14792
 481 0396 E639     	 .short 14822
 482 0398 043A     	 .short 14852
 483 039a 213A     	 .short 14881
 484 039c 3F3A     	 .short 14911
 485 039e 5D3A     	 .short 14941
 486 03a0 7B3A     	 .short 14971
 487 03a2 993A     	 .short 15001
 488 03a4 B63A     	 .short 15030
 489 03a6 D43A     	 .short 15060
 490 03a8 F23A     	 .short 15090
 491 03aa 103B     	 .short 15120
 492 03ac 2D3B     	 .short 15149
 493 03ae 4B3B     	 .short 15179
 494 03b0 693B     	 .short 15209
 495 03b2 863B     	 .short 15238
 496 03b4 A43B     	 .short 15268
 497 03b6 C23B     	 .short 15298
 498 03b8 DF3B     	 .short 15327
 499 03ba FD3B     	 .short 15357
 500 03bc 1B3C     	 .short 15387
 501 03be 383C     	 .short 15416
 502 03c0 563C     	 .short 15446
 503 03c2 733C     	 .short 15475
 504 03c4 913C     	 .short 15505
 505 03c6 AE3C     	 .short 15534
 506 03c8 CC3C     	 .short 15564
 507 03ca E93C     	 .short 15593
 508 03cc 073D     	 .short 15623
 509 03ce 243D     	 .short 15652
 510 03d0 423D     	 .short 15682
 511 03d2 5F3D     	 .short 15711
 512 03d4 7C3D     	 .short 15740
 513 03d6 9A3D     	 .short 15770
 514 03d8 B73D     	 .short 15799
 515 03da D53D     	 .short 15829
 516 03dc F23D     	 .short 15858
 517 03de 0F3E     	 .short 15887
 518 03e0 2C3E     	 .short 15916
 519 03e2 4A3E     	 .short 15946
 520 03e4 673E     	 .short 15975
 521 03e6 843E     	 .short 16004
 522 03e8 A23E     	 .short 16034
 523 03ea BF3E     	 .short 16063
 524 03ec DC3E     	 .short 16092
 525 03ee F93E     	 .short 16121
 526 03f0 163F     	 .short 16150
 527 03f2 333F     	 .short 16179
 528 03f4 513F     	 .short 16209
 529 03f6 6E3F     	 .short 16238
 530 03f8 8B3F     	 .short 16267
 531 03fa A83F     	 .short 16296
 532 03fc C53F     	 .short 16325
 533 03fe E23F     	 .short 16354
 534 0400 FF3F     	 .short 16383
 535 0402 1C40     	 .short 16412
 536 0404 3940     	 .short 16441
 537 0406 5640     	 .short 16470
 538 0408 7340     	 .short 16499
 539 040a 9040     	 .short 16528
 540 040c AD40     	 .short 16557
 541 040e CA40     	 .short 16586
 542 0410 E740     	 .short 16615
 543 0412 0341     	 .short 16643
 544 0414 2041     	 .short 16672
 545 0416 3D41     	 .short 16701
 546 0418 5A41     	 .short 16730
 547 041a 7741     	 .short 16759
 548 041c 9441     	 .short 16788
 549 041e B041     	 .short 16816
 550 0420 CD41     	 .short 16845
 551 0422 EA41     	 .short 16874
 552 0424 0742     	 .short 16903
 553 0426 2342     	 .short 16931
 554 0428 4042     	 .short 16960
 555 042a 5D42     	 .short 16989
 556 042c 7942     	 .short 17017
 557 042e 9642     	 .short 17046
 558 0430 B242     	 .short 17074
 559 0432 CF42     	 .short 17103
 560 0434 EC42     	 .short 17132
 561 0436 0843     	 .short 17160
 562 0438 2543     	 .short 17189
 563 043a 4143     	 .short 17217
 564 043c 5E43     	 .short 17246
 565 043e 7A43     	 .short 17274
 566 0440 9743     	 .short 17303
 567 0442 B343     	 .short 17331
 568 0444 D043     	 .short 17360
 569 0446 EC43     	 .short 17388
 570 0448 0844     	 .short 17416
 571 044a 2544     	 .short 17445
 572 044c 4144     	 .short 17473
 573 044e 5D44     	 .short 17501
 574 0450 7A44     	 .short 17530
 575 0452 9644     	 .short 17558
 576 0454 B244     	 .short 17586
 577 0456 CF44     	 .short 17615
 578 0458 EB44     	 .short 17643
 579 045a 0745     	 .short 17671
 580 045c 2345     	 .short 17699
 581 045e 3F45     	 .short 17727
 582 0460 5C45     	 .short 17756
 583 0462 7845     	 .short 17784
 584 0464 9445     	 .short 17812
 585 0466 B045     	 .short 17840
 586 0468 CC45     	 .short 17868
 587 046a E845     	 .short 17896
 588 046c 0446     	 .short 17924
 589 046e 2046     	 .short 17952
 590 0470 3C46     	 .short 17980
 591 0472 5846     	 .short 18008
 592 0474 7446     	 .short 18036
 593 0476 9046     	 .short 18064
 594 0478 AC46     	 .short 18092
 595 047a C846     	 .short 18120
 596 047c E446     	 .short 18148
 597 047e 0047     	 .short 18176
 598 0480 1C47     	 .short 18204
 599 0482 3847     	 .short 18232
 600 0484 5447     	 .short 18260
 601 0486 6F47     	 .short 18287
 602 0488 8B47     	 .short 18315
 603 048a A747     	 .short 18343
 604 048c C347     	 .short 18371
 605 048e DE47     	 .short 18398
 606 0490 FA47     	 .short 18426
 607 0492 1648     	 .short 18454
 608 0494 3248     	 .short 18482
 609 0496 4D48     	 .short 18509
 610 0498 6948     	 .short 18537
 611 049a 8448     	 .short 18564
 612 049c A048     	 .short 18592
 613 049e BC48     	 .short 18620
 614 04a0 D748     	 .short 18647
 615 04a2 F348     	 .short 18675
 616 04a4 0E49     	 .short 18702
 617 04a6 2A49     	 .short 18730
 618 04a8 4549     	 .short 18757
 619 04aa 6149     	 .short 18785
 620 04ac 7C49     	 .short 18812
 621 04ae 9849     	 .short 18840
 622 04b0 B349     	 .short 18867
 623 04b2 CE49     	 .short 18894
 624 04b4 EA49     	 .short 18922
 625 04b6 054A     	 .short 18949
 626 04b8 204A     	 .short 18976
 627 04ba 3C4A     	 .short 19004
 628 04bc 574A     	 .short 19031
 629 04be 724A     	 .short 19058
 630 04c0 8E4A     	 .short 19086
 631 04c2 A94A     	 .short 19113
 632 04c4 C44A     	 .short 19140
 633 04c6 DF4A     	 .short 19167
 634 04c8 FA4A     	 .short 19194
 635 04ca 154B     	 .short 19221
 636 04cc 314B     	 .short 19249
 637 04ce 4C4B     	 .short 19276
 638 04d0 674B     	 .short 19303
 639 04d2 824B     	 .short 19330
 640 04d4 9D4B     	 .short 19357
 641 04d6 B84B     	 .short 19384
 642 04d8 D34B     	 .short 19411
 643 04da EE4B     	 .short 19438
 644 04dc 094C     	 .short 19465
 645 04de 244C     	 .short 19492
 646 04e0 3F4C     	 .short 19519
 647 04e2 5A4C     	 .short 19546
 648 04e4 754C     	 .short 19573
 649 04e6 8F4C     	 .short 19599
 650 04e8 AA4C     	 .short 19626
 651 04ea C54C     	 .short 19653
 652 04ec E04C     	 .short 19680
 653 04ee FB4C     	 .short 19707
 654 04f0 154D     	 .short 19733
 655 04f2 304D     	 .short 19760
 656 04f4 4B4D     	 .short 19787
 657 04f6 664D     	 .short 19814
 658 04f8 804D     	 .short 19840
 659 04fa 9B4D     	 .short 19867
 660 04fc B64D     	 .short 19894
 661 04fe D04D     	 .short 19920
 662 0500 EB4D     	 .short 19947
 663 0502 054E     	 .short 19973
 664 0504 204E     	 .short 20000
 665 0506 3A4E     	 .short 20026
 666 0508 554E     	 .short 20053
 667 050a 6F4E     	 .short 20079
 668 050c 8A4E     	 .short 20106
 669 050e A44E     	 .short 20132
 670 0510 BF4E     	 .short 20159
 671 0512 D94E     	 .short 20185
 672 0514 F44E     	 .short 20212
 673 0516 0E4F     	 .short 20238
 674 0518 284F     	 .short 20264
 675 051a 434F     	 .short 20291
 676 051c 5D4F     	 .short 20317
 677 051e 774F     	 .short 20343
 678 0520 914F     	 .short 20369
 679 0522 AC4F     	 .short 20396
 680 0524 C64F     	 .short 20422
 681 0526 E04F     	 .short 20448
 682 0528 FA4F     	 .short 20474
 683 052a 1450     	 .short 20500
 684 052c 2F50     	 .short 20527
 685 052e 4950     	 .short 20553
 686 0530 6350     	 .short 20579
 687 0532 7D50     	 .short 20605
 688 0534 9750     	 .short 20631
 689 0536 B150     	 .short 20657
 690 0538 CB50     	 .short 20683
 691 053a E550     	 .short 20709
 692 053c FF50     	 .short 20735
 693 053e 1951     	 .short 20761
 694 0540 3351     	 .short 20787
 695 0542 4D51     	 .short 20813
 696 0544 6651     	 .short 20838
 697 0546 8051     	 .short 20864
 698 0548 9A51     	 .short 20890
 699 054a B451     	 .short 20916
 700 054c CE51     	 .short 20942
 701 054e E751     	 .short 20967
 702 0550 0152     	 .short 20993
 703 0552 1B52     	 .short 21019
 704 0554 3552     	 .short 21045
 705 0556 4E52     	 .short 21070
 706 0558 6852     	 .short 21096
 707 055a 8252     	 .short 21122
 708 055c 9B52     	 .short 21147
 709 055e B552     	 .short 21173
 710 0560 CE52     	 .short 21198
 711 0562 E852     	 .short 21224
 712 0564 0153     	 .short 21249
 713 0566 1B53     	 .short 21275
 714 0568 3453     	 .short 21300
 715 056a 4E53     	 .short 21326
 716 056c 6753     	 .short 21351
 717 056e 8153     	 .short 21377
 718 0570 9A53     	 .short 21402
 719 0572 B353     	 .short 21427
 720 0574 CD53     	 .short 21453
 721 0576 E653     	 .short 21478
 722 0578 FF53     	 .short 21503
 723 057a 1954     	 .short 21529
 724 057c 3254     	 .short 21554
 725 057e 4B54     	 .short 21579
 726 0580 6454     	 .short 21604
 727 0582 7D54     	 .short 21629
 728 0584 9754     	 .short 21655
 729 0586 B054     	 .short 21680
 730 0588 C954     	 .short 21705
 731 058a E254     	 .short 21730
 732 058c FB54     	 .short 21755
 733 058e 1455     	 .short 21780
 734 0590 2D55     	 .short 21805
 735 0592 4655     	 .short 21830
 736 0594 5F55     	 .short 21855
 737 0596 7855     	 .short 21880
 738 0598 9155     	 .short 21905
 739 059a AA55     	 .short 21930
 740 059c C355     	 .short 21955
 741 059e DC55     	 .short 21980
 742 05a0 F455     	 .short 22004
 743 05a2 0D56     	 .short 22029
 744 05a4 2656     	 .short 22054
 745 05a6 3F56     	 .short 22079
 746 05a8 5856     	 .short 22104
 747 05aa 7056     	 .short 22128
 748 05ac 8956     	 .short 22153
 749 05ae A256     	 .short 22178
 750 05b0 BA56     	 .short 22202
 751 05b2 D356     	 .short 22227
 752 05b4 EC56     	 .short 22252
 753 05b6 0457     	 .short 22276
 754 05b8 1D57     	 .short 22301
 755 05ba 3557     	 .short 22325
 756 05bc 4E57     	 .short 22350
 757 05be 6657     	 .short 22374
 758 05c0 7F57     	 .short 22399
 759 05c2 9757     	 .short 22423
 760 05c4 B057     	 .short 22448
 761 05c6 C857     	 .short 22472
 762 05c8 E057     	 .short 22496
 763 05ca F957     	 .short 22521
 764 05cc 1158     	 .short 22545
 765 05ce 2958     	 .short 22569
 766 05d0 4258     	 .short 22594
 767 05d2 5A58     	 .short 22618
 768 05d4 7258     	 .short 22642
 769 05d6 8A58     	 .short 22666
 770 05d8 A358     	 .short 22691
 771 05da BB58     	 .short 22715
 772 05dc D358     	 .short 22739
 773 05de EB58     	 .short 22763
 774 05e0 0359     	 .short 22787
 775 05e2 1B59     	 .short 22811
 776 05e4 3359     	 .short 22835
 777 05e6 4B59     	 .short 22859
 778 05e8 6359     	 .short 22883
 779 05ea 7B59     	 .short 22907
 780 05ec 9359     	 .short 22931
 781 05ee AB59     	 .short 22955
 782 05f0 C359     	 .short 22979
 783 05f2 DB59     	 .short 23003
 784 05f4 F359     	 .short 23027
 785 05f6 0A5A     	 .short 23050
 786 05f8 225A     	 .short 23074
 787 05fa 3A5A     	 .short 23098
 788 05fc 525A     	 .short 23122
 789 05fe 6A5A     	 .short 23146
 790 0600 815A     	 .short 23169
 791 0602 995A     	 .short 23193
 792 0604 B15A     	 .short 23217
 793 0606 C85A     	 .short 23240
 794 0608 E05A     	 .short 23264
 795 060a F75A     	 .short 23287
 796 060c 0F5B     	 .short 23311
 797 060e 275B     	 .short 23335
 798 0610 3E5B     	 .short 23358
 799 0612 565B     	 .short 23382
 800 0614 6D5B     	 .short 23405
 801 0616 845B     	 .short 23428
 802 0618 9C5B     	 .short 23452
 803 061a B35B     	 .short 23475
 804 061c CB5B     	 .short 23499
 805 061e E25B     	 .short 23522
 806 0620 F95B     	 .short 23545
 807 0622 115C     	 .short 23569
 808 0624 285C     	 .short 23592
 809 0626 3F5C     	 .short 23615
 810 0628 565C     	 .short 23638
 811 062a 6D5C     	 .short 23661
 812 062c 855C     	 .short 23685
 813 062e 9C5C     	 .short 23708
 814 0630 B35C     	 .short 23731
 815 0632 CA5C     	 .short 23754
 816 0634 E15C     	 .short 23777
 817 0636 F85C     	 .short 23800
 818 0638 0F5D     	 .short 23823
 819 063a 265D     	 .short 23846
 820 063c 3D5D     	 .short 23869
 821 063e 545D     	 .short 23892
 822 0640 6B5D     	 .short 23915
 823 0642 825D     	 .short 23938
 824 0644 995D     	 .short 23961
 825 0646 B05D     	 .short 23984
 826 0648 C65D     	 .short 24006
 827 064a DD5D     	 .short 24029
 828 064c F45D     	 .short 24052
 829 064e 0B5E     	 .short 24075
 830 0650 215E     	 .short 24097
 831 0652 385E     	 .short 24120
 832 0654 4F5E     	 .short 24143
 833 0656 655E     	 .short 24165
 834 0658 7C5E     	 .short 24188
 835 065a 935E     	 .short 24211
 836 065c A95E     	 .short 24233
 837 065e C05E     	 .short 24256
 838 0660 D65E     	 .short 24278
 839 0662 ED5E     	 .short 24301
 840 0664 035F     	 .short 24323
 841 0666 1A5F     	 .short 24346
 842 0668 305F     	 .short 24368
 843 066a 465F     	 .short 24390
 844 066c 5D5F     	 .short 24413
 845 066e 735F     	 .short 24435
 846 0670 895F     	 .short 24457
 847 0672 A05F     	 .short 24480
 848 0674 B65F     	 .short 24502
 849 0676 CC5F     	 .short 24524
 850 0678 E25F     	 .short 24546
 851 067a F95F     	 .short 24569
 852 067c 0F60     	 .short 24591
 853 067e 2560     	 .short 24613
 854 0680 3B60     	 .short 24635
 855 0682 5160     	 .short 24657
 856 0684 6760     	 .short 24679
 857 0686 7D60     	 .short 24701
 858 0688 9360     	 .short 24723
 859 068a A960     	 .short 24745
 860 068c BF60     	 .short 24767
 861 068e D560     	 .short 24789
 862 0690 EB60     	 .short 24811
 863 0692 0161     	 .short 24833
 864 0694 1761     	 .short 24855
 865 0696 2C61     	 .short 24876
 866 0698 4261     	 .short 24898
 867 069a 5861     	 .short 24920
 868 069c 6E61     	 .short 24942
 869 069e 8461     	 .short 24964
 870 06a0 9961     	 .short 24985
 871 06a2 AF61     	 .short 25007
 872 06a4 C561     	 .short 25029
 873 06a6 DA61     	 .short 25050
 874 06a8 F061     	 .short 25072
 875 06aa 0562     	 .short 25093
 876 06ac 1B62     	 .short 25115
 877 06ae 3062     	 .short 25136
 878 06b0 4662     	 .short 25158
 879 06b2 5B62     	 .short 25179
 880 06b4 7162     	 .short 25201
 881 06b6 8662     	 .short 25222
 882 06b8 9B62     	 .short 25243
 883 06ba B162     	 .short 25265
 884 06bc C662     	 .short 25286
 885 06be DB62     	 .short 25307
 886 06c0 F162     	 .short 25329
 887 06c2 0663     	 .short 25350
 888 06c4 1B63     	 .short 25371
 889 06c6 3063     	 .short 25392
 890 06c8 4663     	 .short 25414
 891 06ca 5B63     	 .short 25435
 892 06cc 7063     	 .short 25456
 893 06ce 8563     	 .short 25477
 894 06d0 9A63     	 .short 25498
 895 06d2 AF63     	 .short 25519
 896 06d4 C463     	 .short 25540
 897 06d6 D963     	 .short 25561
 898 06d8 EE63     	 .short 25582
 899 06da 0364     	 .short 25603
 900 06dc 1864     	 .short 25624
 901 06de 2D64     	 .short 25645
 902 06e0 4164     	 .short 25665
 903 06e2 5664     	 .short 25686
 904 06e4 6B64     	 .short 25707
 905 06e6 8064     	 .short 25728
 906 06e8 9564     	 .short 25749
 907 06ea A964     	 .short 25769
 908 06ec BE64     	 .short 25790
 909 06ee D364     	 .short 25811
 910 06f0 E764     	 .short 25831
 911 06f2 FC64     	 .short 25852
 912 06f4 1065     	 .short 25872
 913 06f6 2565     	 .short 25893
 914 06f8 3965     	 .short 25913
 915 06fa 4E65     	 .short 25934
 916 06fc 6265     	 .short 25954
 917 06fe 7765     	 .short 25975
 918 0700 8B65     	 .short 25995
 919 0702 A065     	 .short 26016
 920 0704 B465     	 .short 26036
 921 0706 C865     	 .short 26056
 922 0708 DD65     	 .short 26077
 923 070a F165     	 .short 26097
 924 070c 0566     	 .short 26117
 925 070e 1966     	 .short 26137
 926 0710 2E66     	 .short 26158
 927 0712 4266     	 .short 26178
 928 0714 5666     	 .short 26198
 929 0716 6A66     	 .short 26218
 930 0718 7E66     	 .short 26238
 931 071a 9266     	 .short 26258
 932 071c A666     	 .short 26278
 933 071e BA66     	 .short 26298
 934 0720 CE66     	 .short 26318
 935 0722 E266     	 .short 26338
 936 0724 F666     	 .short 26358
 937 0726 0A67     	 .short 26378
 938 0728 1E67     	 .short 26398
 939 072a 3267     	 .short 26418
 940 072c 4567     	 .short 26437
 941 072e 5967     	 .short 26457
 942 0730 6D67     	 .short 26477
 943 0732 8167     	 .short 26497
 944 0734 9467     	 .short 26516
 945 0736 A867     	 .short 26536
 946 0738 BC67     	 .short 26556
 947 073a CF67     	 .short 26575
 948 073c E367     	 .short 26595
 949 073e F667     	 .short 26614
 950 0740 0A68     	 .short 26634
 951 0742 1E68     	 .short 26654
 952 0744 3168     	 .short 26673
 953 0746 4468     	 .short 26692
 954 0748 5868     	 .short 26712
 955 074a 6B68     	 .short 26731
 956 074c 7F68     	 .short 26751
 957 074e 9268     	 .short 26770
 958 0750 A568     	 .short 26789
 959 0752 B968     	 .short 26809
 960 0754 CC68     	 .short 26828
 961 0756 DF68     	 .short 26847
 962 0758 F268     	 .short 26866
 963 075a 0569     	 .short 26885
 964 075c 1969     	 .short 26905
 965 075e 2C69     	 .short 26924
 966 0760 3F69     	 .short 26943
 967 0762 5269     	 .short 26962
 968 0764 6569     	 .short 26981
 969 0766 7869     	 .short 27000
 970 0768 8B69     	 .short 27019
 971 076a 9E69     	 .short 27038
 972 076c B169     	 .short 27057
 973 076e C469     	 .short 27076
 974 0770 D669     	 .short 27094
 975 0772 E969     	 .short 27113
 976 0774 FC69     	 .short 27132
 977 0776 0F6A     	 .short 27151
 978 0778 226A     	 .short 27170
 979 077a 346A     	 .short 27188
 980 077c 476A     	 .short 27207
 981 077e 5A6A     	 .short 27226
 982 0780 6C6A     	 .short 27244
 983 0782 7F6A     	 .short 27263
 984 0784 916A     	 .short 27281
 985 0786 A46A     	 .short 27300
 986 0788 B66A     	 .short 27318
 987 078a C96A     	 .short 27337
 988 078c DB6A     	 .short 27355
 989 078e EE6A     	 .short 27374
 990 0790 006B     	 .short 27392
 991 0792 136B     	 .short 27411
 992 0794 256B     	 .short 27429
 993 0796 376B     	 .short 27447
 994 0798 4A6B     	 .short 27466
 995 079a 5C6B     	 .short 27484
 996 079c 6E6B     	 .short 27502
 997 079e 806B     	 .short 27520
 998 07a0 926B     	 .short 27538
 999 07a2 A56B     	 .short 27557
 1000 07a4 B76B     	 .short 27575
 1001 07a6 C96B     	 .short 27593
 1002 07a8 DB6B     	 .short 27611
 1003 07aa ED6B     	 .short 27629
 1004 07ac FF6B     	 .short 27647
 1005 07ae 116C     	 .short 27665
 1006 07b0 236C     	 .short 27683
 1007 07b2 356C     	 .short 27701
 1008 07b4 476C     	 .short 27719
 1009 07b6 586C     	 .short 27736
 1010 07b8 6A6C     	 .short 27754
 1011 07ba 7C6C     	 .short 27772
 1012 07bc 8E6C     	 .short 27790
 1013 07be A06C     	 .short 27808
 1014 07c0 B16C     	 .short 27825
 1015 07c2 C36C     	 .short 27843
 1016 07c4 D56C     	 .short 27861
 1017 07c6 E66C     	 .short 27878
 1018 07c8 F86C     	 .short 27896
 1019 07ca 096D     	 .short 27913
 1020 07cc 1B6D     	 .short 27931
 1021 07ce 2C6D     	 .short 27948
 1022 07d0 3E6D     	 .short 27966
 1023 07d2 4F6D     	 .short 27983
 1024 07d4 616D     	 .short 28001
 1025 07d6 726D     	 .short 28018
 1026 07d8 846D     	 .short 28036
 1027 07da 956D     	 .short 28053
 1028 07dc A66D     	 .short 28070
 1029 07de B76D     	 .short 28087
 1030 07e0 C96D     	 .short 28105
 1031 07e2 DA6D     	 .short 28122
 1032 07e4 EB6D     	 .short 28139
 1033 07e6 FC6D     	 .short 28156
 1034 07e8 0D6E     	 .short 28173
 1035 07ea 1E6E     	 .short 28190
 1036 07ec 306E     	 .short 28208
 1037 07ee 416E     	 .short 28225
 1038 07f0 526E     	 .short 28242
 1039 07f2 636E     	 .short 28259
 1040 07f4 736E     	 .short 28275
 1041 07f6 846E     	 .short 28292
 1042 07f8 956E     	 .short 28309
 1043 07fa A66E     	 .short 28326
 1044 07fc B76E     	 .short 28343
 1045 07fe C86E     	 .short 28360
 1046 0800 D96E     	 .short 28377
 1047              	 .ident "GCC: (GNU Tools for ARM Embedded Processors) 4.9.3 20141119 (release) [ARM/embedded-4_9-branch revision 218278]"
DEFINED SYMBOLS
                            *ABS*:00000000 pwm_svm_table.c
    {standard input}:21     .rodata.Sinus60_tab:00000000 Sinus60_tab
    {standard input}:18     .rodata.Sinus60_tab:00000000 $d

NO UNDEFINED SYMBOLS
