   1              	 .syntax unified
   2              	 .cpu cortex-m4
   3              	 .eabi_attribute 27,3
   4              	 .fpu fpv4-sp-d16
   5              	 .eabi_attribute 20,1
   6              	 .eabi_attribute 21,1
   7              	 .eabi_attribute 23,3
   8              	 .eabi_attribute 24,1
   9              	 .eabi_attribute 25,1
  10              	 .eabi_attribute 26,1
  11              	 .eabi_attribute 30,4
  12              	 .eabi_attribute 34,1
  13              	 .eabi_attribute 18,4
  14              	 .thumb
  15              	 .file "pin_interrupt.c"
  16              	 .section .text.PIN_INTERRUPT_GetAppVersion,"ax",%progbits
  17              	 .align 1
  18              	 .global PIN_INTERRUPT_GetAppVersion
  19              	 .thumb
  20              	 .thumb_func
  22              	PIN_INTERRUPT_GetAppVersion:
  23              	 
  24              	 
  25              	 
  26 0000 0023     	 movs r3,#0
  27 0002 1846     	 mov r0,r3
  28 0004 0422     	 movs r2,#4
  29 0006 62F30700 	 bfi r0,r2,#0,#8
  30 000a 63F30F20 	 bfi r0,r3,#8,#8
  31 000e 0223     	 movs r3,#2
  32 0010 63F31740 	 bfi r0,r3,#16,#8
  33 0014 82B0     	 sub sp,sp,#8
  34 0016 02B0     	 add sp,sp,#8
  35              	 
  36 0018 7047     	 bx lr
  38              	 .section .text.PIN_INTERRUPT_Init,"ax",%progbits
  39              	 .align 1
  40              	 .global PIN_INTERRUPT_Init
  41              	 .thumb
  42              	 .thumb_func
  44              	PIN_INTERRUPT_Init:
  45              	 
  46              	 
  47 0000 F8B5     	 push {r3,r4,r5,r6,r7,lr}
  48 0002 0446     	 mov r4,r0
  49 0004 04F10802 	 add r2,r4,#8
  50 0008 4068     	 ldr r0,[r0,#4]
  51 000a 94F82110 	 ldrb r1,[r4,#33]
  52 000e FFF7FEFF 	 bl XMC_GPIO_Init
  53 0012 2068     	 ldr r0,[r4]
  54 0014 E17F     	 ldrb r1,[r4,#31]
  55 0016 04F11402 	 add r2,r4,#20
  56 001a FFF7FEFF 	 bl XMC_ERU_ETL_Init
  57 001e 94F82010 	 ldrb r1,[r4,#32]
  58 0022 2068     	 ldr r0,[r4]
  59 0024 0122     	 movs r2,#1
  60 0026 FFF7FEFF 	 bl XMC_ERU_OGU_SetServiceRequestMode
  61 002a 224B     	 ldr r3,.L12
  62 002c 257F     	 ldrb r5,[r4,#28]
  63 002e D968     	 ldr r1,[r3,#12]
  64 0030 627F     	 ldrb r2,[r4,#29]
  65 0032 A77F     	 ldrb r7,[r4,#30]
  66 0034 C1F30221 	 ubfx r1,r1,#8,#3
  67 0038 C1F1070E 	 rsb lr,r1,#7
  68 003c BEF1060F 	 cmp lr,#6
  69 0040 28BF     	 it cs
  70 0042 4FF0060E 	 movcs lr,#6
  71 0046 01B1     	 cbz r1,.L3
  72 0048 0139     	 subs r1,r1,#1
  73              	.L3:
  74 004a 0120     	 movs r0,#1
  75 004c 00FA01F3 	 lsl r3,r0,r1
  76 0050 013B     	 subs r3,r3,#1
  77 0052 00FA0EF0 	 lsl r0,r0,lr
  78 0056 03EA0706 	 and r6,r3,r7
  79 005a 431E     	 subs r3,r0,#1
  80 005c 1340     	 ands r3,r3,r2
  81 005e 8B40     	 lsls r3,r3,r1
  82 0060 6AB2     	 sxtb r2,r5
  83 0062 002A     	 cmp r2,#0
  84 0064 43EA0603 	 orr r3,r3,r6
  85 0068 4FEA8303 	 lsl r3,r3,#2
  86 006c AFBF     	 iteee ge
  87 006e 02F16042 	 addge r2,r2,#-536870912
  88 0072 05F00F05 	 andlt r5,r5,#15
  89 0076 104A     	 ldrlt r2,.L12+4
  90 0078 DBB2     	 uxtblt r3,r3
  91 007a A5BF     	 ittet ge
  92 007c 02F56142 	 addge r2,r2,#57600
  93 0080 DBB2     	 uxtbge r3,r3
  94 0082 5355     	 strblt r3,[r2,r5]
  95 0084 82F80033 	 strbge r3,[r2,#768]
  96 0088 94F82230 	 ldrb r3,[r4,#34]
  97 008c 83B1     	 cbz r3,.L6
  98 008e 227F     	 ldrb r2,[r4,#28]
  99 0090 53B2     	 sxtb r3,r2
 100 0092 002B     	 cmp r3,#0
 101 0094 0CDB     	 blt .L6
 102 0096 5B09     	 lsrs r3,r3,#5
 103 0098 9B00     	 lsls r3,r3,#2
 104 009a 03F16043 	 add r3,r3,#-536870912
 105 009e 02F01F01 	 and r1,r2,#31
 106 00a2 03F56143 	 add r3,r3,#57600
 107 00a6 0122     	 movs r2,#1
 108 00a8 8A40     	 lsls r2,r2,r1
 109 00aa C3F88021 	 str r2,[r3,#384]
 110 00ae 1A60     	 str r2,[r3]
 111              	.L6:
 112 00b0 0020     	 movs r0,#0
 113 00b2 F8BD     	 pop {r3,r4,r5,r6,r7,pc}
 114              	.L13:
 115              	 .align 2
 116              	.L12:
 117 00b4 00ED00E0 	 .word -536810240
 118 00b8 14ED00E0 	 .word -536810220
 120              	 .section .text.PIN_INTERRUPT_SetEdgeSensitivity,"ax",%progbits
 121              	 .align 1
 122              	 .global PIN_INTERRUPT_SetEdgeSensitivity
 123              	 .thumb
 124              	 .thumb_func
 126              	PIN_INTERRUPT_SetEdgeSensitivity:
 127              	 
 128              	 
 129              	 
 130 0000 0346     	 mov r3,r0
 131 0002 0A46     	 mov r2,r1
 132 0004 0068     	 ldr r0,[r0]
 133 0006 D97F     	 ldrb r1,[r3,#31]
 134 0008 FFF7FEBF 	 b XMC_ERU_ETL_SetEdgeDetection
 136              	 .section .text.PIN_INTERRUPT_GetEdgeSensitivity,"ax",%progbits
 137              	 .align 1
 138              	 .global PIN_INTERRUPT_GetEdgeSensitivity
 139              	 .thumb
 140              	 .thumb_func
 142              	PIN_INTERRUPT_GetEdgeSensitivity:
 143              	 
 144              	 
 145              	 
 146 0000 0346     	 mov r3,r0
 147 0002 0068     	 ldr r0,[r0]
 148 0004 D97F     	 ldrb r1,[r3,#31]
 149 0006 FFF7FEBF 	 b XMC_ERU_ETL_GetEdgeDetection
 151              	 .ident "GCC: (GNU Tools for ARM Embedded Processors) 4.9.3 20141119 (release) [ARM/embedded-4_9-branch revision 218278]"
DEFINED SYMBOLS
                            *ABS*:00000000 pin_interrupt.c
    {standard input}:17     .text.PIN_INTERRUPT_GetAppVersion:00000000 $t
    {standard input}:22     .text.PIN_INTERRUPT_GetAppVersion:00000000 PIN_INTERRUPT_GetAppVersion
    {standard input}:39     .text.PIN_INTERRUPT_Init:00000000 $t
    {standard input}:44     .text.PIN_INTERRUPT_Init:00000000 PIN_INTERRUPT_Init
    {standard input}:117    .text.PIN_INTERRUPT_Init:000000b4 $d
    {standard input}:121    .text.PIN_INTERRUPT_SetEdgeSensitivity:00000000 $t
    {standard input}:126    .text.PIN_INTERRUPT_SetEdgeSensitivity:00000000 PIN_INTERRUPT_SetEdgeSensitivity
    {standard input}:137    .text.PIN_INTERRUPT_GetEdgeSensitivity:00000000 $t
    {standard input}:142    .text.PIN_INTERRUPT_GetEdgeSensitivity:00000000 PIN_INTERRUPT_GetEdgeSensitivity

UNDEFINED SYMBOLS
XMC_GPIO_Init
XMC_ERU_ETL_Init
XMC_ERU_OGU_SetServiceRequestMode
XMC_ERU_ETL_SetEdgeDetection
XMC_ERU_ETL_GetEdgeDetection
