Jul 11, 2022 11:57:58 AM java.util.logging.LogManager$RootLogger log
INFO: Start of solver :getFeasiblePins() : Mon Jul 11 11:57:58 CEST 2022


Jul 11, 2022 11:57:58 AM java.util.logging.LogManager$RootLogger log
INFO: 
timeout(ask_feasible_mapping([reserved([ccu4,GLOBAL_CCU40sv0,global],'global_ccu4$01760137752$0'),
reserved([scu,_,gcu,ccu4_global_enable,GLOBAL_CCU40sv0],'global_ccu4$89752826$0'),
reserved([scu,0,ccu,config],'clock_xmc1$031780984$0'),
reserved([ccu4,_,cc4,_],'timer$844337652$0'),
reserved([p,0,pad,14],'cpu_ctrl_xmc1$1638132965$0'),
reserved([p,0,pad,15],'cpu_ctrl_xmc1$1638132966$0'),
reserved([cpu,0,exception,hardfault],'cpu_ctrl_xmc1$01591368925$0'),
reserved([cpu,0,nvic,interrupt,_],'interrupt$01436523993$0'),
reserved([cpu,0,nvic,interrupt,_],'pin_interrupt$371705443$0'),
reserved([p,_,pad,_],'pin_interrupt$01353729833$0'),
reserved([eru,_,ers_etl,_],'pin_interrupt$504037229$0'),
reserved([eru,_,ogu,_],'pin_interrupt$1919814214$0'),
reserved([devicepackage,0,_],'pin_interrupt$1126006561$0'),
uri([devicepackage,0,15],'pin_interrupt$1126006561$0'),
reserved([cpu,0,nvic,interrupt,_],'pin_interrupt$1725015140$1'),
reserved([p,_,pad,_],'pin_interrupt$01864264010$1'),
reserved([eru,_,ers_etl,_],'pin_interrupt$0340434642$1'),
reserved([eru,_,ogu,_],'pin_interrupt$0867601273$1'),
reserved([devicepackage,0,_],'pin_interrupt$0912049728$1'),
uri([devicepackage,0,17],'pin_interrupt$0912049728$1'),
reserved([cpu,0,nvic,interrupt,_],'pin_interrupt$01216642459$2'),
reserved([p,_,pad,_],'pin_interrupt$1920169109$2'),
reserved([eru,_,ers_etl,_],'pin_interrupt$01184906513$2'),
reserved([eru,_,ogu,_],'pin_interrupt$639950536$2'),
reserved([devicepackage,0,_],'pin_interrupt$1344861279$2'),
reserved([cpu,0,nvic,interrupt,_],'pin_interrupt$136667238$3'),
reserved([p,_,pad,_],'pin_interrupt$1409634932$3'),
reserved([eru,_,ers_etl,_],'pin_interrupt$02029378384$3'),
reserved([eru,_,ogu,_],'pin_interrupt$02147464951$3'),
reserved([devicepackage,0,_],'pin_interrupt$0693195010$3'),
reserved([p,BUS_IO0sv0,pad,_],'bus_io$220146366$0'),
reserved([p,BUS_IO0sv1,pad,_],'bus_io$220146367$0'),
reserved([p,BUS_IO0sv2,pad,_],'bus_io$220146368$0'),
reserved([devicepackage,0,_],'bus_io$0834710442$0'),
uri([devicepackage,0,30],'bus_io$0834710442$0'),
reserved([devicepackage,0,_],'bus_io$0834710441$0'),
uri([devicepackage,0,29],'bus_io$0834710441$0'),
reserved([devicepackage,0,_],'bus_io$0834710440$0'),
uri([devicepackage,0,28],'bus_io$0834710440$0'),
reserved([can,_,global],'global_can$0435288881$0'),
reserved([p,_,pad,_],'can_node$0829860$0'),
reserved([p,_,pad,_],'can_node$0829798$0'),
reserved([can,_,node,_],'can_node$1758010900$0'),
reserved([can,_,mo,_],'can_node$01337162187$0'),
reserved([can,_,mo,_],'can_node$01337162186$0'),
reserved([devicepackage,0,_],'can_node$788881170$0'),
uri([devicepackage,0,5],'can_node$788881170$0'),
reserved([devicepackage,0,_],'can_node$788881232$0'),
uri([devicepackage,0,6],'can_node$788881232$0'),
reserved([ccu4,_,cc4,_],'timer$333803475$1'),
reserved([cpu,0,nvic,interrupt,_],'interrupt$01947058170$1'),
reserved([wdt,_,wdt],'watchdog$01377860412$0'),
reserved([scu,_,gcu,interrupt,prewarn],'watchdog$1073827010$0'),
reserved([p,DIGITAL_IO0sv0,pad,_],'digital_io$01383135420$0'),
reserved([devicepackage,0,_],'digital_io$36800462$0'),
uri([devicepackage,0,59],'digital_io$36800462$0'),
reserved([cpu,0,nvic,interrupt,_],'interrupt$1837374949$2'),
signal('global_ccu4$01760137752$0',global_signal,'global_ccu4$01760137752$0$global_signal'),
signal('global_ccu4$01760137752$0',clk,'global_ccu4$01760137752$0$clk'),
signal('global_ccu4$89752826$0',gsc_enable,'global_ccu4$89752826$0$gsc_enable'),
signal('clock_xmc1$031780984$0',frtc,'clock_xmc1$031780984$0$frtc'),
signal('clock_xmc1$031780984$0',dco2_clk,'clock_xmc1$031780984$0$dco2_clk'),
signal('clock_xmc1$031780984$0',osc_lp_clk,'clock_xmc1$031780984$0$osc_lp_clk'),
signal('clock_xmc1$031780984$0',osc_hp_xtal1,'clock_xmc1$031780984$0$osc_hp_xtal1'),
signal('clock_xmc1$031780984$0',osc_hp_xtal2,'clock_xmc1$031780984$0$osc_hp_xtal2'),
signal('clock_xmc1$031780984$0',osc_lp_xtal1,'clock_xmc1$031780984$0$osc_lp_xtal1'),
signal('clock_xmc1$031780984$0',osc_lp_xtal2,'clock_xmc1$031780984$0$osc_lp_xtal2'),
signal('timer$844337652$0',pmus_omds,'timer$844337652$0$pmus_omds'),
signal('timer$844337652$0',global_signal,'timer$844337652$0$global_signal'),
signal('interrupt$01436523993$0',signal_in,'interrupt$01436523993$0$signal_in'),
signal('pin_interrupt$504037229$0',PIN_INTERRUPT0sv0,'pin_interrupt$504037229$0$PIN_INTERRUPT0sv0'),
signal('pin_interrupt$01353729833$0',pad,'pin_interrupt$01353729833$0$pad'),
signal('pin_interrupt$504037229$0',tr,'pin_interrupt$504037229$0$tr'),
signal('pin_interrupt$1919814214$0',trin,'pin_interrupt$1919814214$0$trin'),
signal('pin_interrupt$1919814214$0',iout,'pin_interrupt$1919814214$0$iout'),
signal('pin_interrupt$371705443$0',signal_in,'pin_interrupt$371705443$0$signal_in'),
signal('pin_interrupt$1126006561$0',pin,'pin_interrupt$1126006561$0$pin'),
signal('pin_interrupt$0340434642$1',PIN_INTERRUPT1sv0,'pin_interrupt$0340434642$1$PIN_INTERRUPT1sv0'),
signal('pin_interrupt$01864264010$1',pad,'pin_interrupt$01864264010$1$pad'),
signal('pin_interrupt$0340434642$1',tr,'pin_interrupt$0340434642$1$tr'),
signal('pin_interrupt$0867601273$1',trin,'pin_interrupt$0867601273$1$trin'),
signal('pin_interrupt$0867601273$1',iout,'pin_interrupt$0867601273$1$iout'),
signal('pin_interrupt$1725015140$1',signal_in,'pin_interrupt$1725015140$1$signal_in'),
signal('pin_interrupt$0912049728$1',pin,'pin_interrupt$0912049728$1$pin'),
signal('pin_interrupt$01184906513$2',PIN_INTERRUPT2sv0,'pin_interrupt$01184906513$2$PIN_INTERRUPT2sv0'),
signal('pin_interrupt$1920169109$2',pad,'pin_interrupt$1920169109$2$pad'),
signal('pin_interrupt$01184906513$2',tr,'pin_interrupt$01184906513$2$tr'),
signal('pin_interrupt$639950536$2',trin,'pin_interrupt$639950536$2$trin'),
signal('pin_interrupt$639950536$2',iout,'pin_interrupt$639950536$2$iout'),
signal('pin_interrupt$01216642459$2',signal_in,'pin_interrupt$01216642459$2$signal_in'),
signal('pin_interrupt$1344861279$2',pin,'pin_interrupt$1344861279$2$pin'),
signal('pin_interrupt$02029378384$3',PIN_INTERRUPT3sv0,'pin_interrupt$02029378384$3$PIN_INTERRUPT3sv0'),
signal('pin_interrupt$1409634932$3',pad,'pin_interrupt$1409634932$3$pad'),
signal('pin_interrupt$02029378384$3',tr,'pin_interrupt$02029378384$3$tr'),
signal('pin_interrupt$02147464951$3',trin,'pin_interrupt$02147464951$3$trin'),
signal('pin_interrupt$02147464951$3',iout,'pin_interrupt$02147464951$3$iout'),
signal('pin_interrupt$136667238$3',signal_in,'pin_interrupt$136667238$3$signal_in'),
signal('pin_interrupt$0693195010$3',pin,'pin_interrupt$0693195010$3$pin'),
signal('bus_io$220146366$0',pad,'bus_io$220146366$0$pad'),
signal('bus_io$220146367$0',pad,'bus_io$220146367$0$pad'),
signal('bus_io$220146368$0',pad,'bus_io$220146368$0$pad'),
signal('bus_io$0834710442$0',pin,'bus_io$0834710442$0$pin'),
signal('bus_io$0834710441$0',pin,'bus_io$0834710441$0$pin'),
signal('bus_io$0834710440$0',pin,'bus_io$0834710440$0$pin'),
signal('can_node$1758010900$0',rxd,'can_node$1758010900$0$rxd'),
signal('can_node$1758010900$0',txd,'can_node$1758010900$0$txd'),
signal('can_node$0829860$0',pad,'can_node$0829860$0$pad'),
signal('can_node$0829798$0',pad,'can_node$0829798$0$pad'),
signal('can_node$01337162186$0',rxinp,'can_node$01337162186$0$rxinp'),
signal('can_node$788881170$0',pin,'can_node$788881170$0$pin'),
signal('can_node$788881232$0',pin,'can_node$788881232$0$pin'),
signal('timer$333803475$1',pmus_omds,'timer$333803475$1$pmus_omds'),
signal('timer$333803475$1',global_signal,'timer$333803475$1$global_signal'),
signal('interrupt$01947058170$1',signal_in,'interrupt$01947058170$1$signal_in'),
signal('watchdog$01377860412$0',wdt_srv_request,'watchdog$01377860412$0$wdt_srv_request'),
signal('watchdog$1073827010$0',int,'watchdog$1073827010$0$int'),
signal('digital_io$01383135420$0',swreg_out,'digital_io$01383135420$0$swreg_out'),
signal('digital_io$01383135420$0',pad,'digital_io$01383135420$0$pad'),
signal('digital_io$36800462$0',pin,'digital_io$36800462$0$pin'),
signal('interrupt$1837374949$2',signal_in,'interrupt$1837374949$2$signal_in'),
connected('clock_xmc1$031780984$0$dco2_clk','clock_xmc1$031780984$0$frtc',1),
connected('timer$844337652$0$pmus_omds','interrupt$01436523993$0$signal_in',1),
connected('global_ccu4$01760137752$0$global_signal','timer$844337652$0$global_signal',1),
connected('pin_interrupt$1126006561$0$pin','pin_interrupt$01353729833$0$pad',1),
connected('pin_interrupt$504037229$0$tr','pin_interrupt$1919814214$0$trin',1),
connected('pin_interrupt$01353729833$0$pad','pin_interrupt$1126006561$0$pin',1),
connected('pin_interrupt$01353729833$0$pad','pin_interrupt$504037229$0$PIN_INTERRUPT0sv0',1),
connected('pin_interrupt$1919814214$0$iout','pin_interrupt$371705443$0$signal_in',1),
connected('pin_interrupt$0912049728$1$pin','pin_interrupt$01864264010$1$pad',1),
connected('pin_interrupt$0340434642$1$tr','pin_interrupt$0867601273$1$trin',1),
connected('pin_interrupt$01864264010$1$pad','pin_interrupt$0912049728$1$pin',1),
connected('pin_interrupt$01864264010$1$pad','pin_interrupt$0340434642$1$PIN_INTERRUPT1sv0',1),
connected('pin_interrupt$0867601273$1$iout','pin_interrupt$1725015140$1$signal_in',1),
connected('pin_interrupt$1344861279$2$pin','pin_interrupt$1920169109$2$pad',1),
connected('pin_interrupt$01184906513$2$tr','pin_interrupt$639950536$2$trin',1),
connected('pin_interrupt$1920169109$2$pad','pin_interrupt$1344861279$2$pin',1),
connected('pin_interrupt$1920169109$2$pad','pin_interrupt$01184906513$2$PIN_INTERRUPT2sv0',1),
connected('pin_interrupt$639950536$2$iout','pin_interrupt$01216642459$2$signal_in',1),
connected('pin_interrupt$0693195010$3$pin','pin_interrupt$1409634932$3$pad',1),
connected('pin_interrupt$02029378384$3$tr','pin_interrupt$02147464951$3$trin',1),
connected('pin_interrupt$1409634932$3$pad','pin_interrupt$0693195010$3$pin',1),
connected('pin_interrupt$1409634932$3$pad','pin_interrupt$02029378384$3$PIN_INTERRUPT3sv0',1),
connected('pin_interrupt$02147464951$3$iout','pin_interrupt$136667238$3$signal_in',1),
connected('bus_io$220146366$0$pad','bus_io$0834710442$0$pin',1),
connected('bus_io$220146367$0$pad','bus_io$0834710441$0$pin',1),
connected('bus_io$220146368$0$pad','bus_io$0834710440$0$pin',1),
connected('bus_io$0834710442$0$pin','bus_io$220146366$0$pad',1),
connected('bus_io$0834710441$0$pin','bus_io$220146367$0$pad',1),
connected('bus_io$0834710440$0$pin','bus_io$220146368$0$pad',1),
connected('can_node$788881170$0$pin','can_node$0829860$0$pad',1),
connected('can_node$788881232$0$pin','can_node$0829798$0$pad',1),
connected('can_node$0829860$0$pad','can_node$788881170$0$pin',1),
connected('can_node$0829860$0$pad','can_node$1758010900$0$rxd',1),
connected('can_node$1758010900$0$txd','can_node$0829798$0$pad',1),
connected('can_node$0829798$0$pad','can_node$788881232$0$pin',1),
connected('can_node$01337162186$0$rxinp','interrupt$1837374949$2$signal_in',1),
connected('timer$333803475$1$pmus_omds','interrupt$01947058170$1$signal_in',1),
connected('global_ccu4$01760137752$0$global_signal','timer$333803475$1$global_signal',1),
connected('digital_io$36800462$0$pin','digital_io$01383135420$0$pad',1),
connected('digital_io$01383135420$0$pad','digital_io$36800462$0$pin',1),
uri_element_range(PIN_INTERRUPT0sv0,[a, b]),
uri_element_range(PIN_INTERRUPT1sv0,[a, b]),
uri_element_range(PIN_INTERRUPT2sv0,[a, b]),
uri_element_range(BUS_IO0sv0,[0, 1, 2, 3, 4]),
register_value('bus_io$220146366$0',iocr_oe,1),
uri_element_range(BUS_IO0sv1,[0, 1, 2, 3, 4]),
register_value('bus_io$220146367$0',iocr_oe,1),
uri_element_range(BUS_IO0sv2,[0, 1, 2, 3, 4]),
register_value('bus_io$220146368$0',iocr_oe,1),
uri_element_range(PIN_INTERRUPT3sv0,[a, b]),
uri_element_range(DIGITAL_IO0sv0,[0, 1, 2, 3, 4]),
register_value('digital_io$01383135420$0',iocr_oe,1)],'pin_interrupt$1344861279$2',Result),15,writeln(timeout),all_solution, Timer, Due, Remainder).



Jul 11, 2022 11:57:58 AM java.util.logging.LogManager$RootLogger log
INFO: 
End of solver : getFeasiblePins() :  Difference in ms 199


Jul 11, 2022 11:57:58 AM java.util.logging.LogManager$RootLogger log
INFO: [/devicepackage/0/4, /devicepackage/0/3, /devicepackage/0/40, /devicepackage/0/10, /devicepackage/0/14, /devicepackage/0/13, /devicepackage/0/12, /devicepackage/0/11, /devicepackage/0/9, /devicepackage/0/21, /devicepackage/0/22, /devicepackage/0/64, /devicepackage/0/63, /devicepackage/0/39, /devicepackage/0/38, /devicepackage/0/37, /devicepackage/0/36]


Jul 12, 2022 10:53:31 AM java.util.logging.LogManager$RootLogger log
INFO: Start of solver :getOutputSignals() : Tue Jul 12 10:53:31 CEST 2022


Jul 12, 2022 10:53:31 AM java.util.logging.LogManager$RootLogger log
INFO: 
timeout(reserved_resource_group_output_signals([reserved([ccu4,GLOBAL_CCU40sv0,global],'global_ccu4$01760137752$0'),
reserved([scu,_,gcu,ccu4_global_enable,GLOBAL_CCU40sv0],'global_ccu4$89752826$0'),
reserved([scu,0,ccu,config],'clock_xmc1$031780984$0'),
reserved([ccu4,_,cc4,_],'timer$844337652$0'),
reserved([p,0,pad,14],'cpu_ctrl_xmc1$1638132965$0'),
reserved([p,0,pad,15],'cpu_ctrl_xmc1$1638132966$0'),
reserved([cpu,0,exception,hardfault],'cpu_ctrl_xmc1$01591368925$0'),
reserved([cpu,0,nvic,interrupt,_],'interrupt$01436523993$0'),
reserved([cpu,0,nvic,interrupt,_],'pin_interrupt$371705443$0'),
reserved([p,_,pad,_],'pin_interrupt$01353729833$0'),
reserved([eru,_,ers_etl,_],'pin_interrupt$504037229$0'),
reserved([eru,_,ogu,_],'pin_interrupt$1919814214$0'),
reserved([devicepackage,0,_],'pin_interrupt$1126006561$0'),
uri([devicepackage,0,15],'pin_interrupt$1126006561$0'),
reserved([cpu,0,nvic,interrupt,_],'pin_interrupt$1725015140$1'),
reserved([p,_,pad,_],'pin_interrupt$01864264010$1'),
reserved([eru,_,ers_etl,_],'pin_interrupt$0340434642$1'),
reserved([eru,_,ogu,_],'pin_interrupt$0867601273$1'),
reserved([devicepackage,0,_],'pin_interrupt$0912049728$1'),
uri([devicepackage,0,17],'pin_interrupt$0912049728$1'),
reserved([cpu,0,nvic,interrupt,_],'pin_interrupt$01216642459$2'),
reserved([p,_,pad,_],'pin_interrupt$1920169109$2'),
reserved([eru,_,ers_etl,_],'pin_interrupt$01184906513$2'),
reserved([eru,_,ogu,_],'pin_interrupt$639950536$2'),
reserved([devicepackage,0,_],'pin_interrupt$1344861279$2'),
uri([devicepackage,0,9],'pin_interrupt$1344861279$2'),
reserved([cpu,0,nvic,interrupt,_],'pin_interrupt$136667238$3'),
reserved([p,_,pad,_],'pin_interrupt$1409634932$3'),
reserved([eru,_,ers_etl,_],'pin_interrupt$02029378384$3'),
reserved([eru,_,ogu,_],'pin_interrupt$02147464951$3'),
reserved([devicepackage,0,_],'pin_interrupt$0693195010$3'),
reserved([p,BUS_IO0sv0,pad,_],'bus_io$220146366$0'),
reserved([p,BUS_IO0sv1,pad,_],'bus_io$220146367$0'),
reserved([p,BUS_IO0sv2,pad,_],'bus_io$220146368$0'),
reserved([devicepackage,0,_],'bus_io$0834710442$0'),
uri([devicepackage,0,30],'bus_io$0834710442$0'),
reserved([devicepackage,0,_],'bus_io$0834710441$0'),
uri([devicepackage,0,29],'bus_io$0834710441$0'),
reserved([devicepackage,0,_],'bus_io$0834710440$0'),
uri([devicepackage,0,28],'bus_io$0834710440$0'),
reserved([can,_,global],'global_can$0435288881$0'),
reserved([p,_,pad,_],'can_node$0829860$0'),
reserved([p,_,pad,_],'can_node$0829798$0'),
reserved([can,_,node,_],'can_node$1758010900$0'),
reserved([can,_,mo,_],'can_node$01337162187$0'),
reserved([can,_,mo,_],'can_node$01337162186$0'),
reserved([devicepackage,0,_],'can_node$788881170$0'),
uri([devicepackage,0,5],'can_node$788881170$0'),
reserved([devicepackage,0,_],'can_node$788881232$0'),
uri([devicepackage,0,6],'can_node$788881232$0'),
reserved([ccu4,_,cc4,_],'timer$333803475$1'),
reserved([cpu,0,nvic,interrupt,_],'interrupt$01947058170$1'),
reserved([wdt,_,wdt],'watchdog$01377860412$0'),
reserved([scu,_,gcu,interrupt,prewarn],'watchdog$1073827010$0'),
reserved([p,DIGITAL_IO0sv0,pad,_],'digital_io$01383135420$0'),
reserved([devicepackage,0,_],'digital_io$36800462$0'),
uri([devicepackage,0,59],'digital_io$36800462$0'),
reserved([cpu,0,nvic,interrupt,_],'interrupt$1837374949$2'),
signal('global_ccu4$01760137752$0',global_signal,'global_ccu4$01760137752$0$global_signal'),
signal('global_ccu4$01760137752$0',clk,'global_ccu4$01760137752$0$clk'),
signal('global_ccu4$89752826$0',gsc_enable,'global_ccu4$89752826$0$gsc_enable'),
signal('clock_xmc1$031780984$0',frtc,'clock_xmc1$031780984$0$frtc'),
signal('clock_xmc1$031780984$0',dco2_clk,'clock_xmc1$031780984$0$dco2_clk'),
signal('clock_xmc1$031780984$0',osc_lp_clk,'clock_xmc1$031780984$0$osc_lp_clk'),
signal('clock_xmc1$031780984$0',osc_hp_xtal1,'clock_xmc1$031780984$0$osc_hp_xtal1'),
signal('clock_xmc1$031780984$0',osc_hp_xtal2,'clock_xmc1$031780984$0$osc_hp_xtal2'),
signal('clock_xmc1$031780984$0',osc_lp_xtal1,'clock_xmc1$031780984$0$osc_lp_xtal1'),
signal('clock_xmc1$031780984$0',osc_lp_xtal2,'clock_xmc1$031780984$0$osc_lp_xtal2'),
signal('timer$844337652$0',pmus_omds,'timer$844337652$0$pmus_omds'),
signal('timer$844337652$0',global_signal,'timer$844337652$0$global_signal'),
signal('interrupt$01436523993$0',signal_in,'interrupt$01436523993$0$signal_in'),
signal('pin_interrupt$504037229$0',PIN_INTERRUPT0sv0,'pin_interrupt$504037229$0$PIN_INTERRUPT0sv0'),
signal('pin_interrupt$01353729833$0',pad,'pin_interrupt$01353729833$0$pad'),
signal('pin_interrupt$504037229$0',tr,'pin_interrupt$504037229$0$tr'),
signal('pin_interrupt$1919814214$0',trin,'pin_interrupt$1919814214$0$trin'),
signal('pin_interrupt$1919814214$0',iout,'pin_interrupt$1919814214$0$iout'),
signal('pin_interrupt$371705443$0',signal_in,'pin_interrupt$371705443$0$signal_in'),
signal('pin_interrupt$1126006561$0',pin,'pin_interrupt$1126006561$0$pin'),
signal('pin_interrupt$0340434642$1',PIN_INTERRUPT1sv0,'pin_interrupt$0340434642$1$PIN_INTERRUPT1sv0'),
signal('pin_interrupt$01864264010$1',pad,'pin_interrupt$01864264010$1$pad'),
signal('pin_interrupt$0340434642$1',tr,'pin_interrupt$0340434642$1$tr'),
signal('pin_interrupt$0867601273$1',trin,'pin_interrupt$0867601273$1$trin'),
signal('pin_interrupt$0867601273$1',iout,'pin_interrupt$0867601273$1$iout'),
signal('pin_interrupt$1725015140$1',signal_in,'pin_interrupt$1725015140$1$signal_in'),
signal('pin_interrupt$0912049728$1',pin,'pin_interrupt$0912049728$1$pin'),
signal('pin_interrupt$01184906513$2',PIN_INTERRUPT2sv0,'pin_interrupt$01184906513$2$PIN_INTERRUPT2sv0'),
signal('pin_interrupt$1920169109$2',pad,'pin_interrupt$1920169109$2$pad'),
signal('pin_interrupt$01184906513$2',tr,'pin_interrupt$01184906513$2$tr'),
signal('pin_interrupt$639950536$2',trin,'pin_interrupt$639950536$2$trin'),
signal('pin_interrupt$639950536$2',iout,'pin_interrupt$639950536$2$iout'),
signal('pin_interrupt$01216642459$2',signal_in,'pin_interrupt$01216642459$2$signal_in'),
signal('pin_interrupt$1344861279$2',pin,'pin_interrupt$1344861279$2$pin'),
signal('pin_interrupt$02029378384$3',PIN_INTERRUPT3sv0,'pin_interrupt$02029378384$3$PIN_INTERRUPT3sv0'),
signal('pin_interrupt$1409634932$3',pad,'pin_interrupt$1409634932$3$pad'),
signal('pin_interrupt$02029378384$3',tr,'pin_interrupt$02029378384$3$tr'),
signal('pin_interrupt$02147464951$3',trin,'pin_interrupt$02147464951$3$trin'),
signal('pin_interrupt$02147464951$3',iout,'pin_interrupt$02147464951$3$iout'),
signal('pin_interrupt$136667238$3',signal_in,'pin_interrupt$136667238$3$signal_in'),
signal('pin_interrupt$0693195010$3',pin,'pin_interrupt$0693195010$3$pin'),
signal('bus_io$220146366$0',pad,'bus_io$220146366$0$pad'),
signal('bus_io$220146367$0',pad,'bus_io$220146367$0$pad'),
signal('bus_io$220146368$0',pad,'bus_io$220146368$0$pad'),
signal('bus_io$0834710442$0',pin,'bus_io$0834710442$0$pin'),
signal('bus_io$0834710441$0',pin,'bus_io$0834710441$0$pin'),
signal('bus_io$0834710440$0',pin,'bus_io$0834710440$0$pin'),
signal('can_node$1758010900$0',rxd,'can_node$1758010900$0$rxd'),
signal('can_node$1758010900$0',txd,'can_node$1758010900$0$txd'),
signal('can_node$0829860$0',pad,'can_node$0829860$0$pad'),
signal('can_node$0829798$0',pad,'can_node$0829798$0$pad'),
signal('can_node$01337162186$0',rxinp,'can_node$01337162186$0$rxinp'),
signal('can_node$788881170$0',pin,'can_node$788881170$0$pin'),
signal('can_node$788881232$0',pin,'can_node$788881232$0$pin'),
signal('timer$333803475$1',pmus_omds,'timer$333803475$1$pmus_omds'),
signal('timer$333803475$1',global_signal,'timer$333803475$1$global_signal'),
signal('interrupt$01947058170$1',signal_in,'interrupt$01947058170$1$signal_in'),
signal('watchdog$01377860412$0',wdt_srv_request,'watchdog$01377860412$0$wdt_srv_request'),
signal('watchdog$1073827010$0',int,'watchdog$1073827010$0$int'),
signal('digital_io$01383135420$0',swreg_out,'digital_io$01383135420$0$swreg_out'),
signal('digital_io$01383135420$0',pad,'digital_io$01383135420$0$pad'),
signal('digital_io$36800462$0',pin,'digital_io$36800462$0$pin'),
signal('interrupt$1837374949$2',signal_in,'interrupt$1837374949$2$signal_in'),
connected('clock_xmc1$031780984$0$dco2_clk','clock_xmc1$031780984$0$frtc',1),
connected('timer$844337652$0$pmus_omds','interrupt$01436523993$0$signal_in',1),
connected('global_ccu4$01760137752$0$global_signal','timer$844337652$0$global_signal',1),
connected('pin_interrupt$1126006561$0$pin','pin_interrupt$01353729833$0$pad',1),
connected('pin_interrupt$504037229$0$tr','pin_interrupt$1919814214$0$trin',1),
connected('pin_interrupt$01353729833$0$pad','pin_interrupt$1126006561$0$pin',1),
connected('pin_interrupt$01353729833$0$pad','pin_interrupt$504037229$0$PIN_INTERRUPT0sv0',1),
connected('pin_interrupt$1919814214$0$iout','pin_interrupt$371705443$0$signal_in',1),
connected('pin_interrupt$0912049728$1$pin','pin_interrupt$01864264010$1$pad',1),
connected('pin_interrupt$0340434642$1$tr','pin_interrupt$0867601273$1$trin',1),
connected('pin_interrupt$01864264010$1$pad','pin_interrupt$0912049728$1$pin',1),
connected('pin_interrupt$01864264010$1$pad','pin_interrupt$0340434642$1$PIN_INTERRUPT1sv0',1),
connected('pin_interrupt$0867601273$1$iout','pin_interrupt$1725015140$1$signal_in',1),
connected('pin_interrupt$1344861279$2$pin','pin_interrupt$1920169109$2$pad',1),
connected('pin_interrupt$01184906513$2$tr','pin_interrupt$639950536$2$trin',1),
connected('pin_interrupt$1920169109$2$pad','pin_interrupt$1344861279$2$pin',1),
connected('pin_interrupt$1920169109$2$pad','pin_interrupt$01184906513$2$PIN_INTERRUPT2sv0',1),
connected('pin_interrupt$639950536$2$iout','pin_interrupt$01216642459$2$signal_in',1),
connected('pin_interrupt$0693195010$3$pin','pin_interrupt$1409634932$3$pad',1),
connected('pin_interrupt$02029378384$3$tr','pin_interrupt$02147464951$3$trin',1),
connected('pin_interrupt$1409634932$3$pad','pin_interrupt$0693195010$3$pin',1),
connected('pin_interrupt$1409634932$3$pad','pin_interrupt$02029378384$3$PIN_INTERRUPT3sv0',1),
connected('pin_interrupt$02147464951$3$iout','pin_interrupt$136667238$3$signal_in',1),
connected('bus_io$220146366$0$pad','bus_io$0834710442$0$pin',1),
connected('bus_io$220146367$0$pad','bus_io$0834710441$0$pin',1),
connected('bus_io$220146368$0$pad','bus_io$0834710440$0$pin',1),
connected('bus_io$0834710442$0$pin','bus_io$220146366$0$pad',1),
connected('bus_io$0834710441$0$pin','bus_io$220146367$0$pad',1),
connected('bus_io$0834710440$0$pin','bus_io$220146368$0$pad',1),
connected('can_node$788881170$0$pin','can_node$0829860$0$pad',1),
connected('can_node$788881232$0$pin','can_node$0829798$0$pad',1),
connected('can_node$0829860$0$pad','can_node$788881170$0$pin',1),
connected('can_node$0829860$0$pad','can_node$1758010900$0$rxd',1),
connected('can_node$1758010900$0$txd','can_node$0829798$0$pad',1),
connected('can_node$0829798$0$pad','can_node$788881232$0$pin',1),
connected('can_node$01337162186$0$rxinp','interrupt$1837374949$2$signal_in',1),
connected('timer$333803475$1$pmus_omds','interrupt$01947058170$1$signal_in',1),
connected('global_ccu4$01760137752$0$global_signal','timer$333803475$1$global_signal',1),
connected('digital_io$36800462$0$pin','digital_io$01383135420$0$pad',1),
connected('digital_io$01383135420$0$pad','digital_io$36800462$0$pin',1),
uri_element_range(PIN_INTERRUPT0sv0,[a, b]),
uri_element_range(PIN_INTERRUPT1sv0,[a, b]),
uri_element_range(PIN_INTERRUPT2sv0,[a, b]),
uri_element_range(BUS_IO0sv0,[0, 1, 2, 3, 4]),
register_value('bus_io$220146366$0',iocr_oe,1),
uri_element_range(BUS_IO0sv1,[0, 1, 2, 3, 4]),
register_value('bus_io$220146367$0',iocr_oe,1),
uri_element_range(BUS_IO0sv2,[0, 1, 2, 3, 4]),
register_value('bus_io$220146368$0',iocr_oe,1),
uri_element_range(PIN_INTERRUPT3sv0,[a, b]),
uri_element_range(DIGITAL_IO0sv0,[0, 1, 2, 3, 4]),
register_value('digital_io$01383135420$0',iocr_oe,1)], 'can_node','0', Output_signals),15,writeln(timeout),all_solution, Timer, Due, Remainder).



Jul 12, 2022 10:53:32 AM java.util.logging.LogManager$RootLogger log
INFO: 
End of solver : getOutputSignals() :  Difference in ms 286


