   1              	 .cpu cortex-m0
   2              	 .fpu softvfp
   3              	 .eabi_attribute 20,1
   4              	 .eabi_attribute 21,1
   5              	 .eabi_attribute 23,3
   6              	 .eabi_attribute 24,1
   7              	 .eabi_attribute 25,1
   8              	 .eabi_attribute 26,1
   9              	 .eabi_attribute 30,6
  10              	 .eabi_attribute 34,0
  11              	 .eabi_attribute 18,4
  12              	 .code 16
  13              	 .file "interrupt_conf.c"
  14              	 .text
  15              	.Ltext0:
  16              	 .cfi_sections .debug_frame
  17              	 .global CAN_RX_ULTRASONIC
  18              	 .section .rodata.CAN_RX_ULTRASONIC,"a",%progbits
  19              	 .align 2
  22              	CAN_RX_ULTRASONIC:
  23 0000 0200     	 .short 2
  24 0002 04       	 .byte 4
  25 0003 03       	 .byte 3
  26 0004 01       	 .byte 1
  27 0005 00       	 .space 1
  28              	 .global INTERRUPT_TIMER_10us
  29 0006 0000     	 .section .rodata.INTERRUPT_TIMER_10us,"a",%progbits
  30              	 .align 2
  33              	INTERRUPT_TIMER_10us:
  34 0000 0100     	 .short 1
  35 0002 08       	 .byte 8
  36 0003 03       	 .byte 3
  37 0004 01       	 .byte 1
  38 0005 00       	 .space 1
  39              	 .global INTERRUPT_TIMER_CONTROL
  40 0006 0000     	 .section .rodata.INTERRUPT_TIMER_CONTROL,"a",%progbits
  41              	 .align 2
  44              	INTERRUPT_TIMER_CONTROL:
  45 0000 0200     	 .short 2
  46 0002 07       	 .byte 7
  47 0003 03       	 .byte 3
  48 0004 01       	 .byte 1
  49 0005 00       	 .space 1
  50              	 .global CAN_RX_INVERTER
  51 0006 0000     	 .section .rodata.CAN_RX_INVERTER,"a",%progbits
  52              	 .align 2
  55              	CAN_RX_INVERTER:
  56 0000 0200     	 .short 2
  57 0002 03       	 .byte 3
  58 0003 03       	 .byte 3
  59 0004 01       	 .byte 1
  60 0005 00       	 .space 1
  61 0006 0000     	 .text
  62              	.Letext0:
  63              	 .file 1 "c:\\dave\\dave-ide-4.4.2-64bit\\dave-ide-4.4.2-64bit\\eclipse\\arm-gcc-49\\arm-none-eabi\\include\\machine\\_default_types.h"
  64              	 .file 2 "c:\\dave\\dave-ide-4.4.2-64bit\\dave-ide-4.4.2-64bit\\eclipse\\arm-gcc-49\\arm-none-eabi\\include\\stdint.h"
  65              	 .file 3 "C:/GitHub/MobRob_Rover_NEW/Steering_Controller/MobRob_Steering_Controller/Libraries/CMSIS/Infineon/XMC1400_series/Include/XMC1400.h"
  66              	 .file 4 "C:/GitHub/MobRob_Rover_NEW/Steering_Controller/MobRob_Steering_Controller/Libraries/XMCLib/inc/xmc1_scu.h"
  67              	 .file 5 "../Dave/Generated/INTERRUPT/interrupt.h"
  68              	 .file 6 "C:/GitHub/MobRob_Rover_NEW/Steering_Controller/MobRob_Steering_Controller/Libraries/CMSIS/Include/cmsis_gcc.h"
  69              	 .file 7 "C:/GitHub/MobRob_Rover_NEW/Steering_Controller/MobRob_Steering_Controller/Libraries/CMSIS/Infineon/XMC1400_series/Include/system_XMC1400.h"
  70              	 .file 8 "../Dave/Generated/INTERRUPT/interrupt_conf.c"
DEFINED SYMBOLS
                            *ABS*:00000000 interrupt_conf.c
    {standard input}:22     .rodata.CAN_RX_ULTRASONIC:00000000 CAN_RX_ULTRASONIC
    {standard input}:19     .rodata.CAN_RX_ULTRASONIC:00000000 $d
    {standard input}:33     .rodata.INTERRUPT_TIMER_10us:00000000 INTERRUPT_TIMER_10us
    {standard input}:30     .rodata.INTERRUPT_TIMER_10us:00000000 $d
    {standard input}:44     .rodata.INTERRUPT_TIMER_CONTROL:00000000 INTERRUPT_TIMER_CONTROL
    {standard input}:41     .rodata.INTERRUPT_TIMER_CONTROL:00000000 $d
    {standard input}:55     .rodata.CAN_RX_INVERTER:00000000 CAN_RX_INVERTER
    {standard input}:52     .rodata.CAN_RX_INVERTER:00000000 $d

NO UNDEFINED SYMBOLS
