   1              	 .cpu cortex-m0
   2              	 .fpu softvfp
   3              	 .eabi_attribute 20,1
   4              	 .eabi_attribute 21,1
   5              	 .eabi_attribute 23,3
   6              	 .eabi_attribute 24,1
   7              	 .eabi_attribute 25,1
   8              	 .eabi_attribute 26,1
   9              	 .eabi_attribute 30,6
  10              	 .eabi_attribute 34,0
  11              	 .eabi_attribute 18,4
  12              	 .code 16
  13              	 .file "Ultrasonic_Collision_Avoidance.c"
  14              	 .text
  15              	.Ltext0:
  16              	 .cfi_sections .debug_frame
  17              	 .comm RC_controll,1,1
  18              	 .global obstructed_L
  19              	 .section .bss.obstructed_L,"aw",%nobits
  22              	obstructed_L:
  23 0000 00       	 .space 1
  24              	 .global obstructed_R
  25              	 .section .bss.obstructed_R,"aw",%nobits
  28              	obstructed_R:
  29 0000 00       	 .space 1
  30              	 .global Ultra_m_C
  31              	 .section .data.Ultra_m_C,"aw",%progbits
  32              	 .align 2
  35              	Ultra_m_C:
  36 0000 00008040 	 .word 1082130432
  37              	 .global Ultra_m_L
  38              	 .section .data.Ultra_m_L,"aw",%progbits
  39              	 .align 2
  42              	Ultra_m_L:
  43 0000 00008040 	 .word 1082130432
  44              	 .global Ultra_m_R
  45              	 .section .data.Ultra_m_R,"aw",%progbits
  46              	 .align 2
  49              	Ultra_m_R:
  50 0000 00008040 	 .word 1082130432
  51              	 .global Ultrsonic_data_invaildcounter
  52              	 .section .data.Ultrsonic_data_invaildcounter,"aw",%progbits
  53              	 .align 2
  56              	Ultrsonic_data_invaildcounter:
  57 0000 28       	 .byte 40
  58 0001 28       	 .byte 40
  59 0002 28       	 .byte 40
  60              	 .global obstacel_F_x
  61 0003 00       	 .section .bss.obstacel_F_x,"aw",%nobits
  62              	 .align 2
  65              	obstacel_F_x:
  66 0000 00000000 	 .space 4
  67              	 .global obstacel_L_x
  68              	 .section .bss.obstacel_L_x,"aw",%nobits
  69              	 .align 2
  72              	obstacel_L_x:
  73 0000 00000000 	 .space 4
  74              	 .global obstacel_L_y
  75              	 .section .bss.obstacel_L_y,"aw",%nobits
  76              	 .align 2
  79              	obstacel_L_y:
  80 0000 00000000 	 .space 4
  81              	 .global obstacel_R_x
  82              	 .section .bss.obstacel_R_x,"aw",%nobits
  83              	 .align 2
  86              	obstacel_R_x:
  87 0000 00000000 	 .space 4
  88              	 .global obstacel_R_y
  89              	 .section .bss.obstacel_R_y,"aw",%nobits
  90              	 .align 2
  93              	obstacel_R_y:
  94 0000 00000000 	 .space 4
  95              	 .global Obstacel_valid
  96              	 .section .bss.Obstacel_valid,"aw",%nobits
  97              	 .align 2
 100              	Obstacel_valid:
 101 0000 000000   	 .space 3
 102              	 .global Obstacel_F
 103 0003 00       	 .section .data.Obstacel_F,"aw",%progbits
 104              	 .align 2
 107              	Obstacel_F:
 108 0000 00008040 	 .word 1082130432
 109              	 .global Obstacel_L
 110              	 .section .data.Obstacel_L,"aw",%progbits
 111              	 .align 2
 114              	Obstacel_L:
 115 0000 00008040 	 .word 1082130432
 116              	 .global Obstacel_R
 117              	 .section .data.Obstacel_R,"aw",%progbits
 118              	 .align 2
 121              	Obstacel_R:
 122 0000 00008040 	 .word 1082130432
 123              	 .global __aeabi_i2f
 124              	 .global __aeabi_fdiv
 125              	 .global __aeabi_f2d
 126              	 .section .text.Ultra_sonic_filter,"ax",%progbits
 127              	 .align 2
 128              	 .global Ultra_sonic_filter
 129              	 .code 16
 130              	 .thumb_func
 132              	Ultra_sonic_filter:
 133              	.LFB224:
 134              	 .file 1 "../Ultrasonic_Collision_Avoidance.c"
   1:../Ultrasonic_Collision_Avoidance.c **** /*
   2:../Ultrasonic_Collision_Avoidance.c ****  * Ultrasonic_Collision_Avoidance.c
   3:../Ultrasonic_Collision_Avoidance.c ****  *
   4:../Ultrasonic_Collision_Avoidance.c ****  *  Created on: 1 Jul 2022
   5:../Ultrasonic_Collision_Avoidance.c ****  *      Author: lukas
   6:../Ultrasonic_Collision_Avoidance.c ****  */
   7:../Ultrasonic_Collision_Avoidance.c **** #include "Ultrasonic_Collision_Avoidance.h"
   8:../Ultrasonic_Collision_Avoidance.c **** 
   9:../Ultrasonic_Collision_Avoidance.c **** // filtering
  10:../Ultrasonic_Collision_Avoidance.c **** //float ALPHA_ULTARSONIC = 0.3; // giltering prameter for the Exponential moving average
  11:../Ultrasonic_Collision_Avoidance.c **** #define POS_OBSTRUCTED_ANGLE_MIN 50
  12:../Ultrasonic_Collision_Avoidance.c **** #define POS_OBSTRUCTED_ANGLE_MAX 210
  13:../Ultrasonic_Collision_Avoidance.c **** #define NEG_OBSTRUCTED_ANGLE_MIN -150
  14:../Ultrasonic_Collision_Avoidance.c **** #define NEG_OBSTRUCTED_ANGLE_MAX -310
  15:../Ultrasonic_Collision_Avoidance.c **** uint8_t obstructed_L = 0, obstructed_R = 0;
  16:../Ultrasonic_Collision_Avoidance.c **** float Ultra_m_C = 4, Ultra_m_L = 4, Ultra_m_R = 4;
  17:../Ultrasonic_Collision_Avoidance.c **** 
  18:../Ultrasonic_Collision_Avoidance.c **** #define ULRTA_NUM_NO_DATA_INVALID 40
  19:../Ultrasonic_Collision_Avoidance.c **** uint8_t Ultrsonic_data_invaildcounter[3] = {ULRTA_NUM_NO_DATA_INVALID, ULRTA_NUM_NO_DATA_INVALID, U
  20:../Ultrasonic_Collision_Avoidance.c **** 
  21:../Ultrasonic_Collision_Avoidance.c **** 
  22:../Ultrasonic_Collision_Avoidance.c **** float obstacel_F_x = 0, obstacel_L_x = 0, obstacel_L_y = 0, obstacel_R_x = 0, obstacel_R_y = 0;
  23:../Ultrasonic_Collision_Avoidance.c **** uint8_t Obstacel_valid[3] = {0, 0, 0};
  24:../Ultrasonic_Collision_Avoidance.c **** 
  25:../Ultrasonic_Collision_Avoidance.c **** 
  26:../Ultrasonic_Collision_Avoidance.c **** // collison avdoidance
  27:../Ultrasonic_Collision_Avoidance.c **** #define CA_START 1
  28:../Ultrasonic_Collision_Avoidance.c **** #define CA_STOP 0.2
  29:../Ultrasonic_Collision_Avoidance.c **** /*
  30:../Ultrasonic_Collision_Avoidance.c **** float avg_Speeds = 0;
  31:../Ultrasonic_Collision_Avoidance.c **** float trajctory_x = 0, trajctory_y = 0;
  32:../Ultrasonic_Collision_Avoidance.c **** float Trajctory[2] = {0, 0};
  33:../Ultrasonic_Collision_Avoidance.c **** float trajctory_Angel = 0;
  34:../Ultrasonic_Collision_Avoidance.c **** */
  35:../Ultrasonic_Collision_Avoidance.c **** 
  36:../Ultrasonic_Collision_Avoidance.c **** // obstacels
  37:../Ultrasonic_Collision_Avoidance.c **** float Obstacel_F = 4, Obstacel_L = 4, Obstacel_R = 4; // y vaule alwasy stays 4
  38:../Ultrasonic_Collision_Avoidance.c **** 
  39:../Ultrasonic_Collision_Avoidance.c **** 
  40:../Ultrasonic_Collision_Avoidance.c **** 
  41:../Ultrasonic_Collision_Avoidance.c **** void Ultra_sonic_filter(int16_t Ultrasonic_cm_C_clc, int16_t Ultrasonic_cm_L_clc, int16_t Ultrasoni
 135              	 .loc 1 41 0
 136              	 .cfi_startproc
 137 0000 F0B5     	 push {r4,r5,r6,r7,lr}
 138              	.LCFI0:
 139              	 .cfi_def_cfa_offset 20
 140              	 .cfi_offset 4,-20
 141              	 .cfi_offset 5,-16
 142              	 .cfi_offset 6,-12
 143              	 .cfi_offset 7,-8
 144              	 .cfi_offset 14,-4
 145 0002 8BB0     	 sub sp,sp,#44
 146              	.LCFI1:
 147              	 .cfi_def_cfa_offset 64
 148 0004 02AF     	 add r7,sp,#8
 149              	.LCFI2:
 150              	 .cfi_def_cfa 7,56
 151 0006 041C     	 mov r4,r0
 152 0008 081C     	 mov r0,r1
 153 000a 111C     	 mov r1,r2
 154 000c FB60     	 str r3,[r7,#12]
 155 000e 0E23     	 mov r3,#14
 156 0010 0822     	 mov r2,#8
 157 0012 9446     	 mov ip,r2
 158 0014 BC44     	 add ip,ip,r7
 159 0016 6344     	 add r3,r3,ip
 160 0018 221C     	 add r2,r4,#0
 161 001a 1A80     	 strh r2,[r3]
 162 001c 0C23     	 mov r3,#12
 163 001e 0822     	 mov r2,#8
 164 0020 9446     	 mov ip,r2
 165 0022 BC44     	 add ip,ip,r7
 166 0024 6344     	 add r3,r3,ip
 167 0026 021C     	 add r2,r0,#0
 168 0028 1A80     	 strh r2,[r3]
 169 002a 0A23     	 mov r3,#10
 170 002c 0822     	 mov r2,#8
 171 002e 9446     	 mov ip,r2
 172 0030 BC44     	 add ip,ip,r7
 173 0032 6344     	 add r3,r3,ip
 174 0034 0A1C     	 add r2,r1,#0
 175 0036 1A80     	 strh r2,[r3]
  42:../Ultrasonic_Collision_Avoidance.c **** 
  43:../Ultrasonic_Collision_Avoidance.c **** 	if(Ultrasonic_cm_C_clc != 0){
 176              	 .loc 1 43 0
 177 0038 0E23     	 mov r3,#14
 178 003a 0822     	 mov r2,#8
 179 003c 9446     	 mov ip,r2
 180 003e BC44     	 add ip,ip,r7
 181 0040 6344     	 add r3,r3,ip
 182 0042 0022     	 mov r2,#0
 183 0044 9B5E     	 ldrsh r3,[r3,r2]
 184 0046 002B     	 cmp r3,#0
 185 0048 33D0     	 beq .L2
 186              	.LBB2:
  44:../Ultrasonic_Collision_Avoidance.c **** 		Ultrsonic_data_invaildcounter[0] = 0;
 187              	 .loc 1 44 0
 188 004a A34B     	 ldr r3,.L19
 189 004c 0022     	 mov r2,#0
 190 004e 1A70     	 strb r2,[r3]
  45:../Ultrasonic_Collision_Avoidance.c **** 		Ultra_m_C = Exp_moving_average((float)Ultrasonic_cm_C_clc / 100 , Ultra_m_C, ALPHA_ULTARSONIC);
 191              	 .loc 1 45 0
 192 0050 0E23     	 mov r3,#14
 193 0052 0822     	 mov r2,#8
 194 0054 9446     	 mov ip,r2
 195 0056 BC44     	 add ip,ip,r7
 196 0058 6344     	 add r3,r3,ip
 197 005a 0022     	 mov r2,#0
 198 005c 9B5E     	 ldrsh r3,[r3,r2]
 199 005e 181C     	 mov r0,r3
 200 0060 FFF7FEFF 	 bl __aeabi_i2f
 201 0064 031C     	 add r3,r0,#0
 202 0066 181C     	 add r0,r3,#0
 203 0068 9C49     	 ldr r1,.L19+4
 204 006a FFF7FEFF 	 bl __aeabi_fdiv
 205 006e 031C     	 add r3,r0,#0
 206 0070 181C     	 add r0,r3,#0
 207 0072 FFF7FEFF 	 bl __aeabi_f2d
 208 0076 3860     	 str r0,[r7]
 209 0078 7960     	 str r1,[r7,#4]
 210 007a 994B     	 ldr r3,.L19+8
 211 007c 1B68     	 ldr r3,[r3]
 212 007e 181C     	 add r0,r3,#0
 213 0080 FFF7FEFF 	 bl __aeabi_f2d
 214 0084 051C     	 mov r5,r0
 215 0086 0E1C     	 mov r6,r1
 216 0088 B86B     	 ldr r0,[r7,#56]
 217 008a FFF7FEFF 	 bl __aeabi_f2d
 218 008e 031C     	 mov r3,r0
 219 0090 0C1C     	 mov r4,r1
 220 0092 0093     	 str r3,[sp]
 221 0094 0194     	 str r4,[sp,#4]
 222 0096 3868     	 ldr r0,[r7]
 223 0098 7968     	 ldr r1,[r7,#4]
 224 009a 2A1C     	 mov r2,r5
 225 009c 331C     	 mov r3,r6
 226 009e FFF7FEFF 	 bl Exp_moving_average
 227 00a2 031C     	 mov r3,r0
 228 00a4 181C     	 mov r0,r3
 229 00a6 FFF7FEFF 	 bl __aeabi_i2f
 230 00aa 021C     	 add r2,r0,#0
 231 00ac 8C4B     	 ldr r3,.L19+8
 232 00ae 1A60     	 str r2,[r3]
 233              	.LBE2:
 234 00b0 05E0     	 b .L3
 235              	.L2:
  46:../Ultrasonic_Collision_Avoidance.c **** 	}
  47:../Ultrasonic_Collision_Avoidance.c **** 	else Ultrsonic_data_invaildcounter[0]++;
 236              	 .loc 1 47 0
 237 00b2 894B     	 ldr r3,.L19
 238 00b4 1B78     	 ldrb r3,[r3]
 239 00b6 0133     	 add r3,r3,#1
 240 00b8 DAB2     	 uxtb r2,r3
 241 00ba 874B     	 ldr r3,.L19
 242 00bc 1A70     	 strb r2,[r3]
 243              	.L3:
  48:../Ultrasonic_Collision_Avoidance.c **** 
  49:../Ultrasonic_Collision_Avoidance.c **** 	if(Ultrasonic_cm_L_clc != 0){
 244              	 .loc 1 49 0
 245 00be 0C23     	 mov r3,#12
 246 00c0 0822     	 mov r2,#8
 247 00c2 9446     	 mov ip,r2
 248 00c4 BC44     	 add ip,ip,r7
 249 00c6 6344     	 add r3,r3,ip
 250 00c8 0022     	 mov r2,#0
 251 00ca 9B5E     	 ldrsh r3,[r3,r2]
 252 00cc 002B     	 cmp r3,#0
 253 00ce 40D0     	 beq .L4
  50:../Ultrasonic_Collision_Avoidance.c **** 		obstructed_L = Ultrasoinc_Obstructet_Test(Steering_Angles_clc[0]);
 254              	 .loc 1 50 0
 255 00d0 FB68     	 ldr r3,[r7,#12]
 256 00d2 1B68     	 ldr r3,[r3]
 257 00d4 181C     	 add r0,r3,#0
 258 00d6 FFF7FEFF 	 bl Ultrasoinc_Obstructet_Test
 259 00da 031C     	 mov r3,r0
 260 00dc 1A1C     	 mov r2,r3
 261 00de 814B     	 ldr r3,.L19+12
 262 00e0 1A70     	 strb r2,[r3]
  51:../Ultrasonic_Collision_Avoidance.c **** 		if(obstructed_L == 0) {
 263              	 .loc 1 51 0
 264 00e2 804B     	 ldr r3,.L19+12
 265 00e4 1B78     	 ldrb r3,[r3]
 266 00e6 002B     	 cmp r3,#0
 267 00e8 39D1     	 bne .L6
 268              	.LBB3:
  52:../Ultrasonic_Collision_Avoidance.c **** 			Ultrsonic_data_invaildcounter[1] = 0;
 269              	 .loc 1 52 0
 270 00ea 7B4B     	 ldr r3,.L19
 271 00ec 0022     	 mov r2,#0
 272 00ee 5A70     	 strb r2,[r3,#1]
  53:../Ultrasonic_Collision_Avoidance.c **** 			Ultra_m_L = Exp_moving_average((float)Ultrasonic_cm_L_clc / 100 , Ultra_m_L, ALPHA_ULTARSONIC);
 273              	 .loc 1 53 0
 274 00f0 0C23     	 mov r3,#12
 275 00f2 0822     	 mov r2,#8
 276 00f4 9446     	 mov ip,r2
 277 00f6 BC44     	 add ip,ip,r7
 278 00f8 6344     	 add r3,r3,ip
 279 00fa 0022     	 mov r2,#0
 280 00fc 9B5E     	 ldrsh r3,[r3,r2]
 281 00fe 181C     	 mov r0,r3
 282 0100 FFF7FEFF 	 bl __aeabi_i2f
 283 0104 031C     	 add r3,r0,#0
 284 0106 181C     	 add r0,r3,#0
 285 0108 7449     	 ldr r1,.L19+4
 286 010a FFF7FEFF 	 bl __aeabi_fdiv
 287 010e 031C     	 add r3,r0,#0
 288 0110 181C     	 add r0,r3,#0
 289 0112 FFF7FEFF 	 bl __aeabi_f2d
 290 0116 3860     	 str r0,[r7]
 291 0118 7960     	 str r1,[r7,#4]
 292 011a 734B     	 ldr r3,.L19+16
 293 011c 1B68     	 ldr r3,[r3]
 294 011e 181C     	 add r0,r3,#0
 295 0120 FFF7FEFF 	 bl __aeabi_f2d
 296 0124 051C     	 mov r5,r0
 297 0126 0E1C     	 mov r6,r1
 298 0128 B86B     	 ldr r0,[r7,#56]
 299 012a FFF7FEFF 	 bl __aeabi_f2d
 300 012e 031C     	 mov r3,r0
 301 0130 0C1C     	 mov r4,r1
 302 0132 0093     	 str r3,[sp]
 303 0134 0194     	 str r4,[sp,#4]
 304 0136 3868     	 ldr r0,[r7]
 305 0138 7968     	 ldr r1,[r7,#4]
 306 013a 2A1C     	 mov r2,r5
 307 013c 331C     	 mov r3,r6
 308 013e FFF7FEFF 	 bl Exp_moving_average
 309 0142 031C     	 mov r3,r0
 310 0144 181C     	 mov r0,r3
 311 0146 FFF7FEFF 	 bl __aeabi_i2f
 312 014a 021C     	 add r2,r0,#0
 313 014c 664B     	 ldr r3,.L19+16
 314 014e 1A60     	 str r2,[r3]
 315 0150 05E0     	 b .L6
 316              	.L4:
 317              	.LBE3:
  54:../Ultrasonic_Collision_Avoidance.c **** 		}
  55:../Ultrasonic_Collision_Avoidance.c **** 	}
  56:../Ultrasonic_Collision_Avoidance.c **** 	else Ultrsonic_data_invaildcounter[1]++;
 318              	 .loc 1 56 0
 319 0152 614B     	 ldr r3,.L19
 320 0154 5B78     	 ldrb r3,[r3,#1]
 321 0156 0133     	 add r3,r3,#1
 322 0158 DAB2     	 uxtb r2,r3
 323 015a 5F4B     	 ldr r3,.L19
 324 015c 5A70     	 strb r2,[r3,#1]
 325              	.L6:
  57:../Ultrasonic_Collision_Avoidance.c **** 
  58:../Ultrasonic_Collision_Avoidance.c **** 	if(Ultrasonic_cm_R_clc != 0){
 326              	 .loc 1 58 0
 327 015e 0A23     	 mov r3,#10
 328 0160 0822     	 mov r2,#8
 329 0162 9446     	 mov ip,r2
 330 0164 BC44     	 add ip,ip,r7
 331 0166 6344     	 add r3,r3,ip
 332 0168 0022     	 mov r2,#0
 333 016a 9B5E     	 ldrsh r3,[r3,r2]
 334 016c 002B     	 cmp r3,#0
 335 016e 44D0     	 beq .L7
  59:../Ultrasonic_Collision_Avoidance.c **** 		obstructed_R = Ultrasoinc_Obstructet_Test( - Steering_Angles_clc[1]); // neagtiv becasue right wh
 336              	 .loc 1 59 0
 337 0170 FB68     	 ldr r3,[r7,#12]
 338 0172 0433     	 add r3,r3,#4
 339 0174 1B68     	 ldr r3,[r3]
 340 0176 8022     	 mov r2,#128
 341 0178 1206     	 lsl r2,r2,#24
 342 017a 5340     	 eor r3,r2
 343 017c 181C     	 add r0,r3,#0
 344 017e FFF7FEFF 	 bl Ultrasoinc_Obstructet_Test
 345 0182 031C     	 mov r3,r0
 346 0184 1A1C     	 mov r2,r3
 347 0186 594B     	 ldr r3,.L19+20
 348 0188 1A70     	 strb r2,[r3]
  60:../Ultrasonic_Collision_Avoidance.c **** 		if(obstructed_R == 0){
 349              	 .loc 1 60 0
 350 018a 584B     	 ldr r3,.L19+20
 351 018c 1B78     	 ldrb r3,[r3]
 352 018e 002B     	 cmp r3,#0
 353 0190 39D1     	 bne .L9
 354              	.LBB4:
  61:../Ultrasonic_Collision_Avoidance.c **** 			Ultrsonic_data_invaildcounter[2] = 0;
 355              	 .loc 1 61 0
 356 0192 514B     	 ldr r3,.L19
 357 0194 0022     	 mov r2,#0
 358 0196 9A70     	 strb r2,[r3,#2]
  62:../Ultrasonic_Collision_Avoidance.c **** 			Ultra_m_R = Exp_moving_average((float)Ultrasonic_cm_R_clc / 100 , Ultra_m_R, ALPHA_ULTARSONIC);
 359              	 .loc 1 62 0
 360 0198 0A23     	 mov r3,#10
 361 019a 0822     	 mov r2,#8
 362 019c 9446     	 mov ip,r2
 363 019e BC44     	 add ip,ip,r7
 364 01a0 6344     	 add r3,r3,ip
 365 01a2 0022     	 mov r2,#0
 366 01a4 9B5E     	 ldrsh r3,[r3,r2]
 367 01a6 181C     	 mov r0,r3
 368 01a8 FFF7FEFF 	 bl __aeabi_i2f
 369 01ac 031C     	 add r3,r0,#0
 370 01ae 181C     	 add r0,r3,#0
 371 01b0 4A49     	 ldr r1,.L19+4
 372 01b2 FFF7FEFF 	 bl __aeabi_fdiv
 373 01b6 031C     	 add r3,r0,#0
 374 01b8 181C     	 add r0,r3,#0
 375 01ba FFF7FEFF 	 bl __aeabi_f2d
 376 01be 3860     	 str r0,[r7]
 377 01c0 7960     	 str r1,[r7,#4]
 378 01c2 4B4B     	 ldr r3,.L19+24
 379 01c4 1B68     	 ldr r3,[r3]
 380 01c6 181C     	 add r0,r3,#0
 381 01c8 FFF7FEFF 	 bl __aeabi_f2d
 382 01cc 051C     	 mov r5,r0
 383 01ce 0E1C     	 mov r6,r1
 384 01d0 B86B     	 ldr r0,[r7,#56]
 385 01d2 FFF7FEFF 	 bl __aeabi_f2d
 386 01d6 031C     	 mov r3,r0
 387 01d8 0C1C     	 mov r4,r1
 388 01da 0093     	 str r3,[sp]
 389 01dc 0194     	 str r4,[sp,#4]
 390 01de 3868     	 ldr r0,[r7]
 391 01e0 7968     	 ldr r1,[r7,#4]
 392 01e2 2A1C     	 mov r2,r5
 393 01e4 331C     	 mov r3,r6
 394 01e6 FFF7FEFF 	 bl Exp_moving_average
 395 01ea 031C     	 mov r3,r0
 396 01ec 181C     	 mov r0,r3
 397 01ee FFF7FEFF 	 bl __aeabi_i2f
 398 01f2 021C     	 add r2,r0,#0
 399 01f4 3E4B     	 ldr r3,.L19+24
 400 01f6 1A60     	 str r2,[r3]
 401 01f8 05E0     	 b .L9
 402              	.L7:
 403              	.LBE4:
  63:../Ultrasonic_Collision_Avoidance.c **** 		}
  64:../Ultrasonic_Collision_Avoidance.c **** 	}
  65:../Ultrasonic_Collision_Avoidance.c **** 	else Ultrsonic_data_invaildcounter[2]++;
 404              	 .loc 1 65 0
 405 01fa 374B     	 ldr r3,.L19
 406 01fc 9B78     	 ldrb r3,[r3,#2]
 407 01fe 0133     	 add r3,r3,#1
 408 0200 DAB2     	 uxtb r2,r3
 409 0202 354B     	 ldr r3,.L19
 410 0204 9A70     	 strb r2,[r3,#2]
 411              	.L9:
  66:../Ultrasonic_Collision_Avoidance.c **** 
  67:../Ultrasonic_Collision_Avoidance.c **** 	uint8_t i;
  68:../Ultrasonic_Collision_Avoidance.c **** 	for(i = 0; i < 3; i++){
 412              	 .loc 1 68 0
 413 0206 1723     	 mov r3,#23
 414 0208 0822     	 mov r2,#8
 415 020a 9446     	 mov ip,r2
 416 020c BC44     	 add ip,ip,r7
 417 020e 6344     	 add r3,r3,ip
 418 0210 0022     	 mov r2,#0
 419 0212 1A70     	 strb r2,[r3]
 420 0214 1FE0     	 b .L10
 421              	.L12:
  69:../Ultrasonic_Collision_Avoidance.c **** 		if( Ultrsonic_data_invaildcounter[i] > ULRTA_NUM_NO_DATA_INVALID) Ultrsonic_data_invaildcounter[i
 422              	 .loc 1 69 0
 423 0216 1723     	 mov r3,#23
 424 0218 0822     	 mov r2,#8
 425 021a 9446     	 mov ip,r2
 426 021c BC44     	 add ip,ip,r7
 427 021e 6344     	 add r3,r3,ip
 428 0220 1B78     	 ldrb r3,[r3]
 429 0222 2D4A     	 ldr r2,.L19
 430 0224 D35C     	 ldrb r3,[r2,r3]
 431 0226 282B     	 cmp r3,#40
 432 0228 08D9     	 bls .L11
 433              	 .loc 1 69 0 is_stmt 0 discriminator 1
 434 022a 1723     	 mov r3,#23
 435 022c 0822     	 mov r2,#8
 436 022e 9446     	 mov ip,r2
 437 0230 BC44     	 add ip,ip,r7
 438 0232 6344     	 add r3,r3,ip
 439 0234 1B78     	 ldrb r3,[r3]
 440 0236 284A     	 ldr r2,.L19
 441 0238 2821     	 mov r1,#40
 442 023a D154     	 strb r1,[r2,r3]
 443              	.L11:
  68:../Ultrasonic_Collision_Avoidance.c **** 		if( Ultrsonic_data_invaildcounter[i] > ULRTA_NUM_NO_DATA_INVALID) Ultrsonic_data_invaildcounter[i
 444              	 .loc 1 68 0 is_stmt 1 discriminator 2
 445 023c 1723     	 mov r3,#23
 446 023e 0822     	 mov r2,#8
 447 0240 9446     	 mov ip,r2
 448 0242 BC44     	 add ip,ip,r7
 449 0244 6344     	 add r3,r3,ip
 450 0246 1A78     	 ldrb r2,[r3]
 451 0248 1723     	 mov r3,#23
 452 024a 0821     	 mov r1,#8
 453 024c 8C46     	 mov ip,r1
 454 024e BC44     	 add ip,ip,r7
 455 0250 6344     	 add r3,r3,ip
 456 0252 0132     	 add r2,r2,#1
 457 0254 1A70     	 strb r2,[r3]
 458              	.L10:
  68:../Ultrasonic_Collision_Avoidance.c **** 		if( Ultrsonic_data_invaildcounter[i] > ULRTA_NUM_NO_DATA_INVALID) Ultrsonic_data_invaildcounter[i
 459              	 .loc 1 68 0 is_stmt 0 discriminator 1
 460 0256 1723     	 mov r3,#23
 461 0258 0822     	 mov r2,#8
 462 025a 9446     	 mov ip,r2
 463 025c BC44     	 add ip,ip,r7
 464 025e 6344     	 add r3,r3,ip
 465 0260 1B78     	 ldrb r3,[r3]
 466 0262 022B     	 cmp r3,#2
 467 0264 D7D9     	 bls .L12
  70:../Ultrasonic_Collision_Avoidance.c **** 	}
  71:../Ultrasonic_Collision_Avoidance.c **** 
  72:../Ultrasonic_Collision_Avoidance.c **** 	// front obstacel
  73:../Ultrasonic_Collision_Avoidance.c **** 	if(Ultrsonic_data_invaildcounter[0] < ULRTA_NUM_NO_DATA_INVALID ){
 468              	 .loc 1 73 0 is_stmt 1
 469 0266 1C4B     	 ldr r3,.L19
 470 0268 1B78     	 ldrb r3,[r3]
 471 026a 272B     	 cmp r3,#39
 472 026c 07D8     	 bhi .L13
  74:../Ultrasonic_Collision_Avoidance.c **** 	//	Obstacel_F[0] = Ultra_m_C;
  75:../Ultrasonic_Collision_Avoidance.c **** 		Obstacel_F = Ultra_m_C;
 473              	 .loc 1 75 0
 474 026e 1C4B     	 ldr r3,.L19+8
 475 0270 1A68     	 ldr r2,[r3]
 476 0272 204B     	 ldr r3,.L19+28
 477 0274 1A60     	 str r2,[r3]
  76:../Ultrasonic_Collision_Avoidance.c **** 		Obstacel_valid[0] = 1;
 478              	 .loc 1 76 0
 479 0276 204B     	 ldr r3,.L19+32
 480 0278 0122     	 mov r2,#1
 481 027a 1A70     	 strb r2,[r3]
 482 027c 02E0     	 b .L14
 483              	.L13:
  77:../Ultrasonic_Collision_Avoidance.c **** 	}
  78:../Ultrasonic_Collision_Avoidance.c **** 	else {
  79:../Ultrasonic_Collision_Avoidance.c **** 		Obstacel_valid[0] = 0;
 484              	 .loc 1 79 0
 485 027e 1E4B     	 ldr r3,.L19+32
 486 0280 0022     	 mov r2,#0
 487 0282 1A70     	 strb r2,[r3]
 488              	.L14:
  80:../Ultrasonic_Collision_Avoidance.c **** 		//Obstacel_F[0]  = 4;
  81:../Ultrasonic_Collision_Avoidance.c **** 	}
  82:../Ultrasonic_Collision_Avoidance.c **** 
  83:../Ultrasonic_Collision_Avoidance.c **** 	if(Ultrsonic_data_invaildcounter[1] < ULRTA_NUM_NO_DATA_INVALID && obstructed_L == 0 ){
 489              	 .loc 1 83 0
 490 0284 144B     	 ldr r3,.L19
 491 0286 5B78     	 ldrb r3,[r3,#1]
 492 0288 272B     	 cmp r3,#39
 493 028a 0BD8     	 bhi .L15
 494              	 .loc 1 83 0 is_stmt 0 discriminator 1
 495 028c 154B     	 ldr r3,.L19+12
 496 028e 1B78     	 ldrb r3,[r3]
 497 0290 002B     	 cmp r3,#0
 498 0292 07D1     	 bne .L15
  84:../Ultrasonic_Collision_Avoidance.c **** 		//Obstacel_L[0] = Ultra_m_L * cos(Steering_Angles[0] / RAD_TO_DEG);
  85:../Ultrasonic_Collision_Avoidance.c **** 		//Obstacel_L[1] = Ultra_m_L * sin(Steering_Angles[0] / RAD_TO_DEG);
  86:../Ultrasonic_Collision_Avoidance.c **** 		Obstacel_L = Ultra_m_L;
 499              	 .loc 1 86 0 is_stmt 1
 500 0294 144B     	 ldr r3,.L19+16
 501 0296 1A68     	 ldr r2,[r3]
 502 0298 184B     	 ldr r3,.L19+36
 503 029a 1A60     	 str r2,[r3]
  87:../Ultrasonic_Collision_Avoidance.c **** 		Obstacel_valid[1] = 1;
 504              	 .loc 1 87 0
 505 029c 164B     	 ldr r3,.L19+32
 506 029e 0122     	 mov r2,#1
 507 02a0 5A70     	 strb r2,[r3,#1]
 508 02a2 02E0     	 b .L16
 509              	.L15:
  88:../Ultrasonic_Collision_Avoidance.c **** 	}
  89:../Ultrasonic_Collision_Avoidance.c **** 	else {
  90:../Ultrasonic_Collision_Avoidance.c **** 		Obstacel_valid[1] = 0;
 510              	 .loc 1 90 0
 511 02a4 144B     	 ldr r3,.L19+32
 512 02a6 0022     	 mov r2,#0
 513 02a8 5A70     	 strb r2,[r3,#1]
 514              	.L16:
  91:../Ultrasonic_Collision_Avoidance.c **** 		//Obstacel_L[0]  = 4;
  92:../Ultrasonic_Collision_Avoidance.c **** 		//Obstacel_L[1]  = 4;
  93:../Ultrasonic_Collision_Avoidance.c **** 	}
  94:../Ultrasonic_Collision_Avoidance.c **** 
  95:../Ultrasonic_Collision_Avoidance.c **** 	if(Ultrsonic_data_invaildcounter[2]  < ULRTA_NUM_NO_DATA_INVALID && obstructed_R == 0 ){
 515              	 .loc 1 95 0
 516 02aa 0B4B     	 ldr r3,.L19
 517 02ac 9B78     	 ldrb r3,[r3,#2]
 518 02ae 272B     	 cmp r3,#39
 519 02b0 0BD8     	 bhi .L17
 520              	 .loc 1 95 0 is_stmt 0 discriminator 1
 521 02b2 0E4B     	 ldr r3,.L19+20
 522 02b4 1B78     	 ldrb r3,[r3]
 523 02b6 002B     	 cmp r3,#0
 524 02b8 07D1     	 bne .L17
  96:../Ultrasonic_Collision_Avoidance.c **** 		//Obstacel_R[0] = Ultra_m_R * cos(Steering_Angles[1] / RAD_TO_DEG);
  97:../Ultrasonic_Collision_Avoidance.c **** 		//Obstacel_R[1] = Ultra_m_R * sin(Steering_Angles[1] / RAD_TO_DEG);
  98:../Ultrasonic_Collision_Avoidance.c **** 		Obstacel_valid[2] = 1;
 525              	 .loc 1 98 0 is_stmt 1
 526 02ba 0F4B     	 ldr r3,.L19+32
 527 02bc 0122     	 mov r2,#1
 528 02be 9A70     	 strb r2,[r3,#2]
  99:../Ultrasonic_Collision_Avoidance.c **** 		Obstacel_R = Ultra_m_R;
 529              	 .loc 1 99 0
 530 02c0 0B4B     	 ldr r3,.L19+24
 531 02c2 1A68     	 ldr r2,[r3]
 532 02c4 0E4B     	 ldr r3,.L19+40
 533 02c6 1A60     	 str r2,[r3]
 534 02c8 02E0     	 b .L1
 535              	.L17:
 100:../Ultrasonic_Collision_Avoidance.c **** 	}
 101:../Ultrasonic_Collision_Avoidance.c **** 	else {
 102:../Ultrasonic_Collision_Avoidance.c **** 		Obstacel_valid[2] = 0;
 536              	 .loc 1 102 0
 537 02ca 0B4B     	 ldr r3,.L19+32
 538 02cc 0022     	 mov r2,#0
 539 02ce 9A70     	 strb r2,[r3,#2]
 540              	.L1:
 103:../Ultrasonic_Collision_Avoidance.c **** 		//Obstacel_R[0]  = 4;
 104:../Ultrasonic_Collision_Avoidance.c **** 		//Obstacel_R[1]  = 4;
 105:../Ultrasonic_Collision_Avoidance.c **** 	}
 106:../Ultrasonic_Collision_Avoidance.c **** 
 107:../Ultrasonic_Collision_Avoidance.c **** 	/*
 108:../Ultrasonic_Collision_Avoidance.c **** 	obstacel_F_x = Obstacel_F[0];
 109:../Ultrasonic_Collision_Avoidance.c **** 	obstacel_L_x = Obstacel_L[0];
 110:../Ultrasonic_Collision_Avoidance.c **** 	obstacel_L_y = Obstacel_L[1];
 111:../Ultrasonic_Collision_Avoidance.c **** 	obstacel_R_x = Obstacel_R[0];
 112:../Ultrasonic_Collision_Avoidance.c **** 	obstacel_R_y = Obstacel_R[1];
 113:../Ultrasonic_Collision_Avoidance.c **** 	*/
 114:../Ultrasonic_Collision_Avoidance.c **** }
 541              	 .loc 1 114 0
 542 02d0 BD46     	 mov sp,r7
 543 02d2 09B0     	 add sp,sp,#36
 544              	 
 545 02d4 F0BD     	 pop {r4,r5,r6,r7,pc}
 546              	.L20:
 547 02d6 C046     	 .align 2
 548              	.L19:
 549 02d8 00000000 	 .word Ultrsonic_data_invaildcounter
 550 02dc 0000C842 	 .word 1120403456
 551 02e0 00000000 	 .word Ultra_m_C
 552 02e4 00000000 	 .word obstructed_L
 553 02e8 00000000 	 .word Ultra_m_L
 554 02ec 00000000 	 .word obstructed_R
 555 02f0 00000000 	 .word Ultra_m_R
 556 02f4 00000000 	 .word Obstacel_F
 557 02f8 00000000 	 .word Obstacel_valid
 558 02fc 00000000 	 .word Obstacel_L
 559 0300 00000000 	 .word Obstacel_R
 560              	 .cfi_endproc
 561              	.LFE224:
 563              	 .global __aeabi_fcmpgt
 564              	 .global __aeabi_fsub
 565              	 .global __aeabi_fmul
 566              	 .global __aeabi_fcmple
 567              	 .global __aeabi_fcmplt
 568              	 .section .text.Ultrasoinc_Obstructet_Test,"ax",%progbits
 569              	 .align 2
 570              	 .global Ultrasoinc_Obstructet_Test
 571              	 .code 16
 572              	 .thumb_func
 574              	Ultrasoinc_Obstructet_Test:
 575              	.LFB225:
 115:../Ultrasonic_Collision_Avoidance.c **** 
 116:../Ultrasonic_Collision_Avoidance.c **** uint8_t Ultrasoinc_Obstructet_Test(float Angle){
 576              	 .loc 1 116 0
 577              	 .cfi_startproc
 578 0000 90B5     	 push {r4,r7,lr}
 579              	.LCFI3:
 580              	 .cfi_def_cfa_offset 12
 581              	 .cfi_offset 4,-12
 582              	 .cfi_offset 7,-8
 583              	 .cfi_offset 14,-4
 584 0002 85B0     	 sub sp,sp,#20
 585              	.LCFI4:
 586              	 .cfi_def_cfa_offset 32
 587 0004 00AF     	 add r7,sp,#0
 588              	.LCFI5:
 589              	 .cfi_def_cfa_register 7
 590 0006 7860     	 str r0,[r7,#4]
 117:../Ultrasonic_Collision_Avoidance.c **** 	uint8_t i;
 118:../Ultrasonic_Collision_Avoidance.c **** 	for(i = 0; i < 3; i++){ // if rotate around multipel times
 591              	 .loc 1 118 0
 592 0008 0F23     	 mov r3,#15
 593 000a FB18     	 add r3,r7,r3
 594 000c 0022     	 mov r2,#0
 595 000e 1A70     	 strb r2,[r3]
 596 0010 6DE0     	 b .L22
 597              	.L30:
 119:../Ultrasonic_Collision_Avoidance.c **** 		if(Angle > 0){
 598              	 .loc 1 119 0
 599 0012 7868     	 ldr r0,[r7,#4]
 600 0014 0021     	 mov r1,#0
 601 0016 FFF7FEFF 	 bl __aeabi_fcmpgt
 602 001a 031E     	 sub r3,r0,#0
 603 001c 2DD0     	 beq .L23
 120:../Ultrasonic_Collision_Avoidance.c **** 			if((Angle - (POS_OBSTRUCTED_ANGLE_MIN + (i * 360))) * (Angle - (POS_OBSTRUCTED_ANGLE_MAX + (i * 
 604              	 .loc 1 120 0
 605 001e 0F23     	 mov r3,#15
 606 0020 FB18     	 add r3,r7,r3
 607 0022 1B78     	 ldrb r3,[r3]
 608 0024 B422     	 mov r2,#180
 609 0026 5200     	 lsl r2,r2,#1
 610 0028 5343     	 mul r3,r2
 611 002a 3233     	 add r3,r3,#50
 612 002c 181C     	 mov r0,r3
 613 002e FFF7FEFF 	 bl __aeabi_i2f
 614 0032 031C     	 add r3,r0,#0
 615 0034 7868     	 ldr r0,[r7,#4]
 616 0036 191C     	 add r1,r3,#0
 617 0038 FFF7FEFF 	 bl __aeabi_fsub
 618 003c 031C     	 add r3,r0,#0
 619 003e 1C1C     	 add r4,r3,#0
 620 0040 0F23     	 mov r3,#15
 621 0042 FB18     	 add r3,r7,r3
 622 0044 1B78     	 ldrb r3,[r3]
 623 0046 B422     	 mov r2,#180
 624 0048 5200     	 lsl r2,r2,#1
 625 004a 5343     	 mul r3,r2
 626 004c D233     	 add r3,r3,#210
 627 004e 181C     	 mov r0,r3
 628 0050 FFF7FEFF 	 bl __aeabi_i2f
 629 0054 031C     	 add r3,r0,#0
 630 0056 7868     	 ldr r0,[r7,#4]
 631 0058 191C     	 add r1,r3,#0
 632 005a FFF7FEFF 	 bl __aeabi_fsub
 633 005e 031C     	 add r3,r0,#0
 634 0060 201C     	 add r0,r4,#0
 635 0062 191C     	 add r1,r3,#0
 636 0064 FFF7FEFF 	 bl __aeabi_fmul
 637 0068 031C     	 add r3,r0,#0
 638 006a 181C     	 add r0,r3,#0
 639 006c 0021     	 mov r1,#0
 640 006e FFF7FEFF 	 bl __aeabi_fcmple
 641 0072 031E     	 sub r3,r0,#0
 642 0074 01D0     	 beq .L23
 121:../Ultrasonic_Collision_Avoidance.c **** 				return 1;
 643              	 .loc 1 121 0
 644 0076 0123     	 mov r3,#1
 645 0078 3FE0     	 b .L26
 646              	.L23:
 122:../Ultrasonic_Collision_Avoidance.c **** 			}
 123:../Ultrasonic_Collision_Avoidance.c **** 		}
 124:../Ultrasonic_Collision_Avoidance.c **** 
 125:../Ultrasonic_Collision_Avoidance.c **** 		if(Angle < 0){
 647              	 .loc 1 125 0
 648 007a 7868     	 ldr r0,[r7,#4]
 649 007c 0021     	 mov r1,#0
 650 007e FFF7FEFF 	 bl __aeabi_fcmplt
 651 0082 031E     	 sub r3,r0,#0
 652 0084 2CD0     	 beq .L27
 126:../Ultrasonic_Collision_Avoidance.c **** 			if((Angle - (NEG_OBSTRUCTED_ANGLE_MIN - (i * 360))) * (Angle - (NEG_OBSTRUCTED_ANGLE_MAX - (i * 
 653              	 .loc 1 126 0
 654 0086 0F23     	 mov r3,#15
 655 0088 FB18     	 add r3,r7,r3
 656 008a 1B78     	 ldrb r3,[r3]
 657 008c 1D4A     	 ldr r2,.L35
 658 008e 5343     	 mul r3,r2
 659 0090 963B     	 sub r3,r3,#150
 660 0092 181C     	 mov r0,r3
 661 0094 FFF7FEFF 	 bl __aeabi_i2f
 662 0098 031C     	 add r3,r0,#0
 663 009a 7868     	 ldr r0,[r7,#4]
 664 009c 191C     	 add r1,r3,#0
 665 009e FFF7FEFF 	 bl __aeabi_fsub
 666 00a2 031C     	 add r3,r0,#0
 667 00a4 1C1C     	 add r4,r3,#0
 668 00a6 0F23     	 mov r3,#15
 669 00a8 FB18     	 add r3,r7,r3
 670 00aa 1B78     	 ldrb r3,[r3]
 671 00ac 154A     	 ldr r2,.L35
 672 00ae 5343     	 mul r3,r2
 673 00b0 373B     	 sub r3,r3,#55
 674 00b2 FF3B     	 sub r3,r3,#255
 675 00b4 181C     	 mov r0,r3
 676 00b6 FFF7FEFF 	 bl __aeabi_i2f
 677 00ba 031C     	 add r3,r0,#0
 678 00bc 7868     	 ldr r0,[r7,#4]
 679 00be 191C     	 add r1,r3,#0
 680 00c0 FFF7FEFF 	 bl __aeabi_fsub
 681 00c4 031C     	 add r3,r0,#0
 682 00c6 201C     	 add r0,r4,#0
 683 00c8 191C     	 add r1,r3,#0
 684 00ca FFF7FEFF 	 bl __aeabi_fmul
 685 00ce 031C     	 add r3,r0,#0
 686 00d0 181C     	 add r0,r3,#0
 687 00d2 0021     	 mov r1,#0
 688 00d4 FFF7FEFF 	 bl __aeabi_fcmple
 689 00d8 031E     	 sub r3,r0,#0
 690 00da 01D0     	 beq .L27
 127:../Ultrasonic_Collision_Avoidance.c **** 						return 1;
 691              	 .loc 1 127 0
 692 00dc 0123     	 mov r3,#1
 693 00de 0CE0     	 b .L26
 694              	.L27:
 118:../Ultrasonic_Collision_Avoidance.c **** 		if(Angle > 0){
 695              	 .loc 1 118 0 discriminator 2
 696 00e0 0F23     	 mov r3,#15
 697 00e2 FB18     	 add r3,r7,r3
 698 00e4 1A78     	 ldrb r2,[r3]
 699 00e6 0F23     	 mov r3,#15
 700 00e8 FB18     	 add r3,r7,r3
 701 00ea 0132     	 add r2,r2,#1
 702 00ec 1A70     	 strb r2,[r3]
 703              	.L22:
 118:../Ultrasonic_Collision_Avoidance.c **** 		if(Angle > 0){
 704              	 .loc 1 118 0 is_stmt 0 discriminator 1
 705 00ee 0F23     	 mov r3,#15
 706 00f0 FB18     	 add r3,r7,r3
 707 00f2 1B78     	 ldrb r3,[r3]
 708 00f4 022B     	 cmp r3,#2
 709 00f6 8CD9     	 bls .L30
 128:../Ultrasonic_Collision_Avoidance.c **** 			}
 129:../Ultrasonic_Collision_Avoidance.c **** 		}
 130:../Ultrasonic_Collision_Avoidance.c **** 	}
 131:../Ultrasonic_Collision_Avoidance.c **** 
 132:../Ultrasonic_Collision_Avoidance.c **** 	return 0;
 710              	 .loc 1 132 0 is_stmt 1
 711 00f8 0023     	 mov r3,#0
 712              	.L26:
 133:../Ultrasonic_Collision_Avoidance.c **** }
 713              	 .loc 1 133 0
 714 00fa 181C     	 mov r0,r3
 715 00fc BD46     	 mov sp,r7
 716 00fe 05B0     	 add sp,sp,#20
 717              	 
 718 0100 90BD     	 pop {r4,r7,pc}
 719              	.L36:
 720 0102 C046     	 .align 2
 721              	.L35:
 722 0104 98FEFFFF 	 .word -360
 723              	 .cfi_endproc
 724              	.LFE225:
 726              	 .text
 727              	.Letext0:
 728              	 .file 2 "c:\\dave\\dave-ide-4.4.2-64bit\\dave-ide-4.4.2-64bit\\eclipse\\arm-gcc-49\\arm-none-eabi\\include\\machine\\_default_types.h"
 729              	 .file 3 "c:\\dave\\dave-ide-4.4.2-64bit\\dave-ide-4.4.2-64bit\\eclipse\\arm-gcc-49\\arm-none-eabi\\include\\stdint.h"
 730              	 .file 4 "C:/GitHub/MobRob_Rover_NEW/Steering_Controller/MobRob_Steering_Controller/Libraries/CMSIS/Include/cmsis_gcc.h"
 731              	 .file 5 "../Globals.h"
 732              	 .file 6 "C:/GitHub/MobRob_Rover_NEW/Steering_Controller/MobRob_Steering_Controller/Libraries/CMSIS/Infineon/XMC1400_series/Include/system_XMC1400.h"
DEFINED SYMBOLS
                            *ABS*:00000000 Ultrasonic_Collision_Avoidance.c
                            *COM*:00000001 RC_controll
    {standard input}:22     .bss.obstructed_L:00000000 obstructed_L
    {standard input}:23     .bss.obstructed_L:00000000 $d
    {standard input}:28     .bss.obstructed_R:00000000 obstructed_R
    {standard input}:29     .bss.obstructed_R:00000000 $d
    {standard input}:35     .data.Ultra_m_C:00000000 Ultra_m_C
    {standard input}:32     .data.Ultra_m_C:00000000 $d
    {standard input}:42     .data.Ultra_m_L:00000000 Ultra_m_L
    {standard input}:39     .data.Ultra_m_L:00000000 $d
    {standard input}:49     .data.Ultra_m_R:00000000 Ultra_m_R
    {standard input}:46     .data.Ultra_m_R:00000000 $d
    {standard input}:56     .data.Ultrsonic_data_invaildcounter:00000000 Ultrsonic_data_invaildcounter
    {standard input}:53     .data.Ultrsonic_data_invaildcounter:00000000 $d
    {standard input}:65     .bss.obstacel_F_x:00000000 obstacel_F_x
    {standard input}:62     .bss.obstacel_F_x:00000000 $d
    {standard input}:72     .bss.obstacel_L_x:00000000 obstacel_L_x
    {standard input}:69     .bss.obstacel_L_x:00000000 $d
    {standard input}:79     .bss.obstacel_L_y:00000000 obstacel_L_y
    {standard input}:76     .bss.obstacel_L_y:00000000 $d
    {standard input}:86     .bss.obstacel_R_x:00000000 obstacel_R_x
    {standard input}:83     .bss.obstacel_R_x:00000000 $d
    {standard input}:93     .bss.obstacel_R_y:00000000 obstacel_R_y
    {standard input}:90     .bss.obstacel_R_y:00000000 $d
    {standard input}:100    .bss.Obstacel_valid:00000000 Obstacel_valid
    {standard input}:97     .bss.Obstacel_valid:00000000 $d
    {standard input}:107    .data.Obstacel_F:00000000 Obstacel_F
    {standard input}:104    .data.Obstacel_F:00000000 $d
    {standard input}:114    .data.Obstacel_L:00000000 Obstacel_L
    {standard input}:111    .data.Obstacel_L:00000000 $d
    {standard input}:121    .data.Obstacel_R:00000000 Obstacel_R
    {standard input}:118    .data.Obstacel_R:00000000 $d
    {standard input}:127    .text.Ultra_sonic_filter:00000000 $t
    {standard input}:132    .text.Ultra_sonic_filter:00000000 Ultra_sonic_filter
    {standard input}:574    .text.Ultrasoinc_Obstructet_Test:00000000 Ultrasoinc_Obstructet_Test
    {standard input}:549    .text.Ultra_sonic_filter:000002d8 $d
    {standard input}:569    .text.Ultrasoinc_Obstructet_Test:00000000 $t
    {standard input}:722    .text.Ultrasoinc_Obstructet_Test:00000104 $d
                     .debug_frame:00000010 $d

UNDEFINED SYMBOLS
__aeabi_i2f
__aeabi_fdiv
__aeabi_f2d
Exp_moving_average
__aeabi_fcmpgt
__aeabi_fsub
__aeabi_fmul
__aeabi_fcmple
__aeabi_fcmplt
