   1              	 .cpu cortex-m0
   2              	 .fpu softvfp
   3              	 .eabi_attribute 20,1
   4              	 .eabi_attribute 21,1
   5              	 .eabi_attribute 23,3
   6              	 .eabi_attribute 24,1
   7              	 .eabi_attribute 25,1
   8              	 .eabi_attribute 26,1
   9              	 .eabi_attribute 30,6
  10              	 .eabi_attribute 34,0
  11              	 .eabi_attribute 18,4
  12              	 .code 16
  13              	 .file "watchdog.c"
  14              	 .text
  15              	.Ltext0:
  16              	 .cfi_sections .debug_frame
  17              	 .section .text.WATCHDOG_GetAppVersion,"ax",%progbits
  18              	 .align 2
  19              	 .global WATCHDOG_GetAppVersion
  20              	 .code 16
  21              	 .thumb_func
  23              	WATCHDOG_GetAppVersion:
  24              	.LFB76:
  25              	 .file 1 "../Dave/Generated/WATCHDOG/watchdog.c"
   1:../Dave/Generated/WATCHDOG/watchdog.c **** /**
   2:../Dave/Generated/WATCHDOG/watchdog.c ****  * @file watchdog.c
   3:../Dave/Generated/WATCHDOG/watchdog.c ****  * @date 2016-02-09
   4:../Dave/Generated/WATCHDOG/watchdog.c ****  *
   5:../Dave/Generated/WATCHDOG/watchdog.c ****  * NOTE:
   6:../Dave/Generated/WATCHDOG/watchdog.c ****  * This file is generated by DAVE. Any manual modification done to this file will be lost when the 
   7:../Dave/Generated/WATCHDOG/watchdog.c ****  *
   8:../Dave/Generated/WATCHDOG/watchdog.c ****  * @cond
   9:../Dave/Generated/WATCHDOG/watchdog.c ****  **************************************************************************************************
  10:../Dave/Generated/WATCHDOG/watchdog.c ****  * WATCHDOG v4.0.16 - Configures the watchdog peripheral instance.
  11:../Dave/Generated/WATCHDOG/watchdog.c ****  *
  12:../Dave/Generated/WATCHDOG/watchdog.c ****  * Copyright (c) 2016-2020, Infineon Technologies AG
  13:../Dave/Generated/WATCHDOG/watchdog.c ****  * All rights reserved.
  14:../Dave/Generated/WATCHDOG/watchdog.c ****  *
  15:../Dave/Generated/WATCHDOG/watchdog.c ****  * Redistribution and use in source and binary forms, with or without modification,are permitted pr
  16:../Dave/Generated/WATCHDOG/watchdog.c ****  * following conditions are met:
  17:../Dave/Generated/WATCHDOG/watchdog.c ****  *
  18:../Dave/Generated/WATCHDOG/watchdog.c ****  *   Redistributions of source code must retain the above copyright notice, this list of conditions
  19:../Dave/Generated/WATCHDOG/watchdog.c ****  *   disclaimer.
  20:../Dave/Generated/WATCHDOG/watchdog.c ****  *
  21:../Dave/Generated/WATCHDOG/watchdog.c ****  *   Redistributions in binary form must reproduce the above copyright notice, this list of conditi
  22:../Dave/Generated/WATCHDOG/watchdog.c ****  *   following disclaimer in the documentation and/or other materials provided with the distributio
  23:../Dave/Generated/WATCHDOG/watchdog.c ****  *
  24:../Dave/Generated/WATCHDOG/watchdog.c ****  *   Neither the name of the copyright holders nor the names of its contributors may be used to end
  25:../Dave/Generated/WATCHDOG/watchdog.c ****  *   products derived from this software without specific prior written permission.
  26:../Dave/Generated/WATCHDOG/watchdog.c ****  *
  27:../Dave/Generated/WATCHDOG/watchdog.c ****  * THIS SOFTWARE IS PROVIDED BY THE COPYRIGHT HOLDERS AND CONTRIBUTORS "AS IS" AND ANY EXPRESS OR I
  28:../Dave/Generated/WATCHDOG/watchdog.c ****  * INCLUDING, BUT NOT LIMITED TO, THE IMPLIED WARRANTIES OF MERCHANTABILITY AND FITNESS FOR A PARTI
  29:../Dave/Generated/WATCHDOG/watchdog.c ****  * DISCLAIMED. IN NO EVENT SHALL THE COPYRIGHT HOLDER OR CONTRIBUTORS BE LIABLE  FOR ANY DIRECT, IN
  30:../Dave/Generated/WATCHDOG/watchdog.c ****  * SPECIAL, EXEMPLARY, OR CONSEQUENTIAL DAMAGES (INCLUDING, BUT NOT LIMITED TO, PROCUREMENT OF SUBS
  31:../Dave/Generated/WATCHDOG/watchdog.c ****  * SERVICES; LOSS OF USE, DATA, OR PROFITS; OR BUSINESS INTERRUPTION) HOWEVER CAUSED AND ON ANY THE
  32:../Dave/Generated/WATCHDOG/watchdog.c ****  * WHETHER IN CONTRACT, STRICT LIABILITY,OR TORT (INCLUDING NEGLIGENCE OR OTHERWISE) ARISING IN ANY
  33:../Dave/Generated/WATCHDOG/watchdog.c ****  * USE OF THIS SOFTWARE, EVEN IF ADVISED OF THE POSSIBILITY OF SUCH DAMAGE.
  34:../Dave/Generated/WATCHDOG/watchdog.c ****  *
  35:../Dave/Generated/WATCHDOG/watchdog.c ****  * To improve the quality of the software, users are encouraged to share modifications, enhancement
  36:../Dave/Generated/WATCHDOG/watchdog.c ****  * with Infineon Technologies AG (dave@infineon.com).
  37:../Dave/Generated/WATCHDOG/watchdog.c ****  **************************************************************************************************
  38:../Dave/Generated/WATCHDOG/watchdog.c ****  *
  39:../Dave/Generated/WATCHDOG/watchdog.c ****  * Change History
  40:../Dave/Generated/WATCHDOG/watchdog.c ****  * --------------
  41:../Dave/Generated/WATCHDOG/watchdog.c ****  *
  42:../Dave/Generated/WATCHDOG/watchdog.c ****  * 2015-02-16:
  43:../Dave/Generated/WATCHDOG/watchdog.c ****  *     - Initial version<br>
  44:../Dave/Generated/WATCHDOG/watchdog.c ****  *
  45:../Dave/Generated/WATCHDOG/watchdog.c ****  * 2015-05-08:
  46:../Dave/Generated/WATCHDOG/watchdog.c ****  *     - Optimization of WATCHDOG_Init() function<br>
  47:../Dave/Generated/WATCHDOG/watchdog.c ****  *     - Added a macro "WATCHDOG_NORMAL_INTERRUPT" to avoid misra warning<br>
  48:../Dave/Generated/WATCHDOG/watchdog.c ****  *
  49:../Dave/Generated/WATCHDOG/watchdog.c ****  * 2015-06-20:
  50:../Dave/Generated/WATCHDOG/watchdog.c ****  *     - Pre-warn event registration is updated by using GLOBAL_SCU APP macros.
  51:../Dave/Generated/WATCHDOG/watchdog.c ****  *
  52:../Dave/Generated/WATCHDOG/watchdog.c ****  * 2015-11-30:
  53:../Dave/Generated/WATCHDOG/watchdog.c ****  *     - macro WATCHDOG_EVENT_CONFIGURATION is replaced with WATCHDOG_EVENT_VIA_SCU.
  54:../Dave/Generated/WATCHDOG/watchdog.c ****  *     - NMI support for XMC4000 devices is added.
  55:../Dave/Generated/WATCHDOG/watchdog.c ****  *
  56:../Dave/Generated/WATCHDOG/watchdog.c ****  * @endcond
  57:../Dave/Generated/WATCHDOG/watchdog.c ****  *
  58:../Dave/Generated/WATCHDOG/watchdog.c ****  */
  59:../Dave/Generated/WATCHDOG/watchdog.c **** 
  60:../Dave/Generated/WATCHDOG/watchdog.c **** /**************************************************************************************************
  61:../Dave/Generated/WATCHDOG/watchdog.c ****  * HEADER FILES
  62:../Dave/Generated/WATCHDOG/watchdog.c ****  **************************************************************************************************
  63:../Dave/Generated/WATCHDOG/watchdog.c **** #include "watchdog.h"
  64:../Dave/Generated/WATCHDOG/watchdog.c **** 
  65:../Dave/Generated/WATCHDOG/watchdog.c **** /**************************************************************************************************
  66:../Dave/Generated/WATCHDOG/watchdog.c ****  * MACROS
  67:../Dave/Generated/WATCHDOG/watchdog.c ****  **************************************************************************************************
  68:../Dave/Generated/WATCHDOG/watchdog.c **** 
  69:../Dave/Generated/WATCHDOG/watchdog.c **** /**************************************************************************************************
  70:../Dave/Generated/WATCHDOG/watchdog.c ****  * LOCAL DATA
  71:../Dave/Generated/WATCHDOG/watchdog.c ****  **************************************************************************************************
  72:../Dave/Generated/WATCHDOG/watchdog.c **** 
  73:../Dave/Generated/WATCHDOG/watchdog.c **** /**************************************************************************************************
  74:../Dave/Generated/WATCHDOG/watchdog.c ****  * LOCAL ROUTINES
  75:../Dave/Generated/WATCHDOG/watchdog.c ****  **************************************************************************************************
  76:../Dave/Generated/WATCHDOG/watchdog.c **** #if (WATCHDOG_PREWARNING_CHECK == 1U)
  77:../Dave/Generated/WATCHDOG/watchdog.c **** /*
  78:../Dave/Generated/WATCHDOG/watchdog.c ****  * Register the Pre-warning event with GLOBAL_SCU APP
  79:../Dave/Generated/WATCHDOG/watchdog.c ****  */
  80:../Dave/Generated/WATCHDOG/watchdog.c **** WATCHDOG_STATUS_t WATCHDOG_lPrewarning_Configure(WATCHDOG_t *handle);
  81:../Dave/Generated/WATCHDOG/watchdog.c **** #endif
  82:../Dave/Generated/WATCHDOG/watchdog.c **** 
  83:../Dave/Generated/WATCHDOG/watchdog.c **** /**************************************************************************************************
  84:../Dave/Generated/WATCHDOG/watchdog.c ****  * API IMPLEMENTATION
  85:../Dave/Generated/WATCHDOG/watchdog.c ****  **************************************************************************************************
  86:../Dave/Generated/WATCHDOG/watchdog.c **** /* Returns the version of the WATCHDOG APP. */
  87:../Dave/Generated/WATCHDOG/watchdog.c **** DAVE_APP_VERSION_t WATCHDOG_GetAppVersion(void)
  88:../Dave/Generated/WATCHDOG/watchdog.c **** {
  26              	 .loc 1 88 0
  27              	 .cfi_startproc
  28 0000 80B5     	 push {r7,lr}
  29              	.LCFI0:
  30              	 .cfi_def_cfa_offset 8
  31              	 .cfi_offset 7,-8
  32              	 .cfi_offset 14,-4
  33 0002 82B0     	 sub sp,sp,#8
  34              	.LCFI1:
  35              	 .cfi_def_cfa_offset 16
  36 0004 00AF     	 add r7,sp,#0
  37              	.LCFI2:
  38              	 .cfi_def_cfa_register 7
  89:../Dave/Generated/WATCHDOG/watchdog.c ****   DAVE_APP_VERSION_t version;
  90:../Dave/Generated/WATCHDOG/watchdog.c **** 
  91:../Dave/Generated/WATCHDOG/watchdog.c ****   version.major = (uint8_t)WATCHDOG_MAJOR_VERSION;
  39              	 .loc 1 91 0
  40 0006 3B1C     	 mov r3,r7
  41 0008 0422     	 mov r2,#4
  42 000a 1A70     	 strb r2,[r3]
  92:../Dave/Generated/WATCHDOG/watchdog.c ****   version.minor = (uint8_t)WATCHDOG_MINOR_VERSION;
  43              	 .loc 1 92 0
  44 000c 3B1C     	 mov r3,r7
  45 000e 0022     	 mov r2,#0
  46 0010 5A70     	 strb r2,[r3,#1]
  93:../Dave/Generated/WATCHDOG/watchdog.c ****   version.patch = (uint8_t)WATCHDOG_PATCH_VERSION;
  47              	 .loc 1 93 0
  48 0012 3B1C     	 mov r3,r7
  49 0014 1022     	 mov r2,#16
  50 0016 9A70     	 strb r2,[r3,#2]
  94:../Dave/Generated/WATCHDOG/watchdog.c **** 
  95:../Dave/Generated/WATCHDOG/watchdog.c ****   return (version);
  51              	 .loc 1 95 0
  52 0018 3B1D     	 add r3,r7,#4
  53 001a 3A1C     	 mov r2,r7
  54 001c 1188     	 ldrh r1,[r2]
  55 001e 1980     	 strh r1,[r3]
  56 0020 9278     	 ldrb r2,[r2,#2]
  57 0022 9A70     	 strb r2,[r3,#2]
  58 0024 3A1D     	 add r2,r7,#4
  59 0026 0023     	 mov r3,#0
  60 0028 1178     	 ldrb r1,[r2]
  61 002a FF20     	 mov r0,#255
  62 002c 0140     	 and r1,r0
  63 002e FF20     	 mov r0,#255
  64 0030 8343     	 bic r3,r0
  65 0032 0B43     	 orr r3,r1
  66 0034 5178     	 ldrb r1,[r2,#1]
  67 0036 FF20     	 mov r0,#255
  68 0038 0140     	 and r1,r0
  69 003a 0902     	 lsl r1,r1,#8
  70 003c 0648     	 ldr r0,.L3
  71 003e 0340     	 and r3,r0
  72 0040 0B43     	 orr r3,r1
  73 0042 9278     	 ldrb r2,[r2,#2]
  74 0044 FF21     	 mov r1,#255
  75 0046 0A40     	 and r2,r1
  76 0048 1204     	 lsl r2,r2,#16
  77 004a 0449     	 ldr r1,.L3+4
  78 004c 0B40     	 and r3,r1
  79 004e 1343     	 orr r3,r2
  96:../Dave/Generated/WATCHDOG/watchdog.c **** }
  80              	 .loc 1 96 0
  81 0050 181C     	 mov r0,r3
  82 0052 BD46     	 mov sp,r7
  83 0054 02B0     	 add sp,sp,#8
  84              	 
  85 0056 80BD     	 pop {r7,pc}
  86              	.L4:
  87              	 .align 2
  88              	.L3:
  89 0058 FF00FFFF 	 .word -65281
  90 005c FFFF00FF 	 .word -16711681
  91              	 .cfi_endproc
  92              	.LFE76:
  94              	 .section .text.WATCHDOG_Init,"ax",%progbits
  95              	 .align 2
  96              	 .global WATCHDOG_Init
  97              	 .code 16
  98              	 .thumb_func
 100              	WATCHDOG_Init:
 101              	.LFB77:
  97:../Dave/Generated/WATCHDOG/watchdog.c **** 
  98:../Dave/Generated/WATCHDOG/watchdog.c **** /* Initializes the watchdog timer with the generated configuration */
  99:../Dave/Generated/WATCHDOG/watchdog.c **** WATCHDOG_STATUS_t WATCHDOG_Init(WATCHDOG_t *handle)
 100:../Dave/Generated/WATCHDOG/watchdog.c **** {
 102              	 .loc 1 100 0
 103              	 .cfi_startproc
 104 0000 80B5     	 push {r7,lr}
 105              	.LCFI3:
 106              	 .cfi_def_cfa_offset 8
 107              	 .cfi_offset 7,-8
 108              	 .cfi_offset 14,-4
 109 0002 84B0     	 sub sp,sp,#16
 110              	.LCFI4:
 111              	 .cfi_def_cfa_offset 24
 112 0004 00AF     	 add r7,sp,#0
 113              	.LCFI5:
 114              	 .cfi_def_cfa_register 7
 115 0006 7860     	 str r0,[r7,#4]
 101:../Dave/Generated/WATCHDOG/watchdog.c ****   WATCHDOG_STATUS_t status;
 102:../Dave/Generated/WATCHDOG/watchdog.c **** 
 103:../Dave/Generated/WATCHDOG/watchdog.c ****   XMC_ASSERT("WATCHDOG_Init:handle NULL" , (handle != NULL));
 104:../Dave/Generated/WATCHDOG/watchdog.c **** 
 105:../Dave/Generated/WATCHDOG/watchdog.c ****   status = WATCHDOG_STATUS_SUCCESS;
 116              	 .loc 1 105 0
 117 0008 0F23     	 mov r3,#15
 118 000a FB18     	 add r3,r7,r3
 119 000c 0022     	 mov r2,#0
 120 000e 1A70     	 strb r2,[r3]
 106:../Dave/Generated/WATCHDOG/watchdog.c **** 
 107:../Dave/Generated/WATCHDOG/watchdog.c ****   /* Check for app instance is initialized or not */
 108:../Dave/Generated/WATCHDOG/watchdog.c ****   if (false == handle->initialized)
 121              	 .loc 1 108 0
 122 0010 7B68     	 ldr r3,[r7,#4]
 123 0012 1B79     	 ldrb r3,[r3,#4]
 124 0014 0122     	 mov r2,#1
 125 0016 5340     	 eor r3,r2
 126 0018 DBB2     	 uxtb r3,r3
 127 001a 002B     	 cmp r3,#0
 128 001c 07D0     	 beq .L6
 109:../Dave/Generated/WATCHDOG/watchdog.c ****   {
 110:../Dave/Generated/WATCHDOG/watchdog.c **** #if (WATCHDOG_PREWARNING_CHECK == 1U)
 111:../Dave/Generated/WATCHDOG/watchdog.c ****       /* Service Event Handling */
 112:../Dave/Generated/WATCHDOG/watchdog.c ****       status = WATCHDOG_lPrewarning_Configure(handle);
 113:../Dave/Generated/WATCHDOG/watchdog.c ****       if(WATCHDOG_STATUS_FAILURE != status)
 114:../Dave/Generated/WATCHDOG/watchdog.c ****       {
 115:../Dave/Generated/WATCHDOG/watchdog.c **** #endif
 116:../Dave/Generated/WATCHDOG/watchdog.c ****         /* Initialize the WDT peripheral */
 117:../Dave/Generated/WATCHDOG/watchdog.c ****         XMC_WDT_Init(handle->config);
 129              	 .loc 1 117 0
 130 001e 7B68     	 ldr r3,[r7,#4]
 131 0020 1B68     	 ldr r3,[r3]
 132 0022 181C     	 mov r0,r3
 133 0024 FFF7FEFF 	 bl XMC_WDT_Init
 118:../Dave/Generated/WATCHDOG/watchdog.c ****         /* Update the initialization flag */
 119:../Dave/Generated/WATCHDOG/watchdog.c ****         handle->initialized = true;
 134              	 .loc 1 119 0
 135 0028 7B68     	 ldr r3,[r7,#4]
 136 002a 0122     	 mov r2,#1
 137 002c 1A71     	 strb r2,[r3,#4]
 138              	.L6:
 120:../Dave/Generated/WATCHDOG/watchdog.c **** #if (WATCHDOG_PREWARNING_CHECK == 1U)
 121:../Dave/Generated/WATCHDOG/watchdog.c ****       }
 122:../Dave/Generated/WATCHDOG/watchdog.c **** #endif
 123:../Dave/Generated/WATCHDOG/watchdog.c ****   }
 124:../Dave/Generated/WATCHDOG/watchdog.c **** 
 125:../Dave/Generated/WATCHDOG/watchdog.c ****   return (status);
 139              	 .loc 1 125 0
 140 002e 0F23     	 mov r3,#15
 141 0030 FB18     	 add r3,r7,r3
 142 0032 1B78     	 ldrb r3,[r3]
 126:../Dave/Generated/WATCHDOG/watchdog.c **** }
 143              	 .loc 1 126 0
 144 0034 181C     	 mov r0,r3
 145 0036 BD46     	 mov sp,r7
 146 0038 04B0     	 add sp,sp,#16
 147              	 
 148 003a 80BD     	 pop {r7,pc}
 149              	 .cfi_endproc
 150              	.LFE77:
 152              	 .text
 153              	.Letext0:
 154              	 .file 2 "c:\\dave\\dave-ide-4.4.2-64bit\\dave-ide-4.4.2-64bit\\eclipse\\arm-gcc-49\\arm-none-eabi\\include\\machine\\_default_types.h"
 155              	 .file 3 "c:\\dave\\dave-ide-4.4.2-64bit\\dave-ide-4.4.2-64bit\\eclipse\\arm-gcc-49\\arm-none-eabi\\include\\stdint.h"
 156              	 .file 4 "C:/GitHub/MobRob_Rover_NEW/Ultrasonic_Sensor_Node/Ultrasonic_XMC_1400_Dynamic/Libraries/XMCLib/inc/xmc_wdt.h"
 157              	 .file 5 "C:/GitHub/MobRob_Rover_NEW/Ultrasonic_Sensor_Node/Ultrasonic_XMC_1400_Dynamic/Dave/Generated/DAVE_Common.h"
 158              	 .file 6 "../Dave/Generated/WATCHDOG/watchdog.h"
 159              	 .file 7 "C:/GitHub/MobRob_Rover_NEW/Ultrasonic_Sensor_Node/Ultrasonic_XMC_1400_Dynamic/Libraries/CMSIS/Include/cmsis_gcc.h"
 160              	 .file 8 "C:/GitHub/MobRob_Rover_NEW/Ultrasonic_Sensor_Node/Ultrasonic_XMC_1400_Dynamic/Libraries/CMSIS/Infineon/XMC1400_series/Include/system_XMC1400.h"
DEFINED SYMBOLS
                            *ABS*:00000000 watchdog.c
    {standard input}:18     .text.WATCHDOG_GetAppVersion:00000000 $t
    {standard input}:23     .text.WATCHDOG_GetAppVersion:00000000 WATCHDOG_GetAppVersion
    {standard input}:89     .text.WATCHDOG_GetAppVersion:00000058 $d
    {standard input}:95     .text.WATCHDOG_Init:00000000 $t
    {standard input}:100    .text.WATCHDOG_Init:00000000 WATCHDOG_Init
                     .debug_frame:00000010 $d

UNDEFINED SYMBOLS
XMC_WDT_Init
