May 13, 2022 4:27:36 PM java.util.logging.LogManager$RootLogger log
INFO: Start of solver :getOutputSignals() : Fri May 13 16:27:36 CEST 2022


May 13, 2022 4:27:36 PM java.util.logging.LogManager$RootLogger log
INFO: 
timeout(reserved_resource_group_output_signals([reserved([can,_,global],'global_can$0435288881$0'),
reserved([scu,0,ccu,config],'clock_xmc1$031780984$0'),
reserved([p,_,pad,_],'can_node$0829860$0'),
reserved([p,_,pad,_],'can_node$0829798$0'),
reserved([can,_,node,_],'can_node$1758010900$0'),
reserved([can,_,mo,_],'can_node$01337162187$0'),
reserved([can,_,mo,_],'can_node$01337162186$0'),
reserved([can,_,mo,_],'can_node$01337162185$0'),
reserved([can,_,mo,_],'can_node$01337162184$0'),
reserved([can,_,mo,_],'can_node$01337162183$0'),
reserved([can,_,mo,_],'can_node$01337162182$0'),
reserved([devicepackage,0,_],'can_node$788881170$0'),
uri([devicepackage,0,5],'can_node$788881170$0'),
reserved([devicepackage,0,_],'can_node$788881232$0'),
uri([devicepackage,0,6],'can_node$788881232$0'),
reserved([p,0,pad,14],'cpu_ctrl_xmc1$1638132965$0'),
reserved([p,0,pad,15],'cpu_ctrl_xmc1$1638132966$0'),
reserved([cpu,0,exception,hardfault],'cpu_ctrl_xmc1$01591368925$0'),
reserved([cpu,0,nvic,interrupt,_],'interrupt$01436523993$0'),
reserved([ccu4,GLOBAL_CCU40sv0,global],'global_ccu4$01760137752$0'),
reserved([scu,_,gcu,ccu4_global_enable,GLOBAL_CCU40sv0],'global_ccu4$89752826$0'),
reserved([ccu4,_,cc4,_],'pwm$190007462$0'),
reserved([p,_,pad,_],'pwm$296065386$0'),
reserved([devicepackage,0,_],'pwm$01578993036$0'),
uri([devicepackage,0,30],'pwm$01578993036$0'),
reserved([ccu4,_,cc4,_],'pwm$01848048827$1'),
reserved([p,_,pad,_],'pwm$229058633$1'),
reserved([devicepackage,0,_],'pwm$01567676909$1'),
uri([devicepackage,0,29],'pwm$01567676909$1'),
reserved([ccu4,_,cc4,_],'pwm$408862180$2'),
reserved([p,_,pad,_],'pwm$162051880$2'),
reserved([devicepackage,0,_],'pwm$01556360782$2'),
uri([devicepackage,0,28],'pwm$01556360782$2'),
reserved([ccu4,_,cc4,_],'pwm$01629194109$3'),
reserved([p,_,pad,_],'pwm$95045127$3'),
reserved([devicepackage,0,_],'pwm$01545044655$3'),
uri([devicepackage,0,27],'pwm$01545044655$3'),
reserved([ccu4,GLOBAL_CCU41sv0,global],'global_ccu4$01748821625$1'),
reserved([scu,_,gcu,ccu4_global_enable,GLOBAL_CCU41sv0],'global_ccu4$01610987653$1'),
reserved([ccu4,_,cc4,_],'timer$844337652$0'),
reserved([cpu,0,nvic,interrupt,_],'interrupt$01947058170$1'),
reserved([ccu4,_,cc4,_],'capture$829065351$0'),
reserved([p,_,pad,_],'capture$1586020181$0'),
reserved([devicepackage,0,_],'capture$1304273163$0'),
uri([devicepackage,0,7],'capture$1304273163$0'),
reserved([ccu4,_,cc4,_],'capture$318531174$1'),
reserved([p,_,pad,_],'capture$01747333098$1'),
reserved([devicepackage,0,_],'capture$0879403764$1'),
uri([devicepackage,0,8],'capture$0879403764$1'),
reserved([p,DIGITAL_IO0sv0,pad,_],'digital_io$01383135420$0'),
reserved([devicepackage,0,_],'digital_io$36800462$0'),
uri([devicepackage,0,59],'digital_io$36800462$0'),
reserved([ccu4,_,cc4,_],'timer$333803475$1'),
reserved([cpu,0,nvic,interrupt,_],'interrupt$1837374949$2'),
reserved([cpu,0,nvic,interrupt,_],'pin_interrupt$371705443$0'),
reserved([p,_,pad,_],'pin_interrupt$01353729833$0'),
reserved([eru,_,ers_etl,_],'pin_interrupt$504037229$0'),
reserved([eru,_,ogu,_],'pin_interrupt$1919814214$0'),
reserved([devicepackage,0,_],'pin_interrupt$1126006561$0'),
uri([devicepackage,0,12],'pin_interrupt$1126006561$0'),
reserved([p,DIGITAL_IO1sv0,pad,_],'digital_io$01893669597$1'),
reserved([devicepackage,0,_],'digital_io$02001255827$1'),
uri([devicepackage,0,37],'digital_io$02001255827$1'),
reserved([p,DIGITAL_IO2sv0,pad,_],'digital_io$1890763522$2'),
reserved([devicepackage,0,_],'digital_io$255655180$2'),
uri([devicepackage,0,60],'digital_io$255655180$2'),
reserved([p,DIGITAL_IO3sv0,pad,_],'digital_io$1380229345$3'),
reserved([devicepackage,0,_],'digital_io$01782401109$3'),
uri([devicepackage,0,61],'digital_io$01782401109$3'),
reserved([p,DIGITAL_IO4sv0,pad,_],'digital_io$869695168$4'),
reserved([devicepackage,0,_],'digital_io$474509898$4'),
uri([devicepackage,0,62],'digital_io$474509898$4'),
reserved([wdt,_,wdt],'watchdog$01377860412$0'),
reserved([scu,_,gcu,interrupt,prewarn],'watchdog$1073827010$0'),
reserved([cpu,0,nvic,interrupt,GLOBAL_SCU_XMC10sv0],'global_scu_xmc1$508886189$0'),
reserved([cpu,0,nvic,interrupt,GLOBAL_SCU_XMC10sv1],'global_scu_xmc1$01298568274$0'),
reserved([cpu,0,nvic,interrupt,GLOBAL_SCU_XMC10sv2],'global_scu_xmc1$1188944559$0'),
reserved([p,DIGITAL_IO5sv0,pad,_],'digital_io$359160991$5'),
reserved([devicepackage,0,_],'digital_io$01563546391$5'),
uri([devicepackage,0,63],'digital_io$01563546391$5'),
reserved([cpu,0,nvic,interrupt,_],'interrupt$816306595$4'),
reserved([cpu,0,nvic,interrupt,_],'interrupt$305772418$5'),
reserved([cpu,0,nvic,interrupt,_],'interrupt$0204761759$6'),
reserved([cpu,0,nvic,interrupt,_],'pin_interrupt$1725015140$1'),
reserved([p,_,pad,_],'pin_interrupt$01864264010$1'),
reserved([eru,_,ers_etl,_],'pin_interrupt$0340434642$1'),
reserved([eru,_,ogu,_],'pin_interrupt$0867601273$1'),
reserved([devicepackage,0,_],'pin_interrupt$0912049728$1'),
uri([devicepackage,0,3],'pin_interrupt$0912049728$1'),
reserved([p,DIGITAL_IO6sv0,pad,_],'digital_io$0151373186$6'),
reserved([devicepackage,0,_],'digital_io$693364616$6'),
uri([devicepackage,0,47],'digital_io$693364616$6'),
signal('clock_xmc1$031780984$0',frtc,'clock_xmc1$031780984$0$frtc'),
signal('clock_xmc1$031780984$0',dco2_clk,'clock_xmc1$031780984$0$dco2_clk'),
signal('clock_xmc1$031780984$0',osc_lp_clk,'clock_xmc1$031780984$0$osc_lp_clk'),
signal('clock_xmc1$031780984$0',osc_hp_xtal1,'clock_xmc1$031780984$0$osc_hp_xtal1'),
signal('clock_xmc1$031780984$0',osc_hp_xtal2,'clock_xmc1$031780984$0$osc_hp_xtal2'),
signal('clock_xmc1$031780984$0',osc_lp_xtal1,'clock_xmc1$031780984$0$osc_lp_xtal1'),
signal('clock_xmc1$031780984$0',osc_lp_xtal2,'clock_xmc1$031780984$0$osc_lp_xtal2'),
signal('can_node$1758010900$0',rxd,'can_node$1758010900$0$rxd'),
signal('can_node$1758010900$0',txd,'can_node$1758010900$0$txd'),
signal('can_node$0829860$0',pad,'can_node$0829860$0$pad'),
signal('can_node$0829798$0',pad,'can_node$0829798$0$pad'),
signal('can_node$01337162185$0',rxinp,'can_node$01337162185$0$rxinp'),
signal('can_node$01337162184$0',rxinp,'can_node$01337162184$0$rxinp'),
signal('can_node$01337162183$0',rxinp,'can_node$01337162183$0$rxinp'),
signal('can_node$01337162182$0',rxinp,'can_node$01337162182$0$rxinp'),
signal('can_node$788881170$0',pin,'can_node$788881170$0$pin'),
signal('can_node$788881232$0',pin,'can_node$788881232$0$pin'),
signal('interrupt$01436523993$0',signal_in,'interrupt$01436523993$0$signal_in'),
signal('global_ccu4$01760137752$0',global_signal,'global_ccu4$01760137752$0$global_signal'),
signal('global_ccu4$01760137752$0',clk,'global_ccu4$01760137752$0$clk'),
signal('global_ccu4$89752826$0',gsc_enable,'global_ccu4$89752826$0$gsc_enable'),
signal('pwm$190007462$0',global_signal,'pwm$190007462$0$global_signal'),
signal('pwm$190007462$0',cmds_cmus,'pwm$190007462$0$cmds_cmus'),
signal('pwm$190007462$0',pmus_omds,'pwm$190007462$0$pmus_omds'),
signal('pwm$190007462$0',st,'pwm$190007462$0$st'),
signal('pwm$190007462$0',out,'pwm$190007462$0$out'),
signal('pwm$296065386$0',pad,'pwm$296065386$0$pad'),
signal('pwm$01578993036$0',pin,'pwm$01578993036$0$pin'),
signal('pwm$01848048827$1',global_signal,'pwm$01848048827$1$global_signal'),
signal('pwm$01848048827$1',cmds_cmus,'pwm$01848048827$1$cmds_cmus'),
signal('pwm$01848048827$1',pmus_omds,'pwm$01848048827$1$pmus_omds'),
signal('pwm$01848048827$1',st,'pwm$01848048827$1$st'),
signal('pwm$01848048827$1',out,'pwm$01848048827$1$out'),
signal('pwm$229058633$1',pad,'pwm$229058633$1$pad'),
signal('pwm$01567676909$1',pin,'pwm$01567676909$1$pin'),
signal('pwm$408862180$2',global_signal,'pwm$408862180$2$global_signal'),
signal('pwm$408862180$2',cmds_cmus,'pwm$408862180$2$cmds_cmus'),
signal('pwm$408862180$2',pmus_omds,'pwm$408862180$2$pmus_omds'),
signal('pwm$408862180$2',st,'pwm$408862180$2$st'),
signal('pwm$408862180$2',out,'pwm$408862180$2$out'),
signal('pwm$162051880$2',pad,'pwm$162051880$2$pad'),
signal('pwm$01556360782$2',pin,'pwm$01556360782$2$pin'),
signal('pwm$01629194109$3',global_signal,'pwm$01629194109$3$global_signal'),
signal('pwm$01629194109$3',cmds_cmus,'pwm$01629194109$3$cmds_cmus'),
signal('pwm$01629194109$3',pmus_omds,'pwm$01629194109$3$pmus_omds'),
signal('pwm$01629194109$3',st,'pwm$01629194109$3$st'),
signal('pwm$01629194109$3',out,'pwm$01629194109$3$out'),
signal('pwm$95045127$3',pad,'pwm$95045127$3$pad'),
signal('pwm$01545044655$3',pin,'pwm$01545044655$3$pin'),
signal('global_ccu4$01748821625$1',global_signal,'global_ccu4$01748821625$1$global_signal'),
signal('global_ccu4$01748821625$1',clk,'global_ccu4$01748821625$1$clk'),
signal('global_ccu4$01610987653$1',gsc_enable,'global_ccu4$01610987653$1$gsc_enable'),
signal('timer$844337652$0',pmus_omds,'timer$844337652$0$pmus_omds'),
signal('timer$844337652$0',global_signal,'timer$844337652$0$global_signal'),
signal('interrupt$01947058170$1',signal_in,'interrupt$01947058170$1$signal_in'),
signal('capture$829065351$0',global_signal,'capture$829065351$0$global_signal'),
signal('capture$1586020181$0',pad,'capture$1586020181$0$pad'),
signal('capture$829065351$0',gp0_unsync,'capture$829065351$0$gp0_unsync'),
signal('capture$1304273163$0',pin,'capture$1304273163$0$pin'),
signal('capture$318531174$1',global_signal,'capture$318531174$1$global_signal'),
signal('capture$01747333098$1',pad,'capture$01747333098$1$pad'),
signal('capture$318531174$1',gp0_unsync,'capture$318531174$1$gp0_unsync'),
signal('capture$0879403764$1',pin,'capture$0879403764$1$pin'),
signal('digital_io$01383135420$0',swreg_out,'digital_io$01383135420$0$swreg_out'),
signal('digital_io$01383135420$0',pad,'digital_io$01383135420$0$pad'),
signal('digital_io$36800462$0',pin,'digital_io$36800462$0$pin'),
signal('timer$333803475$1',pmus_omds,'timer$333803475$1$pmus_omds'),
signal('timer$333803475$1',global_signal,'timer$333803475$1$global_signal'),
signal('interrupt$1837374949$2',signal_in,'interrupt$1837374949$2$signal_in'),
signal('pin_interrupt$504037229$0',PIN_INTERRUPT0sv0,'pin_interrupt$504037229$0$PIN_INTERRUPT0sv0'),
signal('pin_interrupt$01353729833$0',pad,'pin_interrupt$01353729833$0$pad'),
signal('pin_interrupt$504037229$0',tr,'pin_interrupt$504037229$0$tr'),
signal('pin_interrupt$1919814214$0',trin,'pin_interrupt$1919814214$0$trin'),
signal('pin_interrupt$1919814214$0',iout,'pin_interrupt$1919814214$0$iout'),
signal('pin_interrupt$371705443$0',signal_in,'pin_interrupt$371705443$0$signal_in'),
signal('pin_interrupt$1126006561$0',pin,'pin_interrupt$1126006561$0$pin'),
signal('digital_io$01893669597$1',swreg_out,'digital_io$01893669597$1$swreg_out'),
signal('digital_io$01893669597$1',pad,'digital_io$01893669597$1$pad'),
signal('digital_io$02001255827$1',pin,'digital_io$02001255827$1$pin'),
signal('digital_io$1890763522$2',swreg_out,'digital_io$1890763522$2$swreg_out'),
signal('digital_io$1890763522$2',pad,'digital_io$1890763522$2$pad'),
signal('digital_io$255655180$2',pin,'digital_io$255655180$2$pin'),
signal('digital_io$1380229345$3',swreg_out,'digital_io$1380229345$3$swreg_out'),
signal('digital_io$1380229345$3',pad,'digital_io$1380229345$3$pad'),
signal('digital_io$01782401109$3',pin,'digital_io$01782401109$3$pin'),
signal('digital_io$869695168$4',swreg_out,'digital_io$869695168$4$swreg_out'),
signal('digital_io$869695168$4',pad,'digital_io$869695168$4$pad'),
signal('digital_io$474509898$4',pin,'digital_io$474509898$4$pin'),
signal('watchdog$01377860412$0',wdt_srv_request,'watchdog$01377860412$0$wdt_srv_request'),
signal('watchdog$1073827010$0',int,'watchdog$1073827010$0$int'),
signal('global_scu_xmc1$508886189$0',signal_in,'global_scu_xmc1$508886189$0$signal_in'),
signal('global_scu_xmc1$01298568274$0',signal_in,'global_scu_xmc1$01298568274$0$signal_in'),
signal('global_scu_xmc1$1188944559$0',signal_in,'global_scu_xmc1$1188944559$0$signal_in'),
signal('digital_io$359160991$5',swreg_out,'digital_io$359160991$5$swreg_out'),
signal('digital_io$359160991$5',pad,'digital_io$359160991$5$pad'),
signal('digital_io$01563546391$5',pin,'digital_io$01563546391$5$pin'),
signal('interrupt$816306595$4',signal_in,'interrupt$816306595$4$signal_in'),
signal('interrupt$305772418$5',signal_in,'interrupt$305772418$5$signal_in'),
signal('interrupt$0204761759$6',signal_in,'interrupt$0204761759$6$signal_in'),
signal('pin_interrupt$0340434642$1',PIN_INTERRUPT1sv0,'pin_interrupt$0340434642$1$PIN_INTERRUPT1sv0'),
signal('pin_interrupt$01864264010$1',pad,'pin_interrupt$01864264010$1$pad'),
signal('pin_interrupt$0340434642$1',tr,'pin_interrupt$0340434642$1$tr'),
signal('pin_interrupt$0867601273$1',trin,'pin_interrupt$0867601273$1$trin'),
signal('pin_interrupt$0867601273$1',iout,'pin_interrupt$0867601273$1$iout'),
signal('pin_interrupt$1725015140$1',signal_in,'pin_interrupt$1725015140$1$signal_in'),
signal('pin_interrupt$0912049728$1',pin,'pin_interrupt$0912049728$1$pin'),
signal('digital_io$0151373186$6',pad,'digital_io$0151373186$6$pad'),
signal('digital_io$693364616$6',pin,'digital_io$693364616$6$pin'),
connected('clock_xmc1$031780984$0$dco2_clk','clock_xmc1$031780984$0$frtc',1),
connected('can_node$788881170$0$pin','can_node$0829860$0$pad',1),
connected('can_node$788881232$0$pin','can_node$0829798$0$pad',1),
connected('can_node$0829860$0$pad','can_node$788881170$0$pin',1),
connected('can_node$0829860$0$pad','can_node$1758010900$0$rxd',1),
connected('can_node$1758010900$0$txd','can_node$0829798$0$pad',1),
connected('can_node$0829798$0$pad','can_node$788881232$0$pin',1),
connected('can_node$01337162185$0$rxinp','interrupt$0204761759$6$signal_in',1),
connected('can_node$01337162184$0$rxinp','interrupt$01436523993$0$signal_in',1),
connected('can_node$01337162183$0$rxinp','interrupt$305772418$5$signal_in',1),
connected('can_node$01337162182$0$rxinp','interrupt$816306595$4$signal_in',1),
connected('pwm$01578993036$0$pin','pwm$296065386$0$pad',1),
connected('pwm$190007462$0$out','pwm$296065386$0$pad',1),
connected('pwm$296065386$0$pad','pwm$01578993036$0$pin',1),
connected('global_ccu4$01760137752$0$global_signal','pwm$190007462$0$global_signal',1),
connected('pwm$01567676909$1$pin','pwm$229058633$1$pad',1),
connected('pwm$01848048827$1$out','pwm$229058633$1$pad',1),
connected('pwm$229058633$1$pad','pwm$01567676909$1$pin',1),
connected('global_ccu4$01760137752$0$global_signal','pwm$01848048827$1$global_signal',1),
connected('pwm$01556360782$2$pin','pwm$162051880$2$pad',1),
connected('pwm$408862180$2$out','pwm$162051880$2$pad',1),
connected('pwm$162051880$2$pad','pwm$01556360782$2$pin',1),
connected('global_ccu4$01760137752$0$global_signal','pwm$408862180$2$global_signal',1),
connected('pwm$01545044655$3$pin','pwm$95045127$3$pad',1),
connected('pwm$01629194109$3$out','pwm$95045127$3$pad',1),
connected('pwm$95045127$3$pad','pwm$01545044655$3$pin',1),
connected('global_ccu4$01760137752$0$global_signal','pwm$01629194109$3$global_signal',1),
connected('timer$844337652$0$pmus_omds','interrupt$01947058170$1$signal_in',1),
connected('global_ccu4$01748821625$1$global_signal','timer$844337652$0$global_signal',1),
connected('capture$1304273163$0$pin','capture$1586020181$0$pad',1),
connected('capture$1586020181$0$pad','capture$1304273163$0$pin',1),
connected('capture$1586020181$0$pad','capture$829065351$0$gp0_unsync',1),
connected('global_ccu4$01748821625$1$global_signal','capture$829065351$0$global_signal',1),
connected('capture$0879403764$1$pin','capture$01747333098$1$pad',1),
connected('capture$01747333098$1$pad','capture$0879403764$1$pin',1),
connected('capture$01747333098$1$pad','capture$318531174$1$gp0_unsync',1),
connected('global_ccu4$01748821625$1$global_signal','capture$318531174$1$global_signal',1),
connected('digital_io$36800462$0$pin','digital_io$01383135420$0$pad',1),
connected('digital_io$01383135420$0$pad','digital_io$36800462$0$pin',1),
connected('timer$333803475$1$pmus_omds','interrupt$1837374949$2$signal_in',1),
connected('global_ccu4$01748821625$1$global_signal','timer$333803475$1$global_signal',1),
connected('pin_interrupt$1126006561$0$pin','pin_interrupt$01353729833$0$pad',1),
connected('pin_interrupt$504037229$0$tr','pin_interrupt$1919814214$0$trin',1),
connected('pin_interrupt$01353729833$0$pad','pin_interrupt$1126006561$0$pin',1),
connected('pin_interrupt$01353729833$0$pad','pin_interrupt$504037229$0$PIN_INTERRUPT0sv0',1),
connected('pin_interrupt$1919814214$0$iout','pin_interrupt$371705443$0$signal_in',1),
connected('digital_io$02001255827$1$pin','digital_io$01893669597$1$pad',1),
connected('digital_io$01893669597$1$pad','digital_io$02001255827$1$pin',1),
connected('digital_io$255655180$2$pin','digital_io$1890763522$2$pad',1),
connected('digital_io$1890763522$2$pad','digital_io$255655180$2$pin',1),
connected('digital_io$01782401109$3$pin','digital_io$1380229345$3$pad',1),
connected('digital_io$1380229345$3$pad','digital_io$01782401109$3$pin',1),
connected('digital_io$474509898$4$pin','digital_io$869695168$4$pad',1),
connected('digital_io$869695168$4$pad','digital_io$474509898$4$pin',1),
connected('watchdog$1073827010$0$int','global_scu_xmc1$01298568274$0$signal_in',1),
connected('digital_io$01563546391$5$pin','digital_io$359160991$5$pad',1),
connected('digital_io$359160991$5$pad','digital_io$01563546391$5$pin',1),
connected('pin_interrupt$0912049728$1$pin','pin_interrupt$01864264010$1$pad',1),
connected('pin_interrupt$0340434642$1$tr','pin_interrupt$0867601273$1$trin',1),
connected('pin_interrupt$01864264010$1$pad','pin_interrupt$0912049728$1$pin',1),
connected('pin_interrupt$01864264010$1$pad','pin_interrupt$0340434642$1$PIN_INTERRUPT1sv0',1),
connected('pin_interrupt$0867601273$1$iout','pin_interrupt$1725015140$1$signal_in',1),
connected('digital_io$693364616$6$pin','digital_io$0151373186$6$pad',1),
connected('digital_io$0151373186$6$pad','digital_io$693364616$6$pin',1),
uri_element_range(PIN_INTERRUPT0sv0,[a, b]),
uri_element_range(PIN_INTERRUPT1sv0,[a, b]),
linear_constraint(GLOBAL_SCU_XMC10sv1,GLOBAL_SCU_XMC10sv0,1),
uri_element_range(GLOBAL_SCU_XMC10sv1,[1]),
uri_element_range(GLOBAL_SCU_XMC10sv2,[2]),
uri_element_range(DIGITAL_IO2sv0,[0, 1, 2, 3, 4]),
register_value('digital_io$1890763522$2',iocr_oe,1),
uri_element_range(DIGITAL_IO1sv0,[0, 1, 2, 3, 4]),
register_value('digital_io$01893669597$1',iocr_oe,1),
uri_element_range(DIGITAL_IO6sv0,[0, 1, 2, 3, 4]),
uri_element_range(DIGITAL_IO5sv0,[0, 1, 2, 3, 4]),
register_value('digital_io$359160991$5',iocr_oe,1),
uri_element_range(DIGITAL_IO0sv0,[0, 1, 2, 3, 4]),
register_value('digital_io$01383135420$0',iocr_oe,1),
uri_element_range(DIGITAL_IO3sv0,[0, 1, 2, 3, 4]),
register_value('digital_io$1380229345$3',iocr_oe,1),
uri_element_range(DIGITAL_IO4sv0,[0, 1, 2, 3, 4]),
register_value('digital_io$869695168$4',iocr_oe,1),
uri_element_range(GLOBAL_SCU_XMC10sv0,[0])], 'timer','0', Output_signals),15,writeln(timeout),all_solution, Timer, Due, Remainder).



May 13, 2022 4:27:36 PM java.util.logging.LogManager$RootLogger log
INFO: 
End of solver : getOutputSignals() :  Difference in ms 174


