   1              	 .cpu cortex-m0
   2              	 .fpu softvfp
   3              	 .eabi_attribute 20,1
   4              	 .eabi_attribute 21,1
   5              	 .eabi_attribute 23,3
   6              	 .eabi_attribute 24,1
   7              	 .eabi_attribute 25,1
   8              	 .eabi_attribute 26,1
   9              	 .eabi_attribute 30,6
  10              	 .eabi_attribute 34,0
  11              	 .eabi_attribute 18,4
  12              	 .code 16
  13              	 .file "pin_interrupt_conf.c"
  14              	 .text
  15              	.Ltext0:
  16              	 .cfi_sections .debug_frame
  17              	 .global ECHO_C
  18              	 .section .rodata.ECHO_C,"a",%progbits
  19              	 .align 2
  22              	ECHO_C:
  23 0000 00060140 	 .word 1073808896
  24 0004 00020440 	 .word 1074004480
  25 0008 00       	 .byte 0
  26 0009 00       	 .byte 0
  27 000a 00000000 	 .space 6
  27      0000
  28 0010 01       	 .byte 1
  29 0011 000000   	 .space 3
  30 0014 2D       	 .byte 45
  31 0015 00       	 .byte 0
  32 0016 0000     	 .space 2
  33 0018 0000     	 .short 0
  34 001a 05       	 .byte 5
  35 001b 02       	 .byte 2
  36 001c 02       	 .byte 2
  37 001d 02       	 .byte 2
  38 001e 06       	 .byte 6
  39 001f 01       	 .byte 1
  40              	 .global ECHO_L
  41              	 .section .rodata.ECHO_L,"a",%progbits
  42              	 .align 2
  45              	ECHO_L:
  46 0000 00060140 	 .word 1073808896
  47 0004 00020440 	 .word 1074004480
  48 0008 00       	 .byte 0
  49 0009 00       	 .byte 0
  50 000a 00000000 	 .space 6
  50      0000
  51 0010 04       	 .byte 4
  52 0011 000000   	 .space 3
  53 0014 0D       	 .byte 13
  54 0015 01       	 .byte 1
  55 0016 0000     	 .space 2
  56 0018 0000     	 .short 0
  57 001a 03       	 .byte 3
  58 001b 02       	 .byte 2
  59 001c 03       	 .byte 3
  60 001d 00       	 .byte 0
  61 001e 08       	 .byte 8
  62 001f 01       	 .byte 1
  63              	 .global ECHO_R
  64              	 .section .rodata.ECHO_R,"a",%progbits
  65              	 .align 2
  68              	ECHO_R:
  69 0000 00060140 	 .word 1073808896
  70 0004 00020440 	 .word 1074004480
  71 0008 00       	 .byte 0
  72 0009 00       	 .byte 0
  73 000a 00000000 	 .space 6
  73      0000
  74 0010 00       	 .byte 0
  75 0011 000000   	 .space 3
  76 0014 3D       	 .byte 61
  77 0015 01       	 .byte 1
  78 0016 0000     	 .space 2
  79 0018 0000     	 .short 0
  80 001a 06       	 .byte 6
  81 001b 02       	 .byte 2
  82 001c 00       	 .byte 0
  83 001d 03       	 .byte 3
  84 001e 00       	 .byte 0
  85 001f 01       	 .byte 1
  86              	 .global PIN_INTERRUPT_3
  87              	 .section .rodata.PIN_INTERRUPT_3,"a",%progbits
  88              	 .align 2
  91              	PIN_INTERRUPT_3:
  92 0000 00060140 	 .word 1073808896
  93 0004 00020440 	 .word 1074004480
  94 0008 00       	 .byte 0
  95 0009 00       	 .byte 0
  96 000a 00000000 	 .space 6
  96      0000
  97 0010 01       	 .byte 1
  98 0011 000000   	 .space 3
  99 0014 15       	 .byte 21
 100 0015 00       	 .byte 0
 101 0016 0000     	 .space 2
 102 0018 0000     	 .short 0
 103 001a 04       	 .byte 4
 104 001b 03       	 .byte 3
 105 001c 01       	 .byte 1
 106 001d 01       	 .byte 1
 107 001e 05       	 .byte 5
 108 001f 00       	 .byte 0
 109              	 .text
 110              	.Letext0:
 111              	 .file 1 "c:\\dave\\dave-ide-4.4.2-64bit\\dave-ide-4.4.2-64bit\\eclipse\\arm-gcc-49\\arm-none-eabi\\include\\machine\\_default_types.h"
 112              	 .file 2 "c:\\dave\\dave-ide-4.4.2-64bit\\dave-ide-4.4.2-64bit\\eclipse\\arm-gcc-49\\arm-none-eabi\\include\\stdint.h"
 113              	 .file 3 "C:/GitHub/MobRob_Rover_NEW/Ultrasonic_Sensor_Node/Ultrasonic_XMC_1400_Dynamic/Libraries/CMSIS/Infineon/XMC1400_series/Include/XMC1400.h"
 114              	 .file 4 "C:/GitHub/MobRob_Rover_NEW/Ultrasonic_Sensor_Node/Ultrasonic_XMC_1400_Dynamic/Libraries/XMCLib/inc/xmc1_scu.h"
 115              	 .file 5 "C:/GitHub/MobRob_Rover_NEW/Ultrasonic_Sensor_Node/Ultrasonic_XMC_1400_Dynamic/Libraries/XMCLib/inc/xmc_gpio.h"
 116              	 .file 6 "C:/GitHub/MobRob_Rover_NEW/Ultrasonic_Sensor_Node/Ultrasonic_XMC_1400_Dynamic/Libraries/XMCLib/inc/xmc1_gpio.h"
 117              	 .file 7 "C:/GitHub/MobRob_Rover_NEW/Ultrasonic_Sensor_Node/Ultrasonic_XMC_1400_Dynamic/Libraries/XMCLib/inc/xmc_eru.h"
 118              	 .file 8 "../Dave/Generated/PIN_INTERRUPT/pin_interrupt.h"
 119              	 .file 9 "C:/GitHub/MobRob_Rover_NEW/Ultrasonic_Sensor_Node/Ultrasonic_XMC_1400_Dynamic/Libraries/CMSIS/Include/cmsis_gcc.h"
 120              	 .file 10 "C:/GitHub/MobRob_Rover_NEW/Ultrasonic_Sensor_Node/Ultrasonic_XMC_1400_Dynamic/Libraries/CMSIS/Infineon/XMC1400_series/Include/system_XMC1400.h"
 121              	 .file 11 "../Dave/Generated/PIN_INTERRUPT/pin_interrupt_conf.c"
DEFINED SYMBOLS
                            *ABS*:00000000 pin_interrupt_conf.c
    {standard input}:22     .rodata.ECHO_C:00000000 ECHO_C
    {standard input}:19     .rodata.ECHO_C:00000000 $d
    {standard input}:45     .rodata.ECHO_L:00000000 ECHO_L
    {standard input}:42     .rodata.ECHO_L:00000000 $d
    {standard input}:68     .rodata.ECHO_R:00000000 ECHO_R
    {standard input}:65     .rodata.ECHO_R:00000000 $d
    {standard input}:91     .rodata.PIN_INTERRUPT_3:00000000 PIN_INTERRUPT_3
    {standard input}:88     .rodata.PIN_INTERRUPT_3:00000000 $d

NO UNDEFINED SYMBOLS
