   1              	 .syntax unified
   2              	 .cpu cortex-m4
   3              	 .eabi_attribute 27,3
   4              	 .fpu fpv4-sp-d16
   5              	 .eabi_attribute 20,1
   6              	 .eabi_attribute 21,1
   7              	 .eabi_attribute 23,3
   8              	 .eabi_attribute 24,1
   9              	 .eabi_attribute 25,1
  10              	 .eabi_attribute 26,1
  11              	 .eabi_attribute 30,6
  12              	 .eabi_attribute 34,1
  13              	 .eabi_attribute 18,4
  14              	 .thumb
  15              	 .file "pin_interrupt_conf.c"
  16              	 .text
  17              	.Ltext0:
  18              	 .cfi_sections .debug_frame
  19              	 .global OverCurrent_U
  20              	 .section .rodata.OverCurrent_U,"a",%progbits
  21              	 .align 2
  24              	OverCurrent_U:
  25 0000 00480050 	 .word 1342195712
  26 0004 00820248 	 .word 1208123904
  27 0008 00       	 .byte 0
  28 0009 00000000 	 .space 11
  28      00000000 
  28      000000
  29 0014 08       	 .byte 8
  30 0015 000000   	 .space 3
  31 0018 05       	 .byte 5
  32 0019 01       	 .byte 1
  33 001a 0000     	 .space 2
  34 001c 01       	 .byte 1
  35 001d 3F       	 .byte 63
  36 001e 00       	 .byte 0
  37 001f 01       	 .byte 1
  38 0020 00       	 .byte 0
  39 0021 02       	 .byte 2
  40 0022 01       	 .byte 1
  41 0023 00       	 .space 1
  42              	 .global OverCurrent_V
  43              	 .section .rodata.OverCurrent_V,"a",%progbits
  44              	 .align 2
  47              	OverCurrent_V:
  48 0000 00480050 	 .word 1342195712
  49 0004 00830248 	 .word 1208124160
  50 0008 00       	 .byte 0
  51 0009 00000000 	 .space 11
  51      00000000 
  51      000000
  52 0014 04       	 .byte 4
  53 0015 000000   	 .space 3
  54 0018 25       	 .byte 37
  55 0019 01       	 .byte 1
  56 001a 0000     	 .space 2
  57 001c 03       	 .byte 3
  58 001d 3F       	 .byte 63
  59 001e 00       	 .byte 0
  60 001f 00       	 .byte 0
  61 0020 02       	 .byte 2
  62 0021 01       	 .byte 1
  63 0022 01       	 .byte 1
  64 0023 00       	 .space 1
  65              	 .global OverCurrent_W
  66              	 .section .rodata.OverCurrent_W,"a",%progbits
  67              	 .align 2
  70              	OverCurrent_W:
  71 0000 00480050 	 .word 1342195712
  72 0004 00830248 	 .word 1208124160
  73 0008 00       	 .byte 0
  74 0009 00000000 	 .space 11
  74      00000000 
  74      000000
  75 0014 04       	 .byte 4
  76 0015 000000   	 .space 3
  77 0018 35       	 .byte 53
  78 0019 01       	 .byte 1
  79 001a 0000     	 .space 2
  80 001c 04       	 .byte 4
  81 001d 3F       	 .byte 63
  82 001e 00       	 .byte 0
  83 001f 03       	 .byte 3
  84 0020 03       	 .byte 3
  85 0021 05       	 .byte 5
  86 0022 01       	 .byte 1
  87 0023 00       	 .space 1
  88              	 .global Hall_A_ISR
  89              	 .section .rodata.Hall_A_ISR,"a",%progbits
  90              	 .align 2
  93              	Hall_A_ISR:
  94 0000 00400440 	 .word 1074020352
  95 0004 00810248 	 .word 1208123648
  96 0008 10       	 .byte 16
  97 0009 00000000 	 .space 11
  97      00000000 
  97      000000
  98 0014 00       	 .byte 0
  99 0015 000000   	 .space 3
 100 0018 2D       	 .byte 45
 101 0019 00       	 .byte 0
 102 001a 0000     	 .space 2
 103 001c 07       	 .byte 7
 104 001d 0B       	 .byte 11
 105 001e 00       	 .byte 0
 106 001f 01       	 .byte 1
 107 0020 02       	 .byte 2
 108 0021 0F       	 .byte 15
 109 0022 01       	 .byte 1
 110 0023 00       	 .space 1
 111              	 .global Hall_B_ISR
 112              	 .section .rodata.Hall_B_ISR,"a",%progbits
 113              	 .align 2
 116              	Hall_B_ISR:
 117 0000 00400440 	 .word 1074020352
 118 0004 00810248 	 .word 1208123648
 119 0008 10       	 .byte 16
 120 0009 00000000 	 .space 11
 120      00000000 
 120      000000
 121 0014 00       	 .byte 0
 122 0015 000000   	 .space 3
 123 0018 0D       	 .byte 13
 124 0019 00       	 .byte 0
 125 001a 0000     	 .space 2
 126 001c 05       	 .byte 5
 127 001d 0B       	 .byte 11
 128 001e 00       	 .byte 0
 129 001f 00       	 .byte 0
 130 0020 00       	 .byte 0
 131 0021 05       	 .byte 5
 132 0022 01       	 .byte 1
 133 0023 00       	 .space 1
 134              	 .global Hall_C_ISR
 135              	 .section .rodata.Hall_C_ISR,"a",%progbits
 136              	 .align 2
 139              	Hall_C_ISR:
 140 0000 00400440 	 .word 1074020352
 141 0004 00810248 	 .word 1208123648
 142 0008 10       	 .byte 16
 143 0009 00000000 	 .space 11
 143      00000000 
 143      000000
 144 0014 00       	 .byte 0
 145 0015 000000   	 .space 3
 146 0018 3D       	 .byte 61
 147 0019 00       	 .byte 0
 148 001a 0000     	 .space 2
 149 001c 08       	 .byte 8
 150 001d 0B       	 .byte 11
 151 001e 00       	 .byte 0
 152 001f 02       	 .byte 2
 153 0020 03       	 .byte 3
 154 0021 03       	 .byte 3
 155 0022 01       	 .byte 1
 156 0023 00       	 .space 1
 157              	 .text
 158              	.Letext0:
 159              	 .file 1 "c:\\dave\\dave-ide-4.4.2-64bit\\dave-ide-4.4.2-64bit\\eclipse\\arm-gcc-49\\arm-none-eabi\\include\\machine\\_default_types.h"
 160              	 .file 2 "c:\\dave\\dave-ide-4.4.2-64bit\\dave-ide-4.4.2-64bit\\eclipse\\arm-gcc-49\\arm-none-eabi\\include\\stdint.h"
 161              	 .file 3 "C:/GitHub/Inverter_abgabe/Mobrob_Inverter/Libraries/CMSIS/Infineon/XMC4500_series/Include/XMC4500.h"
 162              	 .file 4 "C:/GitHub/Inverter_abgabe/Mobrob_Inverter/Libraries/XMCLib/inc/xmc_gpio.h"
 163              	 .file 5 "C:/GitHub/Inverter_abgabe/Mobrob_Inverter/Libraries/XMCLib/inc/xmc4_gpio.h"
 164              	 .file 6 "C:/GitHub/Inverter_abgabe/Mobrob_Inverter/Libraries/XMCLib/inc/xmc_eru.h"
 165              	 .file 7 "../Dave/Generated/PIN_INTERRUPT/pin_interrupt.h"
 166              	 .file 8 "C:/GitHub/Inverter_abgabe/Mobrob_Inverter/Libraries/CMSIS/Include/core_cm4.h"
 167              	 .file 9 "C:/GitHub/Inverter_abgabe/Mobrob_Inverter/Libraries/CMSIS/Infineon/XMC4500_series/Include/system_XMC4500.h"
 168              	 .file 10 "../Dave/Generated/PIN_INTERRUPT/pin_interrupt_conf.c"
DEFINED SYMBOLS
                            *ABS*:00000000 pin_interrupt_conf.c
    {standard input}:24     .rodata.OverCurrent_U:00000000 OverCurrent_U
    {standard input}:21     .rodata.OverCurrent_U:00000000 $d
    {standard input}:47     .rodata.OverCurrent_V:00000000 OverCurrent_V
    {standard input}:44     .rodata.OverCurrent_V:00000000 $d
    {standard input}:70     .rodata.OverCurrent_W:00000000 OverCurrent_W
    {standard input}:67     .rodata.OverCurrent_W:00000000 $d
    {standard input}:93     .rodata.Hall_A_ISR:00000000 Hall_A_ISR
    {standard input}:90     .rodata.Hall_A_ISR:00000000 $d
    {standard input}:116    .rodata.Hall_B_ISR:00000000 Hall_B_ISR
    {standard input}:113    .rodata.Hall_B_ISR:00000000 $d
    {standard input}:139    .rodata.Hall_C_ISR:00000000 Hall_C_ISR
    {standard input}:136    .rodata.Hall_C_ISR:00000000 $d

NO UNDEFINED SYMBOLS
