   1              	 .syntax unified
   2              	 .cpu cortex-m4
   3              	 .eabi_attribute 27,3
   4              	 .fpu fpv4-sp-d16
   5              	 .eabi_attribute 20,1
   6              	 .eabi_attribute 21,1
   7              	 .eabi_attribute 23,3
   8              	 .eabi_attribute 24,1
   9              	 .eabi_attribute 25,1
  10              	 .eabi_attribute 26,1
  11              	 .eabi_attribute 30,6
  12              	 .eabi_attribute 34,1
  13              	 .eabi_attribute 18,4
  14              	 .thumb
  15              	 .file "DAVE.c"
  16              	 .text
  17              	.Ltext0:
  18              	 .cfi_sections .debug_frame
  19              	 .section .text.DAVE_Init,"ax",%progbits
  20              	 .align 2
  21              	 .global DAVE_Init
  22              	 .thumb
  23              	 .thumb_func
  25              	DAVE_Init:
  26              	.LFB473:
  27              	 .file 1 "../Dave/Generated/DAVE.c"
   1:../Dave/Generated/DAVE.c **** 
   2:../Dave/Generated/DAVE.c **** /**
   3:../Dave/Generated/DAVE.c ****  * @cond
   4:../Dave/Generated/DAVE.c ****  **************************************************************************************************
   5:../Dave/Generated/DAVE.c ****  *
   6:../Dave/Generated/DAVE.c ****  * Copyright (c) 2015-2018, Infineon Technologies AG
   7:../Dave/Generated/DAVE.c ****  * All rights reserved.
   8:../Dave/Generated/DAVE.c ****  *
   9:../Dave/Generated/DAVE.c ****  * Redistribution and use in source and binary forms, with or without modification,are permitted pr
  10:../Dave/Generated/DAVE.c ****  * following conditions are met:
  11:../Dave/Generated/DAVE.c ****  *
  12:../Dave/Generated/DAVE.c ****  *   Redistributions of source code must retain the above copyright notice, this list of conditions
  13:../Dave/Generated/DAVE.c ****  *   disclaimer.
  14:../Dave/Generated/DAVE.c ****  *
  15:../Dave/Generated/DAVE.c ****  *   Redistributions in binary form must reproduce the above copyright notice, this list of conditi
  16:../Dave/Generated/DAVE.c ****  *   following disclaimer in the documentation and/or other materials provided with the distributio
  17:../Dave/Generated/DAVE.c ****  *
  18:../Dave/Generated/DAVE.c ****  *   Neither the name of the copyright holders nor the names of its contributors may be used to end
  19:../Dave/Generated/DAVE.c ****  *   products derived from this software without specific prior written permission.
  20:../Dave/Generated/DAVE.c ****  *
  21:../Dave/Generated/DAVE.c ****  * THIS SOFTWARE IS PROVIDED BY THE COPYRIGHT HOLDERS AND CONTRIBUTORS "AS IS" AND ANY EXPRESS OR I
  22:../Dave/Generated/DAVE.c ****  * INCLUDING, BUT NOT LIMITED TO, THE IMPLIED WARRANTIES OF MERCHANTABILITY AND FITNESS FOR A PARTI
  23:../Dave/Generated/DAVE.c ****  * DISCLAIMED. IN NO EVENT SHALL THE COPYRIGHT HOLDER OR CONTRIBUTORS BE LIABLE  FOR ANY DIRECT, IN
  24:../Dave/Generated/DAVE.c ****  * SPECIAL, EXEMPLARY, OR CONSEQUENTIAL DAMAGES (INCLUDING, BUT NOT LIMITED TO, PROCUREMENT OF SUBS
  25:../Dave/Generated/DAVE.c ****  * SERVICES; LOSS OF USE, DATA, OR PROFITS; OR BUSINESS INTERRUPTION) HOWEVER CAUSED AND ON ANY THE
  26:../Dave/Generated/DAVE.c ****  * WHETHER IN CONTRACT, STRICT LIABILITY,OR TORT (INCLUDING NEGLIGENCE OR OTHERWISE) ARISING IN ANY
  27:../Dave/Generated/DAVE.c ****  * USE OF THIS SOFTWARE, EVEN IF ADVISED OF THE POSSIBILITY OF SUCH DAMAGE.
  28:../Dave/Generated/DAVE.c ****  *
  29:../Dave/Generated/DAVE.c ****  * To improve the quality of the software, users are encouraged to share modifications, enhancement
  30:../Dave/Generated/DAVE.c ****  * with Infineon Technologies AG (dave@infineon.com).
  31:../Dave/Generated/DAVE.c ****  **************************************************************************************************
  32:../Dave/Generated/DAVE.c ****  *
  33:../Dave/Generated/DAVE.c ****  * Change History
  34:../Dave/Generated/DAVE.c ****  * --------------
  35:../Dave/Generated/DAVE.c ****  *
  36:../Dave/Generated/DAVE.c ****  * 2014-06-16:
  37:../Dave/Generated/DAVE.c ****  *     - Initial version<br>
  38:../Dave/Generated/DAVE.c ****  * 2015-08-28:
  39:../Dave/Generated/DAVE.c ****  *     - Added CLOCK_XMC1_Init conditionally
  40:../Dave/Generated/DAVE.c ****  * 2018-08-08:
  41:../Dave/Generated/DAVE.c ****  *     - Add creation of projectData.bak file
  42:../Dave/Generated/DAVE.c ****  *
  43:../Dave/Generated/DAVE.c ****  * @endcond
  44:../Dave/Generated/DAVE.c ****  *
  45:../Dave/Generated/DAVE.c ****  */
  46:../Dave/Generated/DAVE.c **** 
  47:../Dave/Generated/DAVE.c **** /**************************************************************************************************
  48:../Dave/Generated/DAVE.c ****  * HEADER FILES
  49:../Dave/Generated/DAVE.c ****  **************************************************************************************************
  50:../Dave/Generated/DAVE.c **** #include "DAVE.h"
  51:../Dave/Generated/DAVE.c **** 
  52:../Dave/Generated/DAVE.c **** /**************************************************************************************************
  53:../Dave/Generated/DAVE.c ****  * API IMPLEMENTATION
  54:../Dave/Generated/DAVE.c ****  **************************************************************************************************
  55:../Dave/Generated/DAVE.c **** 
  56:../Dave/Generated/DAVE.c **** /*******************************************************************************
  57:../Dave/Generated/DAVE.c ****  * @brief This function initializes the APPs Init Functions.
  58:../Dave/Generated/DAVE.c ****  *
  59:../Dave/Generated/DAVE.c ****  * @param[in]  None
  60:../Dave/Generated/DAVE.c ****  *
  61:../Dave/Generated/DAVE.c ****  * @return  DAVE_STATUS_t <BR>
  62:../Dave/Generated/DAVE.c ****  ******************************************************************************/
  63:../Dave/Generated/DAVE.c **** DAVE_STATUS_t DAVE_Init(void)
  64:../Dave/Generated/DAVE.c **** {
  28              	 .loc 1 64 0
  29              	 .cfi_startproc
  30              	 
  31              	 
  32 0000 80B5     	 push {r7,lr}
  33              	.LCFI0:
  34              	 .cfi_def_cfa_offset 8
  35              	 .cfi_offset 7,-8
  36              	 .cfi_offset 14,-4
  37 0002 82B0     	 sub sp,sp,#8
  38              	.LCFI1:
  39              	 .cfi_def_cfa_offset 16
  40 0004 00AF     	 add r7,sp,#0
  41              	.LCFI2:
  42              	 .cfi_def_cfa_register 7
  65:../Dave/Generated/DAVE.c ****   DAVE_STATUS_t init_status;
  66:../Dave/Generated/DAVE.c ****   
  67:../Dave/Generated/DAVE.c ****   init_status = DAVE_STATUS_SUCCESS;
  43              	 .loc 1 67 0
  44 0006 0023     	 movs r3,#0
  45 0008 FB71     	 strb r3,[r7,#7]
  68:../Dave/Generated/DAVE.c ****      /** @Initialization of APPs Init Functions */
  69:../Dave/Generated/DAVE.c ****      init_status = (DAVE_STATUS_t)CLOCK_XMC4_Init(&CLOCK_XMC4_0);
  46              	 .loc 1 69 0
  47 000a 5D48     	 ldr r0,.L25
  48 000c FFF7FEFF 	 bl CLOCK_XMC4_Init
  49 0010 0346     	 mov r3,r0
  50 0012 FB71     	 strb r3,[r7,#7]
  70:../Dave/Generated/DAVE.c **** 
  71:../Dave/Generated/DAVE.c ****   if (init_status == DAVE_STATUS_SUCCESS)
  51              	 .loc 1 71 0
  52 0014 FB79     	 ldrb r3,[r7,#7]
  53 0016 002B     	 cmp r3,#0
  54 0018 04D1     	 bne .L2
  72:../Dave/Generated/DAVE.c ****   {
  73:../Dave/Generated/DAVE.c **** 	 /**  Initialization of DIGITAL_IO APP instance status_LED_green */
  74:../Dave/Generated/DAVE.c **** 	 init_status = (DAVE_STATUS_t)DIGITAL_IO_Init(&status_LED_green); 
  55              	 .loc 1 74 0
  56 001a 5A48     	 ldr r0,.L25+4
  57 001c FFF7FEFF 	 bl DIGITAL_IO_Init
  58 0020 0346     	 mov r3,r0
  59 0022 FB71     	 strb r3,[r7,#7]
  60              	.L2:
  75:../Dave/Generated/DAVE.c ****    } 
  76:../Dave/Generated/DAVE.c ****   if (init_status == DAVE_STATUS_SUCCESS)
  61              	 .loc 1 76 0
  62 0024 FB79     	 ldrb r3,[r7,#7]
  63 0026 002B     	 cmp r3,#0
  64 0028 04D1     	 bne .L3
  77:../Dave/Generated/DAVE.c ****   {
  78:../Dave/Generated/DAVE.c **** 	 /**  Initialization of DIGITAL_IO APP instance status_LED_red_cal_time */
  79:../Dave/Generated/DAVE.c **** 	 init_status = (DAVE_STATUS_t)DIGITAL_IO_Init(&status_LED_red_cal_time); 
  65              	 .loc 1 79 0
  66 002a 5748     	 ldr r0,.L25+8
  67 002c FFF7FEFF 	 bl DIGITAL_IO_Init
  68 0030 0346     	 mov r3,r0
  69 0032 FB71     	 strb r3,[r7,#7]
  70              	.L3:
  80:../Dave/Generated/DAVE.c ****    } 
  81:../Dave/Generated/DAVE.c ****   if (init_status == DAVE_STATUS_SUCCESS)
  71              	 .loc 1 81 0
  72 0034 FB79     	 ldrb r3,[r7,#7]
  73 0036 002B     	 cmp r3,#0
  74 0038 04D1     	 bne .L4
  82:../Dave/Generated/DAVE.c ****   {
  83:../Dave/Generated/DAVE.c **** 	 /**  Initialization of SPI_MASTER APP instance SPI_MASTER_0 */
  84:../Dave/Generated/DAVE.c **** 	 init_status = (DAVE_STATUS_t)SPI_MASTER_Init(&SPI_MASTER_0); 
  75              	 .loc 1 84 0
  76 003a 5448     	 ldr r0,.L25+12
  77 003c FFF7FEFF 	 bl SPI_MASTER_Init
  78 0040 0346     	 mov r3,r0
  79 0042 FB71     	 strb r3,[r7,#7]
  80              	.L4:
  85:../Dave/Generated/DAVE.c ****    } 
  86:../Dave/Generated/DAVE.c ****   if (init_status == DAVE_STATUS_SUCCESS)
  81              	 .loc 1 86 0
  82 0044 FB79     	 ldrb r3,[r7,#7]
  83 0046 002B     	 cmp r3,#0
  84 0048 04D1     	 bne .L5
  87:../Dave/Generated/DAVE.c ****   {
  88:../Dave/Generated/DAVE.c **** 	 /**  Initialization of BUS_IO APP instance SPI_ChipSelect */
  89:../Dave/Generated/DAVE.c **** 	 init_status = (DAVE_STATUS_t)BUS_IO_Init(&SPI_ChipSelect); 
  85              	 .loc 1 89 0
  86 004a 5148     	 ldr r0,.L25+16
  87 004c FFF7FEFF 	 bl BUS_IO_Init
  88 0050 0346     	 mov r3,r0
  89 0052 FB71     	 strb r3,[r7,#7]
  90              	.L5:
  90:../Dave/Generated/DAVE.c ****    } 
  91:../Dave/Generated/DAVE.c ****   if (init_status == DAVE_STATUS_SUCCESS)
  91              	 .loc 1 91 0
  92 0054 FB79     	 ldrb r3,[r7,#7]
  93 0056 002B     	 cmp r3,#0
  94 0058 04D1     	 bne .L6
  92:../Dave/Generated/DAVE.c ****   {
  93:../Dave/Generated/DAVE.c **** 	 /**  Initialization of PIN_INTERRUPT APP instance OverCurrent_U */
  94:../Dave/Generated/DAVE.c **** 	 init_status = (DAVE_STATUS_t)PIN_INTERRUPT_Init(&OverCurrent_U); 
  95              	 .loc 1 94 0
  96 005a 4E48     	 ldr r0,.L25+20
  97 005c FFF7FEFF 	 bl PIN_INTERRUPT_Init
  98 0060 0346     	 mov r3,r0
  99 0062 FB71     	 strb r3,[r7,#7]
 100              	.L6:
  95:../Dave/Generated/DAVE.c ****    } 
  96:../Dave/Generated/DAVE.c ****   if (init_status == DAVE_STATUS_SUCCESS)
 101              	 .loc 1 96 0
 102 0064 FB79     	 ldrb r3,[r7,#7]
 103 0066 002B     	 cmp r3,#0
 104 0068 04D1     	 bne .L7
  97:../Dave/Generated/DAVE.c ****   {
  98:../Dave/Generated/DAVE.c **** 	 /**  Initialization of PIN_INTERRUPT APP instance OverCurrent_V */
  99:../Dave/Generated/DAVE.c **** 	 init_status = (DAVE_STATUS_t)PIN_INTERRUPT_Init(&OverCurrent_V); 
 105              	 .loc 1 99 0
 106 006a 4B48     	 ldr r0,.L25+24
 107 006c FFF7FEFF 	 bl PIN_INTERRUPT_Init
 108 0070 0346     	 mov r3,r0
 109 0072 FB71     	 strb r3,[r7,#7]
 110              	.L7:
 100:../Dave/Generated/DAVE.c ****    } 
 101:../Dave/Generated/DAVE.c ****   if (init_status == DAVE_STATUS_SUCCESS)
 111              	 .loc 1 101 0
 112 0074 FB79     	 ldrb r3,[r7,#7]
 113 0076 002B     	 cmp r3,#0
 114 0078 04D1     	 bne .L8
 102:../Dave/Generated/DAVE.c ****   {
 103:../Dave/Generated/DAVE.c **** 	 /**  Initialization of PIN_INTERRUPT APP instance OverCurrent_W */
 104:../Dave/Generated/DAVE.c **** 	 init_status = (DAVE_STATUS_t)PIN_INTERRUPT_Init(&OverCurrent_W); 
 115              	 .loc 1 104 0
 116 007a 4848     	 ldr r0,.L25+28
 117 007c FFF7FEFF 	 bl PIN_INTERRUPT_Init
 118 0080 0346     	 mov r3,r0
 119 0082 FB71     	 strb r3,[r7,#7]
 120              	.L8:
 105:../Dave/Generated/DAVE.c ****    } 
 106:../Dave/Generated/DAVE.c ****   if (init_status == DAVE_STATUS_SUCCESS)
 121              	 .loc 1 106 0
 122 0084 FB79     	 ldrb r3,[r7,#7]
 123 0086 002B     	 cmp r3,#0
 124 0088 04D1     	 bne .L9
 107:../Dave/Generated/DAVE.c ****   {
 108:../Dave/Generated/DAVE.c **** 	 /**  Initialization of PWM_SVM APP instance PWM_SVM_0 */
 109:../Dave/Generated/DAVE.c **** 	 init_status = (DAVE_STATUS_t)PWM_SVM_Init(&PWM_SVM_0); 
 125              	 .loc 1 109 0
 126 008a 4548     	 ldr r0,.L25+32
 127 008c FFF7FEFF 	 bl PWM_SVM_Init
 128 0090 0346     	 mov r3,r0
 129 0092 FB71     	 strb r3,[r7,#7]
 130              	.L9:
 110:../Dave/Generated/DAVE.c ****    } 
 111:../Dave/Generated/DAVE.c ****   if (init_status == DAVE_STATUS_SUCCESS)
 131              	 .loc 1 111 0
 132 0094 FB79     	 ldrb r3,[r7,#7]
 133 0096 002B     	 cmp r3,#0
 134 0098 04D1     	 bne .L10
 112:../Dave/Generated/DAVE.c ****   {
 113:../Dave/Generated/DAVE.c **** 	 /**  Initialization of INTERRUPT APP instance INTERRUPT_0 */
 114:../Dave/Generated/DAVE.c **** 	 init_status = (DAVE_STATUS_t)INTERRUPT_Init(&INTERRUPT_0); 
 135              	 .loc 1 114 0
 136 009a 4248     	 ldr r0,.L25+36
 137 009c FFF7FEFF 	 bl INTERRUPT_Init
 138 00a0 0346     	 mov r3,r0
 139 00a2 FB71     	 strb r3,[r7,#7]
 140              	.L10:
 115:../Dave/Generated/DAVE.c ****    } 
 116:../Dave/Generated/DAVE.c ****   if (init_status == DAVE_STATUS_SUCCESS)
 141              	 .loc 1 116 0
 142 00a4 FB79     	 ldrb r3,[r7,#7]
 143 00a6 002B     	 cmp r3,#0
 144 00a8 04D1     	 bne .L11
 117:../Dave/Generated/DAVE.c ****   {
 118:../Dave/Generated/DAVE.c **** 	 /**  Initialization of TIMER APP instance TIMER_0 */
 119:../Dave/Generated/DAVE.c **** 	 init_status = (DAVE_STATUS_t)TIMER_Init(&TIMER_0); 
 145              	 .loc 1 119 0
 146 00aa 3F48     	 ldr r0,.L25+40
 147 00ac FFF7FEFF 	 bl TIMER_Init
 148 00b0 0346     	 mov r3,r0
 149 00b2 FB71     	 strb r3,[r7,#7]
 150              	.L11:
 120:../Dave/Generated/DAVE.c ****    } 
 121:../Dave/Generated/DAVE.c ****   if (init_status == DAVE_STATUS_SUCCESS)
 151              	 .loc 1 121 0
 152 00b4 FB79     	 ldrb r3,[r7,#7]
 153 00b6 002B     	 cmp r3,#0
 154 00b8 04D1     	 bne .L12
 122:../Dave/Generated/DAVE.c ****   {
 123:../Dave/Generated/DAVE.c **** 	 /**  Initialization of INTERRUPT APP instance Time_Counter */
 124:../Dave/Generated/DAVE.c **** 	 init_status = (DAVE_STATUS_t)INTERRUPT_Init(&Time_Counter); 
 155              	 .loc 1 124 0
 156 00ba 3C48     	 ldr r0,.L25+44
 157 00bc FFF7FEFF 	 bl INTERRUPT_Init
 158 00c0 0346     	 mov r3,r0
 159 00c2 FB71     	 strb r3,[r7,#7]
 160              	.L12:
 125:../Dave/Generated/DAVE.c ****    } 
 126:../Dave/Generated/DAVE.c ****   if (init_status == DAVE_STATUS_SUCCESS)
 161              	 .loc 1 126 0
 162 00c4 FB79     	 ldrb r3,[r7,#7]
 163 00c6 002B     	 cmp r3,#0
 164 00c8 04D1     	 bne .L13
 127:../Dave/Generated/DAVE.c ****   {
 128:../Dave/Generated/DAVE.c **** 	 /**  Initialization of PIN_INTERRUPT APP instance Hall_A_ISR */
 129:../Dave/Generated/DAVE.c **** 	 init_status = (DAVE_STATUS_t)PIN_INTERRUPT_Init(&Hall_A_ISR); 
 165              	 .loc 1 129 0
 166 00ca 3948     	 ldr r0,.L25+48
 167 00cc FFF7FEFF 	 bl PIN_INTERRUPT_Init
 168 00d0 0346     	 mov r3,r0
 169 00d2 FB71     	 strb r3,[r7,#7]
 170              	.L13:
 130:../Dave/Generated/DAVE.c ****    } 
 131:../Dave/Generated/DAVE.c ****   if (init_status == DAVE_STATUS_SUCCESS)
 171              	 .loc 1 131 0
 172 00d4 FB79     	 ldrb r3,[r7,#7]
 173 00d6 002B     	 cmp r3,#0
 174 00d8 04D1     	 bne .L14
 132:../Dave/Generated/DAVE.c ****   {
 133:../Dave/Generated/DAVE.c **** 	 /**  Initialization of PIN_INTERRUPT APP instance Hall_B_ISR */
 134:../Dave/Generated/DAVE.c **** 	 init_status = (DAVE_STATUS_t)PIN_INTERRUPT_Init(&Hall_B_ISR); 
 175              	 .loc 1 134 0
 176 00da 3648     	 ldr r0,.L25+52
 177 00dc FFF7FEFF 	 bl PIN_INTERRUPT_Init
 178 00e0 0346     	 mov r3,r0
 179 00e2 FB71     	 strb r3,[r7,#7]
 180              	.L14:
 135:../Dave/Generated/DAVE.c ****    } 
 136:../Dave/Generated/DAVE.c ****   if (init_status == DAVE_STATUS_SUCCESS)
 181              	 .loc 1 136 0
 182 00e4 FB79     	 ldrb r3,[r7,#7]
 183 00e6 002B     	 cmp r3,#0
 184 00e8 04D1     	 bne .L15
 137:../Dave/Generated/DAVE.c ****   {
 138:../Dave/Generated/DAVE.c **** 	 /**  Initialization of PIN_INTERRUPT APP instance Hall_C_ISR */
 139:../Dave/Generated/DAVE.c **** 	 init_status = (DAVE_STATUS_t)PIN_INTERRUPT_Init(&Hall_C_ISR); 
 185              	 .loc 1 139 0
 186 00ea 3348     	 ldr r0,.L25+56
 187 00ec FFF7FEFF 	 bl PIN_INTERRUPT_Init
 188 00f0 0346     	 mov r3,r0
 189 00f2 FB71     	 strb r3,[r7,#7]
 190              	.L15:
 140:../Dave/Generated/DAVE.c ****    } 
 141:../Dave/Generated/DAVE.c ****   if (init_status == DAVE_STATUS_SUCCESS)
 191              	 .loc 1 141 0
 192 00f4 FB79     	 ldrb r3,[r7,#7]
 193 00f6 002B     	 cmp r3,#0
 194 00f8 04D1     	 bne .L16
 142:../Dave/Generated/DAVE.c ****   {
 143:../Dave/Generated/DAVE.c **** 	 /**  Initialization of INTERRUPT APP instance calc_ISR */
 144:../Dave/Generated/DAVE.c **** 	 init_status = (DAVE_STATUS_t)INTERRUPT_Init(&calc_ISR); 
 195              	 .loc 1 144 0
 196 00fa 3048     	 ldr r0,.L25+60
 197 00fc FFF7FEFF 	 bl INTERRUPT_Init
 198 0100 0346     	 mov r3,r0
 199 0102 FB71     	 strb r3,[r7,#7]
 200              	.L16:
 145:../Dave/Generated/DAVE.c ****    } 
 146:../Dave/Generated/DAVE.c ****   if (init_status == DAVE_STATUS_SUCCESS)
 201              	 .loc 1 146 0
 202 0104 FB79     	 ldrb r3,[r7,#7]
 203 0106 002B     	 cmp r3,#0
 204 0108 04D1     	 bne .L17
 147:../Dave/Generated/DAVE.c ****   {
 148:../Dave/Generated/DAVE.c **** 	 /**  Initialization of CAN_NODE APP instance CAN_NODE_0 */
 149:../Dave/Generated/DAVE.c **** 	 init_status = (DAVE_STATUS_t)CAN_NODE_Init(&CAN_NODE_0); 
 205              	 .loc 1 149 0
 206 010a 2D48     	 ldr r0,.L25+64
 207 010c FFF7FEFF 	 bl CAN_NODE_Init
 208 0110 0346     	 mov r3,r0
 209 0112 FB71     	 strb r3,[r7,#7]
 210              	.L17:
 150:../Dave/Generated/DAVE.c ****    } 
 151:../Dave/Generated/DAVE.c ****   if (init_status == DAVE_STATUS_SUCCESS)
 211              	 .loc 1 151 0
 212 0114 FB79     	 ldrb r3,[r7,#7]
 213 0116 002B     	 cmp r3,#0
 214 0118 04D1     	 bne .L18
 152:../Dave/Generated/DAVE.c ****   {
 153:../Dave/Generated/DAVE.c **** 	 /**  Initialization of INTERRUPT APP instance CAN_RX_MO2 */
 154:../Dave/Generated/DAVE.c **** 	 init_status = (DAVE_STATUS_t)INTERRUPT_Init(&CAN_RX_MO2); 
 215              	 .loc 1 154 0
 216 011a 2A48     	 ldr r0,.L25+68
 217 011c FFF7FEFF 	 bl INTERRUPT_Init
 218 0120 0346     	 mov r3,r0
 219 0122 FB71     	 strb r3,[r7,#7]
 220              	.L18:
 155:../Dave/Generated/DAVE.c ****    } 
 156:../Dave/Generated/DAVE.c ****   if (init_status == DAVE_STATUS_SUCCESS)
 221              	 .loc 1 156 0
 222 0124 FB79     	 ldrb r3,[r7,#7]
 223 0126 002B     	 cmp r3,#0
 224 0128 04D1     	 bne .L19
 157:../Dave/Generated/DAVE.c ****   {
 158:../Dave/Generated/DAVE.c **** 	 /**  Initialization of TIMER APP instance TIMER_1 */
 159:../Dave/Generated/DAVE.c **** 	 init_status = (DAVE_STATUS_t)TIMER_Init(&TIMER_1); 
 225              	 .loc 1 159 0
 226 012a 2748     	 ldr r0,.L25+72
 227 012c FFF7FEFF 	 bl TIMER_Init
 228 0130 0346     	 mov r3,r0
 229 0132 FB71     	 strb r3,[r7,#7]
 230              	.L19:
 160:../Dave/Generated/DAVE.c ****    } 
 161:../Dave/Generated/DAVE.c ****   if (init_status == DAVE_STATUS_SUCCESS)
 231              	 .loc 1 161 0
 232 0134 FB79     	 ldrb r3,[r7,#7]
 233 0136 002B     	 cmp r3,#0
 234 0138 04D1     	 bne .L20
 162:../Dave/Generated/DAVE.c ****   {
 163:../Dave/Generated/DAVE.c **** 	 /**  Initialization of INTERRUPT APP instance INTERRUPT_1 */
 164:../Dave/Generated/DAVE.c **** 	 init_status = (DAVE_STATUS_t)INTERRUPT_Init(&INTERRUPT_1); 
 235              	 .loc 1 164 0
 236 013a 2448     	 ldr r0,.L25+76
 237 013c FFF7FEFF 	 bl INTERRUPT_Init
 238 0140 0346     	 mov r3,r0
 239 0142 FB71     	 strb r3,[r7,#7]
 240              	.L20:
 165:../Dave/Generated/DAVE.c ****    } 
 166:../Dave/Generated/DAVE.c ****   if (init_status == DAVE_STATUS_SUCCESS)
 241              	 .loc 1 166 0
 242 0144 FB79     	 ldrb r3,[r7,#7]
 243 0146 002B     	 cmp r3,#0
 244 0148 04D1     	 bne .L21
 167:../Dave/Generated/DAVE.c ****   {
 168:../Dave/Generated/DAVE.c **** 	 /**  Initialization of TIMER APP instance TIMER_CAN_TX */
 169:../Dave/Generated/DAVE.c **** 	 init_status = (DAVE_STATUS_t)TIMER_Init(&TIMER_CAN_TX); 
 245              	 .loc 1 169 0
 246 014a 2148     	 ldr r0,.L25+80
 247 014c FFF7FEFF 	 bl TIMER_Init
 248 0150 0346     	 mov r3,r0
 249 0152 FB71     	 strb r3,[r7,#7]
 250              	.L21:
 170:../Dave/Generated/DAVE.c ****    } 
 171:../Dave/Generated/DAVE.c ****   if (init_status == DAVE_STATUS_SUCCESS)
 251              	 .loc 1 171 0
 252 0154 FB79     	 ldrb r3,[r7,#7]
 253 0156 002B     	 cmp r3,#0
 254 0158 04D1     	 bne .L22
 172:../Dave/Generated/DAVE.c ****   {
 173:../Dave/Generated/DAVE.c **** 	 /**  Initialization of INTERRUPT APP instance CAN_TX */
 174:../Dave/Generated/DAVE.c **** 	 init_status = (DAVE_STATUS_t)INTERRUPT_Init(&CAN_TX); 
 255              	 .loc 1 174 0
 256 015a 1E48     	 ldr r0,.L25+84
 257 015c FFF7FEFF 	 bl INTERRUPT_Init
 258 0160 0346     	 mov r3,r0
 259 0162 FB71     	 strb r3,[r7,#7]
 260              	.L22:
 175:../Dave/Generated/DAVE.c ****    } 
 176:../Dave/Generated/DAVE.c ****   if (init_status == DAVE_STATUS_SUCCESS)
 261              	 .loc 1 176 0
 262 0164 FB79     	 ldrb r3,[r7,#7]
 263 0166 002B     	 cmp r3,#0
 264 0168 04D1     	 bne .L23
 177:../Dave/Generated/DAVE.c ****   {
 178:../Dave/Generated/DAVE.c **** 	 /**  Initialization of INTERRUPT APP instance CAN_RX_MO7 */
 179:../Dave/Generated/DAVE.c **** 	 init_status = (DAVE_STATUS_t)INTERRUPT_Init(&CAN_RX_MO7); 
 265              	 .loc 1 179 0
 266 016a 1B48     	 ldr r0,.L25+88
 267 016c FFF7FEFF 	 bl INTERRUPT_Init
 268 0170 0346     	 mov r3,r0
 269 0172 FB71     	 strb r3,[r7,#7]
 270              	.L23:
 180:../Dave/Generated/DAVE.c ****    }  
 181:../Dave/Generated/DAVE.c ****   return init_status;
 271              	 .loc 1 181 0
 272 0174 FB79     	 ldrb r3,[r7,#7]
 182:../Dave/Generated/DAVE.c **** } /**  End of function DAVE_Init */
 273              	 .loc 1 182 0
 274 0176 1846     	 mov r0,r3
 275 0178 0837     	 adds r7,r7,#8
 276              	.LCFI3:
 277              	 .cfi_def_cfa_offset 8
 278 017a BD46     	 mov sp,r7
 279              	.LCFI4:
 280              	 .cfi_def_cfa_register 13
 281              	 
 282 017c 80BD     	 pop {r7,pc}
 283              	.L26:
 284 017e 00BF     	 .align 2
 285              	.L25:
 286 0180 00000000 	 .word CLOCK_XMC4_0
 287 0184 00000000 	 .word status_LED_green
 288 0188 00000000 	 .word status_LED_red_cal_time
 289 018c 00000000 	 .word SPI_MASTER_0
 290 0190 00000000 	 .word SPI_ChipSelect
 291 0194 00000000 	 .word OverCurrent_U
 292 0198 00000000 	 .word OverCurrent_V
 293 019c 00000000 	 .word OverCurrent_W
 294 01a0 00000000 	 .word PWM_SVM_0
 295 01a4 00000000 	 .word INTERRUPT_0
 296 01a8 00000000 	 .word TIMER_0
 297 01ac 00000000 	 .word Time_Counter
 298 01b0 00000000 	 .word Hall_A_ISR
 299 01b4 00000000 	 .word Hall_B_ISR
 300 01b8 00000000 	 .word Hall_C_ISR
 301 01bc 00000000 	 .word calc_ISR
 302 01c0 00000000 	 .word CAN_NODE_0
 303 01c4 00000000 	 .word CAN_RX_MO2
 304 01c8 00000000 	 .word TIMER_1
 305 01cc 00000000 	 .word INTERRUPT_1
 306 01d0 00000000 	 .word TIMER_CAN_TX
 307 01d4 00000000 	 .word CAN_TX
 308 01d8 00000000 	 .word CAN_RX_MO7
 309              	 .cfi_endproc
 310              	.LFE473:
 312              	 .text
 313              	.Letext0:
 314              	 .file 2 "c:\\dave\\dave-ide-4.4.2-64bit\\dave-ide-4.4.2-64bit\\eclipse\\arm-gcc-49\\arm-none-eabi\\include\\machine\\_default_types.h"
 315              	 .file 3 "c:\\dave\\dave-ide-4.4.2-64bit\\dave-ide-4.4.2-64bit\\eclipse\\arm-gcc-49\\arm-none-eabi\\include\\stdint.h"
 316              	 .file 4 "C:/GitHub/Inverter_abgabe/Mobrob_Inverter/Libraries/CMSIS/Infineon/XMC4500_series/Include/XMC4500.h"
 317              	 .file 5 "C:/GitHub/Inverter_abgabe/Mobrob_Inverter/Libraries/XMCLib/inc/xmc_gpio.h"
 318              	 .file 6 "C:/GitHub/Inverter_abgabe/Mobrob_Inverter/Libraries/XMCLib/inc/xmc4_gpio.h"
 319              	 .file 7 "../Dave/Generated/DIGITAL_IO/digital_io.h"
 320              	 .file 8 "C:/GitHub/Inverter_abgabe/Mobrob_Inverter/Libraries/XMCLib/inc/xmc4_scu.h"
 321              	 .file 9 "../Dave/Generated/CLOCK_XMC4/clock_xmc4.h"
 322              	 .file 10 "C:/GitHub/Inverter_abgabe/Mobrob_Inverter/Libraries/XMCLib/inc/xmc_usic.h"
 323              	 .file 11 "C:/GitHub/Inverter_abgabe/Mobrob_Inverter/Libraries/XMCLib/inc/xmc_spi.h"
 324              	 .file 12 "../Dave/Generated/SPI_MASTER/spi_master.h"
 325              	 .file 13 "../Dave/Generated/BUS_IO/bus_io.h"
 326              	 .file 14 "C:/GitHub/Inverter_abgabe/Mobrob_Inverter/Libraries/XMCLib/inc/xmc_eru.h"
 327              	 .file 15 "../Dave/Generated/PIN_INTERRUPT/pin_interrupt.h"
 328              	 .file 16 "C:/GitHub/Inverter_abgabe/Mobrob_Inverter/Libraries/XMCLib/inc/xmc_ccu8.h"
 329              	 .file 17 "../Dave/Generated/GLOBAL_CCU8/global_ccu8.h"
 330              	 .file 18 "../Dave/Generated/PWM_SVM/pwm_svm.h"
 331              	 .file 19 "../Dave/Generated/INTERRUPT/interrupt.h"
 332              	 .file 20 "C:/GitHub/Inverter_abgabe/Mobrob_Inverter/Libraries/XMCLib/inc/xmc_ccu4.h"
 333              	 .file 21 "../Dave/Generated/GLOBAL_CCU4/global_ccu4.h"
 334              	 .file 22 "../Dave/Generated/TIMER/timer.h"
 335              	 .file 23 "C:/GitHub/Inverter_abgabe/Mobrob_Inverter/Libraries/XMCLib/inc/xmc_can.h"
 336              	 .file 24 "../Dave/Generated/GLOBAL_CAN/global_can.h"
 337              	 .file 25 "../Dave/Generated/CAN_NODE/can_node.h"
 338              	 .file 26 "../Dave/Generated/DAVE.h"
 339              	 .file 27 "C:/GitHub/Inverter_abgabe/Mobrob_Inverter/Libraries/CMSIS/Include/core_cm4.h"
 340              	 .file 28 "C:/GitHub/Inverter_abgabe/Mobrob_Inverter/Libraries/CMSIS/Infineon/XMC4500_series/Include/system_XMC4500.h"
 341              	 .file 29 "../Dave/Generated/DIGITAL_IO/digital_io_extern.h"
 342              	 .file 30 "../Dave/Generated/CLOCK_XMC4/clock_xmc4_extern.h"
 343              	 .file 31 "../Dave/Generated/SPI_MASTER/spi_master_extern.h"
 344              	 .file 32 "../Dave/Generated/BUS_IO/bus_io_extern.h"
 345              	 .file 33 "../Dave/Generated/PIN_INTERRUPT/pin_interrupt_extern.h"
 346              	 .file 34 "../Dave/Generated/PWM_SVM/pwm_svm_extern.h"
 347              	 .file 35 "../Dave/Generated/INTERRUPT/interrupt_extern.h"
 348              	 .file 36 "../Dave/Generated/TIMER/timer_extern.h"
 349              	 .file 37 "../Dave/Generated/CAN_NODE/can_node_extern.h"
DEFINED SYMBOLS
                            *ABS*:00000000 DAVE.c
    {standard input}:20     .text.DAVE_Init:00000000 $t
    {standard input}:25     .text.DAVE_Init:00000000 DAVE_Init
    {standard input}:286    .text.DAVE_Init:00000180 $d
                     .debug_frame:00000010 $d

UNDEFINED SYMBOLS
CLOCK_XMC4_Init
DIGITAL_IO_Init
SPI_MASTER_Init
BUS_IO_Init
PIN_INTERRUPT_Init
PWM_SVM_Init
INTERRUPT_Init
TIMER_Init
CAN_NODE_Init
CLOCK_XMC4_0
status_LED_green
status_LED_red_cal_time
SPI_MASTER_0
SPI_ChipSelect
OverCurrent_U
OverCurrent_V
OverCurrent_W
PWM_SVM_0
INTERRUPT_0
TIMER_0
Time_Counter
Hall_A_ISR
Hall_B_ISR
Hall_C_ISR
calc_ISR
CAN_NODE_0
CAN_RX_MO2
TIMER_1
INTERRUPT_1
TIMER_CAN_TX
CAN_TX
CAN_RX_MO7
