   1              	 .cpu cortex-m0
   2              	 .fpu softvfp
   3              	 .eabi_attribute 20,1
   4              	 .eabi_attribute 21,1
   5              	 .eabi_attribute 23,3
   6              	 .eabi_attribute 24,1
   7              	 .eabi_attribute 25,1
   8              	 .eabi_attribute 26,1
   9              	 .eabi_attribute 30,6
  10              	 .eabi_attribute 34,0
  11              	 .eabi_attribute 18,4
  12              	 .code 16
  13              	 .file "pin_interrupt_conf.c"
  14              	 .text
  15              	.Ltext0:
  16              	 .cfi_sections .debug_frame
  17              	 .global RC_Connected
  18              	 .section .rodata.RC_Connected,"a",%progbits
  19              	 .align 2
  22              	RC_Connected:
  23 0000 00060140 	 .word 1073808896
  24 0004 00020440 	 .word 1074004480
  25 0008 00       	 .byte 0
  26 0009 00       	 .byte 0
  27 000a 00000000 	 .space 6
  27      0000
  28 0010 04       	 .byte 4
  29 0011 000000   	 .space 3
  30 0014 3D       	 .byte 61
  31 0015 01       	 .byte 1
  32 0016 0000     	 .space 2
  33 0018 0200     	 .short 2
  34 001a 0C       	 .byte 12
  35 001b 03       	 .byte 3
  36 001c 01       	 .byte 1
  37 001d 03       	 .byte 3
  38 001e 03       	 .byte 3
  39 001f 01       	 .byte 1
  40              	 .global RC_AUX1
  41              	 .section .rodata.RC_AUX1,"a",%progbits
  42              	 .align 2
  45              	RC_AUX1:
  46 0000 30060140 	 .word 1073808944
  47 0004 00040440 	 .word 1074004992
  48 0008 00       	 .byte 0
  49 0009 00       	 .byte 0
  50 000a 00000000 	 .space 6
  50      0000
  51 0010 02       	 .byte 2
  52 0011 000000   	 .space 3
  53 0014 3D       	 .byte 61
  54 0015 00       	 .byte 0
  55 0016 0000     	 .space 2
  56 0018 0100     	 .short 1
  57 001a 06       	 .byte 6
  58 001b 03       	 .byte 3
  59 001c 02       	 .byte 2
  60 001d 03       	 .byte 3
  61 001e 06       	 .byte 6
  62 001f 01       	 .byte 1
  63              	 .text
  64              	.Letext0:
  65              	 .file 1 "c:\\dave\\dave-ide-4.4.2-64bit\\dave-ide-4.4.2-64bit\\eclipse\\arm-gcc-49\\arm-none-eabi\\include\\machine\\_default_types.h"
  66              	 .file 2 "c:\\dave\\dave-ide-4.4.2-64bit\\dave-ide-4.4.2-64bit\\eclipse\\arm-gcc-49\\arm-none-eabi\\include\\stdint.h"
  67              	 .file 3 "C:/GitHub/MobRob_Rover_NEW/Steering_Controller/MobRob_Steering_Controller/Libraries/CMSIS/Infineon/XMC1400_series/Include/XMC1400.h"
  68              	 .file 4 "C:/GitHub/MobRob_Rover_NEW/Steering_Controller/MobRob_Steering_Controller/Libraries/XMCLib/inc/xmc1_scu.h"
  69              	 .file 5 "C:/GitHub/MobRob_Rover_NEW/Steering_Controller/MobRob_Steering_Controller/Libraries/XMCLib/inc/xmc_gpio.h"
  70              	 .file 6 "C:/GitHub/MobRob_Rover_NEW/Steering_Controller/MobRob_Steering_Controller/Libraries/XMCLib/inc/xmc1_gpio.h"
  71              	 .file 7 "C:/GitHub/MobRob_Rover_NEW/Steering_Controller/MobRob_Steering_Controller/Libraries/XMCLib/inc/xmc_eru.h"
  72              	 .file 8 "../Dave/Generated/PIN_INTERRUPT/pin_interrupt.h"
  73              	 .file 9 "C:/GitHub/MobRob_Rover_NEW/Steering_Controller/MobRob_Steering_Controller/Libraries/CMSIS/Include/cmsis_gcc.h"
  74              	 .file 10 "C:/GitHub/MobRob_Rover_NEW/Steering_Controller/MobRob_Steering_Controller/Libraries/CMSIS/Infineon/XMC1400_series/Include/system_XMC1400.h"
  75              	 .file 11 "../Dave/Generated/PIN_INTERRUPT/pin_interrupt_conf.c"
DEFINED SYMBOLS
                            *ABS*:00000000 pin_interrupt_conf.c
    {standard input}:22     .rodata.RC_Connected:00000000 RC_Connected
    {standard input}:19     .rodata.RC_Connected:00000000 $d
    {standard input}:45     .rodata.RC_AUX1:00000000 RC_AUX1
    {standard input}:42     .rodata.RC_AUX1:00000000 $d

NO UNDEFINED SYMBOLS
